【2019-06-08 09:32:57/获取最新新闻】
------200----------------------------------------------------------
{"url":"/brief/100216431.html","hm":"08:59","datekey":"2019.06.08","newcontent":"要坚持共商共建共享，合力打造开放多元的世界经济。中国愿同各国分享包括5G技术在内的最新科研成果，共同培育新的核心竞争力。第二，我们要坚持以人为本，努力建设普惠包容的幸福社会。第三，我们要坚持绿色发展，致力构建人与自然和谐共处的美丽家园。（央视新闻）","indexTitle":"【习近平出席圣彼得堡国际经济论坛全会并致辞 提出三个“要坚持”】 习近平出席圣彼得堡国际经济论坛全会并致辞，习近平强调，可持续发展契合世界上绝大多数国家的共同诉求。中方愿同国际社会一道，携手开辟崭新的可持续发展之路。第一，我们","important":true,"id":"100216431","hasimage":false,"hasvideo":false,"istop":false,"hasrelated":true,"hasvote":false,"createTime":"2019-06-08T08:59:00"}
【2019-06-08 09:33:55/【习近平出席圣彼得堡国际经济论坛全会并致辞 提出三个“要坚持”】 习近平出席圣彼得堡国际经济论坛全会并致辞，习近平强调，可持续发展契合世界上绝大多数国家的共同诉求。中方愿同国际社会一道，携手开辟崭新的可持续发展之路。第一，我们】
------200----------------------------------------------------------
Some as NewsModel09:08:55
【2019-06-08 09:34:55/【习近平出席圣彼得堡国际经济论坛全会并致辞 提出三个“要坚持”】 习近平出席圣彼得堡国际经济论坛全会并致辞，习近平强调，可持续发展契合世界上绝大多数国家的共同诉求。中方愿同国际社会一道，携手开辟崭新的可持续发展之路。第一，我们】
------200----------------------------------------------------------
Some as NewsModel09:08:55
【2019-06-08 09:35:55/【习近平出席圣彼得堡国际经济论坛全会并致辞 提出三个“要坚持”】 习近平出席圣彼得堡国际经济论坛全会并致辞，习近平强调，可持续发展契合世界上绝大多数国家的共同诉求。中方愿同国际社会一道，携手开辟崭新的可持续发展之路。第一，我们】
------200----------------------------------------------------------
Some as NewsModel09:08:55
【2019-06-08 09:36:55/【习近平出席圣彼得堡国际经济论坛全会并致辞 提出三个“要坚持”】 习近平出席圣彼得堡国际经济论坛全会并致辞，习近平强调，可持续发展契合世界上绝大多数国家的共同诉求。中方愿同国际社会一道，携手开辟崭新的可持续发展之路。第一，我们】
------200----------------------------------------------------------
Some as NewsModel09:08:55
【2019-06-08 09:37:55/获取最新新闻】
------200----------------------------------------------------------
{"url":"/brief/100216439.html","hm":"09:37","datekey":"2019.06.08","newcontent":"关负责人介绍，过去四个季度，各国央行黄金购买量达到了715.7吨的历史新高。储备多元化以及对安全、流动性资产的渴望，成为各国央行购金的主要推动力。（新华社）","indexTitle":"【世界黄金协会：各国央行购金成推升全球黄金需求重要因素】 世界黄金协会日前发布的报告显示，今年第一季度，全球各国央行共购入145.5吨黄金，同比增长68%，央行购金成为推动全球黄金需求增长的一个重要因素。世界黄金协会有","important":false,"id":"100216439","hasimage":false,"hasvideo":false,"istop":false,"hasrelated":false,"hasvote":false,"createTime":"2019-06-08T09:37:00"}
【2019-06-08 09:38:55/【世界黄金协会：各国央行购金成推升全球黄金需求重要因素】 世界黄金协会日前发布的报告显示，今年第一季度，全球各国央行共购入145.5吨黄金，同比增长68%，央行购金成为推动全球黄金需求增长的一个重要因素。世界黄金协会有】
------200----------------------------------------------------------
Some as NewsModel09:08:55
【2019-06-08 09:39:55/【世界黄金协会：各国央行购金成推升全球黄金需求重要因素】 世界黄金协会日前发布的报告显示，今年第一季度，全球各国央行共购入145.5吨黄金，同比增长68%，央行购金成为推动全球黄金需求增长的一个重要因素。世界黄金协会有】
------200----------------------------------------------------------
Some as NewsModel09:08:55
【2019-06-08 09:40:55/【世界黄金协会：各国央行购金成推升全球黄金需求重要因素】 世界黄金协会日前发布的报告显示，今年第一季度，全球各国央行共购入145.5吨黄金，同比增长68%，央行购金成为推动全球黄金需求增长的一个重要因素。世界黄金协会有】
------200----------------------------------------------------------
Some as NewsModel09:08:55
【2019-06-08 09:41:55/【世界黄金协会：各国央行购金成推升全球黄金需求重要因素】 世界黄金协会日前发布的报告显示，今年第一季度，全球各国央行共购入145.5吨黄金，同比增长68%，央行购金成为推动全球黄金需求增长的一个重要因素。世界黄金协会有】
------200----------------------------------------------------------
Some as NewsModel09:08:55
【2019-06-08 09:42:55/【世界黄金协会：各国央行购金成推升全球黄金需求重要因素】 世界黄金协会日前发布的报告显示，今年第一季度，全球各国央行共购入145.5吨黄金，同比增长68%，央行购金成为推动全球黄金需求增长的一个重要因素。世界黄金协会有】
------200----------------------------------------------------------
Some as NewsModel09:08:55
【2019-06-08 09:43:55/【世界黄金协会：各国央行购金成推升全球黄金需求重要因素】 世界黄金协会日前发布的报告显示，今年第一季度，全球各国央行共购入145.5吨黄金，同比增长68%，央行购金成为推动全球黄金需求增长的一个重要因素。世界黄金协会有】
------200----------------------------------------------------------
Some as NewsModel09:08:55
【2019-06-08 09:44:55/【世界黄金协会：各国央行购金成推升全球黄金需求重要因素】 世界黄金协会日前发布的报告显示，今年第一季度，全球各国央行共购入145.5吨黄金，同比增长68%，央行购金成为推动全球黄金需求增长的一个重要因素。世界黄金协会有】
------200----------------------------------------------------------
Some as NewsModel09:08:55
【2019-06-08 09:45:55/【世界黄金协会：各国央行购金成推升全球黄金需求重要因素】 世界黄金协会日前发布的报告显示，今年第一季度，全球各国央行共购入145.5吨黄金，同比增长68%，央行购金成为推动全球黄金需求增长的一个重要因素。世界黄金协会有】
------200----------------------------------------------------------
Some as NewsModel09:08:55
【2019-06-08 09:46:55/【世界黄金协会：各国央行购金成推升全球黄金需求重要因素】 世界黄金协会日前发布的报告显示，今年第一季度，全球各国央行共购入145.5吨黄金，同比增长68%，央行购金成为推动全球黄金需求增长的一个重要因素。世界黄金协会有】
------200----------------------------------------------------------
Some as NewsModel09:08:55
【2019-06-08 09:47:55/【世界黄金协会：各国央行购金成推升全球黄金需求重要因素】 世界黄金协会日前发布的报告显示，今年第一季度，全球各国央行共购入145.5吨黄金，同比增长68%，央行购金成为推动全球黄金需求增长的一个重要因素。世界黄金协会有】
------200----------------------------------------------------------
Some as NewsModel09:08:55
【2019-06-08 09:48:55/【世界黄金协会：各国央行购金成推升全球黄金需求重要因素】 世界黄金协会日前发布的报告显示，今年第一季度，全球各国央行共购入145.5吨黄金，同比增长68%，央行购金成为推动全球黄金需求增长的一个重要因素。世界黄金协会有】
------200----------------------------------------------------------
Some as NewsModel09:08:55
【2019-06-08 09:49:55/【世界黄金协会：各国央行购金成推升全球黄金需求重要因素】 世界黄金协会日前发布的报告显示，今年第一季度，全球各国央行共购入145.5吨黄金，同比增长68%，央行购金成为推动全球黄金需求增长的一个重要因素。世界黄金协会有】
------200----------------------------------------------------------
Some as NewsModel09:08:55
【2019-06-08 09:50:55/【世界黄金协会：各国央行购金成推升全球黄金需求重要因素】 世界黄金协会日前发布的报告显示，今年第一季度，全球各国央行共购入145.5吨黄金，同比增长68%，央行购金成为推动全球黄金需求增长的一个重要因素。世界黄金协会有】
------200----------------------------------------------------------
Some as NewsModel09:08:55
【2019-06-08 09:51:55/【世界黄金协会：各国央行购金成推升全球黄金需求重要因素】 世界黄金协会日前发布的报告显示，今年第一季度，全球各国央行共购入145.5吨黄金，同比增长68%，央行购金成为推动全球黄金需求增长的一个重要因素。世界黄金协会有】
------200----------------------------------------------------------
Some as NewsModel09:08:55
【2019-06-08 09:52:55/【世界黄金协会：各国央行购金成推升全球黄金需求重要因素】 世界黄金协会日前发布的报告显示，今年第一季度，全球各国央行共购入145.5吨黄金，同比增长68%，央行购金成为推动全球黄金需求增长的一个重要因素。世界黄金协会有】
------200----------------------------------------------------------
Some as NewsModel09:08:55
【2019-06-08 09:53:55/【世界黄金协会：各国央行购金成推升全球黄金需求重要因素】 世界黄金协会日前发布的报告显示，今年第一季度，全球各国央行共购入145.5吨黄金，同比增长68%，央行购金成为推动全球黄金需求增长的一个重要因素。世界黄金协会有】
------200----------------------------------------------------------
Some as NewsModel09:08:55
【2019-06-08 09:54:55/【世界黄金协会：各国央行购金成推升全球黄金需求重要因素】 世界黄金协会日前发布的报告显示，今年第一季度，全球各国央行共购入145.5吨黄金，同比增长68%，央行购金成为推动全球黄金需求增长的一个重要因素。世界黄金协会有】
------200----------------------------------------------------------
Some as NewsModel09:08:55
【2019-06-08 09:55:55/【世界黄金协会：各国央行购金成推升全球黄金需求重要因素】 世界黄金协会日前发布的报告显示，今年第一季度，全球各国央行共购入145.5吨黄金，同比增长68%，央行购金成为推动全球黄金需求增长的一个重要因素。世界黄金协会有】
------200----------------------------------------------------------
Some as NewsModel09:08:55
【2019-06-08 09:56:55/【世界黄金协会：各国央行购金成推升全球黄金需求重要因素】 世界黄金协会日前发布的报告显示，今年第一季度，全球各国央行共购入145.5吨黄金，同比增长68%，央行购金成为推动全球黄金需求增长的一个重要因素。世界黄金协会有】
------200----------------------------------------------------------
Some as NewsModel09:08:55
【2019-06-08 09:57:55/【世界黄金协会：各国央行购金成推升全球黄金需求重要因素】 世界黄金协会日前发布的报告显示，今年第一季度，全球各国央行共购入145.5吨黄金，同比增长68%，央行购金成为推动全球黄金需求增长的一个重要因素。世界黄金协会有】
------200----------------------------------------------------------
Some as NewsModel09:08:55
【2019-06-08 09:58:55/【世界黄金协会：各国央行购金成推升全球黄金需求重要因素】 世界黄金协会日前发布的报告显示，今年第一季度，全球各国央行共购入145.5吨黄金，同比增长68%，央行购金成为推动全球黄金需求增长的一个重要因素。世界黄金协会有】
------200----------------------------------------------------------
Some as NewsModel09:08:55
【2019-06-08 09:59:55/【世界黄金协会：各国央行购金成推升全球黄金需求重要因素】 世界黄金协会日前发布的报告显示，今年第一季度，全球各国央行共购入145.5吨黄金，同比增长68%，央行购金成为推动全球黄金需求增长的一个重要因素。世界黄金协会有】
------200----------------------------------------------------------
Some as NewsModel09:08:55
【2019-06-08 10:00:55/【世界黄金协会：各国央行购金成推升全球黄金需求重要因素】 世界黄金协会日前发布的报告显示，今年第一季度，全球各国央行共购入145.5吨黄金，同比增长68%，央行购金成为推动全球黄金需求增长的一个重要因素。世界黄金协会有】
------200----------------------------------------------------------
Some as NewsModel10:08:55
【2019-06-08 10:01:55/【世界黄金协会：各国央行购金成推升全球黄金需求重要因素】 世界黄金协会日前发布的报告显示，今年第一季度，全球各国央行共购入145.5吨黄金，同比增长68%，央行购金成为推动全球黄金需求增长的一个重要因素。世界黄金协会有】
------200----------------------------------------------------------
Some as NewsModel10:08:55
【2019-06-08 10:02:55/【世界黄金协会：各国央行购金成推升全球黄金需求重要因素】 世界黄金协会日前发布的报告显示，今年第一季度，全球各国央行共购入145.5吨黄金，同比增长68%，央行购金成为推动全球黄金需求增长的一个重要因素。世界黄金协会有】
------200----------------------------------------------------------
Some as NewsModel10:08:55
【2019-06-08 10:03:55/【世界黄金协会：各国央行购金成推升全球黄金需求重要因素】 世界黄金协会日前发布的报告显示，今年第一季度，全球各国央行共购入145.5吨黄金，同比增长68%，央行购金成为推动全球黄金需求增长的一个重要因素。世界黄金协会有】
------200----------------------------------------------------------
Some as NewsModel10:08:55
【2019-06-08 10:04:55/【世界黄金协会：各国央行购金成推升全球黄金需求重要因素】 世界黄金协会日前发布的报告显示，今年第一季度，全球各国央行共购入145.5吨黄金，同比增长68%，央行购金成为推动全球黄金需求增长的一个重要因素。世界黄金协会有】
------200----------------------------------------------------------
Some as NewsModel10:08:55
【2019-06-08 10:05:55/获取最新新闻】
------200----------------------------------------------------------
{"url":"/brief/100216444.html","hm":"10:04","datekey":"2019.06.08","newcontent":"推进门诊统筹后，可将门诊小病医疗费用纳入统筹基金支付范围，群众在基层医疗机构发生的常见病、多发病的门诊医疗费用均可报销，比例在50%左右。（新华社）","indexTitle":"【国家医保局：城乡居民医保个人(家庭)账户取消不会降低医保待遇】 国家医保局日前发布的关于城乡居民基本医疗保险门诊保障政策的解读指出，城乡居民医保个人(家庭)账户取消并不会降低居民的医保待遇，而是通过推进门诊统筹进行替代。各地","important":true,"id":"100216444","hasimage":false,"hasvideo":false,"istop":false,"hasrelated":false,"hasvote":false,"createTime":"2019-06-08T10:04:00"}
【2019-06-08 10:06:55/【国家医保局：城乡居民医保个人(家庭)账户取消不会降低医保待遇】 国家医保局日前发布的关于城乡居民基本医疗保险门诊保障政策的解读指出，城乡居民医保个人(家庭)账户取消并不会降低居民的医保待遇，而是通过推进门诊统筹进行替代。各地】
------200----------------------------------------------------------
Some as NewsModel10:08:55
【2019-06-08 10:07:55/【国家医保局：城乡居民医保个人(家庭)账户取消不会降低医保待遇】 国家医保局日前发布的关于城乡居民基本医疗保险门诊保障政策的解读指出，城乡居民医保个人(家庭)账户取消并不会降低居民的医保待遇，而是通过推进门诊统筹进行替代。各地】
------200----------------------------------------------------------
Some as NewsModel10:08:55
【2019-06-08 10:08:55/【国家医保局：城乡居民医保个人(家庭)账户取消不会降低医保待遇】 国家医保局日前发布的关于城乡居民基本医疗保险门诊保障政策的解读指出，城乡居民医保个人(家庭)账户取消并不会降低居民的医保待遇，而是通过推进门诊统筹进行替代。各地】
------200----------------------------------------------------------
Some as NewsModel10:08:55
【2019-06-08 10:09:55/【国家医保局：城乡居民医保个人(家庭)账户取消不会降低医保待遇】 国家医保局日前发布的关于城乡居民基本医疗保险门诊保障政策的解读指出，城乡居民医保个人(家庭)账户取消并不会降低居民的医保待遇，而是通过推进门诊统筹进行替代。各地】
------200----------------------------------------------------------
Some as NewsModel10:08:55
【2019-06-08 10:10:55/【国家医保局：城乡居民医保个人(家庭)账户取消不会降低医保待遇】 国家医保局日前发布的关于城乡居民基本医疗保险门诊保障政策的解读指出，城乡居民医保个人(家庭)账户取消并不会降低居民的医保待遇，而是通过推进门诊统筹进行替代。各地】
------200----------------------------------------------------------
Some as NewsModel10:08:55
【2019-06-08 10:11:55/【国家医保局：城乡居民医保个人(家庭)账户取消不会降低医保待遇】 国家医保局日前发布的关于城乡居民基本医疗保险门诊保障政策的解读指出，城乡居民医保个人(家庭)账户取消并不会降低居民的医保待遇，而是通过推进门诊统筹进行替代。各地】
------200----------------------------------------------------------
Some as NewsModel10:08:55
【2019-06-08 10:12:55/【国家医保局：城乡居民医保个人(家庭)账户取消不会降低医保待遇】 国家医保局日前发布的关于城乡居民基本医疗保险门诊保障政策的解读指出，城乡居民医保个人(家庭)账户取消并不会降低居民的医保待遇，而是通过推进门诊统筹进行替代。各地】
------200----------------------------------------------------------
Some as NewsModel10:08:55
【2019-06-08 10:13:55/【国家医保局：城乡居民医保个人(家庭)账户取消不会降低医保待遇】 国家医保局日前发布的关于城乡居民基本医疗保险门诊保障政策的解读指出，城乡居民医保个人(家庭)账户取消并不会降低居民的医保待遇，而是通过推进门诊统筹进行替代。各地】
------200----------------------------------------------------------
Some as NewsModel10:08:55
【2019-06-08 10:14:55/【国家医保局：城乡居民医保个人(家庭)账户取消不会降低医保待遇】 国家医保局日前发布的关于城乡居民基本医疗保险门诊保障政策的解读指出，城乡居民医保个人(家庭)账户取消并不会降低居民的医保待遇，而是通过推进门诊统筹进行替代。各地】
------200----------------------------------------------------------
Some as NewsModel10:08:55
【2019-06-08 10:15:55/【国家医保局：城乡居民医保个人(家庭)账户取消不会降低医保待遇】 国家医保局日前发布的关于城乡居民基本医疗保险门诊保障政策的解读指出，城乡居民医保个人(家庭)账户取消并不会降低居民的医保待遇，而是通过推进门诊统筹进行替代。各地】
------200----------------------------------------------------------
Some as NewsModel10:08:55
【2019-06-08 10:16:55/【国家医保局：城乡居民医保个人(家庭)账户取消不会降低医保待遇】 国家医保局日前发布的关于城乡居民基本医疗保险门诊保障政策的解读指出，城乡居民医保个人(家庭)账户取消并不会降低居民的医保待遇，而是通过推进门诊统筹进行替代。各地】
------200----------------------------------------------------------
Some as NewsModel10:08:55
【2019-06-08 10:17:55/【国家医保局：城乡居民医保个人(家庭)账户取消不会降低医保待遇】 国家医保局日前发布的关于城乡居民基本医疗保险门诊保障政策的解读指出，城乡居民医保个人(家庭)账户取消并不会降低居民的医保待遇，而是通过推进门诊统筹进行替代。各地】
------200----------------------------------------------------------
Some as NewsModel10:08:55
【2019-06-08 10:18:55/【国家医保局：城乡居民医保个人(家庭)账户取消不会降低医保待遇】 国家医保局日前发布的关于城乡居民基本医疗保险门诊保障政策的解读指出，城乡居民医保个人(家庭)账户取消并不会降低居民的医保待遇，而是通过推进门诊统筹进行替代。各地】
------200----------------------------------------------------------
Some as NewsModel10:08:55
【2019-06-08 10:19:55/【国家医保局：城乡居民医保个人(家庭)账户取消不会降低医保待遇】 国家医保局日前发布的关于城乡居民基本医疗保险门诊保障政策的解读指出，城乡居民医保个人(家庭)账户取消并不会降低居民的医保待遇，而是通过推进门诊统筹进行替代。各地】
------200----------------------------------------------------------
Some as NewsModel10:08:55
【2019-06-08 10:20:55/【国家医保局：城乡居民医保个人(家庭)账户取消不会降低医保待遇】 国家医保局日前发布的关于城乡居民基本医疗保险门诊保障政策的解读指出，城乡居民医保个人(家庭)账户取消并不会降低居民的医保待遇，而是通过推进门诊统筹进行替代。各地】
------200----------------------------------------------------------
Some as NewsModel10:08:55
【2019-06-08 10:21:55/【国家医保局：城乡居民医保个人(家庭)账户取消不会降低医保待遇】 国家医保局日前发布的关于城乡居民基本医疗保险门诊保障政策的解读指出，城乡居民医保个人(家庭)账户取消并不会降低居民的医保待遇，而是通过推进门诊统筹进行替代。各地】
------200----------------------------------------------------------
Some as NewsModel10:08:55
【2019-06-08 10:22:55/【国家医保局：城乡居民医保个人(家庭)账户取消不会降低医保待遇】 国家医保局日前发布的关于城乡居民基本医疗保险门诊保障政策的解读指出，城乡居民医保个人(家庭)账户取消并不会降低居民的医保待遇，而是通过推进门诊统筹进行替代。各地】
------200----------------------------------------------------------
Some as NewsModel10:08:55
【2019-06-08 10:23:55/【国家医保局：城乡居民医保个人(家庭)账户取消不会降低医保待遇】 国家医保局日前发布的关于城乡居民基本医疗保险门诊保障政策的解读指出，城乡居民医保个人(家庭)账户取消并不会降低居民的医保待遇，而是通过推进门诊统筹进行替代。各地】
------200----------------------------------------------------------
Some as NewsModel10:08:55
【2019-06-08 10:24:55/【国家医保局：城乡居民医保个人(家庭)账户取消不会降低医保待遇】 国家医保局日前发布的关于城乡居民基本医疗保险门诊保障政策的解读指出，城乡居民医保个人(家庭)账户取消并不会降低居民的医保待遇，而是通过推进门诊统筹进行替代。各地】
------200----------------------------------------------------------
Some as NewsModel10:08:55
【2019-06-08 10:25:55/【国家医保局：城乡居民医保个人(家庭)账户取消不会降低医保待遇】 国家医保局日前发布的关于城乡居民基本医疗保险门诊保障政策的解读指出，城乡居民医保个人(家庭)账户取消并不会降低居民的医保待遇，而是通过推进门诊统筹进行替代。各地】
------200----------------------------------------------------------
Some as NewsModel10:08:55
【2019-06-08 10:26:55/【国家医保局：城乡居民医保个人(家庭)账户取消不会降低医保待遇】 国家医保局日前发布的关于城乡居民基本医疗保险门诊保障政策的解读指出，城乡居民医保个人(家庭)账户取消并不会降低居民的医保待遇，而是通过推进门诊统筹进行替代。各地】
------200----------------------------------------------------------
Some as NewsModel10:08:55
【2019-06-08 10:27:55/【国家医保局：城乡居民医保个人(家庭)账户取消不会降低医保待遇】 国家医保局日前发布的关于城乡居民基本医疗保险门诊保障政策的解读指出，城乡居民医保个人(家庭)账户取消并不会降低居民的医保待遇，而是通过推进门诊统筹进行替代。各地】
------200----------------------------------------------------------
Some as NewsModel10:08:55
【2019-06-08 10:28:55/【国家医保局：城乡居民医保个人(家庭)账户取消不会降低医保待遇】 国家医保局日前发布的关于城乡居民基本医疗保险门诊保障政策的解读指出，城乡居民医保个人(家庭)账户取消并不会降低居民的医保待遇，而是通过推进门诊统筹进行替代。各地】
------200----------------------------------------------------------
Some as NewsModel10:08:55
【2019-06-08 10:29:55/【国家医保局：城乡居民医保个人(家庭)账户取消不会降低医保待遇】 国家医保局日前发布的关于城乡居民基本医疗保险门诊保障政策的解读指出，城乡居民医保个人(家庭)账户取消并不会降低居民的医保待遇，而是通过推进门诊统筹进行替代。各地】
------200----------------------------------------------------------
Some as NewsModel10:08:55
【2019-06-08 10:30:55/【国家医保局：城乡居民医保个人(家庭)账户取消不会降低医保待遇】 国家医保局日前发布的关于城乡居民基本医疗保险门诊保障政策的解读指出，城乡居民医保个人(家庭)账户取消并不会降低居民的医保待遇，而是通过推进门诊统筹进行替代。各地】
------200----------------------------------------------------------
Some as NewsModel10:08:55
【2019-06-08 10:31:55/【国家医保局：城乡居民医保个人(家庭)账户取消不会降低医保待遇】 国家医保局日前发布的关于城乡居民基本医疗保险门诊保障政策的解读指出，城乡居民医保个人(家庭)账户取消并不会降低居民的医保待遇，而是通过推进门诊统筹进行替代。各地】
------200----------------------------------------------------------
Some as NewsModel10:08:55
【2019-06-08 10:32:55/【国家医保局：城乡居民医保个人(家庭)账户取消不会降低医保待遇】 国家医保局日前发布的关于城乡居民基本医疗保险门诊保障政策的解读指出，城乡居民医保个人(家庭)账户取消并不会降低居民的医保待遇，而是通过推进门诊统筹进行替代。各地】
------200----------------------------------------------------------
Some as NewsModel10:08:55
【2019-06-08 10:33:55/【国家医保局：城乡居民医保个人(家庭)账户取消不会降低医保待遇】 国家医保局日前发布的关于城乡居民基本医疗保险门诊保障政策的解读指出，城乡居民医保个人(家庭)账户取消并不会降低居民的医保待遇，而是通过推进门诊统筹进行替代。各地】
------200----------------------------------------------------------
Some as NewsModel10:08:55
【2019-06-08 10:34:55/【国家医保局：城乡居民医保个人(家庭)账户取消不会降低医保待遇】 国家医保局日前发布的关于城乡居民基本医疗保险门诊保障政策的解读指出，城乡居民医保个人(家庭)账户取消并不会降低居民的医保待遇，而是通过推进门诊统筹进行替代。各地】
------200----------------------------------------------------------
Some as NewsModel10:08:55
【2019-06-08 10:35:55/获取最新新闻】
------200----------------------------------------------------------
{"url":"/brief/100216455.html","hm":"10:34","datekey":"2019.06.08","newcontent":"税额幅度内，降低城镇土地使用税适用税额标准，税额标准下调至3—15元/平方米，工业用地税额标准为非工业用地税额标准的50％左右。意见还提出，从降低企业用电成本、降低企业运输成本、加大重大产业项目支持力度等方面降低制造业企业成本，支持实体经济发展。（新华社）","indexTitle":"【广州出台59条措施为制造业企业“减负”】 广州市政府日前印发《广州市人民政府关于落实广东省降低制造业企业成本若干政策措施的实施意见》，制定了涵盖十大方面的59条具体措施。意见提出，广州将在国家、省规定的","important":false,"id":"100216455","hasimage":false,"hasvideo":false,"istop":false,"hasrelated":false,"hasvote":false,"createTime":"2019-06-08T10:34:00"}
【2019-06-08 10:36:55/【广州出台59条措施为制造业企业“减负”】 广州市政府日前印发《广州市人民政府关于落实广东省降低制造业企业成本若干政策措施的实施意见》，制定了涵盖十大方面的59条具体措施。意见提出，广州将在国家、省规定的】
------200----------------------------------------------------------
Some as NewsModel10:08:55
【2019-06-08 10:37:55/【广州出台59条措施为制造业企业“减负”】 广州市政府日前印发《广州市人民政府关于落实广东省降低制造业企业成本若干政策措施的实施意见》，制定了涵盖十大方面的59条具体措施。意见提出，广州将在国家、省规定的】
------200----------------------------------------------------------
Some as NewsModel10:08:55
【2019-06-08 10:38:55/【广州出台59条措施为制造业企业“减负”】 广州市政府日前印发《广州市人民政府关于落实广东省降低制造业企业成本若干政策措施的实施意见》，制定了涵盖十大方面的59条具体措施。意见提出，广州将在国家、省规定的】
------200----------------------------------------------------------
Some as NewsModel10:08:55
【2019-06-08 10:39:55/【广州出台59条措施为制造业企业“减负”】 广州市政府日前印发《广州市人民政府关于落实广东省降低制造业企业成本若干政策措施的实施意见》，制定了涵盖十大方面的59条具体措施。意见提出，广州将在国家、省规定的】
------200----------------------------------------------------------
Some as NewsModel10:08:55
【2019-06-08 10:40:55/【广州出台59条措施为制造业企业“减负”】 广州市政府日前印发《广州市人民政府关于落实广东省降低制造业企业成本若干政策措施的实施意见》，制定了涵盖十大方面的59条具体措施。意见提出，广州将在国家、省规定的】
------200----------------------------------------------------------
Some as NewsModel10:08:55
【2019-06-08 10:41:55/【广州出台59条措施为制造业企业“减负”】 广州市政府日前印发《广州市人民政府关于落实广东省降低制造业企业成本若干政策措施的实施意见》，制定了涵盖十大方面的59条具体措施。意见提出，广州将在国家、省规定的】
------200----------------------------------------------------------
Some as NewsModel10:08:55
【2019-06-08 10:42:55/【广州出台59条措施为制造业企业“减负”】 广州市政府日前印发《广州市人民政府关于落实广东省降低制造业企业成本若干政策措施的实施意见》，制定了涵盖十大方面的59条具体措施。意见提出，广州将在国家、省规定的】
------200----------------------------------------------------------
Some as NewsModel10:08:55
【2019-06-08 10:43:55/【广州出台59条措施为制造业企业“减负”】 广州市政府日前印发《广州市人民政府关于落实广东省降低制造业企业成本若干政策措施的实施意见》，制定了涵盖十大方面的59条具体措施。意见提出，广州将在国家、省规定的】
------200----------------------------------------------------------
Some as NewsModel10:08:55
【2019-06-08 10:44:55/【广州出台59条措施为制造业企业“减负”】 广州市政府日前印发《广州市人民政府关于落实广东省降低制造业企业成本若干政策措施的实施意见》，制定了涵盖十大方面的59条具体措施。意见提出，广州将在国家、省规定的】
------200----------------------------------------------------------
Some as NewsModel10:08:55
【2019-06-08 10:45:55/获取最新新闻】
------200----------------------------------------------------------
{"url":"/brief/100216458.html","hm":"10:45","datekey":"2019.06.08","newcontent":"质量、创品牌、增活力，大力推进标准化生产和一二三产业融合发展，不断提高黑龙江省奶业整体竞争力，力争到2020年，100头以上规模养殖比重超过65%，形成500万吨高品质生鲜乳生产能力。","indexTitle":"【黑龙江推进奶业振兴实施意见出台】 《黑龙江省人民政府办公厅关于推进奶业振兴保障乳品质量安全的实施意见》日前出台。《意见》指出，黑龙江省奶业发展将以优质安全、绿色发展为目标，努力降成本、优结构、提","important":false,"id":"100216458","hasimage":false,"hasvideo":false,"istop":false,"hasrelated":false,"hasvote":false,"createTime":"2019-06-08T10:45:00"}
【2019-06-08 10:46:55/【黑龙江推进奶业振兴实施意见出台】 《黑龙江省人民政府办公厅关于推进奶业振兴保障乳品质量安全的实施意见》日前出台。《意见》指出，黑龙江省奶业发展将以优质安全、绿色发展为目标，努力降成本、优结构、提】
------200----------------------------------------------------------
Some as NewsModel10:08:55
【2019-06-08 10:47:55/【黑龙江推进奶业振兴实施意见出台】 《黑龙江省人民政府办公厅关于推进奶业振兴保障乳品质量安全的实施意见》日前出台。《意见》指出，黑龙江省奶业发展将以优质安全、绿色发展为目标，努力降成本、优结构、提】
------200----------------------------------------------------------
Some as NewsModel10:08:55
【2019-06-08 10:48:55/【黑龙江推进奶业振兴实施意见出台】 《黑龙江省人民政府办公厅关于推进奶业振兴保障乳品质量安全的实施意见》日前出台。《意见》指出，黑龙江省奶业发展将以优质安全、绿色发展为目标，努力降成本、优结构、提】
------200----------------------------------------------------------
Some as NewsModel10:08:55
【2019-06-08 10:49:55/【黑龙江推进奶业振兴实施意见出台】 《黑龙江省人民政府办公厅关于推进奶业振兴保障乳品质量安全的实施意见》日前出台。《意见》指出，黑龙江省奶业发展将以优质安全、绿色发展为目标，努力降成本、优结构、提】
------200----------------------------------------------------------
Some as NewsModel10:08:55
【2019-06-08 10:50:55/【黑龙江推进奶业振兴实施意见出台】 《黑龙江省人民政府办公厅关于推进奶业振兴保障乳品质量安全的实施意见》日前出台。《意见》指出，黑龙江省奶业发展将以优质安全、绿色发展为目标，努力降成本、优结构、提】
------200----------------------------------------------------------
Some as NewsModel10:08:55
【2019-06-08 10:51:55/获取最新新闻】
------200----------------------------------------------------------
{"url":"/brief/100216459.html","hm":"10:51","datekey":"2019.06.08","newcontent":"097亿欧元（1欧元约合1.13美元），进口额为917亿欧元。数据还显示，与去年同期相比，4月德国出口额下降0.5%，进口额增长2.1%。（新华社）","indexTitle":"【德国4月进出口环比均下降】 德国联邦统计局7日公布的数据显示，4月份德国出口额和进口额环比分别下降3.7%和1.3%，表现不及市场预期。数据显示，经季节和工作日调整后，4月份德国出口额为1","important":false,"id":"100216459","hasimage":false,"hasvideo":false,"istop":false,"hasrelated":false,"hasvote":false,"createTime":"2019-06-08T10:51:00"}
【2019-06-08 10:52:55/【德国4月进出口环比均下降】 德国联邦统计局7日公布的数据显示，4月份德国出口额和进口额环比分别下降3.7%和1.3%，表现不及市场预期。数据显示，经季节和工作日调整后，4月份德国出口额为1】
------200----------------------------------------------------------
Some as NewsModel10:08:55
【2019-06-08 10:53:55/【德国4月进出口环比均下降】 德国联邦统计局7日公布的数据显示，4月份德国出口额和进口额环比分别下降3.7%和1.3%，表现不及市场预期。数据显示，经季节和工作日调整后，4月份德国出口额为1】
------200----------------------------------------------------------
Some as NewsModel10:08:55
【2019-06-08 10:54:55/【德国4月进出口环比均下降】 德国联邦统计局7日公布的数据显示，4月份德国出口额和进口额环比分别下降3.7%和1.3%，表现不及市场预期。数据显示，经季节和工作日调整后，4月份德国出口额为1】
------200----------------------------------------------------------
Some as NewsModel10:08:55
【2019-06-08 10:55:55/【德国4月进出口环比均下降】 德国联邦统计局7日公布的数据显示，4月份德国出口额和进口额环比分别下降3.7%和1.3%，表现不及市场预期。数据显示，经季节和工作日调整后，4月份德国出口额为1】
------200----------------------------------------------------------
Some as NewsModel10:08:55
【2019-06-08 10:56:55/获取最新新闻】
------200----------------------------------------------------------
{"url":"/brief/100216460.html","hm":"10:55","datekey":"2019.06.08","newcontent":".8%；注册资本项下实际利用外资7.9亿美元，同比增长30.5%。（辽宁日报）","indexTitle":"【前四月辽宁省招商引资实际到位资金同比增13.3%】 辽宁省商务厅6月6日公布数据，今年1月至4月，全省招商引资实际到位资金1447.9亿元，同比增长13.3%。其中，全省实际到位内资1368.9亿元，同比增长16","important":false,"id":"100216460","hasimage":false,"hasvideo":false,"istop":false,"hasrelated":false,"hasvote":false,"createTime":"2019-06-08T10:55:00"}
【2019-06-08 10:57:55/【前四月辽宁省招商引资实际到位资金同比增13.3%】 辽宁省商务厅6月6日公布数据，今年1月至4月，全省招商引资实际到位资金1447.9亿元，同比增长13.3%。其中，全省实际到位内资1368.9亿元，同比增长16】
------200----------------------------------------------------------
Some as NewsModel10:08:55
【2019-06-08 10:58:55/获取最新新闻】
------200----------------------------------------------------------
{"url":"/brief/100216462.html","hm":"10:58","datekey":"2019.06.08","newcontent":"，这221家机构对应的投资资金规模理论上应超过15万亿。此次调研也反映了类似配置趋势：债券投资占比39%，银行存款占比12.3%，金融产品类资产占比18.5%，股票和公募基金合计占比10.8%，未上市股权投资占比5.7%，境外投资占比4.6%。（券商中国）","indexTitle":"【15万亿险资投资细节亮相！债券占39%，股票和公募基金共占比超一成】 近日，中国保险资管业协会发布了《2018-2019保险资管业调研报告》，首度详细披露了覆盖221家保险机构资金运用的最新调研数据。按照94%的调查问卷反馈率来算","important":false,"id":"100216462","hasimage":true,"hasvideo":false,"istop":false,"hasrelated":false,"hasvote":false,"createTime":"2019-06-08T10:58:00"}
【2019-06-08 10:59:55/【15万亿险资投资细节亮相！债券占39%，股票和公募基金共占比超一成】 近日，中国保险资管业协会发布了《2018-2019保险资管业调研报告》，首度详细披露了覆盖221家保险机构资金运用的最新调研数据。按照94%的调查问卷反馈率来算】
------200----------------------------------------------------------
Some as NewsModel10:08:55
【2019-06-08 11:00:55/【15万亿险资投资细节亮相！债券占39%，股票和公募基金共占比超一成】 近日，中国保险资管业协会发布了《2018-2019保险资管业调研报告》，首度详细披露了覆盖221家保险机构资金运用的最新调研数据。按照94%的调查问卷反馈率来算】
------200----------------------------------------------------------
Some as NewsModel11:08:55
【2019-06-08 11:01:55/【15万亿险资投资细节亮相！债券占39%，股票和公募基金共占比超一成】 近日，中国保险资管业协会发布了《2018-2019保险资管业调研报告》，首度详细披露了覆盖221家保险机构资金运用的最新调研数据。按照94%的调查问卷反馈率来算】
------200----------------------------------------------------------
Some as NewsModel11:08:55
【2019-06-08 11:02:56/【15万亿险资投资细节亮相！债券占39%，股票和公募基金共占比超一成】 近日，中国保险资管业协会发布了《2018-2019保险资管业调研报告》，首度详细披露了覆盖221家保险机构资金运用的最新调研数据。按照94%的调查问卷反馈率来算】
------200----------------------------------------------------------
Some as NewsModel11:08:56
【2019-06-08 11:03:55/获取最新新闻】
------200----------------------------------------------------------
{"url":"/brief/100216463.html","hm":"11:03","datekey":"2019.06.08","newcontent":"内首次发行A股股票并上市，且南海农商行领先一步、上市申报材料已被证监会接收。（证券时报）","indexTitle":"【中小银行冲刺IPO热情不减】 今年中小银行冲刺IPO热情依然不减。6月4日，河南证监局官网更新了洛阳银行最新一期A股上市辅导报告；就在数周前，广东银保监局同日批复同意顺德农商行、南海农商行境","important":false,"id":"100216463","hasimage":false,"hasvideo":false,"istop":false,"hasrelated":false,"hasvote":false,"createTime":"2019-06-08T11:03:00"}
【2019-06-08 11:04:55/【中小银行冲刺IPO热情不减】 今年中小银行冲刺IPO热情依然不减。6月4日，河南证监局官网更新了洛阳银行最新一期A股上市辅导报告；就在数周前，广东银保监局同日批复同意顺德农商行、南海农商行境】
------200----------------------------------------------------------
Some as NewsModel11:08:55
【2019-06-08 11:05:55/【中小银行冲刺IPO热情不减】 今年中小银行冲刺IPO热情依然不减。6月4日，河南证监局官网更新了洛阳银行最新一期A股上市辅导报告；就在数周前，广东银保监局同日批复同意顺德农商行、南海农商行境】
------200----------------------------------------------------------
Some as NewsModel11:08:55
【2019-06-08 11:06:55/【中小银行冲刺IPO热情不减】 今年中小银行冲刺IPO热情依然不减。6月4日，河南证监局官网更新了洛阳银行最新一期A股上市辅导报告；就在数周前，广东银保监局同日批复同意顺德农商行、南海农商行境】
------200----------------------------------------------------------
Some as NewsModel11:08:55
【2019-06-08 11:07:55/【中小银行冲刺IPO热情不减】 今年中小银行冲刺IPO热情依然不减。6月4日，河南证监局官网更新了洛阳银行最新一期A股上市辅导报告；就在数周前，广东银保监局同日批复同意顺德农商行、南海农商行境】
------200----------------------------------------------------------
Some as NewsModel11:08:55
【2019-06-08 11:08:55/【中小银行冲刺IPO热情不减】 今年中小银行冲刺IPO热情依然不减。6月4日，河南证监局官网更新了洛阳银行最新一期A股上市辅导报告；就在数周前，广东银保监局同日批复同意顺德农商行、南海农商行境】
------200----------------------------------------------------------
Some as NewsModel11:08:55
【2019-06-08 11:09:55/【中小银行冲刺IPO热情不减】 今年中小银行冲刺IPO热情依然不减。6月4日，河南证监局官网更新了洛阳银行最新一期A股上市辅导报告；就在数周前，广东银保监局同日批复同意顺德农商行、南海农商行境】
------200----------------------------------------------------------
Some as NewsModel11:08:55
【2019-06-08 11:10:55/获取最新新闻】
------200----------------------------------------------------------
{"url":"/brief/100216467.html","hm":"11:10","datekey":"2019.06.08","newcontent":"国经理人比例分别为17%和8%。对此，该机构专家日前对记者表示，该调查结果显示美国当前政策已在德国引发不安。（新华社）","indexTitle":"【民调显示德国中小企业认为中国营商环境好于美国】 德国权威民调机构福沙舆论调查所近期一项调查显示，30%的受访者认为中国的营商环境“好”或“非常好”，好评率仅次于法国的39%。而对美国和英国营商环境给予好评的德","important":false,"id":"100216467","hasimage":false,"hasvideo":false,"istop":false,"hasrelated":false,"hasvote":false,"createTime":"2019-06-08T11:10:00"}
【2019-06-08 11:11:55/【民调显示德国中小企业认为中国营商环境好于美国】 德国权威民调机构福沙舆论调查所近期一项调查显示，30%的受访者认为中国的营商环境“好”或“非常好”，好评率仅次于法国的39%。而对美国和英国营商环境给予好评的德】
------200----------------------------------------------------------
Some as NewsModel11:08:55
【2019-06-08 11:12:56/【民调显示德国中小企业认为中国营商环境好于美国】 德国权威民调机构福沙舆论调查所近期一项调查显示，30%的受访者认为中国的营商环境“好”或“非常好”，好评率仅次于法国的39%。而对美国和英国营商环境给予好评的德】
------200----------------------------------------------------------
Some as NewsModel11:08:56
【2019-06-08 11:13:55/【民调显示德国中小企业认为中国营商环境好于美国】 德国权威民调机构福沙舆论调查所近期一项调查显示，30%的受访者认为中国的营商环境“好”或“非常好”，好评率仅次于法国的39%。而对美国和英国营商环境给予好评的德】
------200----------------------------------------------------------
Some as NewsModel11:08:55
【2019-06-08 11:14:55/【民调显示德国中小企业认为中国营商环境好于美国】 德国权威民调机构福沙舆论调查所近期一项调查显示，30%的受访者认为中国的营商环境“好”或“非常好”，好评率仅次于法国的39%。而对美国和英国营商环境给予好评的德】
------200----------------------------------------------------------
Some as NewsModel11:08:55
【2019-06-08 11:15:56/【民调显示德国中小企业认为中国营商环境好于美国】 德国权威民调机构福沙舆论调查所近期一项调查显示，30%的受访者认为中国的营商环境“好”或“非常好”，好评率仅次于法国的39%。而对美国和英国营商环境给予好评的德】
------200----------------------------------------------------------
Some as NewsModel11:08:56
【2019-06-08 11:16:55/【民调显示德国中小企业认为中国营商环境好于美国】 德国权威民调机构福沙舆论调查所近期一项调查显示，30%的受访者认为中国的营商环境“好”或“非常好”，好评率仅次于法国的39%。而对美国和英国营商环境给予好评的德】
------200----------------------------------------------------------
Some as NewsModel11:08:55
【2019-06-08 11:17:55/【民调显示德国中小企业认为中国营商环境好于美国】 德国权威民调机构福沙舆论调查所近期一项调查显示，30%的受访者认为中国的营商环境“好”或“非常好”，好评率仅次于法国的39%。而对美国和英国营商环境给予好评的德】
------200----------------------------------------------------------
Some as NewsModel11:08:55
【2019-06-08 11:18:55/【民调显示德国中小企业认为中国营商环境好于美国】 德国权威民调机构福沙舆论调查所近期一项调查显示，30%的受访者认为中国的营商环境“好”或“非常好”，好评率仅次于法国的39%。而对美国和英国营商环境给予好评的德】
------200----------------------------------------------------------
Some as NewsModel11:08:55
【2019-06-08 11:19:55/【民调显示德国中小企业认为中国营商环境好于美国】 德国权威民调机构福沙舆论调查所近期一项调查显示，30%的受访者认为中国的营商环境“好”或“非常好”，好评率仅次于法国的39%。而对美国和英国营商环境给予好评的德】
------200----------------------------------------------------------
Some as NewsModel11:08:55
【2019-06-08 11:20:55/【民调显示德国中小企业认为中国营商环境好于美国】 德国权威民调机构福沙舆论调查所近期一项调查显示，30%的受访者认为中国的营商环境“好”或“非常好”，好评率仅次于法国的39%。而对美国和英国营商环境给予好评的德】
------200----------------------------------------------------------
Some as NewsModel11:08:55
【2019-06-08 11:21:55/【民调显示德国中小企业认为中国营商环境好于美国】 德国权威民调机构福沙舆论调查所近期一项调查显示，30%的受访者认为中国的营商环境“好”或“非常好”，好评率仅次于法国的39%。而对美国和英国营商环境给予好评的德】
------200----------------------------------------------------------
Some as NewsModel11:08:55
【2019-06-08 11:22:55/【民调显示德国中小企业认为中国营商环境好于美国】 德国权威民调机构福沙舆论调查所近期一项调查显示，30%的受访者认为中国的营商环境“好”或“非常好”，好评率仅次于法国的39%。而对美国和英国营商环境给予好评的德】
------200----------------------------------------------------------
Some as NewsModel11:08:55
【2019-06-08 11:23:55/【民调显示德国中小企业认为中国营商环境好于美国】 德国权威民调机构福沙舆论调查所近期一项调查显示，30%的受访者认为中国的营商环境“好”或“非常好”，好评率仅次于法国的39%。而对美国和英国营商环境给予好评的德】
------200----------------------------------------------------------
Some as NewsModel11:08:55
【2019-06-08 11:24:55/【民调显示德国中小企业认为中国营商环境好于美国】 德国权威民调机构福沙舆论调查所近期一项调查显示，30%的受访者认为中国的营商环境“好”或“非常好”，好评率仅次于法国的39%。而对美国和英国营商环境给予好评的德】
------200----------------------------------------------------------
Some as NewsModel11:08:55
【2019-06-08 11:25:55/【民调显示德国中小企业认为中国营商环境好于美国】 德国权威民调机构福沙舆论调查所近期一项调查显示，30%的受访者认为中国的营商环境“好”或“非常好”，好评率仅次于法国的39%。而对美国和英国营商环境给予好评的德】
------200----------------------------------------------------------
Some as NewsModel11:08:55
【2019-06-08 11:26:55/【民调显示德国中小企业认为中国营商环境好于美国】 德国权威民调机构福沙舆论调查所近期一项调查显示，30%的受访者认为中国的营商环境“好”或“非常好”，好评率仅次于法国的39%。而对美国和英国营商环境给予好评的德】
------200----------------------------------------------------------
Some as NewsModel11:08:55
【2019-06-08 11:27:55/【民调显示德国中小企业认为中国营商环境好于美国】 德国权威民调机构福沙舆论调查所近期一项调查显示，德国中小企业经理人认为中国营商环境好于美国。对此，该机构专家日前对记者表示，该调查结果显示美国当前政策已在德国引】
------200----------------------------------------------------------
Some as NewsModel11:08:55
【2019-06-08 11:28:55/【民调显示德国中小企业认为中国营商环境好于美国】 德国权威民调机构福沙舆论调查所近期一项调查显示，德国中小企业经理人认为中国营商环境好于美国。对此，该机构专家日前对记者表示，该调查结果显示美国当前政策已在德国引】
------200----------------------------------------------------------
Some as NewsModel11:08:55
【2019-06-08 11:29:55/【民调显示德国中小企业认为中国营商环境好于美国】 德国权威民调机构福沙舆论调查所近期一项调查显示，德国中小企业经理人认为中国营商环境好于美国。对此，该机构专家日前对记者表示，该调查结果显示美国当前政策已在德国引】
------200----------------------------------------------------------
Some as NewsModel11:08:55
【2019-06-08 11:30:55/【民调显示德国中小企业认为中国营商环境好于美国】 德国权威民调机构福沙舆论调查所近期一项调查显示，德国中小企业经理人认为中国营商环境好于美国。对此，该机构专家日前对记者表示，该调查结果显示美国当前政策已在德国引】
------200----------------------------------------------------------
Some as NewsModel11:08:55
【2019-06-08 11:31:55/【民调显示德国中小企业认为中国营商环境好于美国】 德国权威民调机构福沙舆论调查所近期一项调查显示，德国中小企业经理人认为中国营商环境好于美国。对此，该机构专家日前对记者表示，该调查结果显示美国当前政策已在德国引】
------200----------------------------------------------------------
Some as NewsModel11:08:55
【2019-06-08 11:32:55/【民调显示德国中小企业认为中国营商环境好于美国】 德国权威民调机构福沙舆论调查所近期一项调查显示，德国中小企业经理人认为中国营商环境好于美国。对此，该机构专家日前对记者表示，该调查结果显示美国当前政策已在德国引】
------200----------------------------------------------------------
Some as NewsModel11:08:55
【2019-06-08 11:33:55/【民调显示德国中小企业认为中国营商环境好于美国】 德国权威民调机构福沙舆论调查所近期一项调查显示，德国中小企业经理人认为中国营商环境好于美国。对此，该机构专家日前对记者表示，该调查结果显示美国当前政策已在德国引】
------200----------------------------------------------------------
Some as NewsModel11:08:55
【2019-06-08 11:34:55/【民调显示德国中小企业认为中国营商环境好于美国】 德国权威民调机构福沙舆论调查所近期一项调查显示，德国中小企业经理人认为中国营商环境好于美国。对此，该机构专家日前对记者表示，该调查结果显示美国当前政策已在德国引】
------200----------------------------------------------------------
Some as NewsModel11:08:55
【2019-06-08 11:35:56/【民调显示德国中小企业认为中国营商环境好于美国】 德国权威民调机构福沙舆论调查所近期一项调查显示，德国中小企业经理人认为中国营商环境好于美国。对此，该机构专家日前对记者表示，该调查结果显示美国当前政策已在德国引】
------200----------------------------------------------------------
Some as NewsModel11:08:56
【2019-06-08 11:36:55/【民调显示德国中小企业认为中国营商环境好于美国】 德国权威民调机构福沙舆论调查所近期一项调查显示，德国中小企业经理人认为中国营商环境好于美国。对此，该机构专家日前对记者表示，该调查结果显示美国当前政策已在德国引】
------200----------------------------------------------------------
Some as NewsModel11:08:55
【2019-06-08 11:37:55/【民调显示德国中小企业认为中国营商环境好于美国】 德国权威民调机构福沙舆论调查所近期一项调查显示，德国中小企业经理人认为中国营商环境好于美国。对此，该机构专家日前对记者表示，该调查结果显示美国当前政策已在德国引】
------200----------------------------------------------------------
Some as NewsModel11:08:55
【2019-06-08 11:38:55/【民调显示德国中小企业认为中国营商环境好于美国】 德国权威民调机构福沙舆论调查所近期一项调查显示，德国中小企业经理人认为中国营商环境好于美国。对此，该机构专家日前对记者表示，该调查结果显示美国当前政策已在德国引】
------200----------------------------------------------------------
Some as NewsModel11:08:55
【2019-06-08 11:39:55/【民调显示德国中小企业认为中国营商环境好于美国】 德国权威民调机构福沙舆论调查所近期一项调查显示，德国中小企业经理人认为中国营商环境好于美国。对此，该机构专家日前对记者表示，该调查结果显示美国当前政策已在德国引】
------200----------------------------------------------------------
Some as NewsModel11:08:55
【2019-06-08 11:40:55/【民调显示德国中小企业认为中国营商环境好于美国】 德国权威民调机构福沙舆论调查所近期一项调查显示，德国中小企业经理人认为中国营商环境好于美国。对此，该机构专家日前对记者表示，该调查结果显示美国当前政策已在德国引】
------200----------------------------------------------------------
Some as NewsModel11:08:55
【2019-06-08 11:41:55/【民调显示德国中小企业认为中国营商环境好于美国】 德国权威民调机构福沙舆论调查所近期一项调查显示，德国中小企业经理人认为中国营商环境好于美国。对此，该机构专家日前对记者表示，该调查结果显示美国当前政策已在德国引】
------200----------------------------------------------------------
Some as NewsModel11:08:55
【2019-06-08 11:42:55/获取最新新闻】
------200----------------------------------------------------------
{"url":"/brief/100216472.html","hm":"11:42","datekey":"2019.06.08","newcontent":"铁吉讯已组建专业技术团队，在高铁Wi-Fi系统技术储备、高铁Wi-Fi系统与5G融合、定制开发车载5G设备等三个方面进行了战略部署。国铁吉讯与华为、中兴等5G设备商开展密切合作，联合开发与高铁Wi-Fi设备高度融合的车载5G设备，并计划于2019年底完成测试工作。","indexTitle":"【国铁吉讯与华为、中兴等合作 联合开发车载5G设备】 作为中国铁路动车组Wi-Fi系统唯一的建设和运营主体，国铁吉讯科技有限公司积极拥抱5G技术，紧跟国家政策和5G技术商用步伐，全面推动5G技术在铁路行业的应用。国","important":false,"id":"100216472","hasimage":false,"hasvideo":false,"istop":false,"hasrelated":false,"hasvote":false,"createTime":"2019-06-08T11:42:00"}
【2019-06-08 11:43:55/获取最新新闻】
------200----------------------------------------------------------
{"url":"/brief/100216473.html","hm":"11:43","datekey":"2019.06.08","newcontent":"最多的行业。进入6月后，机构调研热情不减，截至6月6日已累计调研上市公司63家。（证券时报）","indexTitle":"【5月机构调研上市公司的数量环比增逾六成 创年内月度新高】 A股三大股指的5月跌幅均超过5%，机构却掀起了调研热潮。5月，机构调研上市公司的数量达565家，环比增逾六成，创年内月度新高，化工、医药生物、电子成为被调研公司","important":false,"id":"100216473","hasimage":false,"hasvideo":false,"istop":false,"hasrelated":false,"hasvote":false,"createTime":"2019-06-08T11:43:00"}
【2019-06-08 11:44:55/【5月机构调研上市公司的数量环比增逾六成 创年内月度新高】 A股三大股指的5月跌幅均超过5%，机构却掀起了调研热潮。5月，机构调研上市公司的数量达565家，环比增逾六成，创年内月度新高，化工、医药生物、电子成为被调研公司】
------200----------------------------------------------------------
Some as NewsModel11:08:55
【2019-06-08 11:45:55/【5月机构调研上市公司的数量环比增逾六成 创年内月度新高】 A股三大股指的5月跌幅均超过5%，机构却掀起了调研热潮。5月，机构调研上市公司的数量达565家，环比增逾六成，创年内月度新高，化工、医药生物、电子成为被调研公司】
------200----------------------------------------------------------
Some as NewsModel11:08:55
【2019-06-08 11:46:55/【5月机构调研上市公司的数量环比增逾六成 创年内月度新高】 A股三大股指的5月跌幅均超过5%，机构却掀起了调研热潮。5月，机构调研上市公司的数量达565家，环比增逾六成，创年内月度新高，化工、医药生物、电子成为被调研公司】
------200----------------------------------------------------------
Some as NewsModel11:08:55
【2019-06-08 11:47:56/【5月机构调研上市公司的数量环比增逾六成 创年内月度新高】 A股三大股指的5月跌幅均超过5%，机构却掀起了调研热潮。5月，机构调研上市公司的数量达565家，环比增逾六成，创年内月度新高，化工、医药生物、电子成为被调研公司】
------200----------------------------------------------------------
Some as NewsModel11:08:56
【2019-06-08 11:48:55/【5月机构调研上市公司的数量环比增逾六成 创年内月度新高】 A股三大股指的5月跌幅均超过5%，机构却掀起了调研热潮。5月，机构调研上市公司的数量达565家，环比增逾六成，创年内月度新高，化工、医药生物、电子成为被调研公司】
------200----------------------------------------------------------
Some as NewsModel11:08:55
【2019-06-08 11:49:55/【5月机构调研上市公司的数量环比增逾六成 创年内月度新高】 A股三大股指的5月跌幅均超过5%，机构却掀起了调研热潮。5月，机构调研上市公司的数量达565家，环比增逾六成，创年内月度新高，化工、医药生物、电子成为被调研公司】
------200----------------------------------------------------------
Some as NewsModel11:08:55
【2019-06-08 11:50:55/【5月机构调研上市公司的数量环比增逾六成 创年内月度新高】 A股三大股指的5月跌幅均超过5%，机构却掀起了调研热潮。5月，机构调研上市公司的数量达565家，环比增逾六成，创年内月度新高，化工、医药生物、电子成为被调研公司】
------200----------------------------------------------------------
Some as NewsModel11:08:55
【2019-06-08 11:51:55/【5月机构调研上市公司的数量环比增逾六成 创年内月度新高】 A股三大股指的5月跌幅均超过5%，机构却掀起了调研热潮。5月，机构调研上市公司的数量达565家，环比增逾六成，创年内月度新高，化工、医药生物、电子成为被调研公司】
------200----------------------------------------------------------
Some as NewsModel11:08:55
【2019-06-08 11:52:56/【5月机构调研上市公司的数量环比增逾六成 创年内月度新高】 A股三大股指的5月跌幅均超过5%，机构却掀起了调研热潮。5月，机构调研上市公司的数量达565家，环比增逾六成，创年内月度新高，化工、医药生物、电子成为被调研公司】
------200----------------------------------------------------------
Some as NewsModel11:08:56
【2019-06-08 11:53:55/【5月机构调研上市公司的数量环比增逾六成 创年内月度新高】 A股三大股指的5月跌幅均超过5%，机构却掀起了调研热潮。5月，机构调研上市公司的数量达565家，环比增逾六成，创年内月度新高，化工、医药生物、电子成为被调研公司】
------200----------------------------------------------------------
Some as NewsModel11:08:55
【2019-06-08 11:54:55/【5月机构调研上市公司的数量环比增逾六成 创年内月度新高】 A股三大股指的5月跌幅均超过5%，机构却掀起了调研热潮。5月，机构调研上市公司的数量达565家，环比增逾六成，创年内月度新高，化工、医药生物、电子成为被调研公司】
------200----------------------------------------------------------
Some as NewsModel11:08:55
【2019-06-08 11:55:56/【5月机构调研上市公司的数量环比增逾六成 创年内月度新高】 A股三大股指的5月跌幅均超过5%，机构却掀起了调研热潮。5月，机构调研上市公司的数量达565家，环比增逾六成，创年内月度新高，化工、医药生物、电子成为被调研公司】
------200----------------------------------------------------------
Some as NewsModel11:08:56
【2019-06-08 11:56:55/【5月机构调研上市公司的数量环比增逾六成 创年内月度新高】 A股三大股指的5月跌幅均超过5%，机构却掀起了调研热潮。5月，机构调研上市公司的数量达565家，环比增逾六成，创年内月度新高，化工、医药生物、电子成为被调研公司】
------200----------------------------------------------------------
Some as NewsModel11:08:55
【2019-06-08 11:57:55/【5月机构调研上市公司的数量环比增逾六成 创年内月度新高】 A股三大股指的5月跌幅均超过5%，机构却掀起了调研热潮。5月，机构调研上市公司的数量达565家，环比增逾六成，创年内月度新高，化工、医药生物、电子成为被调研公司】
------200----------------------------------------------------------
Some as NewsModel11:08:55
【2019-06-08 11:58:55/【5月机构调研上市公司的数量环比增逾六成 创年内月度新高】 A股三大股指的5月跌幅均超过5%，机构却掀起了调研热潮。5月，机构调研上市公司的数量达565家，环比增逾六成，创年内月度新高，化工、医药生物、电子成为被调研公司】
------200----------------------------------------------------------
Some as NewsModel11:08:55
【2019-06-08 11:59:55/获取最新新闻】
------200----------------------------------------------------------
{"url":"/brief/100216475.html","hm":"11:59","datekey":"2019.06.08","newcontent":"，用老酒勾调新酒的做法，是白酒行业长期存在的客观现象和传统工艺之一，“几吨新酒加上几两老酒之后，口感的确就不一样了”。（人民日报）","indexTitle":"【一吨新酒加一勺老酒就是“30年陈酿”？茅台遭律师起诉销售欺诈】 贵州茅台公司因为销售“用15年基酒勾兑成的50年陈年酒”，被成都律师邢连超起诉销售欺诈一事，引发广泛讨论。6月6日，在四川一家知名酒企工作了近35年的老员工表示","important":true,"id":"100216475","hasimage":false,"hasvideo":false,"istop":false,"hasrelated":false,"hasvote":false,"createTime":"2019-06-08T11:59:00"}
【2019-06-08 12:00:55/【一吨新酒加一勺老酒就是“30年陈酿”？茅台遭律师起诉销售欺诈】 贵州茅台公司因为销售“用15年基酒勾兑成的50年陈年酒”，被成都律师邢连超起诉销售欺诈一事，引发广泛讨论。6月6日，在四川一家知名酒企工作了近35年的老员工表示】
------200----------------------------------------------------------
Some as NewsModel12:08:55
【2019-06-08 12:01:55/【一吨新酒加一勺老酒就是“30年陈酿”？茅台遭律师起诉销售欺诈】 贵州茅台公司因为销售“用15年基酒勾兑成的50年陈年酒”，被成都律师邢连超起诉销售欺诈一事，引发广泛讨论。6月6日，在四川一家知名酒企工作了近35年的老员工表示】
------200----------------------------------------------------------
Some as NewsModel12:08:55
【2019-06-08 12:02:55/【一吨新酒加一勺老酒就是“30年陈酿”？茅台遭律师起诉销售欺诈】 贵州茅台公司因为销售“用15年基酒勾兑成的50年陈年酒”，被成都律师邢连超起诉销售欺诈一事，引发广泛讨论。6月6日，在四川一家知名酒企工作了近35年的老员工表示】
------200----------------------------------------------------------
Some as NewsModel12:08:55
【2019-06-08 12:03:55/【一吨新酒加一勺老酒就是“30年陈酿”？茅台遭律师起诉销售欺诈】 贵州茅台公司因为销售“用15年基酒勾兑成的50年陈年酒”，被成都律师邢连超起诉销售欺诈一事，引发广泛讨论。6月6日，在四川一家知名酒企工作了近35年的老员工表示】
------200----------------------------------------------------------
Some as NewsModel12:08:55
【2019-06-08 12:04:55/【一吨新酒加一勺老酒就是“30年陈酿”？茅台遭律师起诉销售欺诈】 贵州茅台公司因为销售“用15年基酒勾兑成的50年陈年酒”，被成都律师邢连超起诉销售欺诈一事，引发广泛讨论。6月6日，在四川一家知名酒企工作了近35年的老员工表示】
------200----------------------------------------------------------
Some as NewsModel12:08:55
【2019-06-08 12:05:55/【一吨新酒加一勺老酒就是“30年陈酿”？茅台遭律师起诉销售欺诈】 贵州茅台公司因为销售“用15年基酒勾兑成的50年陈年酒”，被成都律师邢连超起诉销售欺诈一事，引发广泛讨论。6月6日，在四川一家知名酒企工作了近35年的老员工表示】
------200----------------------------------------------------------
Some as NewsModel12:08:55
【2019-06-08 12:06:55/【一吨新酒加一勺老酒就是“30年陈酿”？茅台遭律师起诉销售欺诈】 贵州茅台公司因为销售“用15年基酒勾兑成的50年陈年酒”，被成都律师邢连超起诉销售欺诈一事，引发广泛讨论。6月6日，在四川一家知名酒企工作了近35年的老员工表示】
------200----------------------------------------------------------
Some as NewsModel12:08:55
【2019-06-08 12:07:55/【一吨新酒加一勺老酒就是“30年陈酿”？茅台遭律师起诉销售欺诈】 贵州茅台公司因为销售“用15年基酒勾兑成的50年陈年酒”，被成都律师邢连超起诉销售欺诈一事，引发广泛讨论。6月6日，在四川一家知名酒企工作了近35年的老员工表示】
------200----------------------------------------------------------
Some as NewsModel12:08:55
【2019-06-08 12:08:55/【一吨新酒加一勺老酒就是“30年陈酿”？茅台遭律师起诉销售欺诈】 贵州茅台公司因为销售“用15年基酒勾兑成的50年陈年酒”，被成都律师邢连超起诉销售欺诈一事，引发广泛讨论。6月6日，在四川一家知名酒企工作了近35年的老员工表示】
------200----------------------------------------------------------
Some as NewsModel12:08:55
【2019-06-08 12:09:55/【一吨新酒加一勺老酒就是“30年陈酿”？茅台遭律师起诉销售欺诈】 贵州茅台公司因为销售“用15年基酒勾兑成的50年陈年酒”，被成都律师邢连超起诉销售欺诈一事，引发广泛讨论。6月6日，在四川一家知名酒企工作了近35年的老员工表示】
------200----------------------------------------------------------
Some as NewsModel12:08:55
【2019-06-08 12:10:55/【一吨新酒加一勺老酒就是“30年陈酿”？茅台遭律师起诉销售欺诈】 贵州茅台公司因为销售“用15年基酒勾兑成的50年陈年酒”，被成都律师邢连超起诉销售欺诈一事，引发广泛讨论。6月6日，在四川一家知名酒企工作了近35年的老员工表示】
------200----------------------------------------------------------
Some as NewsModel12:08:55
【2019-06-08 12:11:55/【一吨新酒加一勺老酒就是“30年陈酿”？茅台遭律师起诉销售欺诈】 贵州茅台公司因为销售“用15年基酒勾兑成的50年陈年酒”，被成都律师邢连超起诉销售欺诈一事，引发广泛讨论。6月6日，在四川一家知名酒企工作了近35年的老员工表示】
------200----------------------------------------------------------
Some as NewsModel12:08:55
【2019-06-08 12:12:55/【一吨新酒加一勺老酒就是“30年陈酿”？茅台遭律师起诉销售欺诈】 贵州茅台公司因为销售“用15年基酒勾兑成的50年陈年酒”，被成都律师邢连超起诉销售欺诈一事，引发广泛讨论。6月6日，在四川一家知名酒企工作了近35年的老员工表示】
------200----------------------------------------------------------
Some as NewsModel12:08:55
【2019-06-08 12:13:55/获取最新新闻】
------200----------------------------------------------------------
{"url":"/brief/100216476.html","hm":"12:13","datekey":"2019.06.08","newcontent":"多两次短期的私人宇航员任务，每人费用大约在5800万美元，其中包含35000美元每晚的住宿费，而波音和SpaceX将提供宇航员的“飞的”服务。美国总统特朗普去年公布了一项预算，要求政府在2025年前停止向空间站提供资金，这促使NASA调整之前规定禁止空间站被用作商业用途的政策。（上观）","indexTitle":"【NASA拟向公众开放国际空间站：每人费用大约在5800万美元】 当地时间7日，NASA发布声明，称最快将于2020年向美国民众开放国际空间站的近地轨道试验站，这也是国际空间站全面私有化进程的一部分。NASA表示，每年将安排最","important":false,"id":"100216476","hasimage":false,"hasvideo":false,"istop":false,"hasrelated":false,"hasvote":false,"createTime":"2019-06-08T12:13:00"}
【2019-06-08 12:14:55/【NASA拟向公众开放国际空间站：每人费用大约在5800万美元】 当地时间7日，NASA发布声明，称最快将于2020年向美国民众开放国际空间站的近地轨道试验站，这也是国际空间站全面私有化进程的一部分。NASA表示，每年将安排最】
------200----------------------------------------------------------
Some as NewsModel12:08:55
【2019-06-08 12:15:55/【NASA拟向公众开放国际空间站：每人费用大约在5800万美元】 当地时间7日，NASA发布声明，称最快将于2020年向美国民众开放国际空间站的近地轨道试验站，这也是国际空间站全面私有化进程的一部分。NASA表示，每年将安排最】
------200----------------------------------------------------------
Some as NewsModel12:08:55
【2019-06-08 12:16:55/【NASA拟向公众开放国际空间站：每人费用大约在5800万美元】 当地时间7日，NASA发布声明，称最快将于2020年向美国民众开放国际空间站的近地轨道试验站，这也是国际空间站全面私有化进程的一部分。NASA表示，每年将安排最】
------200----------------------------------------------------------
Some as NewsModel12:08:55
【2019-06-08 12:17:56/【NASA拟向公众开放国际空间站：每人费用大约在5800万美元】 当地时间7日，NASA发布声明，称最快将于2020年向美国民众开放国际空间站的近地轨道试验站，这也是国际空间站全面私有化进程的一部分。NASA表示，每年将安排最】
------200----------------------------------------------------------
Some as NewsModel12:08:56
【2019-06-08 12:18:55/【NASA拟向公众开放国际空间站：每人费用大约在5800万美元】 当地时间7日，NASA发布声明，称最快将于2020年向美国民众开放国际空间站的近地轨道试验站，这也是国际空间站全面私有化进程的一部分。NASA表示，每年将安排最】
------200----------------------------------------------------------
Some as NewsModel12:08:55
【2019-06-08 12:19:55/【NASA拟向公众开放国际空间站：每人费用大约在5800万美元】 当地时间7日，NASA发布声明，称最快将于2020年向美国民众开放国际空间站的近地轨道试验站，这也是国际空间站全面私有化进程的一部分。NASA表示，每年将安排最】
------200----------------------------------------------------------
Some as NewsModel12:08:55
【2019-06-08 12:20:55/【NASA拟向公众开放国际空间站：每人费用大约在5800万美元】 当地时间7日，NASA发布声明，称最快将于2020年向美国民众开放国际空间站的近地轨道试验站，这也是国际空间站全面私有化进程的一部分。NASA表示，每年将安排最】
------200----------------------------------------------------------
Some as NewsModel12:08:55
【2019-06-08 12:21:55/【NASA拟向公众开放国际空间站：每人费用大约在5800万美元】 当地时间7日，NASA发布声明，称最快将于2020年向美国民众开放国际空间站的近地轨道试验站，这也是国际空间站全面私有化进程的一部分。NASA表示，每年将安排最】
------200----------------------------------------------------------
Some as NewsModel12:08:55
【2019-06-08 12:22:55/获取最新新闻】
------200----------------------------------------------------------
{"url":"/brief/100216477.html","hm":"12:22","datekey":"2019.06.08","newcontent":"聚集区。（雄安发布）","indexTitle":"【雄安新区将构建高端赛事产业聚集区】 日前，河北省政府办公厅出台《关于加快发展体育竞赛表演产业的实施意见》。根据意见，雄安新区将建设国际国内高等级职业联赛基地，打造培育赛事知名品牌，构建高端赛事产业","important":false,"id":"100216477","hasimage":false,"hasvideo":false,"istop":false,"hasrelated":false,"hasvote":false,"createTime":"2019-06-08T12:22:00"}
【2019-06-08 12:23:55/【雄安新区将构建高端赛事产业聚集区】 日前，河北省政府办公厅出台《关于加快发展体育竞赛表演产业的实施意见》。根据意见，雄安新区将建设国际国内高等级职业联赛基地，打造培育赛事知名品牌，构建高端赛事产业】
------200----------------------------------------------------------
Some as NewsModel12:08:55
【2019-06-08 12:24:55/【雄安新区将构建高端赛事产业聚集区】 日前，河北省政府办公厅出台《关于加快发展体育竞赛表演产业的实施意见》。根据意见，雄安新区将建设国际国内高等级职业联赛基地，打造培育赛事知名品牌，构建高端赛事产业】
------200----------------------------------------------------------
Some as NewsModel12:08:55
【2019-06-08 12:25:55/【雄安新区将构建高端赛事产业聚集区】 日前，河北省政府办公厅出台《关于加快发展体育竞赛表演产业的实施意见》。根据意见，雄安新区将建设国际国内高等级职业联赛基地，打造培育赛事知名品牌，构建高端赛事产业】
------200----------------------------------------------------------
Some as NewsModel12:08:55
【2019-06-08 12:26:55/【雄安新区将构建高端赛事产业聚集区】 日前，河北省政府办公厅出台《关于加快发展体育竞赛表演产业的实施意见》。根据意见，雄安新区将建设国际国内高等级职业联赛基地，打造培育赛事知名品牌，构建高端赛事产业】
------200----------------------------------------------------------
Some as NewsModel12:08:55
【2019-06-08 12:27:55/【雄安新区将构建高端赛事产业聚集区】 日前，河北省政府办公厅出台《关于加快发展体育竞赛表演产业的实施意见》。根据意见，雄安新区将建设国际国内高等级职业联赛基地，打造培育赛事知名品牌，构建高端赛事产业】
------200----------------------------------------------------------
Some as NewsModel12:08:55
【2019-06-08 12:28:56/【雄安新区将构建高端赛事产业聚集区】 日前，河北省政府办公厅出台《关于加快发展体育竞赛表演产业的实施意见》。根据意见，雄安新区将建设国际国内高等级职业联赛基地，打造培育赛事知名品牌，构建高端赛事产业】
------200----------------------------------------------------------
Some as NewsModel12:08:56
【2019-06-08 12:29:55/【雄安新区将构建高端赛事产业聚集区】 日前，河北省政府办公厅出台《关于加快发展体育竞赛表演产业的实施意见》。根据意见，雄安新区将建设国际国内高等级职业联赛基地，打造培育赛事知名品牌，构建高端赛事产业】
------200----------------------------------------------------------
Some as NewsModel12:08:55
【2019-06-08 12:30:55/【雄安新区将构建高端赛事产业聚集区】 日前，河北省政府办公厅出台《关于加快发展体育竞赛表演产业的实施意见》。根据意见，雄安新区将建设国际国内高等级职业联赛基地，打造培育赛事知名品牌，构建高端赛事产业】
------200----------------------------------------------------------
Some as NewsModel12:08:55
【2019-06-08 12:31:55/【雄安新区将构建高端赛事产业聚集区】 日前，河北省政府办公厅出台《关于加快发展体育竞赛表演产业的实施意见》。根据意见，雄安新区将建设国际国内高等级职业联赛基地，打造培育赛事知名品牌，构建高端赛事产业】
------200----------------------------------------------------------
Some as NewsModel12:08:55
【2019-06-08 12:32:55/【雄安新区将构建高端赛事产业聚集区】 日前，河北省政府办公厅出台《关于加快发展体育竞赛表演产业的实施意见》。根据意见，雄安新区将建设国际国内高等级职业联赛基地，打造培育赛事知名品牌，构建高端赛事产业】
------200----------------------------------------------------------
Some as NewsModel12:08:55
【2019-06-08 12:33:55/【雄安新区将构建高端赛事产业聚集区】 日前，河北省政府办公厅出台《关于加快发展体育竞赛表演产业的实施意见》。根据意见，雄安新区将建设国际国内高等级职业联赛基地，打造培育赛事知名品牌，构建高端赛事产业】
------200----------------------------------------------------------
Some as NewsModel12:08:55
【2019-06-08 12:34:55/【雄安新区将构建高端赛事产业聚集区】 日前，河北省政府办公厅出台《关于加快发展体育竞赛表演产业的实施意见》。根据意见，雄安新区将建设国际国内高等级职业联赛基地，打造培育赛事知名品牌，构建高端赛事产业】
------200----------------------------------------------------------
Some as NewsModel12:08:55
【2019-06-08 12:35:55/【雄安新区将构建高端赛事产业聚集区】 日前，河北省政府办公厅出台《关于加快发展体育竞赛表演产业的实施意见》。根据意见，雄安新区将建设国际国内高等级职业联赛基地，打造培育赛事知名品牌，构建高端赛事产业】
------200----------------------------------------------------------
Some as NewsModel12:08:55
【2019-06-08 12:36:55/【雄安新区将构建高端赛事产业聚集区】 日前，河北省政府办公厅出台《关于加快发展体育竞赛表演产业的实施意见》。根据意见，雄安新区将建设国际国内高等级职业联赛基地，打造培育赛事知名品牌，构建高端赛事产业】
------200----------------------------------------------------------
Some as NewsModel12:08:55
【2019-06-08 12:37:55/【雄安新区将构建高端赛事产业聚集区】 日前，河北省政府办公厅出台《关于加快发展体育竞赛表演产业的实施意见》。根据意见，雄安新区将建设国际国内高等级职业联赛基地，打造培育赛事知名品牌，构建高端赛事产业】
------200----------------------------------------------------------
Some as NewsModel12:08:55
【2019-06-08 12:38:56/【雄安新区将构建高端赛事产业聚集区】 日前，河北省政府办公厅出台《关于加快发展体育竞赛表演产业的实施意见》。根据意见，雄安新区将建设国际国内高等级职业联赛基地，打造培育赛事知名品牌，构建高端赛事产业】
------200----------------------------------------------------------
Some as NewsModel12:08:56
【2019-06-08 12:39:55/【雄安新区将构建高端赛事产业聚集区】 日前，河北省政府办公厅出台《关于加快发展体育竞赛表演产业的实施意见》。根据意见，雄安新区将建设国际国内高等级职业联赛基地，打造培育赛事知名品牌，构建高端赛事产业】
------200----------------------------------------------------------
Some as NewsModel12:08:55
【2019-06-08 12:40:55/【雄安新区将构建高端赛事产业聚集区】 日前，河北省政府办公厅出台《关于加快发展体育竞赛表演产业的实施意见》。根据意见，雄安新区将建设国际国内高等级职业联赛基地，打造培育赛事知名品牌，构建高端赛事产业】
------200----------------------------------------------------------
Some as NewsModel12:08:55
【2019-06-08 12:41:55/【雄安新区将构建高端赛事产业聚集区】 日前，河北省政府办公厅出台《关于加快发展体育竞赛表演产业的实施意见》。根据意见，雄安新区将建设国际国内高等级职业联赛基地，打造培育赛事知名品牌，构建高端赛事产业】
------200----------------------------------------------------------
Some as NewsModel12:08:55
【2019-06-08 12:42:55/【雄安新区将构建高端赛事产业聚集区】 日前，河北省政府办公厅出台《关于加快发展体育竞赛表演产业的实施意见》。根据意见，雄安新区将建设国际国内高等级职业联赛基地，打造培育赛事知名品牌，构建高端赛事产业】
------200----------------------------------------------------------
Some as NewsModel12:08:55
【2019-06-08 12:43:55/【雄安新区将构建高端赛事产业聚集区】 日前，河北省政府办公厅出台《关于加快发展体育竞赛表演产业的实施意见》。根据意见，雄安新区将建设国际国内高等级职业联赛基地，打造培育赛事知名品牌，构建高端赛事产业】
------200----------------------------------------------------------
Some as NewsModel12:08:55
【2019-06-08 12:44:56/【雄安新区将构建高端赛事产业聚集区】 日前，河北省政府办公厅出台《关于加快发展体育竞赛表演产业的实施意见》。根据意见，雄安新区将建设国际国内高等级职业联赛基地，打造培育赛事知名品牌，构建高端赛事产业】
------200----------------------------------------------------------
Some as NewsModel12:08:56
【2019-06-08 12:45:55/【雄安新区将构建高端赛事产业聚集区】 日前，河北省政府办公厅出台《关于加快发展体育竞赛表演产业的实施意见》。根据意见，雄安新区将建设国际国内高等级职业联赛基地，打造培育赛事知名品牌，构建高端赛事产业】
------200----------------------------------------------------------
Some as NewsModel12:08:55
【2019-06-08 12:46:56/【雄安新区将构建高端赛事产业聚集区】 日前，河北省政府办公厅出台《关于加快发展体育竞赛表演产业的实施意见》。根据意见，雄安新区将建设国际国内高等级职业联赛基地，打造培育赛事知名品牌，构建高端赛事产业】
------200----------------------------------------------------------
Some as NewsModel12:08:56
【2019-06-08 12:47:56/【雄安新区将构建高端赛事产业聚集区】 日前，河北省政府办公厅出台《关于加快发展体育竞赛表演产业的实施意见》。根据意见，雄安新区将建设国际国内高等级职业联赛基地，打造培育赛事知名品牌，构建高端赛事产业】
------200----------------------------------------------------------
Some as NewsModel12:08:56
【2019-06-08 12:48:56/获取最新新闻】
------200----------------------------------------------------------
{"url":"/brief/100216483.html","hm":"12:48","datekey":"2019.06.08","newcontent":"盖。根据文件，到今年底，全国ETC用户数量将突破1.8亿，而截至今年3月，全国ETC用户只有8000多万，这也意味着今年国内需要新安装ETC的车辆将近一亿辆，市场空间巨大。（证券时报）","indexTitle":"【29省已研究起草ETC推广发行方案 潜在新增用户近亿】 记者从交通运输部了解到，目前河北、广西等29个省区市已经研究起草了ETC电子不停车快捷收费系统推广发行方案，海南、西藏也正在起草中，ETC的推广应用正在迈向全覆","important":false,"id":"100216483","hasimage":false,"hasvideo":false,"istop":false,"hasrelated":false,"hasvote":false,"createTime":"2019-06-08T12:48:00"}
【2019-06-08 12:49:55/【29省已研究起草ETC推广发行方案 潜在新增用户近亿】 记者从交通运输部了解到，目前河北、广西等29个省区市已经研究起草了ETC电子不停车快捷收费系统推广发行方案，海南、西藏也正在起草中，ETC的推广应用正在迈向全覆】
------200----------------------------------------------------------
Some as NewsModel12:08:55
【2019-06-08 12:50:55/【29省已研究起草ETC推广发行方案 潜在新增用户近亿】 记者从交通运输部了解到，目前河北、广西等29个省区市已经研究起草了ETC电子不停车快捷收费系统推广发行方案，海南、西藏也正在起草中，ETC的推广应用正在迈向全覆】
------200----------------------------------------------------------
Some as NewsModel12:08:55
【2019-06-08 12:51:55/【29省已研究起草ETC推广发行方案 潜在新增用户近亿】 记者从交通运输部了解到，目前河北、广西等29个省区市已经研究起草了ETC电子不停车快捷收费系统推广发行方案，海南、西藏也正在起草中，ETC的推广应用正在迈向全覆】
------200----------------------------------------------------------
Some as NewsModel12:08:55
【2019-06-08 12:52:55/【29省已研究起草ETC推广发行方案 潜在新增用户近亿】 记者从交通运输部了解到，目前河北、广西等29个省区市已经研究起草了ETC电子不停车快捷收费系统推广发行方案，海南、西藏也正在起草中，ETC的推广应用正在迈向全覆】
------200----------------------------------------------------------
Some as NewsModel12:08:55
【2019-06-08 12:53:56/【29省已研究起草ETC推广发行方案 潜在新增用户近亿】 记者从交通运输部了解到，目前河北、广西等29个省区市已经研究起草了ETC电子不停车快捷收费系统推广发行方案，海南、西藏也正在起草中，ETC的推广应用正在迈向全覆】
------200----------------------------------------------------------
Some as NewsModel12:08:56
【2019-06-08 12:54:55/【29省已研究起草ETC推广发行方案 潜在新增用户近亿】 记者从交通运输部了解到，目前河北、广西等29个省区市已经研究起草了ETC电子不停车快捷收费系统推广发行方案，海南、西藏也正在起草中，ETC的推广应用正在迈向全覆】
------200----------------------------------------------------------
Some as NewsModel12:08:55
【2019-06-08 12:55:55/【29省已研究起草ETC推广发行方案 潜在新增用户近亿】 记者从交通运输部了解到，目前河北、广西等29个省区市已经研究起草了ETC电子不停车快捷收费系统推广发行方案，海南、西藏也正在起草中，ETC的推广应用正在迈向全覆】
------200----------------------------------------------------------
Some as NewsModel12:08:55
【2019-06-08 12:56:55/【29省已研究起草ETC推广发行方案 潜在新增用户近亿】 记者从交通运输部了解到，目前河北、广西等29个省区市已经研究起草了ETC电子不停车快捷收费系统推广发行方案，海南、西藏也正在起草中，ETC的推广应用正在迈向全覆】
------200----------------------------------------------------------
Some as NewsModel12:08:55
【2019-06-08 12:57:55/【29省已研究起草ETC推广发行方案 潜在新增用户近亿】 记者从交通运输部了解到，目前河北、广西等29个省区市已经研究起草了ETC电子不停车快捷收费系统推广发行方案，海南、西藏也正在起草中，ETC的推广应用正在迈向全覆】
------200----------------------------------------------------------
Some as NewsModel12:08:55
【2019-06-08 12:58:55/【29省已研究起草ETC推广发行方案 潜在新增用户近亿】 记者从交通运输部了解到，目前河北、广西等29个省区市已经研究起草了ETC电子不停车快捷收费系统推广发行方案，海南、西藏也正在起草中，ETC的推广应用正在迈向全覆】
------200----------------------------------------------------------
Some as NewsModel12:08:55
【2019-06-08 12:59:55/【29省已研究起草ETC推广发行方案 潜在新增用户近亿】 记者从交通运输部了解到，目前河北、广西等29个省区市已经研究起草了ETC电子不停车快捷收费系统推广发行方案，海南、西藏也正在起草中，ETC的推广应用正在迈向全覆】
------200----------------------------------------------------------
Some as NewsModel12:08:55
【2019-06-08 01:00:55/获取最新新闻】
------200----------------------------------------------------------
{"url":"/brief/100216486.html","hm":"13:00","datekey":"2019.06.08","newcontent":"","indexTitle":"【津巴布韦计划于年内恢复本币】 津巴布韦总统姆南加古瓦7日表示，将在年内推出新的主权货币，以结束该国十年没有本币的局面。（新华社）","important":false,"id":"100216486","hasimage":false,"hasvideo":false,"istop":false,"hasrelated":false,"hasvote":false,"createTime":"2019-06-08T13:00:00"}
【2019-06-08 01:01:55/【津巴布韦计划于年内恢复本币】 津巴布韦总统姆南加古瓦7日表示，将在年内推出新的主权货币，以结束该国十年没有本币的局面。津巴布韦在2009年经历恶性通货膨胀后弃用了本国货币津巴布韦元，转为流通】
------200----------------------------------------------------------
Some as NewsModel13:08:55
【2019-06-08 01:02:55/【津巴布韦计划于年内恢复本币】 津巴布韦总统姆南加古瓦7日表示，将在年内推出新的主权货币，以结束该国十年没有本币的局面。津巴布韦在2009年经历恶性通货膨胀后弃用了本国货币津巴布韦元，转为流通】
------200----------------------------------------------------------
Some as NewsModel13:08:55
【2019-06-08 01:03:55/【津巴布韦计划于年内恢复本币】 津巴布韦总统姆南加古瓦7日表示，将在年内推出新的主权货币，以结束该国十年没有本币的局面。津巴布韦在2009年经历恶性通货膨胀后弃用了本国货币津巴布韦元，转为流通】
------200----------------------------------------------------------
Some as NewsModel13:08:55
【2019-06-08 01:04:55/【津巴布韦计划于年内恢复本币】 津巴布韦总统姆南加古瓦7日表示，将在年内推出新的主权货币，以结束该国十年没有本币的局面。津巴布韦在2009年经历恶性通货膨胀后弃用了本国货币津巴布韦元，转为流通】
------200----------------------------------------------------------
Some as NewsModel13:08:55
【2019-06-08 01:05:55/【津巴布韦计划于年内恢复本币】 津巴布韦总统姆南加古瓦7日表示，将在年内推出新的主权货币，以结束该国十年没有本币的局面。津巴布韦在2009年经历恶性通货膨胀后弃用了本国货币津巴布韦元，转为流通】
------200----------------------------------------------------------
Some as NewsModel13:08:55
【2019-06-08 01:06:55/【津巴布韦计划于年内恢复本币】 津巴布韦总统姆南加古瓦7日表示，将在年内推出新的主权货币，以结束该国十年没有本币的局面。津巴布韦在2009年经历恶性通货膨胀后弃用了本国货币津巴布韦元，转为流通】
------200----------------------------------------------------------
Some as NewsModel13:08:55
【2019-06-08 01:07:55/【津巴布韦计划于年内恢复本币】 津巴布韦总统姆南加古瓦7日表示，将在年内推出新的主权货币，以结束该国十年没有本币的局面。津巴布韦在2009年经历恶性通货膨胀后弃用了本国货币津巴布韦元，转为流通】
------200----------------------------------------------------------
Some as NewsModel13:08:55
【2019-06-08 01:08:55/【津巴布韦计划于年内恢复本币】 津巴布韦总统姆南加古瓦7日表示，将在年内推出新的主权货币，以结束该国十年没有本币的局面。津巴布韦在2009年经历恶性通货膨胀后弃用了本国货币津巴布韦元，转为流通】
------200----------------------------------------------------------
Some as NewsModel13:08:55
【2019-06-08 01:09:55/【津巴布韦计划于年内恢复本币】 津巴布韦总统姆南加古瓦7日表示，将在年内推出新的主权货币，以结束该国十年没有本币的局面。津巴布韦在2009年经历恶性通货膨胀后弃用了本国货币津巴布韦元，转为流通】
------200----------------------------------------------------------
Some as NewsModel13:08:55
【2019-06-08 01:10:55/【津巴布韦计划于年内恢复本币】 津巴布韦总统姆南加古瓦7日表示，将在年内推出新的主权货币，以结束该国十年没有本币的局面。津巴布韦在2009年经历恶性通货膨胀后弃用了本国货币津巴布韦元，转为流通】
------200----------------------------------------------------------
Some as NewsModel13:08:55
【2019-06-08 01:11:55/【津巴布韦计划于年内恢复本币】 津巴布韦总统姆南加古瓦7日表示，将在年内推出新的主权货币，以结束该国十年没有本币的局面。津巴布韦在2009年经历恶性通货膨胀后弃用了本国货币津巴布韦元，转为流通】
------200----------------------------------------------------------
Some as NewsModel13:08:55
【2019-06-08 01:12:56/【津巴布韦计划于年内恢复本币】 津巴布韦总统姆南加古瓦7日表示，将在年内推出新的主权货币，以结束该国十年没有本币的局面。津巴布韦在2009年经历恶性通货膨胀后弃用了本国货币津巴布韦元，转为流通】
------200----------------------------------------------------------
Some as NewsModel13:08:56
【2019-06-08 01:13:55/【津巴布韦计划于年内恢复本币】 津巴布韦总统姆南加古瓦7日表示，将在年内推出新的主权货币，以结束该国十年没有本币的局面。津巴布韦在2009年经历恶性通货膨胀后弃用了本国货币津巴布韦元，转为流通】
------200----------------------------------------------------------
Some as NewsModel13:08:55
【2019-06-08 01:14:55/【津巴布韦计划于年内恢复本币】 津巴布韦总统姆南加古瓦7日表示，将在年内推出新的主权货币，以结束该国十年没有本币的局面。津巴布韦在2009年经历恶性通货膨胀后弃用了本国货币津巴布韦元，转为流通】
------200----------------------------------------------------------
Some as NewsModel13:08:55
【2019-06-08 01:15:55/【津巴布韦计划于年内恢复本币】 津巴布韦总统姆南加古瓦7日表示，将在年内推出新的主权货币，以结束该国十年没有本币的局面。津巴布韦在2009年经历恶性通货膨胀后弃用了本国货币津巴布韦元，转为流通】
------200----------------------------------------------------------
Some as NewsModel13:08:55
【2019-06-08 01:16:55/【津巴布韦计划于年内恢复本币】 津巴布韦总统姆南加古瓦7日表示，将在年内推出新的主权货币，以结束该国十年没有本币的局面。津巴布韦在2009年经历恶性通货膨胀后弃用了本国货币津巴布韦元，转为流通】
------200----------------------------------------------------------
Some as NewsModel13:08:55
【2019-06-08 01:17:55/【津巴布韦计划于年内恢复本币】 津巴布韦总统姆南加古瓦7日表示，将在年内推出新的主权货币，以结束该国十年没有本币的局面。津巴布韦在2009年经历恶性通货膨胀后弃用了本国货币津巴布韦元，转为流通】
------200----------------------------------------------------------
Some as NewsModel13:08:55
【2019-06-08 01:18:55/【津巴布韦计划于年内恢复本币】 津巴布韦总统姆南加古瓦7日表示，将在年内推出新的主权货币，以结束该国十年没有本币的局面。津巴布韦在2009年经历恶性通货膨胀后弃用了本国货币津巴布韦元，转为流通】
------200----------------------------------------------------------
Some as NewsModel13:08:55
【2019-06-08 01:19:55/【津巴布韦计划于年内恢复本币】 津巴布韦总统姆南加古瓦7日表示，将在年内推出新的主权货币，以结束该国十年没有本币的局面。津巴布韦在2009年经历恶性通货膨胀后弃用了本国货币津巴布韦元，转为流通】
------200----------------------------------------------------------
Some as NewsModel13:08:55
【2019-06-08 01:20:56/【津巴布韦计划于年内恢复本币】 津巴布韦总统姆南加古瓦7日表示，将在年内推出新的主权货币，以结束该国十年没有本币的局面。津巴布韦在2009年经历恶性通货膨胀后弃用了本国货币津巴布韦元，转为流通】
------200----------------------------------------------------------
Some as NewsModel13:08:56
【2019-06-08 01:21:55/【津巴布韦计划于年内恢复本币】 津巴布韦总统姆南加古瓦7日表示，将在年内推出新的主权货币，以结束该国十年没有本币的局面。津巴布韦在2009年经历恶性通货膨胀后弃用了本国货币津巴布韦元，转为流通】
------200----------------------------------------------------------
Some as NewsModel13:08:55
【2019-06-08 01:22:55/【津巴布韦计划于年内恢复本币】 津巴布韦总统姆南加古瓦7日表示，将在年内推出新的主权货币，以结束该国十年没有本币的局面。津巴布韦在2009年经历恶性通货膨胀后弃用了本国货币津巴布韦元，转为流通】
------200----------------------------------------------------------
Some as NewsModel13:08:55
【2019-06-08 01:23:55/【津巴布韦计划于年内恢复本币】 津巴布韦总统姆南加古瓦7日表示，将在年内推出新的主权货币，以结束该国十年没有本币的局面。津巴布韦在2009年经历恶性通货膨胀后弃用了本国货币津巴布韦元，转为流通】
------200----------------------------------------------------------
Some as NewsModel13:08:55
【2019-06-08 01:24:55/【津巴布韦计划于年内恢复本币】 津巴布韦总统姆南加古瓦7日表示，将在年内推出新的主权货币，以结束该国十年没有本币的局面。津巴布韦在2009年经历恶性通货膨胀后弃用了本国货币津巴布韦元，转为流通】
------200----------------------------------------------------------
Some as NewsModel13:08:55
【2019-06-08 01:25:55/【津巴布韦计划于年内恢复本币】 津巴布韦总统姆南加古瓦7日表示，将在年内推出新的主权货币，以结束该国十年没有本币的局面。津巴布韦在2009年经历恶性通货膨胀后弃用了本国货币津巴布韦元，转为流通】
------200----------------------------------------------------------
Some as NewsModel13:08:55
【2019-06-08 01:26:55/【津巴布韦计划于年内恢复本币】 津巴布韦总统姆南加古瓦7日表示，将在年内推出新的主权货币，以结束该国十年没有本币的局面。津巴布韦在2009年经历恶性通货膨胀后弃用了本国货币津巴布韦元，转为流通】
------200----------------------------------------------------------
Some as NewsModel13:08:55
【2019-06-08 01:27:56/【津巴布韦计划于年内恢复本币】 津巴布韦总统姆南加古瓦7日表示，将在年内推出新的主权货币，以结束该国十年没有本币的局面。津巴布韦在2009年经历恶性通货膨胀后弃用了本国货币津巴布韦元，转为流通】
------200----------------------------------------------------------
Some as NewsModel13:08:56
【2019-06-08 01:28:55/【津巴布韦计划于年内恢复本币】 津巴布韦总统姆南加古瓦7日表示，将在年内推出新的主权货币，以结束该国十年没有本币的局面。津巴布韦在2009年经历恶性通货膨胀后弃用了本国货币津巴布韦元，转为流通】
------200----------------------------------------------------------
Some as NewsModel13:08:55
【2019-06-08 01:29:55/【津巴布韦计划于年内恢复本币】 津巴布韦总统姆南加古瓦7日表示，将在年内推出新的主权货币，以结束该国十年没有本币的局面。津巴布韦在2009年经历恶性通货膨胀后弃用了本国货币津巴布韦元，转为流通】
------200----------------------------------------------------------
Some as NewsModel13:08:55
【2019-06-08 01:30:55/【津巴布韦计划于年内恢复本币】 津巴布韦总统姆南加古瓦7日表示，将在年内推出新的主权货币，以结束该国十年没有本币的局面。津巴布韦在2009年经历恶性通货膨胀后弃用了本国货币津巴布韦元，转为流通】
------200----------------------------------------------------------
Some as NewsModel13:08:55
【2019-06-08 01:31:55/【津巴布韦计划于年内恢复本币】 津巴布韦总统姆南加古瓦7日表示，将在年内推出新的主权货币，以结束该国十年没有本币的局面。津巴布韦在2009年经历恶性通货膨胀后弃用了本国货币津巴布韦元，转为流通】
------200----------------------------------------------------------
Some as NewsModel13:08:55
【2019-06-08 01:32:55/【津巴布韦计划于年内恢复本币】 津巴布韦总统姆南加古瓦7日表示，将在年内推出新的主权货币，以结束该国十年没有本币的局面。津巴布韦在2009年经历恶性通货膨胀后弃用了本国货币津巴布韦元，转为流通】
------200----------------------------------------------------------
Some as NewsModel13:08:55
【2019-06-08 01:33:55/【津巴布韦计划于年内恢复本币】 津巴布韦总统姆南加古瓦7日表示，将在年内推出新的主权货币，以结束该国十年没有本币的局面。津巴布韦在2009年经历恶性通货膨胀后弃用了本国货币津巴布韦元，转为流通】
------200----------------------------------------------------------
Some as NewsModel13:08:55
【2019-06-08 01:34:56/【津巴布韦计划于年内恢复本币】 津巴布韦总统姆南加古瓦7日表示，将在年内推出新的主权货币，以结束该国十年没有本币的局面。津巴布韦在2009年经历恶性通货膨胀后弃用了本国货币津巴布韦元，转为流通】
------200----------------------------------------------------------
Some as NewsModel13:08:56
【2019-06-08 01:35:56/【津巴布韦计划于年内恢复本币】 津巴布韦总统姆南加古瓦7日表示，将在年内推出新的主权货币，以结束该国十年没有本币的局面。津巴布韦在2009年经历恶性通货膨胀后弃用了本国货币津巴布韦元，转为流通】
------200----------------------------------------------------------
Some as NewsModel13:08:56
【2019-06-08 01:36:56/【津巴布韦计划于年内恢复本币】 津巴布韦总统姆南加古瓦7日表示，将在年内推出新的主权货币，以结束该国十年没有本币的局面。津巴布韦在2009年经历恶性通货膨胀后弃用了本国货币津巴布韦元，转为流通】
------200----------------------------------------------------------
Some as NewsModel13:08:56
【2019-06-08 01:37:56/【津巴布韦计划于年内恢复本币】 津巴布韦总统姆南加古瓦7日表示，将在年内推出新的主权货币，以结束该国十年没有本币的局面。津巴布韦在2009年经历恶性通货膨胀后弃用了本国货币津巴布韦元，转为流通】
------200----------------------------------------------------------
Some as NewsModel13:08:56
【2019-06-08 01:38:56/【津巴布韦计划于年内恢复本币】 津巴布韦总统姆南加古瓦7日表示，将在年内推出新的主权货币，以结束该国十年没有本币的局面。津巴布韦在2009年经历恶性通货膨胀后弃用了本国货币津巴布韦元，转为流通】
------200----------------------------------------------------------
Some as NewsModel13:08:56
【2019-06-08 01:39:55/【津巴布韦计划于年内恢复本币】 津巴布韦总统姆南加古瓦7日表示，将在年内推出新的主权货币，以结束该国十年没有本币的局面。津巴布韦在2009年经历恶性通货膨胀后弃用了本国货币津巴布韦元，转为流通】
------200----------------------------------------------------------
Some as NewsModel13:08:55
【2019-06-08 01:40:55/【津巴布韦计划于年内恢复本币】 津巴布韦总统姆南加古瓦7日表示，将在年内推出新的主权货币，以结束该国十年没有本币的局面。津巴布韦在2009年经历恶性通货膨胀后弃用了本国货币津巴布韦元，转为流通】
------200----------------------------------------------------------
Some as NewsModel13:08:55
【2019-06-08 01:41:55/【津巴布韦计划于年内恢复本币】 津巴布韦总统姆南加古瓦7日表示，将在年内推出新的主权货币，以结束该国十年没有本币的局面。津巴布韦在2009年经历恶性通货膨胀后弃用了本国货币津巴布韦元，转为流通】
------200----------------------------------------------------------
Some as NewsModel13:08:55
【2019-06-08 01:42:55/【津巴布韦计划于年内恢复本币】 津巴布韦总统姆南加古瓦7日表示，将在年内推出新的主权货币，以结束该国十年没有本币的局面。津巴布韦在2009年经历恶性通货膨胀后弃用了本国货币津巴布韦元，转为流通】
------200----------------------------------------------------------
Some as NewsModel13:08:55
【2019-06-08 01:43:55/【津巴布韦计划于年内恢复本币】 津巴布韦总统姆南加古瓦7日表示，将在年内推出新的主权货币，以结束该国十年没有本币的局面。津巴布韦在2009年经历恶性通货膨胀后弃用了本国货币津巴布韦元，转为流通】
------200----------------------------------------------------------
Some as NewsModel13:08:55
【2019-06-08 01:44:55/【津巴布韦计划于年内恢复本币】 津巴布韦总统姆南加古瓦7日表示，将在年内推出新的主权货币，以结束该国十年没有本币的局面。津巴布韦在2009年经历恶性通货膨胀后弃用了本国货币津巴布韦元，转为流通】
------200----------------------------------------------------------
Some as NewsModel13:08:55
【2019-06-08 01:45:55/【津巴布韦计划于年内恢复本币】 津巴布韦总统姆南加古瓦7日表示，将在年内推出新的主权货币，以结束该国十年没有本币的局面。津巴布韦在2009年经历恶性通货膨胀后弃用了本国货币津巴布韦元，转为流通】
------200----------------------------------------------------------
Some as NewsModel13:08:55
【2019-06-08 01:46:55/【津巴布韦计划于年内恢复本币】 津巴布韦总统姆南加古瓦7日表示，将在年内推出新的主权货币，以结束该国十年没有本币的局面。津巴布韦在2009年经历恶性通货膨胀后弃用了本国货币津巴布韦元，转为流通】
------200----------------------------------------------------------
Some as NewsModel13:08:55
【2019-06-08 01:47:55/【津巴布韦计划于年内恢复本币】 津巴布韦总统姆南加古瓦7日表示，将在年内推出新的主权货币，以结束该国十年没有本币的局面。津巴布韦在2009年经历恶性通货膨胀后弃用了本国货币津巴布韦元，转为流通】
------200----------------------------------------------------------
Some as NewsModel13:08:55
【2019-06-08 01:48:55/【津巴布韦计划于年内恢复本币】 津巴布韦总统姆南加古瓦7日表示，将在年内推出新的主权货币，以结束该国十年没有本币的局面。津巴布韦在2009年经历恶性通货膨胀后弃用了本国货币津巴布韦元，转为流通】
------200----------------------------------------------------------
Some as NewsModel13:08:55
【2019-06-08 01:49:56/【津巴布韦计划于年内恢复本币】 津巴布韦总统姆南加古瓦7日表示，将在年内推出新的主权货币，以结束该国十年没有本币的局面。津巴布韦在2009年经历恶性通货膨胀后弃用了本国货币津巴布韦元，转为流通】
------200----------------------------------------------------------
Some as NewsModel13:08:56
【2019-06-08 01:50:55/【津巴布韦计划于年内恢复本币】 津巴布韦总统姆南加古瓦7日表示，将在年内推出新的主权货币，以结束该国十年没有本币的局面。津巴布韦在2009年经历恶性通货膨胀后弃用了本国货币津巴布韦元，转为流通】
------200----------------------------------------------------------
Some as NewsModel13:08:55
【2019-06-08 01:51:55/【津巴布韦计划于年内恢复本币】 津巴布韦总统姆南加古瓦7日表示，将在年内推出新的主权货币，以结束该国十年没有本币的局面。津巴布韦在2009年经历恶性通货膨胀后弃用了本国货币津巴布韦元，转为流通】
------200----------------------------------------------------------
Some as NewsModel13:08:55
【2019-06-08 01:52:55/【津巴布韦计划于年内恢复本币】 津巴布韦总统姆南加古瓦7日表示，将在年内推出新的主权货币，以结束该国十年没有本币的局面。津巴布韦在2009年经历恶性通货膨胀后弃用了本国货币津巴布韦元，转为流通】
------200----------------------------------------------------------
Some as NewsModel13:08:55
【2019-06-08 01:53:55/【津巴布韦计划于年内恢复本币】 津巴布韦总统姆南加古瓦7日表示，将在年内推出新的主权货币，以结束该国十年没有本币的局面。津巴布韦在2009年经历恶性通货膨胀后弃用了本国货币津巴布韦元，转为流通】
------200----------------------------------------------------------
Some as NewsModel13:08:55
【2019-06-08 01:54:55/【津巴布韦计划于年内恢复本币】 津巴布韦总统姆南加古瓦7日表示，将在年内推出新的主权货币，以结束该国十年没有本币的局面。津巴布韦在2009年经历恶性通货膨胀后弃用了本国货币津巴布韦元，转为流通】
------200----------------------------------------------------------
Some as NewsModel13:08:55
【2019-06-08 01:55:55/【津巴布韦计划于年内恢复本币】 津巴布韦总统姆南加古瓦7日表示，将在年内推出新的主权货币，以结束该国十年没有本币的局面。津巴布韦在2009年经历恶性通货膨胀后弃用了本国货币津巴布韦元，转为流通】
------200----------------------------------------------------------
Some as NewsModel13:08:55
【2019-06-08 01:56:55/【津巴布韦计划于年内恢复本币】 津巴布韦总统姆南加古瓦7日表示，将在年内推出新的主权货币，以结束该国十年没有本币的局面。津巴布韦在2009年经历恶性通货膨胀后弃用了本国货币津巴布韦元，转为流通】
------200----------------------------------------------------------
Some as NewsModel13:08:55
【2019-06-08 01:57:55/【津巴布韦计划于年内恢复本币】 津巴布韦总统姆南加古瓦7日表示，将在年内推出新的主权货币，以结束该国十年没有本币的局面。津巴布韦在2009年经历恶性通货膨胀后弃用了本国货币津巴布韦元，转为流通】
------200----------------------------------------------------------
Some as NewsModel13:08:55
【2019-06-08 01:58:55/【津巴布韦计划于年内恢复本币】 津巴布韦总统姆南加古瓦7日表示，将在年内推出新的主权货币，以结束该国十年没有本币的局面。津巴布韦在2009年经历恶性通货膨胀后弃用了本国货币津巴布韦元，转为流通】
------200----------------------------------------------------------
Some as NewsModel13:08:55
【2019-06-08 01:59:56/【津巴布韦计划于年内恢复本币】 津巴布韦总统姆南加古瓦7日表示，将在年内推出新的主权货币，以结束该国十年没有本币的局面。津巴布韦在2009年经历恶性通货膨胀后弃用了本国货币津巴布韦元，转为流通】
------200----------------------------------------------------------
Some as NewsModel13:08:56
【2019-06-08 02:00:55/【津巴布韦计划于年内恢复本币】 津巴布韦总统姆南加古瓦7日表示，将在年内推出新的主权货币，以结束该国十年没有本币的局面。津巴布韦在2009年经历恶性通货膨胀后弃用了本国货币津巴布韦元，转为流通】
------200----------------------------------------------------------
Some as NewsModel14:08:55
【2019-06-08 02:01:55/【津巴布韦计划于年内恢复本币】 津巴布韦总统姆南加古瓦7日表示，将在年内推出新的主权货币，以结束该国十年没有本币的局面。津巴布韦在2009年经历恶性通货膨胀后弃用了本国货币津巴布韦元，转为流通】
------200----------------------------------------------------------
Some as NewsModel14:08:55
【2019-06-08 02:02:55/【津巴布韦计划于年内恢复本币】 津巴布韦总统姆南加古瓦7日表示，将在年内推出新的主权货币，以结束该国十年没有本币的局面。津巴布韦在2009年经历恶性通货膨胀后弃用了本国货币津巴布韦元，转为流通】
------200----------------------------------------------------------
Some as NewsModel14:08:55
【2019-06-08 02:03:55/【津巴布韦计划于年内恢复本币】 津巴布韦总统姆南加古瓦7日表示，将在年内推出新的主权货币，以结束该国十年没有本币的局面。津巴布韦在2009年经历恶性通货膨胀后弃用了本国货币津巴布韦元，转为流通】
------200----------------------------------------------------------
Some as NewsModel14:08:55
【2019-06-08 02:04:55/【津巴布韦计划于年内恢复本币】 津巴布韦总统姆南加古瓦7日表示，将在年内推出新的主权货币，以结束该国十年没有本币的局面。津巴布韦在2009年经历恶性通货膨胀后弃用了本国货币津巴布韦元，转为流通】
------200----------------------------------------------------------
Some as NewsModel14:08:55
【2019-06-08 02:05:55/【津巴布韦计划于年内恢复本币】 津巴布韦总统姆南加古瓦7日表示，将在年内推出新的主权货币，以结束该国十年没有本币的局面。津巴布韦在2009年经历恶性通货膨胀后弃用了本国货币津巴布韦元，转为流通】
------200----------------------------------------------------------
Some as NewsModel14:08:55
【2019-06-08 02:06:56/【津巴布韦计划于年内恢复本币】 津巴布韦总统姆南加古瓦7日表示，将在年内推出新的主权货币，以结束该国十年没有本币的局面。津巴布韦在2009年经历恶性通货膨胀后弃用了本国货币津巴布韦元，转为流通】
------200----------------------------------------------------------
Some as NewsModel14:08:56
【2019-06-08 02:07:55/【津巴布韦计划于年内恢复本币】 津巴布韦总统姆南加古瓦7日表示，将在年内推出新的主权货币，以结束该国十年没有本币的局面。津巴布韦在2009年经历恶性通货膨胀后弃用了本国货币津巴布韦元，转为流通】
------200----------------------------------------------------------
Some as NewsModel14:08:55
【2019-06-08 02:08:56/【津巴布韦计划于年内恢复本币】 津巴布韦总统姆南加古瓦7日表示，将在年内推出新的主权货币，以结束该国十年没有本币的局面。津巴布韦在2009年经历恶性通货膨胀后弃用了本国货币津巴布韦元，转为流通】
------200----------------------------------------------------------
Some as NewsModel14:08:56
【2019-06-08 02:09:55/【津巴布韦计划于年内恢复本币】 津巴布韦总统姆南加古瓦7日表示，将在年内推出新的主权货币，以结束该国十年没有本币的局面。津巴布韦在2009年经历恶性通货膨胀后弃用了本国货币津巴布韦元，转为流通】
------200----------------------------------------------------------
Some as NewsModel14:08:55
【2019-06-08 02:10:55/【津巴布韦计划于年内恢复本币】 津巴布韦总统姆南加古瓦7日表示，将在年内推出新的主权货币，以结束该国十年没有本币的局面。津巴布韦在2009年经历恶性通货膨胀后弃用了本国货币津巴布韦元，转为流通】
------200----------------------------------------------------------
Some as NewsModel14:08:55
【2019-06-08 02:11:56/【津巴布韦计划于年内恢复本币】 津巴布韦总统姆南加古瓦7日表示，将在年内推出新的主权货币，以结束该国十年没有本币的局面。津巴布韦在2009年经历恶性通货膨胀后弃用了本国货币津巴布韦元，转为流通】
------200----------------------------------------------------------
Some as NewsModel14:08:56
【2019-06-08 02:12:56/【津巴布韦计划于年内恢复本币】 津巴布韦总统姆南加古瓦7日表示，将在年内推出新的主权货币，以结束该国十年没有本币的局面。津巴布韦在2009年经历恶性通货膨胀后弃用了本国货币津巴布韦元，转为流通】
------200----------------------------------------------------------
Some as NewsModel14:08:56
【2019-06-08 02:13:55/【津巴布韦计划于年内恢复本币】 津巴布韦总统姆南加古瓦7日表示，将在年内推出新的主权货币，以结束该国十年没有本币的局面。津巴布韦在2009年经历恶性通货膨胀后弃用了本国货币津巴布韦元，转为流通】
------200----------------------------------------------------------
Some as NewsModel14:08:55
【2019-06-08 02:14:56/【津巴布韦计划于年内恢复本币】 津巴布韦总统姆南加古瓦7日表示，将在年内推出新的主权货币，以结束该国十年没有本币的局面。津巴布韦在2009年经历恶性通货膨胀后弃用了本国货币津巴布韦元，转为流通】
------200----------------------------------------------------------
Some as NewsModel14:08:56
【2019-06-08 02:15:56/获取最新新闻】
------200----------------------------------------------------------
{"url":"/brief/100216495.html","hm":"14:15","datekey":"2019.06.08","newcontent":"前所未有”的行动，加强边境执法以遏制非法移民流入美国。此外，美墨双方还同意，如果最新举措未能实现预期效果，双方将商讨进一步行动。（新华社）","indexTitle":"【美国与墨西哥达成协议 加征关税计划被无限期暂停】 美国总统特朗普7日表示，美国和墨西哥已经就边境非法移民问题达成协议，对墨西哥输美商品加征关税的计划被无限期暂停。根据美国国务院当天公布的联合声明，墨西哥将采取“","important":true,"id":"100216495","hasimage":false,"hasvideo":false,"istop":false,"hasrelated":false,"hasvote":false,"createTime":"2019-06-08T14:15:00"}
【2019-06-08 02:16:55/【美国与墨西哥达成协议 加征关税计划被无限期暂停】 美国总统特朗普7日表示，美国和墨西哥已经就边境非法移民问题达成协议，对墨西哥输美商品加征关税的计划被无限期暂停。根据美国国务院当天公布的联合声明，墨西哥将采取“】
------200----------------------------------------------------------
Some as NewsModel14:08:55
【2019-06-08 02:17:56/【美国与墨西哥达成协议 加征关税计划被无限期暂停】 美国总统特朗普7日表示，美国和墨西哥已经就边境非法移民问题达成协议，对墨西哥输美商品加征关税的计划被无限期暂停。根据美国国务院当天公布的联合声明，墨西哥将采取“】
------200----------------------------------------------------------
Some as NewsModel14:08:56
【2019-06-08 02:18:56/【美国与墨西哥达成协议 加征关税计划被无限期暂停】 美国总统特朗普7日表示，美国和墨西哥已经就边境非法移民问题达成协议，对墨西哥输美商品加征关税的计划被无限期暂停。根据美国国务院当天公布的联合声明，墨西哥将采取“】
------200----------------------------------------------------------
Some as NewsModel14:08:56
【2019-06-08 02:19:55/【美国与墨西哥达成协议 加征关税计划被无限期暂停】 美国总统特朗普7日表示，美国和墨西哥已经就边境非法移民问题达成协议，对墨西哥输美商品加征关税的计划被无限期暂停。根据美国国务院当天公布的联合声明，墨西哥将采取“】
------200----------------------------------------------------------
Some as NewsModel14:08:55
【2019-06-08 02:20:55/【美国与墨西哥达成协议 加征关税计划被无限期暂停】 美国总统特朗普7日表示，美国和墨西哥已经就边境非法移民问题达成协议，对墨西哥输美商品加征关税的计划被无限期暂停。根据美国国务院当天公布的联合声明，墨西哥将采取“】
------200----------------------------------------------------------
Some as NewsModel14:08:55
【2019-06-08 02:21:55/【美国与墨西哥达成协议 加征关税计划被无限期暂停】 美国总统特朗普7日表示，美国和墨西哥已经就边境非法移民问题达成协议，对墨西哥输美商品加征关税的计划被无限期暂停。根据美国国务院当天公布的联合声明，墨西哥将采取“】
------200----------------------------------------------------------
Some as NewsModel14:08:55
【2019-06-08 02:22:56/【美国与墨西哥达成协议 加征关税计划被无限期暂停】 美国总统特朗普7日表示，美国和墨西哥已经就边境非法移民问题达成协议，对墨西哥输美商品加征关税的计划被无限期暂停。根据美国国务院当天公布的联合声明，墨西哥将采取“】
------200----------------------------------------------------------
Some as NewsModel14:08:56
【2019-06-08 02:23:56/【美国与墨西哥达成协议 加征关税计划被无限期暂停】 美国总统特朗普7日表示，美国和墨西哥已经就边境非法移民问题达成协议，对墨西哥输美商品加征关税的计划被无限期暂停。根据美国国务院当天公布的联合声明，墨西哥将采取“】
------200----------------------------------------------------------
Some as NewsModel14:08:56
【2019-06-08 02:24:55/【美国与墨西哥达成协议 加征关税计划被无限期暂停】 美国总统特朗普7日表示，美国和墨西哥已经就边境非法移民问题达成协议，对墨西哥输美商品加征关税的计划被无限期暂停。根据美国国务院当天公布的联合声明，墨西哥将采取“】
------200----------------------------------------------------------
Some as NewsModel14:08:55
【2019-06-08 02:25:55/【美国与墨西哥达成协议 加征关税计划被无限期暂停】 美国总统特朗普7日表示，美国和墨西哥已经就边境非法移民问题达成协议，对墨西哥输美商品加征关税的计划被无限期暂停。根据美国国务院当天公布的联合声明，墨西哥将采取“】
------200----------------------------------------------------------
Some as NewsModel14:08:55
【2019-06-08 02:26:55/【美国与墨西哥达成协议 加征关税计划被无限期暂停】 美国总统特朗普7日表示，美国和墨西哥已经就边境非法移民问题达成协议，对墨西哥输美商品加征关税的计划被无限期暂停。根据美国国务院当天公布的联合声明，墨西哥将采取“】
------200----------------------------------------------------------
Some as NewsModel14:08:55
【2019-06-08 02:27:55/【美国与墨西哥达成协议 加征关税计划被无限期暂停】 美国总统特朗普7日表示，美国和墨西哥已经就边境非法移民问题达成协议，对墨西哥输美商品加征关税的计划被无限期暂停。根据美国国务院当天公布的联合声明，墨西哥将采取“】
------200----------------------------------------------------------
Some as NewsModel14:08:55
【2019-06-08 02:28:55/【美国与墨西哥达成协议 加征关税计划被无限期暂停】 美国总统特朗普7日表示，美国和墨西哥已经就边境非法移民问题达成协议，对墨西哥输美商品加征关税的计划被无限期暂停。根据美国国务院当天公布的联合声明，墨西哥将采取“】
------200----------------------------------------------------------
Some as NewsModel14:08:55
【2019-06-08 02:29:56/【美国与墨西哥达成协议 加征关税计划被无限期暂停】 美国总统特朗普7日表示，美国和墨西哥已经就边境非法移民问题达成协议，对墨西哥输美商品加征关税的计划被无限期暂停。根据美国国务院当天公布的联合声明，墨西哥将采取“】
------200----------------------------------------------------------
Some as NewsModel14:08:56
【2019-06-08 02:30:56/【美国与墨西哥达成协议 加征关税计划被无限期暂停】 美国总统特朗普7日表示，美国和墨西哥已经就边境非法移民问题达成协议，对墨西哥输美商品加征关税的计划被无限期暂停。根据美国国务院当天公布的联合声明，墨西哥将采取“】
------200----------------------------------------------------------
Some as NewsModel14:08:56
【2019-06-08 02:31:55/获取最新新闻】
------200----------------------------------------------------------
{"url":"/brief/100216497.html","hm":"14:30","datekey":"2019.06.08","newcontent":"势，继续深化与湖南在能源、棚改、基础设施、环保治污、装备制造等领域合作，助力湖南优化能源结构，提高能源利用效率，保障能源安全，打好三大攻坚战，实现高质量发展。","indexTitle":"【湖南省政府与中国能源建设集团举行会谈】 日前，湖南省政府与中国能源建设集团在长沙举行会谈。湖南省委副书记、省长许达哲，中国能源建设集团董事长汪建平出席会谈。许达哲说，希望中国能源建设集团充分发挥自身优","important":false,"id":"100216497","hasimage":false,"hasvideo":false,"istop":false,"hasrelated":false,"hasvote":false,"createTime":"2019-06-08T14:30:00"}
【2019-06-08 02:32:56/【湖南省政府与中国能源建设集团举行会谈】 日前，湖南省政府与中国能源建设集团在长沙举行会谈。湖南省委副书记、省长许达哲，中国能源建设集团董事长汪建平出席会谈。许达哲说，希望中国能源建设集团充分发挥自身优】
------200----------------------------------------------------------
Some as NewsModel14:08:56
【2019-06-08 02:33:55/【湖南省政府与中国能源建设集团举行会谈】 日前，湖南省政府与中国能源建设集团在长沙举行会谈。湖南省委副书记、省长许达哲，中国能源建设集团董事长汪建平出席会谈。许达哲说，希望中国能源建设集团充分发挥自身优】
------200----------------------------------------------------------
Some as NewsModel14:08:55
【2019-06-08 02:34:56/【湖南省政府与中国能源建设集团举行会谈】 日前，湖南省政府与中国能源建设集团在长沙举行会谈。湖南省委副书记、省长许达哲，中国能源建设集团董事长汪建平出席会谈。许达哲说，希望中国能源建设集团充分发挥自身优】
------200----------------------------------------------------------
Some as NewsModel14:08:56
【2019-06-08 02:35:55/【湖南省政府与中国能源建设集团举行会谈】 日前，湖南省政府与中国能源建设集团在长沙举行会谈。湖南省委副书记、省长许达哲，中国能源建设集团董事长汪建平出席会谈。许达哲说，希望中国能源建设集团充分发挥自身优】
------200----------------------------------------------------------
Some as NewsModel14:08:55
【2019-06-08 02:36:56/【湖南省政府与中国能源建设集团举行会谈】 日前，湖南省政府与中国能源建设集团在长沙举行会谈。湖南省委副书记、省长许达哲，中国能源建设集团董事长汪建平出席会谈。许达哲说，希望中国能源建设集团充分发挥自身优】
------200----------------------------------------------------------
Some as NewsModel14:08:56
【2019-06-08 02:37:56/【湖南省政府与中国能源建设集团举行会谈】 日前，湖南省政府与中国能源建设集团在长沙举行会谈。湖南省委副书记、省长许达哲，中国能源建设集团董事长汪建平出席会谈。许达哲说，希望中国能源建设集团充分发挥自身优】
------200----------------------------------------------------------
Some as NewsModel14:08:56
【2019-06-08 02:38:55/【湖南省政府与中国能源建设集团举行会谈】 日前，湖南省政府与中国能源建设集团在长沙举行会谈。湖南省委副书记、省长许达哲，中国能源建设集团董事长汪建平出席会谈。许达哲说，希望中国能源建设集团充分发挥自身优】
------200----------------------------------------------------------
Some as NewsModel14:08:55
【2019-06-08 02:39:56/【湖南省政府与中国能源建设集团举行会谈】 日前，湖南省政府与中国能源建设集团在长沙举行会谈。湖南省委副书记、省长许达哲，中国能源建设集团董事长汪建平出席会谈。许达哲说，希望中国能源建设集团充分发挥自身优】
------200----------------------------------------------------------
Some as NewsModel14:08:56
【2019-06-08 02:40:56/【湖南省政府与中国能源建设集团举行会谈】 日前，湖南省政府与中国能源建设集团在长沙举行会谈。湖南省委副书记、省长许达哲，中国能源建设集团董事长汪建平出席会谈。许达哲说，希望中国能源建设集团充分发挥自身优】
------200----------------------------------------------------------
Some as NewsModel14:08:56
【2019-06-08 02:41:55/获取最新新闻】
------200----------------------------------------------------------
{"url":"/brief/100216501.html","hm":"14:41","datekey":"2019.06.08","newcontent":"府专题会议，研究部署高质量推进光网提质升级工作。沈晓明要求，要以更宽的视野、更高的标准、更大的力度，谋划推进全省光网提质升级措施。要紧紧抓住5G对产业的拉动和支撑作用，研究明确高密度集中布局的重点区域，使5G成为高新技术产业发展的推动力。","indexTitle":"【海南省省长沈晓明：以更宽视野更高标准更大力度推进光网提质升级】 6月6日，工信部正式向中国电信、中国移动、中国联通、中国广电发放5G商用牌照。当天，海南省省长沈晓明到相关职能部门和通信企业调研，并分别主持召开企业座谈会和省政","important":false,"id":"100216501","hasimage":false,"hasvideo":false,"istop":false,"hasrelated":false,"hasvote":false,"createTime":"2019-06-08T14:41:00"}
【2019-06-08 02:42:56/【海南省省长沈晓明：以更宽视野更高标准更大力度推进光网提质升级】 6月6日，工信部正式向中国电信、中国移动、中国联通、中国广电发放5G商用牌照。当天，海南省省长沈晓明到相关职能部门和通信企业调研，并分别主持召开企业座谈会和省政】
------200----------------------------------------------------------
Some as NewsModel14:08:56
【2019-06-08 02:43:56/【海南省省长沈晓明：以更宽视野更高标准更大力度推进光网提质升级】 6月6日，工信部正式向中国电信、中国移动、中国联通、中国广电发放5G商用牌照。当天，海南省省长沈晓明到相关职能部门和通信企业调研，并分别主持召开企业座谈会和省政】
------200----------------------------------------------------------
Some as NewsModel14:08:56
【2019-06-08 02:44:55/【海南省省长沈晓明：以更宽视野更高标准更大力度推进光网提质升级】 6月6日，工信部正式向中国电信、中国移动、中国联通、中国广电发放5G商用牌照。当天，海南省省长沈晓明到相关职能部门和通信企业调研，并分别主持召开企业座谈会和省政】
------200----------------------------------------------------------
Some as NewsModel14:08:55
【2019-06-08 02:45:55/【海南省省长沈晓明：以更宽视野更高标准更大力度推进光网提质升级】 6月6日，工信部正式向中国电信、中国移动、中国联通、中国广电发放5G商用牌照。当天，海南省省长沈晓明到相关职能部门和通信企业调研，并分别主持召开企业座谈会和省政】
------200----------------------------------------------------------
Some as NewsModel14:08:55
【2019-06-08 02:46:56/【海南省省长沈晓明：以更宽视野更高标准更大力度推进光网提质升级】 6月6日，工信部正式向中国电信、中国移动、中国联通、中国广电发放5G商用牌照。当天，海南省省长沈晓明到相关职能部门和通信企业调研，并分别主持召开企业座谈会和省政】
------200----------------------------------------------------------
Some as NewsModel14:08:56
【2019-06-08 02:47:56/【海南省省长沈晓明：以更宽视野更高标准更大力度推进光网提质升级】 6月6日，工信部正式向中国电信、中国移动、中国联通、中国广电发放5G商用牌照。当天，海南省省长沈晓明到相关职能部门和通信企业调研，并分别主持召开企业座谈会和省政】
------200----------------------------------------------------------
Some as NewsModel14:08:56
【2019-06-08 02:48:56/获取最新新闻】
------200----------------------------------------------------------
{"url":"/brief/100216502.html","hm":"14:47","datekey":"2019.06.08","newcontent":"国普通家庭因此获得减税红利。但美国政府挑起的贸易战导致进口商品价格上涨，美国普通家庭因此承担了关税负担。据美国智库布鲁金斯学会测算，减税法案令美国中等收入家庭每年平均少交930美元所得税。而据纽约联邦储备银行估算，目前已经生效的关税将导致一个普通美国家庭每年负担增加831美元。（新华网）","indexTitle":"【美媒说美国家庭关税负担与减税红利基本相抵】 据外媒报道，美国政府挑起的贸易争端对美国普通家庭造成的负担，已基本抵消了美国减税法案带来的红利。美国政府2017年底出台《减税和就业法案》，下调个人所得税率，美","important":true,"id":"100216502","hasimage":false,"hasvideo":false,"istop":false,"hasrelated":false,"hasvote":false,"createTime":"2019-06-08T14:47:00"}
【2019-06-08 02:49:56/【美媒说美国家庭关税负担与减税红利基本相抵】 据外媒报道，美国政府挑起的贸易争端对美国普通家庭造成的负担，已基本抵消了美国减税法案带来的红利。美国政府2017年底出台《减税和就业法案》，下调个人所得税率，美】
------200----------------------------------------------------------
Some as NewsModel14:08:56
【2019-06-08 02:50:56/【美媒说美国家庭关税负担与减税红利基本相抵】 据外媒报道，美国政府挑起的贸易争端对美国普通家庭造成的负担，已基本抵消了美国减税法案带来的红利。美国政府2017年底出台《减税和就业法案》，下调个人所得税率，美】
------200----------------------------------------------------------
Some as NewsModel14:08:56
【2019-06-08 02:51:56/【美媒说美国家庭关税负担与减税红利基本相抵】 据外媒报道，美国政府挑起的贸易争端对美国普通家庭造成的负担，已基本抵消了美国减税法案带来的红利。美国政府2017年底出台《减税和就业法案》，下调个人所得税率，美】
------200----------------------------------------------------------
Some as NewsModel14:08:56
【2019-06-08 02:52:56/【美媒说美国家庭关税负担与减税红利基本相抵】 据外媒报道，美国政府挑起的贸易争端对美国普通家庭造成的负担，已基本抵消了美国减税法案带来的红利。美国政府2017年底出台《减税和就业法案》，下调个人所得税率，美】
------200----------------------------------------------------------
Some as NewsModel14:08:56
【2019-06-08 02:53:56/【美媒说美国家庭关税负担与减税红利基本相抵】 据外媒报道，美国政府挑起的贸易争端对美国普通家庭造成的负担，已基本抵消了美国减税法案带来的红利。美国政府2017年底出台《减税和就业法案》，下调个人所得税率，美】
------200----------------------------------------------------------
Some as NewsModel14:08:56
【2019-06-08 02:54:56/【美媒说美国家庭关税负担与减税红利基本相抵】 据外媒报道，美国政府挑起的贸易争端对美国普通家庭造成的负担，已基本抵消了美国减税法案带来的红利。美国政府2017年底出台《减税和就业法案》，下调个人所得税率，美】
------200----------------------------------------------------------
Some as NewsModel14:08:56
【2019-06-08 02:55:55/获取最新新闻】
------200----------------------------------------------------------
{"url":"/brief/100216503.html","hm":"14:55","datekey":"2019.06.08","newcontent":"。根据四方协议，各方将建立长期伙伴关系, 为俄罗斯联邦北极区向亚太区运输提供联合开发、融资和实施的全年物流安排，并组织亚洲和西欧之间通过北极航道的货物运输。","indexTitle":"【中俄签署北极海运公司合作协议 推进北极航道开发】 当地时间6月7日，中远海运集团与俄罗斯诺瓦泰克股份公司、俄罗斯现代商船公共股份公司以及丝路基金有限责任公司在俄罗斯圣彼得堡签署《关于北极海运有限责任公司的协议》","important":false,"id":"100216503","hasimage":false,"hasvideo":false,"istop":false,"hasrelated":false,"hasvote":false,"createTime":"2019-06-08T14:55:00"}
【2019-06-08 02:56:55/【中俄签署北极海运公司合作协议 推进北极航道开发】 当地时间6月7日，中远海运集团与俄罗斯诺瓦泰克股份公司、俄罗斯现代商船公共股份公司以及丝路基金有限责任公司在俄罗斯圣彼得堡签署《关于北极海运有限责任公司的协议》】
------200----------------------------------------------------------
Some as NewsModel14:08:55
【2019-06-08 02:57:56/【中俄签署北极海运公司合作协议 推进北极航道开发】 当地时间6月7日，中远海运集团与俄罗斯诺瓦泰克股份公司、俄罗斯现代商船公共股份公司以及丝路基金有限责任公司在俄罗斯圣彼得堡签署《关于北极海运有限责任公司的协议》】
------200----------------------------------------------------------
Some as NewsModel14:08:56
【2019-06-08 02:58:55/【中俄签署北极海运公司合作协议 推进北极航道开发】 当地时间6月7日，中远海运集团与俄罗斯诺瓦泰克股份公司、俄罗斯现代商船公共股份公司以及丝路基金有限责任公司在俄罗斯圣彼得堡签署《关于北极海运有限责任公司的协议》】
------200----------------------------------------------------------
Some as NewsModel14:08:55
【2019-06-08 02:59:56/【中俄签署北极海运公司合作协议 推进北极航道开发】 当地时间6月7日，中远海运集团与俄罗斯诺瓦泰克股份公司、俄罗斯现代商船公共股份公司以及丝路基金有限责任公司在俄罗斯圣彼得堡签署《关于北极海运有限责任公司的协议》】
------200----------------------------------------------------------
Some as NewsModel14:08:56
【2019-06-08 03:00:56/【中俄签署北极海运公司合作协议 推进北极航道开发】 当地时间6月7日，中远海运集团与俄罗斯诺瓦泰克股份公司、俄罗斯现代商船公共股份公司以及丝路基金有限责任公司在俄罗斯圣彼得堡签署《关于北极海运有限责任公司的协议》】
------200----------------------------------------------------------
Some as NewsModel15:08:56
【2019-06-08 03:01:55/【中俄签署北极海运公司合作协议 推进北极航道开发】 当地时间6月7日，中远海运集团与俄罗斯诺瓦泰克股份公司、俄罗斯现代商船公共股份公司以及丝路基金有限责任公司在俄罗斯圣彼得堡签署《关于北极海运有限责任公司的协议》】
------200----------------------------------------------------------
Some as NewsModel15:08:55
【2019-06-08 03:02:55/【中俄签署北极海运公司合作协议 推进北极航道开发】 当地时间6月7日，中远海运集团与俄罗斯诺瓦泰克股份公司、俄罗斯现代商船公共股份公司以及丝路基金有限责任公司在俄罗斯圣彼得堡签署《关于北极海运有限责任公司的协议》】
------200----------------------------------------------------------
Some as NewsModel15:08:55
【2019-06-08 03:03:56/【中俄签署北极海运公司合作协议 推进北极航道开发】 当地时间6月7日，中远海运集团与俄罗斯诺瓦泰克股份公司、俄罗斯现代商船公共股份公司以及丝路基金有限责任公司在俄罗斯圣彼得堡签署《关于北极海运有限责任公司的协议》】
------200----------------------------------------------------------
Some as NewsModel15:08:56
【2019-06-08 03:04:56/【中俄签署北极海运公司合作协议 推进北极航道开发】 当地时间6月7日，中远海运集团与俄罗斯诺瓦泰克股份公司、俄罗斯现代商船公共股份公司以及丝路基金有限责任公司在俄罗斯圣彼得堡签署《关于北极海运有限责任公司的协议》】
------200----------------------------------------------------------
Some as NewsModel15:08:56
【2019-06-08 03:05:56/【中俄签署北极海运公司合作协议 推进北极航道开发】 当地时间6月7日，中远海运集团与俄罗斯诺瓦泰克股份公司、俄罗斯现代商船公共股份公司以及丝路基金有限责任公司在俄罗斯圣彼得堡签署《关于北极海运有限责任公司的协议》】
------200----------------------------------------------------------
Some as NewsModel15:08:56
【2019-06-08 03:06:55/【中俄签署北极海运公司合作协议 推进北极航道开发】 当地时间6月7日，中远海运集团与俄罗斯诺瓦泰克股份公司、俄罗斯现代商船公共股份公司以及丝路基金有限责任公司在俄罗斯圣彼得堡签署《关于北极海运有限责任公司的协议》】
------200----------------------------------------------------------
Some as NewsModel15:08:55
【2019-06-08 03:07:56/【中俄签署北极海运公司合作协议 推进北极航道开发】 当地时间6月7日，中远海运集团与俄罗斯诺瓦泰克股份公司、俄罗斯现代商船公共股份公司以及丝路基金有限责任公司在俄罗斯圣彼得堡签署《关于北极海运有限责任公司的协议》】
------200----------------------------------------------------------
Some as NewsModel15:08:56
【2019-06-08 03:08:56/获取最新新闻】
------200----------------------------------------------------------
{"url":"/brief/100216504.html","hm":"15:08","datekey":"2019.06.08","newcontent":"（中新网）","indexTitle":"【“端午”假期首日中国铁路发送旅客同比增7.6%】 记者从中国铁路总公司获悉，7日端午节假期第一天，全国铁路开行旅客列车9349列，其中加开列车741列，共发送旅客1424.5万人次，较去年端午同比增长7.6%。","important":false,"id":"100216504","hasimage":false,"hasvideo":false,"istop":false,"hasrelated":false,"hasvote":false,"createTime":"2019-06-08T15:08:00"}
【2019-06-08 03:09:56/【“端午”假期首日中国铁路发送旅客同比增7.6%】 记者从中国铁路总公司获悉，7日端午节假期第一天，全国铁路开行旅客列车9349列，其中加开列车741列，共发送旅客1424.5万人次，较去年端午同比增长7.6%。】
------200----------------------------------------------------------
Some as NewsModel15:08:56
【2019-06-08 03:10:55/【“端午”假期首日中国铁路发送旅客同比增7.6%】 记者从中国铁路总公司获悉，7日端午节假期第一天，全国铁路开行旅客列车9349列，其中加开列车741列，共发送旅客1424.5万人次，较去年端午同比增长7.6%。】
------200----------------------------------------------------------
Some as NewsModel15:08:55
【2019-06-08 03:11:56/【“端午”假期首日中国铁路发送旅客同比增7.6%】 记者从中国铁路总公司获悉，7日端午节假期第一天，全国铁路开行旅客列车9349列，其中加开列车741列，共发送旅客1424.5万人次，较去年端午同比增长7.6%。】
------200----------------------------------------------------------
Some as NewsModel15:08:56
【2019-06-08 03:12:55/【“端午”假期首日中国铁路发送旅客同比增7.6%】 记者从中国铁路总公司获悉，7日端午节假期第一天，全国铁路开行旅客列车9349列，其中加开列车741列，共发送旅客1424.5万人次，较去年端午同比增长7.6%。】
------200----------------------------------------------------------
Some as NewsModel15:08:55
【2019-06-08 03:13:55/【“端午”假期首日中国铁路发送旅客同比增7.6%】 记者从中国铁路总公司获悉，7日端午节假期第一天，全国铁路开行旅客列车9349列，其中加开列车741列，共发送旅客1424.5万人次，较去年端午同比增长7.6%。】
------200----------------------------------------------------------
Some as NewsModel15:08:55
【2019-06-08 03:14:56/【“端午”假期首日中国铁路发送旅客同比增7.6%】 记者从中国铁路总公司获悉，7日端午节假期第一天，全国铁路开行旅客列车9349列，其中加开列车741列，共发送旅客1424.5万人次，较去年端午同比增长7.6%。】
------200----------------------------------------------------------
Some as NewsModel15:08:56
【2019-06-08 03:15:56/【“端午”假期首日中国铁路发送旅客同比增7.6%】 记者从中国铁路总公司获悉，7日端午节假期第一天，全国铁路开行旅客列车9349列，其中加开列车741列，共发送旅客1424.5万人次，较去年端午同比增长7.6%。】
------200----------------------------------------------------------
Some as NewsModel15:08:56
【2019-06-08 03:16:55/【“端午”假期首日中国铁路发送旅客同比增7.6%】 记者从中国铁路总公司获悉，7日端午节假期第一天，全国铁路开行旅客列车9349列，其中加开列车741列，共发送旅客1424.5万人次，较去年端午同比增长7.6%。】
------200----------------------------------------------------------
Some as NewsModel15:08:55
【2019-06-08 03:17:55/【“端午”假期首日中国铁路发送旅客同比增7.6%】 记者从中国铁路总公司获悉，7日端午节假期第一天，全国铁路开行旅客列车9349列，其中加开列车741列，共发送旅客1424.5万人次，较去年端午同比增长7.6%。】
------200----------------------------------------------------------
Some as NewsModel15:08:55
【2019-06-08 03:18:55/【“端午”假期首日中国铁路发送旅客同比增7.6%】 记者从中国铁路总公司获悉，7日端午节假期第一天，全国铁路开行旅客列车9349列，其中加开列车741列，共发送旅客1424.5万人次，较去年端午同比增长7.6%。】
------200----------------------------------------------------------
Some as NewsModel15:08:55
【2019-06-08 03:19:56/【“端午”假期首日中国铁路发送旅客同比增7.6%】 记者从中国铁路总公司获悉，7日端午节假期第一天，全国铁路开行旅客列车9349列，其中加开列车741列，共发送旅客1424.5万人次，较去年端午同比增长7.6%。】
------200----------------------------------------------------------
Some as NewsModel15:08:56
【2019-06-08 03:20:56/【“端午”假期首日中国铁路发送旅客同比增7.6%】 记者从中国铁路总公司获悉，7日端午节假期第一天，全国铁路开行旅客列车9349列，其中加开列车741列，共发送旅客1424.5万人次，较去年端午同比增长7.6%。】
------200----------------------------------------------------------
Some as NewsModel15:08:56
【2019-06-08 03:21:56/【“端午”假期首日中国铁路发送旅客同比增7.6%】 记者从中国铁路总公司获悉，7日端午节假期第一天，全国铁路开行旅客列车9349列，其中加开列车741列，共发送旅客1424.5万人次，较去年端午同比增长7.6%。】
------200----------------------------------------------------------
Some as NewsModel15:08:56
【2019-06-08 03:22:55/【“端午”假期首日中国铁路发送旅客同比增7.6%】 记者从中国铁路总公司获悉，7日端午节假期第一天，全国铁路开行旅客列车9349列，其中加开列车741列，共发送旅客1424.5万人次，较去年端午同比增长7.6%。】
------200----------------------------------------------------------
Some as NewsModel15:08:55
【2019-06-08 03:23:56/【“端午”假期首日中国铁路发送旅客同比增7.6%】 记者从中国铁路总公司获悉，7日端午节假期第一天，全国铁路开行旅客列车9349列，其中加开列车741列，共发送旅客1424.5万人次，较去年端午同比增长7.6%。】
------200----------------------------------------------------------
Some as NewsModel15:08:56
【2019-06-08 03:24:56/【“端午”假期首日中国铁路发送旅客同比增7.6%】 记者从中国铁路总公司获悉，7日端午节假期第一天，全国铁路开行旅客列车9349列，其中加开列车741列，共发送旅客1424.5万人次，较去年端午同比增长7.6%。】
------200----------------------------------------------------------
Some as NewsModel15:08:56
【2019-06-08 03:25:55/【“端午”假期首日中国铁路发送旅客同比增7.6%】 记者从中国铁路总公司获悉，7日端午节假期第一天，全国铁路开行旅客列车9349列，其中加开列车741列，共发送旅客1424.5万人次，较去年端午同比增长7.6%。】
------200----------------------------------------------------------
Some as NewsModel15:08:55
【2019-06-08 03:26:56/【“端午”假期首日中国铁路发送旅客同比增7.6%】 记者从中国铁路总公司获悉，7日端午节假期第一天，全国铁路开行旅客列车9349列，其中加开列车741列，共发送旅客1424.5万人次，较去年端午同比增长7.6%。】
------200----------------------------------------------------------
Some as NewsModel15:08:56
【2019-06-08 03:27:55/【“端午”假期首日中国铁路发送旅客同比增7.6%】 记者从中国铁路总公司获悉，7日端午节假期第一天，全国铁路开行旅客列车9349列，其中加开列车741列，共发送旅客1424.5万人次，较去年端午同比增长7.6%。】
------200----------------------------------------------------------
Some as NewsModel15:08:55
【2019-06-08 03:28:56/【“端午”假期首日中国铁路发送旅客同比增7.6%】 记者从中国铁路总公司获悉，7日端午节假期第一天，全国铁路开行旅客列车9349列，其中加开列车741列，共发送旅客1424.5万人次，较去年端午同比增长7.6%。】
------200----------------------------------------------------------
Some as NewsModel15:08:56
【2019-06-08 03:29:55/【“端午”假期首日中国铁路发送旅客同比增7.6%】 记者从中国铁路总公司获悉，7日端午节假期第一天，全国铁路开行旅客列车9349列，其中加开列车741列，共发送旅客1424.5万人次，较去年端午同比增长7.6%。】
------200----------------------------------------------------------
Some as NewsModel15:08:55
【2019-06-08 03:30:55/【“端午”假期首日中国铁路发送旅客同比增7.6%】 记者从中国铁路总公司获悉，7日端午节假期第一天，全国铁路开行旅客列车9349列，其中加开列车741列，共发送旅客1424.5万人次，较去年端午同比增长7.6%。】
------200----------------------------------------------------------
Some as NewsModel15:08:55
【2019-06-08 03:31:55/【“端午”假期首日中国铁路发送旅客同比增7.6%】 记者从中国铁路总公司获悉，7日端午节假期第一天，全国铁路开行旅客列车9349列，其中加开列车741列，共发送旅客1424.5万人次，较去年端午同比增长7.6%。】
------200----------------------------------------------------------
Some as NewsModel15:08:55
【2019-06-08 03:32:55/【“端午”假期首日中国铁路发送旅客同比增7.6%】 记者从中国铁路总公司获悉，7日端午节假期第一天，全国铁路开行旅客列车9349列，其中加开列车741列，共发送旅客1424.5万人次，较去年端午同比增长7.6%。】
------200----------------------------------------------------------
Some as NewsModel15:08:55
【2019-06-08 03:33:56/【“端午”假期首日中国铁路发送旅客同比增7.6%】 记者从中国铁路总公司获悉，7日端午节假期第一天，全国铁路开行旅客列车9349列，其中加开列车741列，共发送旅客1424.5万人次，较去年端午同比增长7.6%。】
------200----------------------------------------------------------
Some as NewsModel15:08:56
【2019-06-08 03:34:55/【“端午”假期首日中国铁路发送旅客同比增7.6%】 记者从中国铁路总公司获悉，7日端午节假期第一天，全国铁路开行旅客列车9349列，其中加开列车741列，共发送旅客1424.5万人次，较去年端午同比增长7.6%。】
------200----------------------------------------------------------
Some as NewsModel15:08:55
【2019-06-08 03:35:56/【“端午”假期首日中国铁路发送旅客同比增7.6%】 记者从中国铁路总公司获悉，7日端午节假期第一天，全国铁路开行旅客列车9349列，其中加开列车741列，共发送旅客1424.5万人次，较去年端午同比增长7.6%。】
------200----------------------------------------------------------
Some as NewsModel15:08:56
【2019-06-08 03:36:55/【“端午”假期首日中国铁路发送旅客同比增7.6%】 记者从中国铁路总公司获悉，7日端午节假期第一天，全国铁路开行旅客列车9349列，其中加开列车741列，共发送旅客1424.5万人次，较去年端午同比增长7.6%。】
------200----------------------------------------------------------
Some as NewsModel15:08:55
【2019-06-08 03:37:55/【“端午”假期首日中国铁路发送旅客同比增7.6%】 记者从中国铁路总公司获悉，7日端午节假期第一天，全国铁路开行旅客列车9349列，其中加开列车741列，共发送旅客1424.5万人次，较去年端午同比增长7.6%。】
------200----------------------------------------------------------
Some as NewsModel15:08:55
【2019-06-08 03:38:56/【“端午”假期首日中国铁路发送旅客同比增7.6%】 记者从中国铁路总公司获悉，7日端午节假期第一天，全国铁路开行旅客列车9349列，其中加开列车741列，共发送旅客1424.5万人次，较去年端午同比增长7.6%。】
------200----------------------------------------------------------
Some as NewsModel15:08:56
【2019-06-08 03:39:55/【“端午”假期首日中国铁路发送旅客同比增7.6%】 记者从中国铁路总公司获悉，7日端午节假期第一天，全国铁路开行旅客列车9349列，其中加开列车741列，共发送旅客1424.5万人次，较去年端午同比增长7.6%。】
------200----------------------------------------------------------
Some as NewsModel15:08:55
【2019-06-08 03:40:56/【“端午”假期首日中国铁路发送旅客同比增7.6%】 记者从中国铁路总公司获悉，7日端午节假期第一天，全国铁路开行旅客列车9349列，其中加开列车741列，共发送旅客1424.5万人次，较去年端午同比增长7.6%。】
------200----------------------------------------------------------
Some as NewsModel15:08:56
【2019-06-08 03:41:55/【“端午”假期首日中国铁路发送旅客同比增7.6%】 记者从中国铁路总公司获悉，7日端午节假期第一天，全国铁路开行旅客列车9349列，其中加开列车741列，共发送旅客1424.5万人次，较去年端午同比增长7.6%。】
------200----------------------------------------------------------
Some as NewsModel15:08:55
【2019-06-08 03:42:56/【“端午”假期首日中国铁路发送旅客同比增7.6%】 记者从中国铁路总公司获悉，7日端午节假期第一天，全国铁路开行旅客列车9349列，其中加开列车741列，共发送旅客1424.5万人次，较去年端午同比增长7.6%。】
------200----------------------------------------------------------
Some as NewsModel15:08:56
【2019-06-08 03:45:15/【“端午”假期首日中国铁路发送旅客同比增7.6%】 记者从中国铁路总公司获悉，7日端午节假期第一天，全国铁路开行旅客列车9349列，其中加开列车741列，共发送旅客1424.5万人次，较去年端午同比增长7.6%。】
------200----------------------------------------------------------
Some as NewsModel15:08:15
【2019-06-08 03:46:59/【“端午”假期首日中国铁路发送旅客同比增7.6%】 记者从中国铁路总公司获悉，7日端午节假期第一天，全国铁路开行旅客列车9349列，其中加开列车741列，共发送旅客1424.5万人次，较去年端午同比增长7.6%。】
------200----------------------------------------------------------
Some as NewsModel15:08:59
【2019-06-08 03:47:43/【“端午”假期首日中国铁路发送旅客同比增7.6%】 记者从中国铁路总公司获悉，7日端午节假期第一天，全国铁路开行旅客列车9349列，其中加开列车741列，共发送旅客1424.5万人次，较去年端午同比增长7.6%。】
------200----------------------------------------------------------
Some as NewsModel15:08:43
【2019-06-08 03:48:46/【“端午”假期首日中国铁路发送旅客同比增7.6%】 记者从中国铁路总公司获悉，7日端午节假期第一天，全国铁路开行旅客列车9349列，其中加开列车741列，共发送旅客1424.5万人次，较去年端午同比增长7.6%。】
------200----------------------------------------------------------
Some as NewsModel15:08:46
