【2019-06-11 12:15:13/获取最新新闻】
------200----------------------------------------------------------
{"url":"/brief/100219030.html","hm":"11:54","datekey":"2019.06.11","newcontent":"；③中消协：格力公司实名举报奥克斯空调事件关乎消费者权益；④检出奥克斯产品“不合格”，四川电子检验所：对格力送检样品检测结果负责；⑤内蒙古自治区党委常委、呼和浩特市委书记云光中接受审查调查；⑥离岸人民币兑美元自日内低点反弹约200个基点，一度收复6.93关口；⑦两市融资余额七连降，向下逼近9000亿元关口；⑧国内期市午盘大面积飘红，铁矿石涨5.64%，玻璃涨停；⑨北向资金持续净流入，半日净流入近54.12亿元，此前已连续五日净流入；⑩A股三大指数早盘强势，沪指涨1.87%重回2900点，深成指涨2.91%，创业板指涨3.13%，券商股强势。","indexTitle":"【午间重大事件汇总】 ①央行：为完善香港人民币债券收益率曲线，将于6月下旬在香港发行人民币央行票据；②人力资源社会保障部：多类金融产品均可参与养老保险第三支柱","important":true,"id":"100219030","hasimage":false,"hasvideo":false,"istop":true,"hasrelated":false,"hasvote":false,"createTime":"2019-06-11T11:54:00"}
【2019-06-11 12:15:22/【午间重大事件汇总】 ①央行：为完善香港人民币债券收益率曲线，将于6月下旬在香港发行人民币央行票据；②人力资源社会保障部：多类金融产品均可参与养老保险第三支柱】
------200----------------------------------------------------------
Some as NewsModel12:11:22
【2019-06-11 12:15:32/【午间重大事件汇总】 ①央行：为完善香港人民币债券收益率曲线，将于6月下旬在香港发行人民币央行票据；②人力资源社会保障部：多类金融产品均可参与养老保险第三支柱】
------200----------------------------------------------------------
Some as NewsModel12:11:32
【2019-06-11 12:15:42/【午间重大事件汇总】 ①央行：为完善香港人民币债券收益率曲线，将于6月下旬在香港发行人民币央行票据；②人力资源社会保障部：多类金融产品均可参与养老保险第三支柱】
------200----------------------------------------------------------
Some as NewsModel12:11:42
【2019-06-11 12:15:52/【午间重大事件汇总】 ①央行：为完善香港人民币债券收益率曲线，将于6月下旬在香港发行人民币央行票据；②人力资源社会保障部：多类金融产品均可参与养老保险第三支柱】
------200----------------------------------------------------------
Some as NewsModel12:11:52
【2019-06-11 12:16:02/【午间重大事件汇总】 ①央行：为完善香港人民币债券收益率曲线，将于6月下旬在香港发行人民币央行票据；②人力资源社会保障部：多类金融产品均可参与养老保险第三支柱】
------200----------------------------------------------------------
Some as NewsModel12:11:02
【2019-06-11 12:16:12/【午间重大事件汇总】 ①央行：为完善香港人民币债券收益率曲线，将于6月下旬在香港发行人民币央行票据；②人力资源社会保障部：多类金融产品均可参与养老保险第三支柱】
------200----------------------------------------------------------
Some as NewsModel12:11:12
【2019-06-11 12:16:23/获取最新新闻】
------200----------------------------------------------------------
{"url":"/brief/100219044.html","hm":"12:15","datekey":"2019.06.11","newcontent":"明强调，三家运营商要主动承担国家任务，进一步加强合作，避免5G重复投资，加强5G自主创新和标准工作，重视产业发展中的风险防范工作。任洪斌要求相关企业加强合作，务实推进，不断提升服务质量，共同建设健康有序的5G发展环境。","indexTitle":"【国资委副主任赵爱明、任洪斌调研5G产业发展】 近日，国资委副主任赵爱明、任洪斌赴中国联通调研，参加中国电信、中国联通和中国移动5G产业发展研讨会，深入了解三家运营商5G产业相关工作进展情况和下一步考虑。赵爱","important":false,"id":"100219044","hasimage":false,"hasvideo":false,"istop":false,"hasrelated":false,"hasvote":false,"createTime":"2019-06-11T12:15:00"}
【2019-06-11 12:16:32/【国资委副主任赵爱明、任洪斌调研5G产业发展】 近日，国资委副主任赵爱明、任洪斌赴中国联通调研，参加中国电信、中国联通和中国移动5G产业发展研讨会，深入了解三家运营商5G产业相关工作进展情况和下一步考虑。赵爱】
------200----------------------------------------------------------
Some as NewsModel12:11:32
【2019-06-11 12:16:43/【国资委副主任赵爱明、任洪斌调研5G产业发展】 近日，国资委副主任赵爱明、任洪斌赴中国联通调研，参加中国电信、中国联通和中国移动5G产业发展研讨会，深入了解三家运营商5G产业相关工作进展情况和下一步考虑。赵爱】
------200----------------------------------------------------------
Some as NewsModel12:11:43
【2019-06-11 12:16:53/【国资委副主任赵爱明、任洪斌调研5G产业发展】 近日，国资委副主任赵爱明、任洪斌赴中国联通调研，参加中国电信、中国联通和中国移动5G产业发展研讨会，深入了解三家运营商5G产业相关工作进展情况和下一步考虑。赵爱】
------200----------------------------------------------------------
Some as NewsModel12:11:53
【2019-06-11 12:17:03/【国资委副主任赵爱明、任洪斌调研5G产业发展】 近日，国资委副主任赵爱明、任洪斌赴中国联通调研，参加中国电信、中国联通和中国移动5G产业发展研讨会，深入了解三家运营商5G产业相关工作进展情况和下一步考虑。赵爱】
------200----------------------------------------------------------
Some as NewsModel12:11:03
【2019-06-11 12:17:13/【国资委副主任赵爱明、任洪斌调研5G产业发展】 近日，国资委副主任赵爱明、任洪斌赴中国联通调研，参加中国电信、中国联通和中国移动5G产业发展研讨会，深入了解三家运营商5G产业相关工作进展情况和下一步考虑。赵爱】
------200----------------------------------------------------------
Some as NewsModel12:11:13
【2019-06-11 12:17:23/【国资委副主任赵爱明、任洪斌调研5G产业发展】 近日，国资委副主任赵爱明、任洪斌赴中国联通调研，参加中国电信、中国联通和中国移动5G产业发展研讨会，深入了解三家运营商5G产业相关工作进展情况和下一步考虑。赵爱】
------200----------------------------------------------------------
Some as NewsModel12:11:23
【2019-06-11 12:17:33/【国资委副主任赵爱明、任洪斌调研5G产业发展】 近日，国资委副主任赵爱明、任洪斌赴中国联通调研，参加中国电信、中国联通和中国移动5G产业发展研讨会，深入了解三家运营商5G产业相关工作进展情况和下一步考虑。赵爱】
------200----------------------------------------------------------
Some as NewsModel12:11:33
【2019-06-11 12:17:43/【国资委副主任赵爱明、任洪斌调研5G产业发展】 近日，国资委副主任赵爱明、任洪斌赴中国联通调研，参加中国电信、中国联通和中国移动5G产业发展研讨会，深入了解三家运营商5G产业相关工作进展情况和下一步考虑。赵爱】
------200----------------------------------------------------------
Some as NewsModel12:11:43
【2019-06-11 12:17:53/【国资委副主任赵爱明、任洪斌调研5G产业发展】 近日，国资委副主任赵爱明、任洪斌赴中国联通调研，参加中国电信、中国联通和中国移动5G产业发展研讨会，深入了解三家运营商5G产业相关工作进展情况和下一步考虑。赵爱】
------200----------------------------------------------------------
Some as NewsModel12:11:53
【2019-06-11 12:18:03/【国资委副主任赵爱明、任洪斌调研5G产业发展】 近日，国资委副主任赵爱明、任洪斌赴中国联通调研，参加中国电信、中国联通和中国移动5G产业发展研讨会，深入了解三家运营商5G产业相关工作进展情况和下一步考虑。赵爱】
------200----------------------------------------------------------
Some as NewsModel12:11:03
【2019-06-11 12:18:13/【国资委副主任赵爱明、任洪斌调研5G产业发展】 近日，国资委副主任赵爱明、任洪斌赴中国联通调研，参加中国电信、中国联通和中国移动5G产业发展研讨会，深入了解三家运营商5G产业相关工作进展情况和下一步考虑。赵爱】
------200----------------------------------------------------------
Some as NewsModel12:11:13
【2019-06-11 12:18:23/【国资委副主任赵爱明、任洪斌调研5G产业发展】 近日，国资委副主任赵爱明、任洪斌赴中国联通调研，参加中国电信、中国联通和中国移动5G产业发展研讨会，深入了解三家运营商5G产业相关工作进展情况和下一步考虑。赵爱】
------200----------------------------------------------------------
Some as NewsModel12:11:23
【2019-06-11 12:18:34/【国资委副主任赵爱明、任洪斌调研5G产业发展】 近日，国资委副主任赵爱明、任洪斌赴中国联通调研，参加中国电信、中国联通和中国移动5G产业发展研讨会，深入了解三家运营商5G产业相关工作进展情况和下一步考虑。赵爱】
------200----------------------------------------------------------
Some as NewsModel12:11:34
【2019-06-11 12:18:43/【国资委副主任赵爱明、任洪斌调研5G产业发展】 近日，国资委副主任赵爱明、任洪斌赴中国联通调研，参加中国电信、中国联通和中国移动5G产业发展研讨会，深入了解三家运营商5G产业相关工作进展情况和下一步考虑。赵爱】
------200----------------------------------------------------------
Some as NewsModel12:11:43
【2019-06-11 12:18:53/【国资委副主任赵爱明、任洪斌调研5G产业发展】 近日，国资委副主任赵爱明、任洪斌赴中国联通调研，参加中国电信、中国联通和中国移动5G产业发展研讨会，深入了解三家运营商5G产业相关工作进展情况和下一步考虑。赵爱】
------200----------------------------------------------------------
Some as NewsModel12:11:53
【2019-06-11 12:19:03/【国资委副主任赵爱明、任洪斌调研5G产业发展】 近日，国资委副主任赵爱明、任洪斌赴中国联通调研，参加中国电信、中国联通和中国移动5G产业发展研讨会，深入了解三家运营商5G产业相关工作进展情况和下一步考虑。赵爱】
------200----------------------------------------------------------
Some as NewsModel12:11:03
【2019-06-11 12:19:13/【国资委副主任赵爱明、任洪斌调研5G产业发展】 近日，国资委副主任赵爱明、任洪斌赴中国联通调研，参加中国电信、中国联通和中国移动5G产业发展研讨会，深入了解三家运营商5G产业相关工作进展情况和下一步考虑。赵爱】
------200----------------------------------------------------------
Some as NewsModel12:11:13
【2019-06-11 12:19:23/【国资委副主任赵爱明、任洪斌调研5G产业发展】 近日，国资委副主任赵爱明、任洪斌赴中国联通调研，参加中国电信、中国联通和中国移动5G产业发展研讨会，深入了解三家运营商5G产业相关工作进展情况和下一步考虑。赵爱】
------200----------------------------------------------------------
Some as NewsModel12:11:23
【2019-06-11 12:19:33/【国资委副主任赵爱明、任洪斌调研5G产业发展】 近日，国资委副主任赵爱明、任洪斌赴中国联通调研，参加中国电信、中国联通和中国移动5G产业发展研讨会，深入了解三家运营商5G产业相关工作进展情况和下一步考虑。赵爱】
------200----------------------------------------------------------
Some as NewsModel12:11:33
【2019-06-11 12:19:43/获取最新新闻】
------200----------------------------------------------------------
{"url":"/brief/100219048.html","hm":"12:19","datekey":"2019.06.11","newcontent":"人民币汇率基本稳定并非“汇改”的倒退，而是避免汇率不必要的大起大落对经济运行带来伤害。","indexTitle":"【盛松成：人民币不具备大幅贬值基础，长期可能升值】 中国人民银行调查统计司原司长、中欧国际工商学院教授盛松成接受第一财经记者独家专访时表示，未来较长时期，人民币对美元汇率不仅不存在贬值的基础，还有升值的可能。保持","important":false,"id":"100219048","hasimage":false,"hasvideo":false,"istop":false,"hasrelated":false,"hasvote":false,"createTime":"2019-06-11T12:19:00"}
【2019-06-11 12:19:53/【盛松成：人民币不具备大幅贬值基础，长期可能升值】 中国人民银行调查统计司原司长、中欧国际工商学院教授盛松成接受第一财经记者独家专访时表示，未来较长时期，人民币对美元汇率不仅不存在贬值的基础，还有升值的可能。保持】
------200----------------------------------------------------------
Some as NewsModel12:11:53
【2019-06-11 12:20:03/【盛松成：人民币不具备大幅贬值基础，长期可能升值】 中国人民银行调查统计司原司长、中欧国际工商学院教授盛松成接受第一财经记者独家专访时表示，未来较长时期，人民币对美元汇率不仅不存在贬值的基础，还有升值的可能。保持】
------200----------------------------------------------------------
Some as NewsModel12:11:03
【2019-06-11 12:20:13/【盛松成：人民币不具备大幅贬值基础，长期可能升值】 中国人民银行调查统计司原司长、中欧国际工商学院教授盛松成接受第一财经记者独家专访时表示，未来较长时期，人民币对美元汇率不仅不存在贬值的基础，还有升值的可能。保持】
------200----------------------------------------------------------
Some as NewsModel12:11:13
【2019-06-11 12:20:23/【盛松成：人民币不具备大幅贬值基础，长期可能升值】 中国人民银行调查统计司原司长、中欧国际工商学院教授盛松成接受第一财经记者独家专访时表示，未来较长时期，人民币对美元汇率不仅不存在贬值的基础，还有升值的可能。保持】
------200----------------------------------------------------------
Some as NewsModel12:11:23
【2019-06-11 12:20:33/【盛松成：人民币不具备大幅贬值基础，长期可能升值】 中国人民银行调查统计司原司长、中欧国际工商学院教授盛松成接受第一财经记者独家专访时表示，未来较长时期，人民币对美元汇率不仅不存在贬值的基础，还有升值的可能。保持】
------200----------------------------------------------------------
Some as NewsModel12:11:33
【2019-06-11 12:20:43/【盛松成：人民币不具备大幅贬值基础，长期可能升值】 中国人民银行调查统计司原司长、中欧国际工商学院教授盛松成接受第一财经记者独家专访时表示，未来较长时期，人民币对美元汇率不仅不存在贬值的基础，还有升值的可能。保持】
------200----------------------------------------------------------
Some as NewsModel12:11:43
【2019-06-11 12:20:53/【盛松成：人民币不具备大幅贬值基础，长期可能升值】 中国人民银行调查统计司原司长、中欧国际工商学院教授盛松成接受第一财经记者独家专访时表示，未来较长时期，人民币对美元汇率不仅不存在贬值的基础，还有升值的可能。保持】
------200----------------------------------------------------------
Some as NewsModel12:11:53
【2019-06-11 12:21:03/【盛松成：人民币不具备大幅贬值基础，长期可能升值】 中国人民银行调查统计司原司长、中欧国际工商学院教授盛松成接受第一财经记者独家专访时表示，未来较长时期，人民币对美元汇率不仅不存在贬值的基础，还有升值的可能。保持】
------200----------------------------------------------------------
Some as NewsModel12:11:03
【2019-06-11 12:21:13/【盛松成：人民币不具备大幅贬值基础，长期可能升值】 中国人民银行调查统计司原司长、中欧国际工商学院教授盛松成接受第一财经记者独家专访时表示，未来较长时期，人民币对美元汇率不仅不存在贬值的基础，还有升值的可能。保持】
------200----------------------------------------------------------
Some as NewsModel12:11:13
【2019-06-11 12:21:23/【盛松成：人民币不具备大幅贬值基础，长期可能升值】 中国人民银行调查统计司原司长、中欧国际工商学院教授盛松成接受第一财经记者独家专访时表示，未来较长时期，人民币对美元汇率不仅不存在贬值的基础，还有升值的可能。保持】
------200----------------------------------------------------------
Some as NewsModel12:11:23
【2019-06-11 12:21:33/【盛松成：人民币不具备大幅贬值基础，长期可能升值】 中国人民银行调查统计司原司长、中欧国际工商学院教授盛松成接受第一财经记者独家专访时表示，未来较长时期，人民币对美元汇率不仅不存在贬值的基础，还有升值的可能。保持】
------200----------------------------------------------------------
Some as NewsModel12:11:33
【2019-06-11 12:21:43/【盛松成：人民币不具备大幅贬值基础，长期可能升值】 中国人民银行调查统计司原司长、中欧国际工商学院教授盛松成接受第一财经记者独家专访时表示，未来较长时期，人民币对美元汇率不仅不存在贬值的基础，还有升值的可能。保持】
------200----------------------------------------------------------
Some as NewsModel12:11:43
【2019-06-11 12:21:53/【盛松成：人民币不具备大幅贬值基础，长期可能升值】 中国人民银行调查统计司原司长、中欧国际工商学院教授盛松成接受第一财经记者独家专访时表示，未来较长时期，人民币对美元汇率不仅不存在贬值的基础，还有升值的可能。保持】
------200----------------------------------------------------------
Some as NewsModel12:11:53
【2019-06-11 12:22:03/【盛松成：人民币不具备大幅贬值基础，长期可能升值】 中国人民银行调查统计司原司长、中欧国际工商学院教授盛松成接受第一财经记者独家专访时表示，未来较长时期，人民币对美元汇率不仅不存在贬值的基础，还有升值的可能。保持】
------200----------------------------------------------------------
Some as NewsModel12:11:03
【2019-06-11 12:22:13/【盛松成：人民币不具备大幅贬值基础，长期可能升值】 中国人民银行调查统计司原司长、中欧国际工商学院教授盛松成接受第一财经记者独家专访时表示，未来较长时期，人民币对美元汇率不仅不存在贬值的基础，还有升值的可能。保持】
------200----------------------------------------------------------
Some as NewsModel12:11:13
【2019-06-11 12:22:23/【盛松成：人民币不具备大幅贬值基础，长期可能升值】 中国人民银行调查统计司原司长、中欧国际工商学院教授盛松成接受第一财经记者独家专访时表示，未来较长时期，人民币对美元汇率不仅不存在贬值的基础，还有升值的可能。保持】
------200----------------------------------------------------------
Some as NewsModel12:11:23
【2019-06-11 12:22:33/【盛松成：人民币不具备大幅贬值基础，长期可能升值】 中国人民银行调查统计司原司长、中欧国际工商学院教授盛松成接受第一财经记者独家专访时表示，未来较长时期，人民币对美元汇率不仅不存在贬值的基础，还有升值的可能。保持】
------200----------------------------------------------------------
Some as NewsModel12:11:33
【2019-06-11 12:22:43/【盛松成：人民币不具备大幅贬值基础，长期可能升值】 中国人民银行调查统计司原司长、中欧国际工商学院教授盛松成接受第一财经记者独家专访时表示，未来较长时期，人民币对美元汇率不仅不存在贬值的基础，还有升值的可能。保持】
------200----------------------------------------------------------
Some as NewsModel12:11:43
【2019-06-11 12:22:53/【盛松成：人民币不具备大幅贬值基础，长期可能升值】 中国人民银行调查统计司原司长、中欧国际工商学院教授盛松成接受第一财经记者独家专访时表示，未来较长时期，人民币对美元汇率不仅不存在贬值的基础，还有升值的可能。保持】
------200----------------------------------------------------------
Some as NewsModel12:11:53
【2019-06-11 12:23:03/【盛松成：人民币不具备大幅贬值基础，长期可能升值】 中国人民银行调查统计司原司长、中欧国际工商学院教授盛松成接受第一财经记者独家专访时表示，未来较长时期，人民币对美元汇率不仅不存在贬值的基础，还有升值的可能。保持】
------200----------------------------------------------------------
Some as NewsModel12:11:03
【2019-06-11 12:23:13/【盛松成：人民币不具备大幅贬值基础，长期可能升值】 中国人民银行调查统计司原司长、中欧国际工商学院教授盛松成接受第一财经记者独家专访时表示，未来较长时期，人民币对美元汇率不仅不存在贬值的基础，还有升值的可能。保持】
------200----------------------------------------------------------
Some as NewsModel12:11:13
【2019-06-11 12:23:23/【盛松成：人民币不具备大幅贬值基础，长期可能升值】 中国人民银行调查统计司原司长、中欧国际工商学院教授盛松成接受第一财经记者独家专访时表示，未来较长时期，人民币对美元汇率不仅不存在贬值的基础，还有升值的可能。保持】
------200----------------------------------------------------------
Some as NewsModel12:11:23
【2019-06-11 12:23:33/【盛松成：人民币不具备大幅贬值基础，长期可能升值】 中国人民银行调查统计司原司长、中欧国际工商学院教授盛松成接受第一财经记者独家专访时表示，未来较长时期，人民币对美元汇率不仅不存在贬值的基础，还有升值的可能。保持】
------200----------------------------------------------------------
Some as NewsModel12:11:33
【2019-06-11 12:23:43/【盛松成：人民币不具备大幅贬值基础，长期可能升值】 中国人民银行调查统计司原司长、中欧国际工商学院教授盛松成接受第一财经记者独家专访时表示，未来较长时期，人民币对美元汇率不仅不存在贬值的基础，还有升值的可能。保持】
------200----------------------------------------------------------
Some as NewsModel12:11:43
【2019-06-11 12:23:53/【盛松成：人民币不具备大幅贬值基础，长期可能升值】 中国人民银行调查统计司原司长、中欧国际工商学院教授盛松成接受第一财经记者独家专访时表示，未来较长时期，人民币对美元汇率不仅不存在贬值的基础，还有升值的可能。保持】
------200----------------------------------------------------------
Some as NewsModel12:11:53
【2019-06-11 12:24:03/【盛松成：人民币不具备大幅贬值基础，长期可能升值】 中国人民银行调查统计司原司长、中欧国际工商学院教授盛松成接受第一财经记者独家专访时表示，未来较长时期，人民币对美元汇率不仅不存在贬值的基础，还有升值的可能。保持】
------200----------------------------------------------------------
Some as NewsModel12:11:03
【2019-06-11 12:24:13/【盛松成：人民币不具备大幅贬值基础，长期可能升值】 中国人民银行调查统计司原司长、中欧国际工商学院教授盛松成接受第一财经记者独家专访时表示，未来较长时期，人民币对美元汇率不仅不存在贬值的基础，还有升值的可能。保持】
------200----------------------------------------------------------
Some as NewsModel12:11:13
【2019-06-11 12:24:23/【盛松成：人民币不具备大幅贬值基础，长期可能升值】 中国人民银行调查统计司原司长、中欧国际工商学院教授盛松成接受第一财经记者独家专访时表示，未来较长时期，人民币对美元汇率不仅不存在贬值的基础，还有升值的可能。保持】
------200----------------------------------------------------------
Some as NewsModel12:11:23
【2019-06-11 12:24:33/【盛松成：人民币不具备大幅贬值基础，长期可能升值】 中国人民银行调查统计司原司长、中欧国际工商学院教授盛松成接受第一财经记者独家专访时表示，未来较长时期，人民币对美元汇率不仅不存在贬值的基础，还有升值的可能。保持】
------200----------------------------------------------------------
Some as NewsModel12:11:33
【2019-06-11 12:24:43/【盛松成：人民币不具备大幅贬值基础，长期可能升值】 中国人民银行调查统计司原司长、中欧国际工商学院教授盛松成接受第一财经记者独家专访时表示，未来较长时期，人民币对美元汇率不仅不存在贬值的基础，还有升值的可能。保持】
------200----------------------------------------------------------
Some as NewsModel12:11:43
【2019-06-11 12:24:53/【盛松成：人民币不具备大幅贬值基础，长期可能升值】 中国人民银行调查统计司原司长、中欧国际工商学院教授盛松成接受第一财经记者独家专访时表示，未来较长时期，人民币对美元汇率不仅不存在贬值的基础，还有升值的可能。保持】
------200----------------------------------------------------------
Some as NewsModel12:11:53
【2019-06-11 12:25:03/【盛松成：人民币不具备大幅贬值基础，长期可能升值】 中国人民银行调查统计司原司长、中欧国际工商学院教授盛松成接受第一财经记者独家专访时表示，未来较长时期，人民币对美元汇率不仅不存在贬值的基础，还有升值的可能。保持】
------200----------------------------------------------------------
Some as NewsModel12:11:03
【2019-06-11 12:25:13/【盛松成：人民币不具备大幅贬值基础，长期可能升值】 中国人民银行调查统计司原司长、中欧国际工商学院教授盛松成接受第一财经记者独家专访时表示，未来较长时期，人民币对美元汇率不仅不存在贬值的基础，还有升值的可能。保持】
------200----------------------------------------------------------
Some as NewsModel12:11:13
【2019-06-11 12:25:24/【盛松成：人民币不具备大幅贬值基础，长期可能升值】 中国人民银行调查统计司原司长、中欧国际工商学院教授盛松成接受第一财经记者独家专访时表示，未来较长时期，人民币对美元汇率不仅不存在贬值的基础，还有升值的可能。保持】
------200----------------------------------------------------------
Some as NewsModel12:11:24
【2019-06-11 12:25:33/【盛松成：人民币不具备大幅贬值基础，长期可能升值】 中国人民银行调查统计司原司长、中欧国际工商学院教授盛松成接受第一财经记者独家专访时表示，未来较长时期，人民币对美元汇率不仅不存在贬值的基础，还有升值的可能。保持】
------200----------------------------------------------------------
Some as NewsModel12:11:33
【2019-06-11 12:25:43/【盛松成：人民币不具备大幅贬值基础，长期可能升值】 中国人民银行调查统计司原司长、中欧国际工商学院教授盛松成接受第一财经记者独家专访时表示，未来较长时期，人民币对美元汇率不仅不存在贬值的基础，还有升值的可能。保持】
------200----------------------------------------------------------
Some as NewsModel12:11:43
【2019-06-11 12:25:53/【盛松成：人民币不具备大幅贬值基础，长期可能升值】 中国人民银行调查统计司原司长、中欧国际工商学院教授盛松成接受第一财经记者独家专访时表示，未来较长时期，人民币对美元汇率不仅不存在贬值的基础，还有升值的可能。保持】
------200----------------------------------------------------------
Some as NewsModel12:11:53
【2019-06-11 12:26:03/【盛松成：人民币不具备大幅贬值基础，长期可能升值】 中国人民银行调查统计司原司长、中欧国际工商学院教授盛松成接受第一财经记者独家专访时表示，未来较长时期，人民币对美元汇率不仅不存在贬值的基础，还有升值的可能。保持】
------200----------------------------------------------------------
Some as NewsModel12:11:03
【2019-06-11 12:26:13/【盛松成：人民币不具备大幅贬值基础，长期可能升值】 中国人民银行调查统计司原司长、中欧国际工商学院教授盛松成接受第一财经记者独家专访时表示，未来较长时期，人民币对美元汇率不仅不存在贬值的基础，还有升值的可能。保持】
------200----------------------------------------------------------
Some as NewsModel12:11:13
【2019-06-11 12:26:24/获取最新新闻】
------200----------------------------------------------------------
{"url":"/brief/100219051.html","hm":"12:25","datekey":"2019.06.11","newcontent":"资合伙企业，转让价2.7元/股，转让后，嘉兴煜宣将持有公司5%股份。","indexTitle":"【搜于特：控股股东及一致行动人拟转让5%公司股份】 搜于特：公司控股股东、实控人马鸿及其一致行动人兴原投资，为给公司引入战略投资者及降低股票质押比例，拟将持有的公司4.46%、0.54%的股份一并转让给嘉兴煜宣投","important":false,"id":"100219051","hasimage":false,"hasvideo":false,"istop":false,"hasrelated":false,"hasvote":false,"createTime":"2019-06-11T12:25:00"}
【2019-06-11 12:26:33/【搜于特：控股股东及一致行动人拟转让5%公司股份】 搜于特：公司控股股东、实控人马鸿及其一致行动人兴原投资，为给公司引入战略投资者及降低股票质押比例，拟将持有的公司4.46%、0.54%的股份一并转让给嘉兴煜宣投】
------200----------------------------------------------------------
Some as NewsModel12:11:33
【2019-06-11 12:26:43/【搜于特：控股股东及一致行动人拟转让5%公司股份】 搜于特：公司控股股东、实控人马鸿及其一致行动人兴原投资，为给公司引入战略投资者及降低股票质押比例，拟将持有的公司4.46%、0.54%的股份一并转让给嘉兴煜宣投】
------200----------------------------------------------------------
Some as NewsModel12:11:43
【2019-06-11 12:26:53/【搜于特：控股股东及一致行动人拟转让5%公司股份】 搜于特：公司控股股东、实控人马鸿及其一致行动人兴原投资，为给公司引入战略投资者及降低股票质押比例，拟将持有的公司4.46%、0.54%的股份一并转让给嘉兴煜宣投】
------200----------------------------------------------------------
Some as NewsModel12:11:53
【2019-06-11 12:27:03/【搜于特：控股股东及一致行动人拟转让5%公司股份】 搜于特：公司控股股东、实控人马鸿及其一致行动人兴原投资，为给公司引入战略投资者及降低股票质押比例，拟将持有的公司4.46%、0.54%的股份一并转让给嘉兴煜宣投】
------200----------------------------------------------------------
Some as NewsModel12:11:03
【2019-06-11 12:27:13/【搜于特：控股股东及一致行动人拟转让5%公司股份】 搜于特：公司控股股东、实控人马鸿及其一致行动人兴原投资，为给公司引入战略投资者及降低股票质押比例，拟将持有的公司4.46%、0.54%的股份一并转让给嘉兴煜宣投】
------200----------------------------------------------------------
Some as NewsModel12:11:13
【2019-06-11 12:27:24/【搜于特：控股股东及一致行动人拟转让5%公司股份】 搜于特：公司控股股东、实控人马鸿及其一致行动人兴原投资，为给公司引入战略投资者及降低股票质押比例，拟将持有的公司4.46%、0.54%的股份一并转让给嘉兴煜宣投】
------200----------------------------------------------------------
Some as NewsModel12:11:24
【2019-06-11 12:27:33/【搜于特：控股股东及一致行动人拟转让5%公司股份】 搜于特：公司控股股东、实控人马鸿及其一致行动人兴原投资，为给公司引入战略投资者及降低股票质押比例，拟将持有的公司4.46%、0.54%的股份一并转让给嘉兴煜宣投】
------200----------------------------------------------------------
Some as NewsModel12:11:33
【2019-06-11 12:27:43/【搜于特：控股股东及一致行动人拟转让5%公司股份】 搜于特：公司控股股东、实控人马鸿及其一致行动人兴原投资，为给公司引入战略投资者及降低股票质押比例，拟将持有的公司4.46%、0.54%的股份一并转让给嘉兴煜宣投】
------200----------------------------------------------------------
Some as NewsModel12:11:43
【2019-06-11 12:27:53/【搜于特：控股股东及一致行动人拟转让5%公司股份】 搜于特：公司控股股东、实控人马鸿及其一致行动人兴原投资，为给公司引入战略投资者及降低股票质押比例，拟将持有的公司4.46%、0.54%的股份一并转让给嘉兴煜宣投】
------200----------------------------------------------------------
Some as NewsModel12:11:53
【2019-06-11 12:28:03/【搜于特：控股股东及一致行动人拟转让5%公司股份】 搜于特：公司控股股东、实控人马鸿及其一致行动人兴原投资，为给公司引入战略投资者及降低股票质押比例，拟将持有的公司4.46%、0.54%的股份一并转让给嘉兴煜宣投】
------200----------------------------------------------------------
Some as NewsModel12:11:03
【2019-06-11 12:28:13/【搜于特：控股股东及一致行动人拟转让5%公司股份】 搜于特：公司控股股东、实控人马鸿及其一致行动人兴原投资，为给公司引入战略投资者及降低股票质押比例，拟将持有的公司4.46%、0.54%的股份一并转让给嘉兴煜宣投】
------200----------------------------------------------------------
Some as NewsModel12:11:13
【2019-06-11 12:28:24/【搜于特：控股股东及一致行动人拟转让5%公司股份】 搜于特：公司控股股东、实控人马鸿及其一致行动人兴原投资，为给公司引入战略投资者及降低股票质押比例，拟将持有的公司4.46%、0.54%的股份一并转让给嘉兴煜宣投】
------200----------------------------------------------------------
Some as NewsModel12:11:24
【2019-06-11 12:28:33/【搜于特：控股股东及一致行动人拟转让5%公司股份】 搜于特：公司控股股东、实控人马鸿及其一致行动人兴原投资，为给公司引入战略投资者及降低股票质押比例，拟将持有的公司4.46%、0.54%的股份一并转让给嘉兴煜宣投】
------200----------------------------------------------------------
Some as NewsModel12:11:33
【2019-06-11 12:28:43/【搜于特：控股股东及一致行动人拟转让5%公司股份】 搜于特：公司控股股东、实控人马鸿及其一致行动人兴原投资，为给公司引入战略投资者及降低股票质押比例，拟将持有的公司4.46%、0.54%的股份一并转让给嘉兴煜宣投】
------200----------------------------------------------------------
Some as NewsModel12:11:43
【2019-06-11 12:28:53/【搜于特：控股股东及一致行动人拟转让5%公司股份】 搜于特：公司控股股东、实控人马鸿及其一致行动人兴原投资，为给公司引入战略投资者及降低股票质押比例，拟将持有的公司4.46%、0.54%的股份一并转让给嘉兴煜宣投】
------200----------------------------------------------------------
Some as NewsModel12:11:53
【2019-06-11 12:29:03/【搜于特：控股股东及一致行动人拟转让5%公司股份】 搜于特：公司控股股东、实控人马鸿及其一致行动人兴原投资，为给公司引入战略投资者及降低股票质押比例，拟将持有的公司4.46%、0.54%的股份一并转让给嘉兴煜宣投】
------200----------------------------------------------------------
Some as NewsModel12:11:03
【2019-06-11 12:29:13/【搜于特：控股股东及一致行动人拟转让5%公司股份】 搜于特：公司控股股东、实控人马鸿及其一致行动人兴原投资，为给公司引入战略投资者及降低股票质押比例，拟将持有的公司4.46%、0.54%的股份一并转让给嘉兴煜宣投】
------200----------------------------------------------------------
Some as NewsModel12:11:13
【2019-06-11 12:29:24/获取最新新闻】
------200----------------------------------------------------------
{"url":"/brief/100219053.html","hm":"12:28","datekey":"2019.06.11","newcontent":"","indexTitle":"【广和通：证监会核准公司非公开发行不超2400万股新股】 广和通午间公告称，公司收到中国证监会批复，核准公司非公开发行不超过2400万股新股，批复自核准发行之日起6个月内有效。","important":false,"id":"100219053","hasimage":false,"hasvideo":false,"istop":false,"hasrelated":false,"hasvote":false,"createTime":"2019-06-11T12:28:00"}
【2019-06-11 12:29:33/【广和通：证监会核准公司非公开发行不超2400万股新股】 广和通午间公告称，公司收到中国证监会批复，核准公司非公开发行不超过2400万股新股，批复自核准发行之日起6个月内有效。】
------200----------------------------------------------------------
Some as NewsModel12:11:33
【2019-06-11 12:29:43/【广和通：证监会核准公司非公开发行不超2400万股新股】 广和通午间公告称，公司收到中国证监会批复，核准公司非公开发行不超过2400万股新股，批复自核准发行之日起6个月内有效。】
------200----------------------------------------------------------
Some as NewsModel12:11:43
【2019-06-11 12:29:53/【广和通：证监会核准公司非公开发行不超2400万股新股】 广和通午间公告称，公司收到中国证监会批复，核准公司非公开发行不超过2400万股新股，批复自核准发行之日起6个月内有效。】
------200----------------------------------------------------------
Some as NewsModel12:11:53
【2019-06-11 12:30:03/【广和通：证监会核准公司非公开发行不超2400万股新股】 广和通午间公告称，公司收到中国证监会批复，核准公司非公开发行不超过2400万股新股，批复自核准发行之日起6个月内有效。】
------200----------------------------------------------------------
Some as NewsModel12:11:03
【2019-06-11 12:30:13/【广和通：证监会核准公司非公开发行不超2400万股新股】 广和通午间公告称，公司收到中国证监会批复，核准公司非公开发行不超过2400万股新股，批复自核准发行之日起6个月内有效。】
------200----------------------------------------------------------
Some as NewsModel12:11:13
【2019-06-11 12:30:24/【广和通：证监会核准公司非公开发行不超2400万股新股】 广和通午间公告称，公司收到中国证监会批复，核准公司非公开发行不超过2400万股新股，批复自核准发行之日起6个月内有效。】
------200----------------------------------------------------------
Some as NewsModel12:11:24
【2019-06-11 12:30:33/【广和通：证监会核准公司非公开发行不超2400万股新股】 广和通午间公告称，公司收到中国证监会批复，核准公司非公开发行不超过2400万股新股，批复自核准发行之日起6个月内有效。】
------200----------------------------------------------------------
Some as NewsModel12:11:33
【2019-06-11 12:30:43/【广和通：证监会核准公司非公开发行不超2400万股新股】 广和通午间公告称，公司收到中国证监会批复，核准公司非公开发行不超过2400万股新股，批复自核准发行之日起6个月内有效。】
------200----------------------------------------------------------
Some as NewsModel12:11:43
【2019-06-11 08:39:50/获取最新新闻】
------200----------------------------------------------------------
{"url":"/brief/100219825.html","hm":"20:39","datekey":"2019.06.11","newcontent":"","indexTitle":"【国际油价短线走高，WTI原油涨幅扩大至1.5%】 国际油价短线走高，WTI原油涨幅扩大至1.5%，升破54美元/桶；布油涨0.7%报62.7美元/桶。","important":true,"id":"100219825","hasimage":false,"hasvideo":false,"istop":false,"hasrelated":false,"hasvote":false,"createTime":"2019-06-11T20:39:00"}
【2019-06-11 08:40:48/【国际油价短线走高，WTI原油涨幅扩大至1.5%】 国际油价短线走高，WTI原油涨幅扩大至1.5%，升破54美元/桶；布油涨0.7%报62.7美元/桶。】
------200----------------------------------------------------------
Some as NewsModel20:11:48
【2019-06-11 08:41:48/获取最新新闻】
------200----------------------------------------------------------
{"url":"/brief/100219829.html","hm":"20:41","datekey":"2019.06.11","newcontent":"民币1.48亿元，该笔资金将分批拨付到位。6月6日，公司收到宜昌市西陵区财政局向公司拨付的第一笔产业扶持资金5444.70万元。6月10日，公司收到宜昌市西陵区财政局向公司拨付的第二笔产业扶持资金7000万元。截至本公告日，公司收到宜昌市西陵区财政局向公司拨付产业扶持资金共计1.24亿元。","indexTitle":"【启迪桑德累计收到政府补助1.24亿元】 启迪桑德晚间公告，公司于6月6日收到宜昌市西陵区财政局下发的《关于拨付启迪桑德环境资源股份有限公司产业扶持资金的通知》。宜昌市西陵区财政局拟向公司拨付扶持资金人","important":false,"id":"100219829","hasimage":false,"hasvideo":false,"istop":false,"hasrelated":false,"hasvote":false,"createTime":"2019-06-11T20:41:00"}
【2019-06-11 08:42:48/【启迪桑德累计收到政府补助1.24亿元】 启迪桑德晚间公告，公司于6月6日收到宜昌市西陵区财政局下发的《关于拨付启迪桑德环境资源股份有限公司产业扶持资金的通知》。宜昌市西陵区财政局拟向公司拨付扶持资金人】
------200----------------------------------------------------------
Some as NewsModel20:11:48
【2019-06-11 08:43:48/获取最新新闻】
------200----------------------------------------------------------
{"url":"/brief/100219831.html","hm":"20:41","datekey":"2019.06.11","newcontent":"排除阴性比例)高于60%的基础上，阴性片判读的正确率高于99%。同时，阳性病变的检出率也超过99.9%。通常情况下，细胞病理医生镜下判读宫颈细胞涂片，平均每例要花费6分钟，而AI识别仅需36秒。通过AI辅助宫颈癌筛查模型判读速度是人工判读的10倍。","indexTitle":"【华为与金域推出AI辅助宫颈癌筛查技术 36秒可识别】 中国内地第三方医学检验机构金域医学11日与华为技术有限公司在广州宣布，双方首次基于病理形态学，以病理专家的诊断标准训练出AI辅助宫颈癌筛查模型。该模型在排阴率(","important":false,"id":"100219831","hasimage":false,"hasvideo":false,"istop":false,"hasrelated":false,"hasvote":false,"createTime":"2019-06-11T20:41:00"}
【2019-06-11 08:44:48/【华为与金域推出AI辅助宫颈癌筛查技术 36秒可识别】 中国内地第三方医学检验机构金域医学11日与华为技术有限公司在广州宣布，双方首次基于病理形态学，以病理专家的诊断标准训练出AI辅助宫颈癌筛查模型。该模型在排阴率(】
------200----------------------------------------------------------
Some as NewsModel20:11:48
【2019-06-11 08:45:48/【华为与金域推出AI辅助宫颈癌筛查技术 36秒可识别】 中国内地第三方医学检验机构金域医学11日与华为技术有限公司在广州宣布，双方首次基于病理形态学，以病理专家的诊断标准训练出AI辅助宫颈癌筛查模型。该模型在排阴率(】
------200----------------------------------------------------------
Some as NewsModel20:11:48
【2019-06-11 08:46:48/【华为与金域推出AI辅助宫颈癌筛查技术 36秒可识别】 中国内地第三方医学检验机构金域医学11日与华为技术有限公司在广州宣布，双方首次基于病理形态学，以病理专家的诊断标准训练出AI辅助宫颈癌筛查模型。该模型在排阴率(】
------200----------------------------------------------------------
Some as NewsModel20:11:48
【2019-06-11 08:47:48/【华为与金域推出AI辅助宫颈癌筛查技术 36秒可识别】 中国内地第三方医学检验机构金域医学11日与华为技术有限公司在广州宣布，双方首次基于病理形态学，以病理专家的诊断标准训练出AI辅助宫颈癌筛查模型。该模型在排阴率(】
------200----------------------------------------------------------
Some as NewsModel20:11:48
【2019-06-11 08:48:48/【华为与金域推出AI辅助宫颈癌筛查技术 36秒可识别】 中国内地第三方医学检验机构金域医学11日与华为技术有限公司在广州宣布，双方首次基于病理形态学，以病理专家的诊断标准训练出AI辅助宫颈癌筛查模型。该模型在排阴率(】
------200----------------------------------------------------------
Some as NewsModel20:11:48
【2019-06-11 08:49:48/【华为与金域推出AI辅助宫颈癌筛查技术 36秒可识别】 中国内地第三方医学检验机构金域医学11日与华为技术有限公司在广州宣布，双方首次基于病理形态学，以病理专家的诊断标准训练出AI辅助宫颈癌筛查模型。该模型在排阴率(】
------200----------------------------------------------------------
Some as NewsModel20:11:48
【2019-06-11 08:50:48/【华为与金域推出AI辅助宫颈癌筛查技术 36秒可识别】 中国内地第三方医学检验机构金域医学11日与华为技术有限公司在广州宣布，双方首次基于病理形态学，以病理专家的诊断标准训练出AI辅助宫颈癌筛查模型。该模型在排阴率(】
------200----------------------------------------------------------
Some as NewsModel20:11:48
【2019-06-11 08:51:48/【华为与金域推出AI辅助宫颈癌筛查技术 36秒可识别】 中国内地第三方医学检验机构金域医学11日与华为技术有限公司在广州宣布，双方首次基于病理形态学，以病理专家的诊断标准训练出AI辅助宫颈癌筛查模型。该模型在排阴率(】
------200----------------------------------------------------------
Some as NewsModel20:11:48
【2019-06-11 08:52:48/【华为与金域推出AI辅助宫颈癌筛查技术 36秒可识别】 中国内地第三方医学检验机构金域医学11日与华为技术有限公司在广州宣布，双方首次基于病理形态学，以病理专家的诊断标准训练出AI辅助宫颈癌筛查模型。该模型在排阴率(】
------200----------------------------------------------------------
Some as NewsModel20:11:48
【2019-06-11 08:53:48/【华为与金域推出AI辅助宫颈癌筛查技术 36秒可识别】 中国内地第三方医学检验机构金域医学11日与华为技术有限公司在广州宣布，双方首次基于病理形态学，以病理专家的诊断标准训练出AI辅助宫颈癌筛查模型。该模型在排阴率(】
------200----------------------------------------------------------
Some as NewsModel20:11:48
【2019-06-11 08:54:48/【华为与金域推出AI辅助宫颈癌筛查技术 36秒可识别】 中国内地第三方医学检验机构金域医学11日与华为技术有限公司在广州宣布，双方首次基于病理形态学，以病理专家的诊断标准训练出AI辅助宫颈癌筛查模型。该模型在排阴率(】
------200----------------------------------------------------------
Some as NewsModel20:11:48
【2019-06-11 08:55:48/【华为与金域推出AI辅助宫颈癌筛查技术 36秒可识别】 中国内地第三方医学检验机构金域医学11日与华为技术有限公司在广州宣布，双方首次基于病理形态学，以病理专家的诊断标准训练出AI辅助宫颈癌筛查模型。该模型在排阴率(】
------200----------------------------------------------------------
Some as NewsModel20:11:48
【2019-06-11 08:56:48/获取最新新闻】
------200----------------------------------------------------------
{"url":"/brief/100219852.html","hm":"20:56","datekey":"2019.06.11","newcontent":"%，控股股东持有的全部股份已被冻结和轮候冻结。","indexTitle":"【*ST神城：控股股东全部股份再次被轮候冻结】 *ST神城晚间公告，近日，公司接到控股股东陈略的通知，其所持公司股份再次被轮候冻结。截至本公告披露日，控股股东持有公司股票5.83亿股，占公司总股本的34.36","important":false,"id":"100219852","hasimage":false,"hasvideo":false,"istop":false,"hasrelated":false,"hasvote":false,"createTime":"2019-06-11T20:56:00"}
【2019-06-11 08:57:48/【*ST神城：控股股东全部股份再次被轮候冻结】 *ST神城晚间公告，近日，公司接到控股股东陈略的通知，其所持公司股份再次被轮候冻结。截至本公告披露日，控股股东持有公司股票5.83亿股，占公司总股本的34.36】
------200----------------------------------------------------------
Some as NewsModel20:11:48
【2019-06-11 08:58:48/获取最新新闻】
------200----------------------------------------------------------
{"url":"/brief/100219857.html","hm":"20:58","datekey":"2019.06.11","newcontent":"金总额为16.503亿美元至20.216亿美元。","indexTitle":"【华泰证券：拟初始发行不超过7501.37万份GDR】 华泰证券晚间发布关于发行GDR并在伦敦证券交易所上市的公告，拟初始发行不超过7501.37万份GDR，其中每份GDR代表10股公司A股股票。预计本次发行的募集资","important":true,"id":"100219857","hasimage":false,"hasvideo":false,"istop":false,"hasrelated":false,"hasvote":false,"createTime":"2019-06-11T20:58:00"}
【2019-06-11 08:59:48/【华泰证券：拟初始发行不超过7501.37万份GDR】 华泰证券晚间发布关于发行GDR并在伦敦证券交易所上市的公告，拟初始发行不超过7501.37万份GDR，其中每份GDR代表10股公司A股股票。预计本次发行的募集资】
------200----------------------------------------------------------
Some as NewsModel20:11:48
