【2019-06-02 04:33:59/获取最新新闻】
------200----------------------------------------------------------
{"url":"/brief/100209675.html","hm":"16:32","datekey":"2019.06.02","newcontent":"分别配置普通车竞价指标和节能车摇号指标，由指标管理机构按月组织实施。","indexTitle":"【广州市交通运输局：增加10万个中小客车增量指标额度】 广州市交通运输局消息，明确在目前12万个配置增量指标的基础上，于2019年6月至2020年12月，增加10万个中小客车增量指标额度，增加的额度原则上按1：1比例","important":true,"id":"100209675","hasimage":true,"hasvideo":false,"istop":false,"hasrelated":false,"hasvote":false,"createTime":"2019-06-02T16:32:00"}
【2019-06-02 04:34:58/【广州市交通运输局：增加10万个中小客车增量指标额度】 广州市交通运输局消息，明确在目前12万个配置增量指标的基础上，于2019年6月至2020年12月，增加10万个中小客车增量指标额度，增加的额度原则上按1：1比例】
------200----------------------------------------------------------
Some as NewsModel16:02:58
【2019-06-02 04:35:57/【广州市交通运输局：增加10万个中小客车增量指标额度】 广州市交通运输局消息，明确在目前12万个配置增量指标的基础上，于2019年6月至2020年12月，增加10万个中小客车增量指标额度，增加的额度原则上按1：1比例】
------200----------------------------------------------------------
Some as NewsModel16:02:57
【2019-06-02 04:36:58/【广州市交通运输局：增加10万个中小客车增量指标额度】 广州市交通运输局消息，明确在目前12万个配置增量指标的基础上，于2019年6月至2020年12月，增加10万个中小客车增量指标额度，增加的额度原则上按1：1比例】
------200----------------------------------------------------------
Some as NewsModel16:02:58
【2019-06-02 04:37:58/【广州市交通运输局：增加10万个中小客车增量指标额度】 广州市交通运输局消息，明确在目前12万个配置增量指标的基础上，于2019年6月至2020年12月，增加10万个中小客车增量指标额度，增加的额度原则上按1：1比例】
------200----------------------------------------------------------
Some as NewsModel16:02:58
【2019-06-02 04:38:58/【广州市交通运输局：增加10万个中小客车增量指标额度】 广州市交通运输局消息，明确在目前12万个配置增量指标的基础上，于2019年6月至2020年12月，增加10万个中小客车增量指标额度，增加的额度原则上按1：1比例】
------200----------------------------------------------------------
Some as NewsModel16:02:58
【2019-06-02 04:39:58/【广州市交通运输局：增加10万个中小客车增量指标额度】 广州市交通运输局消息，明确在目前12万个配置增量指标的基础上，于2019年6月至2020年12月，增加10万个中小客车增量指标额度，增加的额度原则上按1：1比例】
------200----------------------------------------------------------
Some as NewsModel16:02:58
【2019-06-02 04:40:58/【广州市交通运输局：增加10万个中小客车增量指标额度】 广州市交通运输局消息，明确在目前12万个配置增量指标的基础上，于2019年6月至2020年12月，增加10万个中小客车增量指标额度，增加的额度原则上按1：1比例】
------200----------------------------------------------------------
Some as NewsModel16:02:58
【2019-06-02 04:41:58/【广州市交通运输局：增加10万个中小客车增量指标额度】 广州市交通运输局消息，明确在目前12万个配置增量指标的基础上，于2019年6月至2020年12月，增加10万个中小客车增量指标额度，增加的额度原则上按1：1比例】
------200----------------------------------------------------------
Some as NewsModel16:02:58
【2019-06-02 04:42:58/【广州市交通运输局：增加10万个中小客车增量指标额度】 广州市交通运输局消息，明确在目前12万个配置增量指标的基础上，于2019年6月至2020年12月，增加10万个中小客车增量指标额度，增加的额度原则上按1：1比例】
------200----------------------------------------------------------
Some as NewsModel16:02:58
【2019-06-02 04:43:58/【广州市交通运输局：增加10万个中小客车增量指标额度】 广州市交通运输局消息，明确在目前12万个配置增量指标的基础上，于2019年6月至2020年12月，增加10万个中小客车增量指标额度，增加的额度原则上按1：1比例】
------200----------------------------------------------------------
Some as NewsModel16:02:58
【2019-06-02 04:44:58/【广州市交通运输局：增加10万个中小客车增量指标额度】 广州市交通运输局消息，明确在目前12万个配置增量指标的基础上，于2019年6月至2020年12月，增加10万个中小客车增量指标额度，增加的额度原则上按1：1比例】
------200----------------------------------------------------------
Some as NewsModel16:02:58
【2019-06-02 04:45:58/获取最新新闻】
------200----------------------------------------------------------
{"url":"/brief/100209687.html","hm":"16:45","datekey":"2019.06.02","newcontent":"与交易对方就业绩补偿承诺、资产置换价值及担保责任等事项进行沟通，交易对方对上述条款有进一步调整的诉求，最终未达成一致。公司决定终止与黄金资讯、零兑金投资的重大资产重组事项。","indexTitle":"【中润资源：终止重大资产重组事项】 中润资源公告，公司原本拟以应收李晓明的款项4.7亿元与黄金资讯持有的零兑金号33.85%股权进行置换，并发行股份和支付现金购买零兑金号剩余66.15%股权。公司","important":false,"id":"100209687","hasimage":false,"hasvideo":false,"istop":false,"hasrelated":false,"hasvote":false,"createTime":"2019-06-02T16:45:00"}
【2019-06-02 04:46:58/获取最新新闻】
------200----------------------------------------------------------
{"url":"/brief/100209689.html","hm":"16:45","datekey":"2019.06.02","newcontent":"","indexTitle":"【通裕重工：拟公开发行可转债募资不超6.22亿元】 通裕重工公告，公司拟公开发行可转债募资不超过6.22亿元，扣除发行费用后拟全部用于风电装备模块化制造项目、6MW及以上风电机组关键零部件制造项目和补充流动资金。","important":false,"id":"100209689","hasimage":false,"hasvideo":false,"istop":false,"hasrelated":false,"hasvote":false,"createTime":"2019-06-02T16:45:00"}
【2019-06-02 04:47:58/获取最新新闻】
------200----------------------------------------------------------
{"url":"/brief/100209691.html","hm":"16:47","datekey":"2019.06.02","newcontent":"","indexTitle":"【航锦科技：筹划发行股份购买资产事项 明日起停牌】 航锦科技公告，公司正筹划发行股份购买资产事项，拟以发行股份及支付现金方式，购买成都国光98.0027%股权和思科瑞100%的股权，公司股票自6月3日起停牌。","important":false,"id":"100209691","hasimage":false,"hasvideo":false,"istop":false,"hasrelated":false,"hasvote":false,"createTime":"2019-06-02T16:47:00"}
【2019-06-02 04:48:58/【航锦科技：筹划发行股份购买资产事项 明日起停牌】 航锦科技公告，公司正筹划发行股份购买资产事项，拟以发行股份及支付现金方式，购买成都国光98.0027%股权和思科瑞100%的股权，公司股票自6月3日起停牌。】
------200----------------------------------------------------------
Some as NewsModel16:02:58
【2019-06-02 04:49:58/获取最新新闻】
------200----------------------------------------------------------
{"url":"/brief/100209692.html","hm":"16:49","datekey":"2019.06.02","newcontent":"信保合作项目尽职调查不到位、投资者适当性审查不到位，银保监会黑龙江监管局分别对中融信托处以罚款60万、40万、30万、30万、50万。","indexTitle":"【经纬纺机：中融信托收到银保监会黑龙江监管局行政处罚决定书】 经纬纺机公告，近日，公司子公司中融信托收到银保监会黑龙江监管局出具的行政处罚决定书，因开展房地产信托业务不审慎、信托项目尽职调查不到位、信托项目资金来源不合规、","important":true,"id":"100209692","hasimage":false,"hasvideo":false,"istop":false,"hasrelated":false,"hasvote":false,"createTime":"2019-06-02T16:49:00"}
【2019-06-02 04:50:58/【经纬纺机：中融信托收到银保监会黑龙江监管局行政处罚决定书】 经纬纺机公告，近日，公司子公司中融信托收到银保监会黑龙江监管局出具的行政处罚决定书，因开展房地产信托业务不审慎、信托项目尽职调查不到位、信托项目资金来源不合规、】
------200----------------------------------------------------------
Some as NewsModel16:02:58
【2019-06-02 04:51:58/【经纬纺机：中融信托收到银保监会黑龙江监管局行政处罚决定书】 经纬纺机公告，近日，公司子公司中融信托收到银保监会黑龙江监管局出具的行政处罚决定书，因开展房地产信托业务不审慎、信托项目尽职调查不到位、信托项目资金来源不合规、】
------200----------------------------------------------------------
Some as NewsModel16:02:58
【2019-06-02 04:52:58/【经纬纺机：中融信托收到银保监会黑龙江监管局行政处罚决定书】 经纬纺机公告，近日，公司子公司中融信托收到银保监会黑龙江监管局出具的行政处罚决定书，因开展房地产信托业务不审慎、信托项目尽职调查不到位、信托项目资金来源不合规、】
------200----------------------------------------------------------
Some as NewsModel16:02:58
【2019-06-02 04:53:58/【经纬纺机：中融信托收到银保监会黑龙江监管局行政处罚决定书】 经纬纺机公告，近日，公司子公司中融信托收到银保监会黑龙江监管局出具的行政处罚决定书，因开展房地产信托业务不审慎、信托项目尽职调查不到位、信托项目资金来源不合规、】
------200----------------------------------------------------------
Some as NewsModel16:02:58
【2019-06-02 04:54:58/获取最新新闻】
------200----------------------------------------------------------
{"url":"/brief/100209695.html","hm":"16:54","datekey":"2019.06.02","newcontent":"，中航投资持有公司股票不低于1.6亿股，占公司总股本的5.78%。","indexTitle":"【中航飞机：中航投资拟以不超1.81%公司股份认购ETF基金】 中航飞机公告，公司持股7.59%的股东中航投资，拟以其持有的公司股份不超过5000万股（占公司总股本的1.81%）认购富国军工ETF基金份额。此次基金份额认购后","important":false,"id":"100209695","hasimage":false,"hasvideo":false,"istop":false,"hasrelated":false,"hasvote":false,"createTime":"2019-06-02T16:54:00"}
【2019-06-02 04:55:58/【中航飞机：中航投资拟以不超1.81%公司股份认购ETF基金】 中航飞机公告，公司持股7.59%的股东中航投资，拟以其持有的公司股份不超过5000万股（占公司总股本的1.81%）认购富国军工ETF基金份额。此次基金份额认购后】
------200----------------------------------------------------------
Some as NewsModel16:02:58
【2019-06-02 04:56:58/【中航飞机：中航投资拟以不超1.81%公司股份认购ETF基金】 中航飞机公告，公司持股7.59%的股东中航投资，拟以其持有的公司股份不超过5000万股（占公司总股本的1.81%）认购富国军工ETF基金份额。此次基金份额认购后】
------200----------------------------------------------------------
Some as NewsModel16:02:58
【2019-06-02 04:57:58/【中航飞机：中航投资拟以不超1.81%公司股份认购ETF基金】 中航飞机公告，公司持股7.59%的股东中航投资，拟以其持有的公司股份不超过5000万股（占公司总股本的1.81%）认购富国军工ETF基金份额。此次基金份额认购后】
------200----------------------------------------------------------
Some as NewsModel16:02:58
【2019-06-02 04:58:58/【中航飞机：中航投资拟以不超1.81%公司股份认购ETF基金】 中航飞机公告，公司持股7.59%的股东中航投资，拟以其持有的公司股份不超过5000万股（占公司总股本的1.81%）认购富国军工ETF基金份额。此次基金份额认购后】
------200----------------------------------------------------------
Some as NewsModel16:02:58
【2019-06-02 04:59:58/获取最新新闻】
------200----------------------------------------------------------
{"url":"/brief/100209700.html","hm":"16:59","datekey":"2019.06.02","newcontent":"金额1497.82万元。另外，为布局和拓展三维医疗健康业务，公司拟投资设立控股子公司易尚医疗，公司出资300万元，占其注册资本的60%。","indexTitle":"【易尚展示：回购股份金额上限由2亿元调整为1亿元】 易尚展示晚间公告调整回购股份方案，回购金额由5000万元-2亿元调整为5000万元-1亿元。截至目前，公司已回购股份64.8万股，占公司总股本的0.42%，支付","important":false,"id":"100209700","hasimage":false,"hasvideo":false,"istop":false,"hasrelated":false,"hasvote":false,"createTime":"2019-06-02T16:59:00"}
【2019-06-02 05:00:58/【易尚展示：回购股份金额上限由2亿元调整为1亿元】 易尚展示晚间公告调整回购股份方案，回购金额由5000万元-2亿元调整为5000万元-1亿元。截至目前，公司已回购股份64.8万股，占公司总股本的0.42%，支付】
------200----------------------------------------------------------
Some as NewsModel17:02:58
【2019-06-02 05:01:57/【易尚展示：回购股份金额上限由2亿元调整为1亿元】 易尚展示晚间公告调整回购股份方案，回购金额由5000万元-2亿元调整为5000万元-1亿元。截至目前，公司已回购股份64.8万股，占公司总股本的0.42%，支付】
------200----------------------------------------------------------
Some as NewsModel17:02:57
【2019-06-02 05:02:58/【易尚展示：回购股份金额上限由2亿元调整为1亿元】 易尚展示晚间公告调整回购股份方案，回购金额由5000万元-2亿元调整为5000万元-1亿元。截至目前，公司已回购股份64.8万股，占公司总股本的0.42%，支付】
------200----------------------------------------------------------
Some as NewsModel17:02:58
【2019-06-02 05:03:58/【易尚展示：回购股份金额上限由2亿元调整为1亿元】 易尚展示晚间公告调整回购股份方案，回购金额由5000万元-2亿元调整为5000万元-1亿元。截至目前，公司已回购股份64.8万股，占公司总股本的0.42%，支付】
------200----------------------------------------------------------
Some as NewsModel17:02:58
【2019-06-02 05:04:58/【易尚展示：回购股份金额上限由2亿元调整为1亿元】 易尚展示晚间公告调整回购股份方案，回购金额由5000万元-2亿元调整为5000万元-1亿元。截至目前，公司已回购股份64.8万股，占公司总股本的0.42%，支付】
------200----------------------------------------------------------
Some as NewsModel17:02:58
【2019-06-02 05:05:58/【易尚展示：回购股份金额上限由2亿元调整为1亿元】 易尚展示晚间公告调整回购股份方案，回购金额由5000万元-2亿元调整为5000万元-1亿元。截至目前，公司已回购股份64.8万股，占公司总股本的0.42%，支付】
------200----------------------------------------------------------
Some as NewsModel17:02:58
【2019-06-02 05:06:58/【易尚展示：回购股份金额上限由2亿元调整为1亿元】 易尚展示晚间公告调整回购股份方案，回购金额由5000万元-2亿元调整为5000万元-1亿元。截至目前，公司已回购股份64.8万股，占公司总股本的0.42%，支付】
------200----------------------------------------------------------
Some as NewsModel17:02:58
【2019-06-02 05:07:58/【易尚展示：回购股份金额上限由2亿元调整为1亿元】 易尚展示晚间公告调整回购股份方案，回购金额由5000万元-2亿元调整为5000万元-1亿元。截至目前，公司已回购股份64.8万股，占公司总股本的0.42%，支付】
------200----------------------------------------------------------
Some as NewsModel17:02:58
【2019-06-02 05:08:58/【易尚展示：回购股份金额上限由2亿元调整为1亿元】 易尚展示晚间公告调整回购股份方案，回购金额由5000万元-2亿元调整为5000万元-1亿元。截至目前，公司已回购股份64.8万股，占公司总股本的0.42%，支付】
------200----------------------------------------------------------
Some as NewsModel17:02:58
【2019-06-02 05:09:58/获取最新新闻】
------200----------------------------------------------------------
{"url":"/brief/100209702.html","hm":"17:09","datekey":"2019.06.02","newcontent":"公司，公司为该项目的中选人，中选份额30%，预计公司中选金额为2.79亿元。","indexTitle":"【天邑股份：预中标2.79亿元智能家庭网关项目】 天邑股份晚间公告，近日，中国移动采购与招标网发布了《2019年智能家庭网关生产项目（公开集中资格预审后第一次采购）中选结果公示》，该项目招标单位为中移物联网有限","important":false,"id":"100209702","hasimage":false,"hasvideo":false,"istop":false,"hasrelated":false,"hasvote":false,"createTime":"2019-06-02T17:09:00"}
【2019-06-02 05:10:58/【天邑股份：预中标2.79亿元智能家庭网关项目】 天邑股份晚间公告，近日，中国移动采购与招标网发布了《2019年智能家庭网关生产项目（公开集中资格预审后第一次采购）中选结果公示》，该项目招标单位为中移物联网有限】
------200----------------------------------------------------------
Some as NewsModel17:02:58
【2019-06-02 05:11:58/【天邑股份：预中标2.79亿元智能家庭网关项目】 天邑股份晚间公告，近日，中国移动采购与招标网发布了《2019年智能家庭网关生产项目（公开集中资格预审后第一次采购）中选结果公示》，该项目招标单位为中移物联网有限】
------200----------------------------------------------------------
Some as NewsModel17:02:58
【2019-06-02 05:12:58/【天邑股份：预中标2.79亿元智能家庭网关项目】 天邑股份晚间公告，近日，中国移动采购与招标网发布了《2019年智能家庭网关生产项目（公开集中资格预审后第一次采购）中选结果公示》，该项目招标单位为中移物联网有限】
------200----------------------------------------------------------
Some as NewsModel17:02:58
【2019-06-02 05:13:58/【天邑股份：预中标2.79亿元智能家庭网关项目】 天邑股份晚间公告，近日，中国移动采购与招标网发布了《2019年智能家庭网关生产项目（公开集中资格预审后第一次采购）中选结果公示》，该项目招标单位为中移物联网有限】
------200----------------------------------------------------------
Some as NewsModel17:02:58
【2019-06-02 05:14:58/【天邑股份：预中标2.79亿元智能家庭网关项目】 天邑股份晚间公告，近日，中国移动采购与招标网发布了《2019年智能家庭网关生产项目（公开集中资格预审后第一次采购）中选结果公示》，该项目招标单位为中移物联网有限】
------200----------------------------------------------------------
Some as NewsModel17:02:58
【2019-06-02 05:15:58/获取最新新闻】
------200----------------------------------------------------------
{"url":"/brief/100209703.html","hm":"17:15","datekey":"2019.06.02","newcontent":"，向苏州市中级法院申请诉前保全，请求判令被告一立即向公司归还贷款本金1.98亿元、逾期利息及复利；判令被告二、被告三对被告一的上述债务承担连带清偿责任等。公司近期收到了苏州市中级法院出具的受理案件通知书。","indexTitle":"【张家港行：已申请诉前保全 请求判令*ST康得子公司归还贷款1.98亿元】 张家港行晚间公告，公司就与张家港康得新光电材料有限公司（被告一）、*ST康得（证券简称002450，被告二，系被告一母公司）、钟玉（被告三）金融借款合同纠纷一案","important":true,"id":"100209703","hasimage":false,"hasvideo":false,"istop":false,"hasrelated":false,"hasvote":false,"createTime":"2019-06-02T17:15:00"}
【2019-06-02 05:16:58/【张家港行：已申请诉前保全 请求判令*ST康得子公司归还贷款1.98亿元】 张家港行晚间公告，公司就与张家港康得新光电材料有限公司（被告一）、*ST康得（证券简称002450，被告二，系被告一母公司）、钟玉（被告三）金融借款合同纠纷一案】
------200----------------------------------------------------------
Some as NewsModel17:02:58
【2019-06-02 05:17:58/【张家港行：已申请诉前保全 请求判令*ST康得子公司归还贷款1.98亿元】 张家港行晚间公告，公司就与张家港康得新光电材料有限公司（被告一）、*ST康得（证券简称002450，被告二，系被告一母公司）、钟玉（被告三）金融借款合同纠纷一案】
------200----------------------------------------------------------
Some as NewsModel17:02:58
【2019-06-02 05:18:58/【张家港行：已申请诉前保全 请求判令*ST康得子公司归还贷款1.98亿元】 张家港行晚间公告，公司就与张家港康得新光电材料有限公司（被告一）、*ST康得（证券简称002450，被告二，系被告一母公司）、钟玉（被告三）金融借款合同纠纷一案】
------200----------------------------------------------------------
Some as NewsModel17:02:58
【2019-06-02 05:19:58/【张家港行：已申请诉前保全 请求判令*ST康得子公司归还贷款1.98亿元】 张家港行晚间公告，公司就与张家港康得新光电材料有限公司（被告一）、*ST康得（证券简称002450，被告二，系被告一母公司）、钟玉（被告三）金融借款合同纠纷一案】
------200----------------------------------------------------------
Some as NewsModel17:02:58
【2019-06-02 05:20:58/【张家港行：已申请诉前保全 请求判令*ST康得子公司归还贷款1.98亿元】 张家港行晚间公告，公司就与张家港康得新光电材料有限公司（被告一）、*ST康得（证券简称002450，被告二，系被告一母公司）、钟玉（被告三）金融借款合同纠纷一案】
------200----------------------------------------------------------
Some as NewsModel17:02:58
【2019-06-02 05:21:58/【张家港行：已申请诉前保全 请求判令*ST康得子公司归还贷款1.98亿元】 张家港行晚间公告，公司就与张家港康得新光电材料有限公司（被告一）、*ST康得（证券简称002450，被告二，系被告一母公司）、钟玉（被告三）金融借款合同纠纷一案】
------200----------------------------------------------------------
Some as NewsModel17:02:58
【2019-06-02 05:22:58/获取最新新闻】
------200----------------------------------------------------------
{"url":"/brief/100209706.html","hm":"17:22","datekey":"2019.06.02","newcontent":"单元、集控单元设备，中标额2157.88万元，约占公司2018年度营业收入的0.57%。","indexTitle":"【科陆电子：中标华云集团集中招标采购项目】 科陆电子晚间公告，公司中标浙江华云电力实业集团有限公司（简称“华云集团”）2019年第三批集中招标采购项目，拟采购产品为宁波110kV越瓷变10kV储能项目储能","important":false,"id":"100209706","hasimage":false,"hasvideo":false,"istop":false,"hasrelated":false,"hasvote":false,"createTime":"2019-06-02T17:22:00"}
【2019-06-02 05:23:58/【科陆电子：中标华云集团集中招标采购项目】 科陆电子晚间公告，公司中标浙江华云电力实业集团有限公司（简称“华云集团”）2019年第三批集中招标采购项目，拟采购产品为宁波110kV越瓷变10kV储能项目储能】
------200----------------------------------------------------------
Some as NewsModel17:02:58
【2019-06-02 05:24:58/【科陆电子：中标华云集团集中招标采购项目】 科陆电子晚间公告，公司中标浙江华云电力实业集团有限公司（简称“华云集团”）2019年第三批集中招标采购项目，拟采购产品为宁波110kV越瓷变10kV储能项目储能】
------200----------------------------------------------------------
Some as NewsModel17:02:58
【2019-06-02 05:25:58/【科陆电子：中标华云集团集中招标采购项目】 科陆电子晚间公告，公司中标浙江华云电力实业集团有限公司（简称“华云集团”）2019年第三批集中招标采购项目，拟采购产品为宁波110kV越瓷变10kV储能项目储能】
------200----------------------------------------------------------
Some as NewsModel17:02:58
【2019-06-02 05:26:58/【科陆电子：中标华云集团集中招标采购项目】 科陆电子晚间公告，公司中标浙江华云电力实业集团有限公司（简称“华云集团”）2019年第三批集中招标采购项目，拟采购产品为宁波110kV越瓷变10kV储能项目储能】
------200----------------------------------------------------------
Some as NewsModel17:02:58
【2019-06-02 05:27:58/【科陆电子：中标华云集团集中招标采购项目】 科陆电子晚间公告，公司中标浙江华云电力实业集团有限公司（简称“华云集团”）2019年第三批集中招标采购项目，拟采购产品为宁波110kV越瓷变10kV储能项目储能】
------200----------------------------------------------------------
Some as NewsModel17:02:58
【2019-06-02 05:28:58/【科陆电子：中标华云集团集中招标采购项目】 科陆电子晚间公告，公司中标浙江华云电力实业集团有限公司（简称“华云集团”）2019年第三批集中招标采购项目，拟采购产品为宁波110kV越瓷变10kV储能项目储能】
------200----------------------------------------------------------
Some as NewsModel17:02:58
【2019-06-02 05:29:58/【科陆电子：中标华云集团集中招标采购项目】 科陆电子晚间公告，公司中标浙江华云电力实业集团有限公司（简称“华云集团”）2019年第三批集中招标采购项目，拟采购产品为宁波110kV越瓷变10kV储能项目储能】
------200----------------------------------------------------------
Some as NewsModel17:02:58
【2019-06-02 05:30:58/【科陆电子：中标华云集团集中招标采购项目】 科陆电子晚间公告，公司中标浙江华云电力实业集团有限公司（简称“华云集团”）2019年第三批集中招标采购项目，拟采购产品为宁波110kV越瓷变10kV储能项目储能】
------200----------------------------------------------------------
Some as NewsModel17:02:58
【2019-06-02 05:31:58/【科陆电子：中标华云集团集中招标采购项目】 科陆电子晚间公告，公司中标浙江华云电力实业集团有限公司（简称“华云集团”）2019年第三批集中招标采购项目，拟采购产品为宁波110kV越瓷变10kV储能项目储能】
------200----------------------------------------------------------
Some as NewsModel17:02:58
【2019-06-02 05:32:58/【科陆电子：中标华云集团集中招标采购项目】 科陆电子晚间公告，公司中标浙江华云电力实业集团有限公司（简称“华云集团”）2019年第三批集中招标采购项目，拟采购产品为宁波110kV越瓷变10kV储能项目储能】
------200----------------------------------------------------------
Some as NewsModel17:02:58
【2019-06-02 05:33:58/【科陆电子：中标华云集团集中招标采购项目】 科陆电子晚间公告，公司中标浙江华云电力实业集团有限公司（简称“华云集团”）2019年第三批集中招标采购项目，拟采购产品为宁波110kV越瓷变10kV储能项目储能】
------200----------------------------------------------------------
Some as NewsModel17:02:58
【2019-06-02 05:34:58/【科陆电子：中标华云集团集中招标采购项目】 科陆电子晚间公告，公司中标浙江华云电力实业集团有限公司（简称“华云集团”）2019年第三批集中招标采购项目，拟采购产品为宁波110kV越瓷变10kV储能项目储能】
------200----------------------------------------------------------
Some as NewsModel17:02:58
【2019-06-02 05:35:58/【科陆电子：中标华云集团集中招标采购项目】 科陆电子晚间公告，公司中标浙江华云电力实业集团有限公司（简称“华云集团”）2019年第三批集中招标采购项目，拟采购产品为宁波110kV越瓷变10kV储能项目储能】
------200----------------------------------------------------------
Some as NewsModel17:02:58
【2019-06-02 05:36:58/【科陆电子：中标华云集团集中招标采购项目】 科陆电子晚间公告，公司中标浙江华云电力实业集团有限公司（简称“华云集团”）2019年第三批集中招标采购项目，拟采购产品为宁波110kV越瓷变10kV储能项目储能】
------200----------------------------------------------------------
Some as NewsModel17:02:58
【2019-06-02 05:37:58/【科陆电子：中标华云集团集中招标采购项目】 科陆电子晚间公告，公司中标浙江华云电力实业集团有限公司（简称“华云集团”）2019年第三批集中招标采购项目，拟采购产品为宁波110kV越瓷变10kV储能项目储能】
------200----------------------------------------------------------
Some as NewsModel17:02:58
【2019-06-02 05:38:58/获取最新新闻】
------200----------------------------------------------------------
{"url":"/brief/100209709.html","hm":"17:38","datekey":"2019.06.02","newcontent":"扶贫试点项目是对天然橡胶“保险+期货”模式运行机制的创新，将有利于提升胶农割胶、交胶的积极性，对保障公司原料收购和生产具有重要现实意义。","indexTitle":"【海南橡胶：与上海期货交易所签订合作备忘录】 海南橡胶晚间公告，5月30日，公司与上海期货交易所就合作运行天然橡胶品种场外期权产业扶贫试点项目，在上海签订了合作备忘录。海南橡胶表示，天然橡胶品种场外期权产业","important":false,"id":"100209709","hasimage":false,"hasvideo":false,"istop":false,"hasrelated":false,"hasvote":false,"createTime":"2019-06-02T17:38:00"}
【2019-06-02 05:39:58/获取最新新闻】
------200----------------------------------------------------------
{"url":"/brief/100209710.html","hm":"17:39","datekey":"2019.06.02","newcontent":"提取加工专家等业内人士用技术或现金方式入股，深入研究大麻及相关植物的种植及提取工艺和技术，进一步拓展在北美的工业大麻种植及提取业务。","indexTitle":"【诚益通：拟境外设子公司 拓展北美工业大麻种植及提取业务】 诚益通晚间公告，公司拟投资不超过1亿元人民币规模的现金及设备（总预算），在美国或加拿大投资设立美国或加拿大诚益通有限公司，且不排除联合工业大麻种植专家、工业大麻","important":true,"id":"100209710","hasimage":false,"hasvideo":false,"istop":false,"hasrelated":false,"hasvote":false,"createTime":"2019-06-02T17:39:00"}
【2019-06-02 05:40:58/【诚益通：拟境外设子公司 拓展北美工业大麻种植及提取业务】 诚益通晚间公告，公司拟投资不超过1亿元人民币规模的现金及设备（总预算），在美国或加拿大投资设立美国或加拿大诚益通有限公司，且不排除联合工业大麻种植专家、工业大麻】
------200----------------------------------------------------------
Some as NewsModel17:02:58
【2019-06-02 05:41:58/【诚益通：拟境外设子公司 拓展北美工业大麻种植及提取业务】 诚益通晚间公告，公司拟投资不超过1亿元人民币规模的现金及设备（总预算），在美国或加拿大投资设立美国或加拿大诚益通有限公司，且不排除联合工业大麻种植专家、工业大麻】
------200----------------------------------------------------------
Some as NewsModel17:02:58
【2019-06-02 05:42:58/【诚益通：拟境外设子公司 拓展北美工业大麻种植及提取业务】 诚益通晚间公告，公司拟投资不超过1亿元人民币规模的现金及设备（总预算），在美国或加拿大投资设立美国或加拿大诚益通有限公司，且不排除联合工业大麻种植专家、工业大麻】
------200----------------------------------------------------------
Some as NewsModel17:02:58
【2019-06-02 05:43:58/获取最新新闻】
------200----------------------------------------------------------
{"url":"/brief/100209712.html","hm":"17:43","datekey":"2019.06.02","newcontent":"有公司47.31%股权。划转后，辽宁省国资委将持有辽港集团49%股权，招商局辽宁将持有辽港集团51%股权；公司控股股东不变，仍为大连港集团，公司实控人将由辽宁省国资委变更为招商局集团。","indexTitle":"【大连港：实控人拟变更为招商局集团】 大连港晚间公告，辽宁省国资委拟将其持有的公司间接控股股东辽港集团1.1%股权无偿划转给招商局辽宁。此次划转前，辽宁省国资委持有辽港集团50.1%股权，合计间接持","important":false,"id":"100209712","hasimage":false,"hasvideo":false,"istop":false,"hasrelated":false,"hasvote":false,"createTime":"2019-06-02T17:43:00"}
【2019-06-02 05:44:58/【大连港：实控人拟变更为招商局集团】 大连港晚间公告，辽宁省国资委拟将其持有的公司间接控股股东辽港集团1.1%股权无偿划转给招商局辽宁。此次划转前，辽宁省国资委持有辽港集团50.1%股权，合计间接持】
------200----------------------------------------------------------
Some as NewsModel17:02:58
【2019-06-02 05:45:58/【大连港：实控人拟变更为招商局集团】 大连港晚间公告，辽宁省国资委拟将其持有的公司间接控股股东辽港集团1.1%股权无偿划转给招商局辽宁。此次划转前，辽宁省国资委持有辽港集团50.1%股权，合计间接持】
------200----------------------------------------------------------
Some as NewsModel17:02:58
【2019-06-02 05:46:58/【大连港：实控人拟变更为招商局集团】 大连港晚间公告，辽宁省国资委拟将其持有的公司间接控股股东辽港集团1.1%股权无偿划转给招商局辽宁。此次划转前，辽宁省国资委持有辽港集团50.1%股权，合计间接持】
------200----------------------------------------------------------
Some as NewsModel17:02:58
【2019-06-02 05:47:58/【大连港：实控人拟变更为招商局集团】 大连港晚间公告，辽宁省国资委拟将其持有的公司间接控股股东辽港集团1.1%股权无偿划转给招商局辽宁。此次划转前，辽宁省国资委持有辽港集团50.1%股权，合计间接持】
------200----------------------------------------------------------
Some as NewsModel17:02:58
【2019-06-02 05:48:58/【大连港：实控人拟变更为招商局集团】 大连港晚间公告，辽宁省国资委拟将其持有的公司间接控股股东辽港集团1.1%股权无偿划转给招商局辽宁。此次划转前，辽宁省国资委持有辽港集团50.1%股权，合计间接持】
------200----------------------------------------------------------
Some as NewsModel17:02:58
【2019-06-02 05:49:58/【大连港：实控人拟变更为招商局集团】 大连港晚间公告，辽宁省国资委拟将其持有的公司间接控股股东辽港集团1.1%股权无偿划转给招商局辽宁。此次划转前，辽宁省国资委持有辽港集团50.1%股权，合计间接持】
------200----------------------------------------------------------
Some as NewsModel17:02:58
【2019-06-02 05:50:58/【大连港：实控人拟变更为招商局集团】 大连港晚间公告，辽宁省国资委拟将其持有的公司间接控股股东辽港集团1.1%股权无偿划转给招商局辽宁。此次划转前，辽宁省国资委持有辽港集团50.1%股权，合计间接持】
------200----------------------------------------------------------
Some as NewsModel17:02:58
【2019-06-02 05:51:58/【大连港：实控人拟变更为招商局集团】 大连港晚间公告，辽宁省国资委拟将其持有的公司间接控股股东辽港集团1.1%股权无偿划转给招商局辽宁。此次划转前，辽宁省国资委持有辽港集团50.1%股权，合计间接持】
------200----------------------------------------------------------
Some as NewsModel17:02:58
【2019-06-02 05:52:58/【大连港：实控人拟变更为招商局集团】 大连港晚间公告，辽宁省国资委拟将其持有的公司间接控股股东辽港集团1.1%股权无偿划转给招商局辽宁。此次划转前，辽宁省国资委持有辽港集团50.1%股权，合计间接持】
------200----------------------------------------------------------
Some as NewsModel17:02:58
【2019-06-02 05:53:58/【大连港：实控人拟变更为招商局集团】 大连港晚间公告，辽宁省国资委拟将其持有的公司间接控股股东辽港集团1.1%股权无偿划转给招商局辽宁。此次划转前，辽宁省国资委持有辽港集团50.1%股权，合计间接持】
------200----------------------------------------------------------
Some as NewsModel17:02:58
【2019-06-02 05:54:58/【大连港：实控人拟变更为招商局集团】 大连港晚间公告，辽宁省国资委拟将其持有的公司间接控股股东辽港集团1.1%股权无偿划转给招商局辽宁。此次划转前，辽宁省国资委持有辽港集团50.1%股权，合计间接持】
------200----------------------------------------------------------
Some as NewsModel17:02:58
【2019-06-02 05:55:58/【大连港：实控人拟变更为招商局集团】 大连港晚间公告，辽宁省国资委拟将其持有的公司间接控股股东辽港集团1.1%股权无偿划转给招商局辽宁。此次划转前，辽宁省国资委持有辽港集团50.1%股权，合计间接持】
------200----------------------------------------------------------
Some as NewsModel17:02:58
【2019-06-02 05:56:58/【大连港：实控人拟变更为招商局集团】 大连港晚间公告，辽宁省国资委拟将其持有的公司间接控股股东辽港集团1.1%股权无偿划转给招商局辽宁。此次划转前，辽宁省国资委持有辽港集团50.1%股权，合计间接持】
------200----------------------------------------------------------
Some as NewsModel17:02:58
【2019-06-02 05:57:58/【大连港：实控人拟变更为招商局集团】 大连港晚间公告，辽宁省国资委拟将其持有的公司间接控股股东辽港集团1.1%股权无偿划转给招商局辽宁。此次划转前，辽宁省国资委持有辽港集团50.1%股权，合计间接持】
------200----------------------------------------------------------
Some as NewsModel17:02:58
【2019-06-02 05:58:58/【大连港：实控人拟变更为招商局集团】 大连港晚间公告，辽宁省国资委拟将其持有的公司间接控股股东辽港集团1.1%股权无偿划转给招商局辽宁。此次划转前，辽宁省国资委持有辽港集团50.1%股权，合计间接持】
------200----------------------------------------------------------
Some as NewsModel17:02:58
【2019-06-02 05:59:58/【大连港：实控人拟变更为招商局集团】 大连港晚间公告，辽宁省国资委拟将其持有的公司间接控股股东辽港集团1.1%股权无偿划转给招商局辽宁。此次划转前，辽宁省国资委持有辽港集团50.1%股权，合计间接持】
------200----------------------------------------------------------
Some as NewsModel17:02:58
【2019-06-02 06:00:58/【大连港：实控人拟变更为招商局集团】 大连港晚间公告，辽宁省国资委拟将其持有的公司间接控股股东辽港集团1.1%股权无偿划转给招商局辽宁。此次划转前，辽宁省国资委持有辽港集团50.1%股权，合计间接持】
------200----------------------------------------------------------
Some as NewsModel18:02:58
【2019-06-02 06:01:58/【大连港：实控人拟变更为招商局集团】 大连港晚间公告，辽宁省国资委拟将其持有的公司间接控股股东辽港集团1.1%股权无偿划转给招商局辽宁。此次划转前，辽宁省国资委持有辽港集团50.1%股权，合计间接持】
------200----------------------------------------------------------
Some as NewsModel18:02:58
【2019-06-02 06:02:57/【大连港：实控人拟变更为招商局集团】 大连港晚间公告，辽宁省国资委拟将其持有的公司间接控股股东辽港集团1.1%股权无偿划转给招商局辽宁。此次划转前，辽宁省国资委持有辽港集团50.1%股权，合计间接持】
------200----------------------------------------------------------
Some as NewsModel18:02:57
【2019-06-02 06:03:58/【大连港：实控人拟变更为招商局集团】 大连港晚间公告，辽宁省国资委拟将其持有的公司间接控股股东辽港集团1.1%股权无偿划转给招商局辽宁。此次划转前，辽宁省国资委持有辽港集团50.1%股权，合计间接持】
------200----------------------------------------------------------
Some as NewsModel18:02:58
【2019-06-02 06:04:58/【大连港：实控人拟变更为招商局集团】 大连港晚间公告，辽宁省国资委拟将其持有的公司间接控股股东辽港集团1.1%股权无偿划转给招商局辽宁。此次划转前，辽宁省国资委持有辽港集团50.1%股权，合计间接持】
------200----------------------------------------------------------
Some as NewsModel18:02:58
【2019-06-02 06:05:58/【大连港：实控人拟变更为招商局集团】 大连港晚间公告，辽宁省国资委拟将其持有的公司间接控股股东辽港集团1.1%股权无偿划转给招商局辽宁。此次划转前，辽宁省国资委持有辽港集团50.1%股权，合计间接持】
------200----------------------------------------------------------
Some as NewsModel18:02:58
【2019-06-02 06:06:58/【大连港：实控人拟变更为招商局集团】 大连港晚间公告，辽宁省国资委拟将其持有的公司间接控股股东辽港集团1.1%股权无偿划转给招商局辽宁。此次划转前，辽宁省国资委持有辽港集团50.1%股权，合计间接持】
------200----------------------------------------------------------
Some as NewsModel18:02:58
【2019-06-02 06:07:58/【大连港：实控人拟变更为招商局集团】 大连港晚间公告，辽宁省国资委拟将其持有的公司间接控股股东辽港集团1.1%股权无偿划转给招商局辽宁。此次划转前，辽宁省国资委持有辽港集团50.1%股权，合计间接持】
------200----------------------------------------------------------
Some as NewsModel18:02:58
【2019-06-02 06:08:58/【大连港：实控人拟变更为招商局集团】 大连港晚间公告，辽宁省国资委拟将其持有的公司间接控股股东辽港集团1.1%股权无偿划转给招商局辽宁。此次划转前，辽宁省国资委持有辽港集团50.1%股权，合计间接持】
------200----------------------------------------------------------
Some as NewsModel18:02:58
【2019-06-02 06:09:57/【大连港：实控人拟变更为招商局集团】 大连港晚间公告，辽宁省国资委拟将其持有的公司间接控股股东辽港集团1.1%股权无偿划转给招商局辽宁。此次划转前，辽宁省国资委持有辽港集团50.1%股权，合计间接持】
------200----------------------------------------------------------
Some as NewsModel18:02:57
【2019-06-02 06:10:58/获取最新新闻】
------200----------------------------------------------------------
{"url":"/brief/100209717.html","hm":"18:10","datekey":"2019.06.02","newcontent":"让价分别为5.29亿元、1.3亿元。转让完成后，卢凤仙持股比例降至33.92%，周静不再持有公司股份，盐城东方将持有公司14.08%股份。盐城东方为国有独资企业，此次股份转让已取得其股东盐城经济技术开发区管委会的批准。","indexTitle":"【立霸股份：盐城国资系企业拟受让公司14.08%股份】 立霸股份晚间公告，公司控股股东卢凤仙及其外甥女周静，拟以21.09元/股，分别向盐城东方投资开发集团有限公司协议转让公司11.3075%、2.7755%股份，转","important":false,"id":"100209717","hasimage":false,"hasvideo":false,"istop":false,"hasrelated":false,"hasvote":false,"createTime":"2019-06-02T18:10:00"}
【2019-06-02 06:11:58/【立霸股份：盐城国资系企业拟受让公司14.08%股份】 立霸股份晚间公告，公司控股股东卢凤仙及其外甥女周静，拟以21.09元/股，分别向盐城东方投资开发集团有限公司协议转让公司11.3075%、2.7755%股份，转】
------200----------------------------------------------------------
Some as NewsModel18:02:58
【2019-06-02 06:12:58/获取最新新闻】
------200----------------------------------------------------------
{"url":"/brief/100209718.html","hm":"18:12","datekey":"2019.06.02","newcontent":"Linxens相关资产于2018年出资设立，旗下核心资产Linxens主营业务为设计与生产智能安全芯片微连接器、RFID嵌体及天线和超轻薄柔性LED灯带，是全球销售规模最大的智能安全芯片组件生产厂商之一。","indexTitle":"【紫光国微：拟180亿元收购安全芯片组件生产商Linxens】 紫光国微晚间披露重大资产重组预案，公司拟通过发行股份的方式，购买公司同一控制人旗下的紫光联盛100%股权，价格初步约定为180亿元。紫光联盛为持股型公司，为收购","important":true,"id":"100209718","hasimage":false,"hasvideo":false,"istop":false,"hasrelated":false,"hasvote":false,"createTime":"2019-06-02T18:12:00"}
【2019-06-02 06:13:58/【紫光国微：拟180亿元收购安全芯片组件生产商Linxens】 紫光国微晚间披露重大资产重组预案，公司拟通过发行股份的方式，购买公司同一控制人旗下的紫光联盛100%股权，价格初步约定为180亿元。紫光联盛为持股型公司，为收购】
------200----------------------------------------------------------
Some as NewsModel18:02:58
【2019-06-02 06:14:58/获取最新新闻】
------200----------------------------------------------------------
{"url":"/brief/100209720.html","hm":"18:14","datekey":"2019.06.02","newcontent":"方米，建筑面积2.53万平方米，合计涉及征收补偿金3亿元。天衡药业将在2023年5月31日之前完成拆迁，交易完成后，公司将增加资产处置收益。天衡药业目前正着手购置新的土地用于原有土地搬迁完成后的生产经营。","indexTitle":"【福安药业：子公司厂房被征收 将获3亿元补偿金】 福安药业晚间公告，公司子公司天衡药业与宁波市镇海区庄市街道房屋拆迁事务所签订《非住宅用房征收货币补偿协议》。此次房屋征收涉及天衡药业工业厂房土地面积6.13万平","important":false,"id":"100209720","hasimage":false,"hasvideo":false,"istop":false,"hasrelated":false,"hasvote":false,"createTime":"2019-06-02T18:14:00"}
【2019-06-02 06:15:58/【福安药业：子公司厂房被征收 将获3亿元补偿金】 福安药业晚间公告，公司子公司天衡药业与宁波市镇海区庄市街道房屋拆迁事务所签订《非住宅用房征收货币补偿协议》。此次房屋征收涉及天衡药业工业厂房土地面积6.13万平】
------200----------------------------------------------------------
Some as NewsModel18:02:58
【2019-06-02 06:16:58/【福安药业：子公司厂房被征收 将获3亿元补偿金】 福安药业晚间公告，公司子公司天衡药业与宁波市镇海区庄市街道房屋拆迁事务所签订《非住宅用房征收货币补偿协议》。此次房屋征收涉及天衡药业工业厂房土地面积6.13万平】
------200----------------------------------------------------------
Some as NewsModel18:02:58
【2019-06-02 06:17:57/【福安药业：子公司厂房被征收 将获3亿元补偿金】 福安药业晚间公告，公司子公司天衡药业与宁波市镇海区庄市街道房屋拆迁事务所签订《非住宅用房征收货币补偿协议》。此次房屋征收涉及天衡药业工业厂房土地面积6.13万平】
------200----------------------------------------------------------
Some as NewsModel18:02:57
【2019-06-02 06:18:58/【福安药业：子公司厂房被征收 将获3亿元补偿金】 福安药业晚间公告，公司子公司天衡药业与宁波市镇海区庄市街道房屋拆迁事务所签订《非住宅用房征收货币补偿协议》。此次房屋征收涉及天衡药业工业厂房土地面积6.13万平】
------200----------------------------------------------------------
Some as NewsModel18:02:58
【2019-06-02 06:19:57/【福安药业：子公司厂房被征收 将获3亿元补偿金】 福安药业晚间公告，公司子公司天衡药业与宁波市镇海区庄市街道房屋拆迁事务所签订《非住宅用房征收货币补偿协议》。此次房屋征收涉及天衡药业工业厂房土地面积6.13万平】
------200----------------------------------------------------------
Some as NewsModel18:02:57
【2019-06-02 06:20:58/【福安药业：子公司厂房被征收 将获3亿元补偿金】 福安药业晚间公告，公司子公司天衡药业与宁波市镇海区庄市街道房屋拆迁事务所签订《非住宅用房征收货币补偿协议》。此次房屋征收涉及天衡药业工业厂房土地面积6.13万平】
------200----------------------------------------------------------
Some as NewsModel18:02:58
【2019-06-02 06:21:58/【福安药业：子公司厂房被征收 将获3亿元补偿金】 福安药业晚间公告，公司子公司天衡药业与宁波市镇海区庄市街道房屋拆迁事务所签订《非住宅用房征收货币补偿协议》。此次房屋征收涉及天衡药业工业厂房土地面积6.13万平】
------200----------------------------------------------------------
Some as NewsModel18:02:58
【2019-06-02 06:22:58/【福安药业：子公司厂房被征收 将获3亿元补偿金】 福安药业晚间公告，公司子公司天衡药业与宁波市镇海区庄市街道房屋拆迁事务所签订《非住宅用房征收货币补偿协议》。此次房屋征收涉及天衡药业工业厂房土地面积6.13万平】
------200----------------------------------------------------------
Some as NewsModel18:02:58
【2019-06-02 06:23:58/【福安药业：子公司厂房被征收 将获3亿元补偿金】 福安药业晚间公告，公司子公司天衡药业与宁波市镇海区庄市街道房屋拆迁事务所签订《非住宅用房征收货币补偿协议》。此次房屋征收涉及天衡药业工业厂房土地面积6.13万平】
------200----------------------------------------------------------
Some as NewsModel18:02:58
【2019-06-02 06:24:58/【福安药业：子公司厂房被征收 将获3亿元补偿金】 福安药业晚间公告，公司子公司天衡药业与宁波市镇海区庄市街道房屋拆迁事务所签订《非住宅用房征收货币补偿协议》。此次房屋征收涉及天衡药业工业厂房土地面积6.13万平】
------200----------------------------------------------------------
Some as NewsModel18:02:58
【2019-06-02 06:25:58/【福安药业：子公司厂房被征收 将获3亿元补偿金】 福安药业晚间公告，公司子公司天衡药业与宁波市镇海区庄市街道房屋拆迁事务所签订《非住宅用房征收货币补偿协议》。此次房屋征收涉及天衡药业工业厂房土地面积6.13万平】
------200----------------------------------------------------------
Some as NewsModel18:02:58
【2019-06-02 06:26:58/【福安药业：子公司厂房被征收 将获3亿元补偿金】 福安药业晚间公告，公司子公司天衡药业与宁波市镇海区庄市街道房屋拆迁事务所签订《非住宅用房征收货币补偿协议》。此次房屋征收涉及天衡药业工业厂房土地面积6.13万平】
------200----------------------------------------------------------
Some as NewsModel18:02:58
【2019-06-02 06:27:58/【福安药业：子公司厂房被征收 将获3亿元补偿金】 福安药业晚间公告，公司子公司天衡药业与宁波市镇海区庄市街道房屋拆迁事务所签订《非住宅用房征收货币补偿协议》。此次房屋征收涉及天衡药业工业厂房土地面积6.13万平】
------200----------------------------------------------------------
Some as NewsModel18:02:58
【2019-06-02 06:28:58/【福安药业：子公司厂房被征收 将获3亿元补偿金】 福安药业晚间公告，公司子公司天衡药业与宁波市镇海区庄市街道房屋拆迁事务所签订《非住宅用房征收货币补偿协议》。此次房屋征收涉及天衡药业工业厂房土地面积6.13万平】
------200----------------------------------------------------------
Some as NewsModel18:02:58
【2019-06-02 06:29:57/【福安药业：子公司厂房被征收 将获3亿元补偿金】 福安药业晚间公告，公司子公司天衡药业与宁波市镇海区庄市街道房屋拆迁事务所签订《非住宅用房征收货币补偿协议》。此次房屋征收涉及天衡药业工业厂房土地面积6.13万平】
------200----------------------------------------------------------
Some as NewsModel18:02:57
【2019-06-02 06:30:58/【福安药业：子公司厂房被征收 将获3亿元补偿金】 福安药业晚间公告，公司子公司天衡药业与宁波市镇海区庄市街道房屋拆迁事务所签订《非住宅用房征收货币补偿协议》。此次房屋征收涉及天衡药业工业厂房土地面积6.13万平】
------200----------------------------------------------------------
Some as NewsModel18:02:58
【2019-06-02 06:31:58/【福安药业：子公司厂房被征收 将获3亿元补偿金】 福安药业晚间公告，公司子公司天衡药业与宁波市镇海区庄市街道房屋拆迁事务所签订《非住宅用房征收货币补偿协议》。此次房屋征收涉及天衡药业工业厂房土地面积6.13万平】
------200----------------------------------------------------------
Some as NewsModel18:02:58
【2019-06-02 06:32:58/【福安药业：子公司厂房被征收 将获3亿元补偿金】 福安药业晚间公告，公司子公司天衡药业与宁波市镇海区庄市街道房屋拆迁事务所签订《非住宅用房征收货币补偿协议》。此次房屋征收涉及天衡药业工业厂房土地面积6.13万平】
------200----------------------------------------------------------
Some as NewsModel18:02:58
【2019-06-02 06:33:58/【福安药业：子公司厂房被征收 将获3亿元补偿金】 福安药业晚间公告，公司子公司天衡药业与宁波市镇海区庄市街道房屋拆迁事务所签订《非住宅用房征收货币补偿协议》。此次房屋征收涉及天衡药业工业厂房土地面积6.13万平】
------200----------------------------------------------------------
Some as NewsModel18:02:58
【2019-06-02 06:34:58/获取最新新闻】
------200----------------------------------------------------------
{"url":"/brief/100209730.html","hm":"18:34","datekey":"2019.06.02","newcontent":"","indexTitle":"【广州证券部分员工近日将到中信证券工作】 从知情人士处获悉，中信证券收购广州证券事项正在推进，部分广州证券核心业务部门的员工近日将会到中信证券工作。（中证报）","important":true,"id":"100209730","hasimage":false,"hasvideo":false,"istop":false,"hasrelated":false,"hasvote":false,"createTime":"2019-06-02T18:34:00"}
【2019-06-02 06:35:58/【广州证券部分员工近日将到中信证券工作】 从知情人士处获悉，中信证券收购广州证券事项正在推进，部分广州证券核心业务部门的员工近日将会到中信证券工作。（中证报）】
------200----------------------------------------------------------
Some as NewsModel18:02:58
【2019-06-02 06:36:58/【广州证券部分员工近日将到中信证券工作】 从知情人士处获悉，中信证券收购广州证券事项正在推进，部分广州证券核心业务部门的员工近日将会到中信证券工作。（中证报）】
------200----------------------------------------------------------
Some as NewsModel18:02:58
【2019-06-02 06:37:58/【广州证券部分员工近日将到中信证券工作】 从知情人士处获悉，中信证券收购广州证券事项正在推进，部分广州证券核心业务部门的员工近日将会到中信证券工作。（中证报）】
------200----------------------------------------------------------
Some as NewsModel18:02:58
【2019-06-02 06:38:58/【广州证券部分员工近日将到中信证券工作】 从知情人士处获悉，中信证券收购广州证券事项正在推进，部分广州证券核心业务部门的员工近日将会到中信证券工作。（中证报）】
------200----------------------------------------------------------
Some as NewsModel18:02:58
【2019-06-02 06:39:58/【广州证券部分员工近日将到中信证券工作】 从知情人士处获悉，中信证券收购广州证券事项正在推进，部分广州证券核心业务部门的员工近日将会到中信证券工作。（中证报）】
------200----------------------------------------------------------
Some as NewsModel18:02:58
【2019-06-02 06:40:58/【广州证券部分员工近日将到中信证券工作】 从知情人士处获悉，中信证券收购广州证券事项正在推进，部分广州证券核心业务部门的员工近日将会到中信证券工作。（中证报）】
------200----------------------------------------------------------
Some as NewsModel18:02:58
【2019-06-02 06:41:58/【广州证券部分员工近日将到中信证券工作】 从知情人士处获悉，中信证券收购广州证券事项正在推进，部分广州证券核心业务部门的员工近日将会到中信证券工作。（中证报）】
------200----------------------------------------------------------
Some as NewsModel18:02:58
【2019-06-02 06:42:57/【广州证券部分员工近日将到中信证券工作】 从知情人士处获悉，中信证券收购广州证券事项正在推进，部分广州证券核心业务部门的员工近日将会到中信证券工作。（中证报）】
------200----------------------------------------------------------
Some as NewsModel18:02:57
【2019-06-02 06:43:58/【广州证券部分员工近日将到中信证券工作】 从知情人士处获悉，中信证券收购广州证券事项正在推进，部分广州证券核心业务部门的员工近日将会到中信证券工作。（中证报）】
------200----------------------------------------------------------
Some as NewsModel18:02:58
【2019-06-02 06:44:58/【广州证券部分员工近日将到中信证券工作】 从知情人士处获悉，中信证券收购广州证券事项正在推进，部分广州证券核心业务部门的员工近日将会到中信证券工作。（中证报）】
------200----------------------------------------------------------
Some as NewsModel18:02:58
【2019-06-02 06:45:58/获取最新新闻】
------200----------------------------------------------------------
{"url":"/brief/100209734.html","hm":"18:45","datekey":"2019.06.02","newcontent":"与公司重组，打造全球钢铁业的引领者*ST厦工：子公司将获焦作高新区区属国企战略入股，推动业务快速发展恒林股份：孙公司拟逾4亿元收购瑞士FFL，公司全球化布局迈进一步中润资源：终止重大资产重组，未来将挖掘存量价值择机外延扩张海南橡胶：与上期所签订合作备忘录，有利于提升胶农割胶、交胶积极性诚益通：拟境外设子公司，拓展北美工业大麻种植及提取业务【增减持】普莱柯：获中信农业方面增持，拟5000万元至1.5亿元继续增持【经营情况】天邑股份：预中标中国移动智能家庭网关项目，促进未来业绩增长海能达：再次中标南京市公安局数字集群系统相关项目科陆电子：中标华云集团采购项目，将积极影响公司经营业绩","indexTitle":"【晚间重要公告汇总】 6月2日晚间，沪深两市多家上市公司发布公告，以下是第一财经对一些重要公告的解读，供投资者参考：【重大事项】马钢股份：中国宝武","important":true,"id":"100209734","hasimage":false,"hasvideo":false,"istop":false,"hasrelated":false,"hasvote":false,"createTime":"2019-06-02T18:45:00"}
【2019-06-02 06:46:58/【晚间重要公告汇总】 6月2日晚间，沪深两市多家上市公司发布公告，以下是第一财经对一些重要公告的解读，供投资者参考：【重大事项】马钢股份：中国宝武】
------200----------------------------------------------------------
Some as NewsModel18:02:58
【2019-06-02 06:47:58/【晚间重要公告汇总】 6月2日晚间，沪深两市多家上市公司发布公告，以下是第一财经对一些重要公告的解读，供投资者参考：【重大事项】马钢股份：中国宝武】
------200----------------------------------------------------------
Some as NewsModel18:02:58
【2019-06-02 06:48:58/【晚间重要公告汇总】 6月2日晚间，沪深两市多家上市公司发布公告，以下是第一财经对一些重要公告的解读，供投资者参考：【重大事项】紫光国微：拟180】
------200----------------------------------------------------------
Some as NewsModel18:02:58
【2019-06-02 06:49:58/【晚间重要公告汇总】 6月2日晚间，沪深两市多家上市公司发布公告，以下是重要公告汇总，供投资者参考：【重大事项】紫光国微：拟180亿元收购安全芯片】
------200----------------------------------------------------------
Some as NewsModel18:02:58
【2019-06-02 06:50:57/【晚间重要公告汇总】 6月2日晚间，沪深两市多家上市公司发布公告，以下是重要公告汇总，供投资者参考：【重大事项】紫光国微：拟180亿元收购安全芯片】
------200----------------------------------------------------------
Some as NewsModel18:02:57
【2019-06-02 06:51:58/【晚间重要公告汇总】 6月2日晚间，沪深两市多家上市公司发布公告，以下是重要公告汇总，供投资者参考：【重大事项】紫光国微：拟180亿元收购安全芯片】
------200----------------------------------------------------------
Some as NewsModel18:02:58
【2019-06-02 06:52:57/【晚间重要公告汇总】 6月2日晚间，沪深两市多家上市公司发布公告，以下是重要公告汇总，供投资者参考：【重大事项】紫光国微：拟180亿元收购安全芯片】
------200----------------------------------------------------------
Some as NewsModel18:02:57
【2019-06-02 06:53:58/【晚间重要公告汇总】 6月2日晚间，沪深两市多家上市公司发布公告，以下是重要公告汇总，供投资者参考：【重大事项】紫光国微：拟180亿元收购安全芯片】
------200----------------------------------------------------------
Some as NewsModel18:02:58
【2019-06-02 06:54:58/【晚间重要公告汇总】 6月2日晚间，沪深两市多家上市公司发布公告，以下是重要公告汇总，供投资者参考：【重大事项】紫光国微：拟180亿元收购安全芯片】
------200----------------------------------------------------------
Some as NewsModel18:02:58
【2019-06-02 06:55:57/【晚间重要公告汇总】 6月2日晚间，沪深两市多家上市公司发布公告，以下是重要公告汇总，供投资者参考：【重大事项】紫光国微：拟180亿元收购安全芯片】
------200----------------------------------------------------------
Some as NewsModel18:02:57
【2019-06-02 06:56:58/【晚间重要公告汇总】 6月2日晚间，沪深两市多家上市公司发布公告，以下是重要公告汇总，供投资者参考：【重大事项】紫光国微：拟180亿元收购安全芯片】
------200----------------------------------------------------------
Some as NewsModel18:02:58
【2019-06-02 06:57:58/【晚间重要公告汇总】 6月2日晚间，沪深两市多家上市公司发布公告，以下是重要公告汇总，供投资者参考：【重大事项】紫光国微：拟180亿元收购安全芯片】
------200----------------------------------------------------------
Some as NewsModel18:02:58
【2019-06-02 06:58:58/【晚间重要公告汇总】 6月2日晚间，沪深两市多家上市公司发布公告，以下是重要公告汇总，供投资者参考：【重大事项】紫光国微：拟180亿元收购安全芯片】
------200----------------------------------------------------------
Some as NewsModel18:02:58
【2019-06-02 06:59:58/【晚间重要公告汇总】 6月2日晚间，沪深两市多家上市公司发布公告，以下是重要公告汇总，供投资者参考：【重大事项】紫光国微：拟180亿元收购安全芯片】
------200----------------------------------------------------------
Some as NewsModel18:02:58
【2019-06-02 07:00:58/【晚间重要公告汇总】 6月2日晚间，沪深两市多家上市公司发布公告，以下是重要公告汇总，供投资者参考：【重大事项】紫光国微：拟180亿元收购安全芯片】
------200----------------------------------------------------------
Some as NewsModel19:02:58
【2019-06-02 07:01:58/【晚间重要公告汇总】 6月2日晚间，沪深两市多家上市公司发布公告，以下是重要公告汇总，供投资者参考：【重大事项】紫光国微：拟180亿元收购安全芯片】
------200----------------------------------------------------------
Some as NewsModel19:02:58
【2019-06-02 07:02:58/获取最新新闻】
------200----------------------------------------------------------
{"url":"/brief/100209737.html","hm":"19:02","datekey":"2019.06.02","newcontent":"","indexTitle":"【证监会主席易会满：我国资本市场韧性增强 抗风险能力提高】 中国证监会主席易会满在接受记者采访时表示，中美经贸摩擦对资本市场影响是客观存在的，但程度是可控的。我国资本市场的韧性在增强，抗风险能力在提高。（央视新闻）","important":true,"id":"100209737","hasimage":false,"hasvideo":false,"istop":false,"hasrelated":false,"hasvote":false,"createTime":"2019-06-02T19:02:00"}
【2019-06-02 07:03:58/【证监会主席易会满：我国资本市场韧性增强 抗风险能力提高】 中国证监会主席易会满在接受记者采访时表示，中美经贸摩擦对资本市场影响是客观存在的，但程度是可控的。我国资本市场的韧性在增强，抗风险能力在提高。（央视新闻）】
------200----------------------------------------------------------
Some as NewsModel19:02:58
【2019-06-02 07:04:58/【证监会主席易会满：我国资本市场韧性增强 抗风险能力提高】 中国证监会主席易会满在接受记者采访时表示，中美经贸摩擦对资本市场影响是客观存在的，但程度是可控的。我国资本市场的韧性在增强，抗风险能力在提高。（央视新闻）】
------200----------------------------------------------------------
Some as NewsModel19:02:58
【2019-06-02 07:05:58/【证监会主席易会满：我国资本市场韧性增强 抗风险能力提高】 中国证监会主席易会满在接受记者采访时表示，中美经贸摩擦对资本市场影响是客观存在的，但程度是可控的。我国资本市场的韧性在增强，抗风险能力在提高。（央视新闻）】
------200----------------------------------------------------------
Some as NewsModel19:02:58
【2019-06-02 07:06:58/获取最新新闻】
------200----------------------------------------------------------
{"url":"/brief/100209741.html","hm":"19:06","datekey":"2019.06.02","newcontent":"","indexTitle":"【快讯】 易会满表示，设立科创板并试点注册制改革已进入冲刺阶段，这项改革不仅会在关键制度创新上实现突破，还将成为改革的试验田，进而带动资本市场的全面深化改革。","important":true,"id":"100209741","hasimage":false,"hasvideo":false,"istop":false,"hasrelated":false,"hasvote":false,"createTime":"2019-06-02T19:06:00"}
【2019-06-02 07:07:57/【快讯】 易会满表示，设立科创板并试点注册制改革已进入冲刺阶段，这项改革不仅会在关键制度创新上实现突破，还将成为改革的试验田，进而带动资本市场的全面深化改革。】
------200----------------------------------------------------------
Some as NewsModel19:02:57
【2019-06-02 07:08:58/获取最新新闻】
------200----------------------------------------------------------
{"url":"/brief/100209745.html","hm":"19:07","datekey":"2019.06.02","newcontent":"一步证监会将深化和完善境内外股票市场互联互通机制，逐步扩大交易所债券市场的对外开放，进一步提升期货市场的对外开放水平。","indexTitle":"【快讯】 易会满表示，中国资本市场的改革将一如既往在更加开放的市场环境中推进。目前，证监会已经将合资证券、基金管理和期货公司的外资股比限制提至51%，且三年后不再设限。下","important":true,"id":"100209745","hasimage":false,"hasvideo":false,"istop":false,"hasrelated":false,"hasvote":false,"createTime":"2019-06-02T19:07:00"}
【2019-06-02 07:09:57/【快讯】 易会满表示，中国资本市场的改革将一如既往在更加开放的市场环境中推进。目前，证监会已经将合资证券、基金管理和期货公司的外资股比限制提至51%，且三年后不再设限。下】
------200----------------------------------------------------------
Some as NewsModel19:02:57
【2019-06-02 07:10:58/【快讯】 易会满表示，中国资本市场的改革将一如既往在更加开放的市场环境中推进。目前，证监会已经将合资证券、基金管理和期货公司的外资股比限制提至51%，且三年后不再设限。下】
------200----------------------------------------------------------
Some as NewsModel19:02:58
【2019-06-02 07:11:57/【快讯】 易会满表示，中国资本市场的改革将一如既往在更加开放的市场环境中推进。目前，证监会已经将合资证券、基金管理和期货公司的外资股比限制提至51%，且三年后不再设限。下】
------200----------------------------------------------------------
Some as NewsModel19:02:57
【2019-06-02 07:12:58/【快讯】 易会满表示，中国资本市场的改革将一如既往在更加开放的市场环境中推进。目前，证监会已经将合资证券、基金管理和期货公司的外资股比限制提至51%，且三年后不再设限。下】
------200----------------------------------------------------------
Some as NewsModel19:02:58
【2019-06-02 07:13:58/【快讯】 易会满表示，中国资本市场的改革将一如既往在更加开放的市场环境中推进。目前，证监会已经将合资证券、基金管理和期货公司的外资股比限制提至51%，且三年后不再设限。下】
------200----------------------------------------------------------
Some as NewsModel19:02:58
【2019-06-02 07:14:57/【快讯】 易会满表示，中国资本市场的改革将一如既往在更加开放的市场环境中推进。目前，证监会已经将合资证券、基金管理和期货公司的外资股比限制提至51%，且三年后不再设限。下】
------200----------------------------------------------------------
Some as NewsModel19:02:57
【2019-06-02 07:15:58/【易会满：证监会将深化和完善境内外股票市场互联互通机制】 易会满表示，中国资本市场的改革将一如既往在更加开放的市场环境中推进。目前，证监会已经将合资证券、基金管理和期货公司的外资股比限制提至51%，且三年后不再设限。下】
------200----------------------------------------------------------
Some as NewsModel19:02:58
【2019-06-02 07:16:57/【易会满：证监会将深化和完善境内外股票市场互联互通机制】 易会满表示，中国资本市场的改革将一如既往在更加开放的市场环境中推进。目前，证监会已经将合资证券、基金管理和期货公司的外资股比限制提至51%，且三年后不再设限。下】
------200----------------------------------------------------------
Some as NewsModel19:02:57
【2019-06-02 07:17:58/【易会满：证监会将深化和完善境内外股票市场互联互通机制】 易会满表示，中国资本市场的改革将一如既往在更加开放的市场环境中推进。目前，证监会已经将合资证券、基金管理和期货公司的外资股比限制提至51%，且三年后不再设限。下】
------200----------------------------------------------------------
Some as NewsModel19:02:58
【2019-06-02 07:18:57/【易会满：证监会将深化和完善境内外股票市场互联互通机制】 易会满表示，中国资本市场的改革将一如既往在更加开放的市场环境中推进。目前，证监会已经将合资证券、基金管理和期货公司的外资股比限制提至51%，且三年后不再设限。下】
------200----------------------------------------------------------
Some as NewsModel19:02:57
【2019-06-02 07:19:58/【易会满：证监会将深化和完善境内外股票市场互联互通机制】 证监会主席易会满表示，中国资本市场的改革将一如既往在更加开放的市场环境中推进。目前，证监会已经将合资证券、基金管理和期货公司的外资股比限制提至51%，且三年后不】
------200----------------------------------------------------------
Some as NewsModel19:02:58
【2019-06-02 07:20:57/【易会满：证监会将深化和完善境内外股票市场互联互通机制】 证监会主席易会满表示，中国资本市场的改革将一如既往在更加开放的市场环境中推进。目前，证监会已经将合资证券、基金管理和期货公司的外资股比限制提至51%，且三年后不】
------200----------------------------------------------------------
Some as NewsModel19:02:57
【2019-06-02 07:21:58/获取最新新闻】
------200----------------------------------------------------------
{"url":"/brief/100209752.html","hm":"19:21","datekey":"2019.06.02","newcontent":"前，上证综指市盈率为13倍，低于美国道琼斯（19倍）、法国CAC40（19倍）、日经225（16倍）、德国DAX30（16倍）、英国富时100（17倍）等全球主要股指。处于历史低位的市场估值显示了市场发展的巨大潜力。","indexTitle":"【易会满：处于历史低位的市场估值显示了市场发展的巨大潜力】 证监会主席易会满表示，经济基本面为资本市场提供了有力支撑。一系列深化改革开放和提振实体经济的政策举措正逐步落地，经济稳中向好的总体判断符合当前实际和今后走向。当","important":true,"id":"100209752","hasimage":false,"hasvideo":false,"istop":false,"hasrelated":false,"hasvote":false,"createTime":"2019-06-02T19:21:00"}
【2019-06-02 07:22:57/【易会满：处于历史低位的市场估值显示了市场发展的巨大潜力】 证监会主席易会满表示，经济基本面为资本市场提供了有力支撑。一系列深化改革开放和提振实体经济的政策举措正逐步落地，经济稳中向好的总体判断符合当前实际和今后走向。当】
------200----------------------------------------------------------
Some as NewsModel19:02:57
【2019-06-02 07:23:58/【易会满：处于历史低位的市场估值显示了市场发展的巨大潜力】 证监会主席易会满表示，经济基本面为资本市场提供了有力支撑。一系列深化改革开放和提振实体经济的政策举措正逐步落地，经济稳中向好的总体判断符合当前实际和今后走向。当】
------200----------------------------------------------------------
Some as NewsModel19:02:58
【2019-06-02 07:24:57/【易会满：处于历史低位的市场估值显示了市场发展的巨大潜力】 证监会主席易会满表示，经济基本面为资本市场提供了有力支撑。一系列深化改革开放和提振实体经济的政策举措正逐步落地，经济稳中向好的总体判断符合当前实际和今后走向。当】
------200----------------------------------------------------------
Some as NewsModel19:02:57
【2019-06-02 07:25:58/【易会满：处于历史低位的市场估值显示了市场发展的巨大潜力】 证监会主席易会满表示，经济基本面为资本市场提供了有力支撑。一系列深化改革开放和提振实体经济的政策举措正逐步落地，经济稳中向好的总体判断符合当前实际和今后走向。当】
------200----------------------------------------------------------
Some as NewsModel19:02:58
【2019-06-02 07:26:57/【易会满：处于历史低位的市场估值显示了市场发展的巨大潜力】 证监会主席易会满表示，经济基本面为资本市场提供了有力支撑。一系列深化改革开放和提振实体经济的政策举措正逐步落地，经济稳中向好的总体判断符合当前实际和今后走向。当】
------200----------------------------------------------------------
Some as NewsModel19:02:57
【2019-06-02 07:27:58/获取最新新闻】
------200----------------------------------------------------------
{"url":"/brief/100209754.html","hm":"19:25","datekey":"2019.06.02","newcontent":"2万亿，只有2015年的20%，杠杆消化了80%。易会满表示，私募基金按行业整体机构数量，风险发生率为0.39%；交易所债券市场违约率到去年（2018年）底为0.96%；股票质押触及平仓线的市值比例较小；场外配资总体呈现点状、散状，有关风险处置已取得阶段性成果。（央视新闻）","indexTitle":"【易会满：场外配资总体呈现点状、散状，有关风险处置已取得阶段性成果】 证监会主席易会满表示，对资本市场带来不稳定因素的一些风险，我们觉得总体是可控的，这是判断资本市场持续健康一个非常重要的基础性的判断。我们市场杠杆融资总额只有1.","important":true,"id":"100209754","hasimage":false,"hasvideo":false,"istop":false,"hasrelated":false,"hasvote":false,"createTime":"2019-06-02T19:25:00"}
【2019-06-02 07:28:57/【易会满：场外配资总体呈现点状、散状，有关风险处置已取得阶段性成果】 证监会主席易会满表示，对资本市场带来不稳定因素的一些风险，我们觉得总体是可控的，这是判断资本市场持续健康一个非常重要的基础性的判断。我们市场杠杆融资总额只有1.】
------200----------------------------------------------------------
Some as NewsModel19:02:57
【2019-06-02 07:29:58/【易会满：场外配资总体呈现点状、散状，有关风险处置已取得阶段性成果】 证监会主席易会满表示，对资本市场带来不稳定因素的一些风险，我们觉得总体是可控的，这是判断资本市场持续健康一个非常重要的基础性的判断。我们市场杠杆融资总额只有1.】
------200----------------------------------------------------------
Some as NewsModel19:02:58
【2019-06-02 07:30:57/【易会满：场外配资总体呈现点状、散状，有关风险处置已取得阶段性成果】 证监会主席易会满表示，对资本市场带来不稳定因素的一些风险，我们觉得总体是可控的，这是判断资本市场持续健康一个非常重要的基础性的判断。我们市场杠杆融资总额只有1.】
------200----------------------------------------------------------
Some as NewsModel19:02:57
【2019-06-02 07:31:58/【易会满：场外配资总体呈现点状、散状，有关风险处置已取得阶段性成果】 证监会主席易会满表示，对资本市场带来不稳定因素的一些风险，我们觉得总体是可控的，这是判断资本市场持续健康一个非常重要的基础性的判断。我们市场杠杆融资总额只有1.】
------200----------------------------------------------------------
Some as NewsModel19:02:58
【2019-06-02 07:32:57/【易会满：场外配资总体呈现点状、散状，有关风险处置已取得阶段性成果】 证监会主席易会满表示，对资本市场带来不稳定因素的一些风险，我们觉得总体是可控的，这是判断资本市场持续健康一个非常重要的基础性的判断。我们市场杠杆融资总额只有1.】
------200----------------------------------------------------------
Some as NewsModel19:02:57
【2019-06-02 07:33:58/获取最新新闻】
------200----------------------------------------------------------
{"url":"/brief/100209757.html","hm":"19:32","datekey":"2019.06.02","newcontent":"方式进行。当前金融市场流动性总体充裕，金融风险总体可控，我们有信心坚决维护金融体系的稳定。 ","indexTitle":"【央行：有信心坚决维护金融体系的稳定】 央行：最近，市场上有人担心，接管包商银行后，是否会有其他机构也被接管，请大家放心，目前还没有这个打算。如果哪个机构需要流动性支持，或增资扩股，完全可以通过市场化","important":true,"id":"100209757","hasimage":false,"hasvideo":false,"istop":false,"hasrelated":false,"hasvote":false,"createTime":"2019-06-02T19:32:00"}
【2019-06-02 07:34:58/【央行：有信心坚决维护金融体系的稳定】 央行：最近，市场上有人担心，接管包商银行后，是否会有其他机构也被接管，请大家放心，目前还没有这个打算。如果哪个机构需要流动性支持，或增资扩股，完全可以通过市场化】
------200----------------------------------------------------------
Some as NewsModel19:02:58
【2019-06-02 07:35:58/【央行：有信心坚决维护金融体系的稳定】 央行：最近，市场上有人担心，接管包商银行后，是否会有其他机构也被接管，请大家放心，目前还没有这个打算。如果哪个机构需要流动性支持，或增资扩股，完全可以通过市场化】
------200----------------------------------------------------------
Some as NewsModel19:02:58
【2019-06-02 07:36:57/【央行：有信心坚决维护金融体系的稳定】 央行：最近，市场上有人担心，接管包商银行后，是否会有其他机构也被接管，请大家放心，目前还没有这个打算。如果哪个机构需要流动性支持，或增资扩股，完全可以通过市场化】
------200----------------------------------------------------------
Some as NewsModel19:02:57
【2019-06-02 07:37:58/获取最新新闻】
------200----------------------------------------------------------
{"url":"/brief/100209759.html","hm":"19:37","datekey":"2019.06.02","newcontent":"br />总的看，目前中小银行流动性较为充足，各项流动性指标整体处于正常水平。从货币市场交易情况看，中小银行融资交易规模和占比平稳，未出现大的变化，融资利率与前期持平，融资条件相对宽松。人民银行将继续保持宏观流动性合理充裕，同时密切关注中小银行流动性状况，综合运用多种货币政策工具，维护货币市场平稳运行。当前，人民银行货币政策工具丰富，我们将根据市场情况合理搭配、充分运用。在深化金融供给侧结构性改革过程中，人民银行将把支持中小银行发展作为重要内容，不断丰富支持工具，加大政策力度，不断提高中小银行服务实体经济的能力。 ","indexTitle":"【央行：当前金融市场流动性总体充裕 金融风险总体可控】 央行：近日，人民银行通过公开市场操作、中央国库现金管理等多种方式适时适度投放流动性，银行体系流动性合理充裕，5月末货币市场利率与上月末基本持平，市场情绪稳定。<","important":true,"id":"100209759","hasimage":false,"hasvideo":false,"istop":false,"hasrelated":false,"hasvote":false,"createTime":"2019-06-02T19:37:00"}
【2019-06-02 07:38:58/【央行：当前金融市场流动性总体充裕 金融风险总体可控】 央行：近日，人民银行通过公开市场操作、中央国库现金管理等多种方式适时适度投放流动性，银行体系流动性合理充裕，5月末货币市场利率与上月末基本持平，市场情绪稳定。<】
------200----------------------------------------------------------
Some as NewsModel19:02:58
【2019-06-02 07:39:58/【央行：当前金融市场流动性总体充裕 金融风险总体可控】 央行：近日，人民银行通过公开市场操作、中央国库现金管理等多种方式适时适度投放流动性，银行体系流动性合理充裕，5月末货币市场利率与上月末基本持平，市场情绪稳定。<】
------200----------------------------------------------------------
Some as NewsModel19:02:58
【2019-06-02 07:40:57/【央行：当前金融市场流动性总体充裕 金融风险总体可控】 央行：近日，人民银行通过公开市场操作、中央国库现金管理等多种方式适时适度投放流动性，银行体系流动性合理充裕，5月末货币市场利率与上月末基本持平，市场情绪稳定。<】
------200----------------------------------------------------------
Some as NewsModel19:02:57
【2019-06-02 07:41:58/【央行：当前金融市场流动性总体充裕 金融风险总体可控】 央行：近日，人民银行通过公开市场操作、中央国库现金管理等多种方式适时适度投放流动性，银行体系流动性合理充裕，5月末货币市场利率与上月末基本持平，市场情绪稳定。<】
------200----------------------------------------------------------
Some as NewsModel19:02:58
【2019-06-02 07:42:57/【央行：当前金融市场流动性总体充裕 金融风险总体可控】 央行：近日，人民银行通过公开市场操作、中央国库现金管理等多种方式适时适度投放流动性，银行体系流动性合理充裕，5月末货币市场利率与上月末基本持平，市场情绪稳定。<】
------200----------------------------------------------------------
Some as NewsModel19:02:57
【2019-06-02 07:43:58/【央行：当前金融市场流动性总体充裕 金融风险总体可控】 央行有关负责人答记者问时表示，近日，人民银行通过公开市场操作、中央国库现金管理等多种方式适时适度投放流动性，银行体系流动性合理充裕，5月末货币市场利率与上月末基】
------200----------------------------------------------------------
Some as NewsModel19:02:58
【2019-06-02 07:44:58/【央行：当前金融市场流动性总体充裕 金融风险总体可控】 央行有关负责人答记者问时表示，近日，人民银行通过公开市场操作、中央国库现金管理等多种方式适时适度投放流动性，银行体系流动性合理充裕，5月末货币市场利率与上月末基】
------200----------------------------------------------------------
Some as NewsModel19:02:58
【2019-06-02 07:45:57/【央行：当前金融市场流动性总体充裕 金融风险总体可控】 央行有关负责人答记者问时表示，近日，人民银行通过公开市场操作、中央国库现金管理等多种方式适时适度投放流动性，银行体系流动性合理充裕，5月末货币市场利率与上月末基】
------200----------------------------------------------------------
Some as NewsModel19:02:57
【2019-06-02 07:46:58/【央行：当前金融市场流动性总体充裕 金融风险总体可控】 央行有关负责人答记者问时表示，近日，人民银行通过公开市场操作、中央国库现金管理等多种方式适时适度投放流动性，银行体系流动性合理充裕，5月末货币市场利率与上月末基】
------200----------------------------------------------------------
Some as NewsModel19:02:58
【2019-06-02 07:47:58/【央行：当前金融市场流动性总体充裕 金融风险总体可控】 央行有关负责人答记者问时表示，近日，人民银行通过公开市场操作、中央国库现金管理等多种方式适时适度投放流动性，银行体系流动性合理充裕，5月末货币市场利率与上月末基】
------200----------------------------------------------------------
Some as NewsModel19:02:58
【2019-06-02 07:48:58/【央行：当前金融市场流动性总体充裕 金融风险总体可控】 央行有关负责人答记者问时表示，近日，人民银行通过公开市场操作、中央国库现金管理等多种方式适时适度投放流动性，银行体系流动性合理充裕，5月末货币市场利率与上月末基】
------200----------------------------------------------------------
Some as NewsModel19:02:58
【2019-06-02 07:49:57/【央行：当前金融市场流动性总体充裕 金融风险总体可控】 央行有关负责人答记者问时表示，近日，人民银行通过公开市场操作、中央国库现金管理等多种方式适时适度投放流动性，银行体系流动性合理充裕，5月末货币市场利率与上月末基】
------200----------------------------------------------------------
Some as NewsModel19:02:57
【2019-06-02 07:50:58/获取最新新闻】
------200----------------------------------------------------------
{"url":"/brief/100209767.html","hm":"19:49","datekey":"2019.06.02","newcontent":"间较短的现象，但这是为了规避被收购项目原公司业务经营期间可能存在的风险，因此对部分收购项目采取新设公司承接原有公司业务的模式进行并购重组。（中证网）","indexTitle":"【海王生物：收购新设公司是规避风险的正常安排】 近日，有媒体报道指出，在海王生物2017年收购的标的中，部分是刚成立就被高溢价收购。6月2日，海王生物相关负责人对记者表示，相关标的在被公司收购时确实存在成立时","important":false,"id":"100209767","hasimage":false,"hasvideo":false,"istop":false,"hasrelated":false,"hasvote":false,"createTime":"2019-06-02T19:49:00"}
【2019-06-02 07:51:58/【海王生物：收购新设公司是规避风险的正常安排】 近日，有媒体报道指出，在海王生物2017年收购的标的中，部分是刚成立就被高溢价收购。6月2日，海王生物相关负责人对记者表示，相关标的在被公司收购时确实存在成立时】
------200----------------------------------------------------------
Some as NewsModel19:02:58
【2019-06-02 07:52:58/【海王生物：收购新设公司是规避风险的正常安排】 近日，有媒体报道指出，在海王生物2017年收购的标的中，部分是刚成立就被高溢价收购。6月2日，海王生物相关负责人对记者表示，相关标的在被公司收购时确实存在成立时】
------200----------------------------------------------------------
Some as NewsModel19:02:58
【2019-06-02 07:53:57/【海王生物：收购新设公司是规避风险的正常安排】 近日，有媒体报道指出，在海王生物2017年收购的标的中，部分是刚成立就被高溢价收购。6月2日，海王生物相关负责人对记者表示，相关标的在被公司收购时确实存在成立时】
------200----------------------------------------------------------
Some as NewsModel19:02:57
【2019-06-02 07:54:58/【海王生物：收购新设公司是规避风险的正常安排】 近日，有媒体报道指出，在海王生物2017年收购的标的中，部分是刚成立就被高溢价收购。6月2日，海王生物相关负责人对记者表示，相关标的在被公司收购时确实存在成立时】
------200----------------------------------------------------------
Some as NewsModel19:02:58
【2019-06-02 07:55:57/【海王生物：收购新设公司是规避风险的正常安排】 近日，有媒体报道指出，在海王生物2017年收购的标的中，部分是刚成立就被高溢价收购。6月2日，海王生物相关负责人对记者表示，相关标的在被公司收购时确实存在成立时】
------200----------------------------------------------------------
Some as NewsModel19:02:57
【2019-06-02 07:56:58/获取最新新闻】
------200----------------------------------------------------------
{"url":"/brief/100209772.html","hm":"19:56","datekey":"2019.06.02","newcontent":"有合法承兑汇票合计金额5000万元以上的，由存保公司对承兑金额提供80%的保障；未获保障的剩余20%票据权利，包商银行将协助持票人依法追索。","indexTitle":"【包商银行公告承兑汇票保障安排】 包商银行公告称，对同一持票人持有合法承兑汇票合计金额在5000万元（含）以下的，按原合同及交易规则正常流转和到期付款，存保公司对承兑金额全额保障。对同一持票人持","important":true,"id":"100209772","hasimage":false,"hasvideo":false,"istop":false,"hasrelated":false,"hasvote":false,"createTime":"2019-06-02T19:56:00"}
【2019-06-02 07:57:57/【包商银行公告承兑汇票保障安排】 包商银行公告称，对同一持票人持有合法承兑汇票合计金额在5000万元（含）以下的，按原合同及交易规则正常流转和到期付款，存保公司对承兑金额全额保障。对同一持票人持】
------200----------------------------------------------------------
Some as NewsModel19:02:57
【2019-06-02 07:58:58/【包商银行公告承兑汇票保障安排】 包商银行公告称，对同一持票人持有合法承兑汇票合计金额在5000万元（含）以下的，按原合同及交易规则正常流转和到期付款，存保公司对承兑金额全额保障。对同一持票人持】
------200----------------------------------------------------------
Some as NewsModel19:02:58
【2019-06-02 07:59:57/【包商银行公告承兑汇票保障安排】 包商银行公告称，对同一持票人持有合法承兑汇票合计金额在5000万元（含）以下的，按原合同及交易规则正常流转和到期付款，存保公司对承兑金额全额保障。对同一持票人持】
------200----------------------------------------------------------
Some as NewsModel19:02:57
【2019-06-02 08:00:58/【包商银行公告承兑汇票保障安排】 包商银行公告称，对同一持票人持有合法承兑汇票合计金额在5000万元（含）以下的，按原合同及交易规则正常流转和到期付款，存保公司对承兑金额全额保障。对同一持票人持】
------200----------------------------------------------------------
Some as NewsModel20:02:58
【2019-06-02 08:01:57/【包商银行公告承兑汇票保障安排】 包商银行公告称，对同一持票人持有合法承兑汇票合计金额在5000万元（含）以下的，按原合同及交易规则正常流转和到期付款，存保公司对承兑金额全额保障。对同一持票人持】
------200----------------------------------------------------------
Some as NewsModel20:02:57
【2019-06-02 08:02:58/【包商银行公告承兑汇票保障安排】 包商银行公告称，对同一持票人持有合法承兑汇票合计金额在5000万元（含）以下的，按原合同及交易规则正常流转和到期付款，存保公司对承兑金额全额保障。对同一持票人持】
------200----------------------------------------------------------
Some as NewsModel20:02:58
【2019-06-02 08:03:58/获取最新新闻】
------200----------------------------------------------------------
{"url":"/brief/100209777.html","hm":"20:03","datekey":"2019.06.02","newcontent":"5亿美元。与此同时，国际航协将2018年全球行业税后净利润修正为300亿美元。其中，燃油价格上涨和世界贸易严重疲软导致的航空业商业环境不断恶化是此次国际航协大幅下调2019年全球行业净利润预测的主要原因。（中证网）","indexTitle":"【国际航协大幅下调2019年全球航空运输业净利润预测】 6月2日，在韩国首尔举行的2019年国际航空运输协会年会上，国际航空运输协会大幅下调2019年全球航空运输业净利润至280亿美元，低于2018年12月预测的35","important":false,"id":"100209777","hasimage":false,"hasvideo":false,"istop":false,"hasrelated":false,"hasvote":false,"createTime":"2019-06-02T20:03:00"}
【2019-06-02 08:04:57/【国际航协大幅下调2019年全球航空运输业净利润预测】 6月2日，在韩国首尔举行的2019年国际航空运输协会年会上，国际航空运输协会大幅下调2019年全球航空运输业净利润至280亿美元，低于2018年12月预测的35】
------200----------------------------------------------------------
Some as NewsModel20:02:57
【2019-06-02 08:05:58/获取最新新闻】
------200----------------------------------------------------------
{"url":"/brief/100209778.html","hm":"20:04","datekey":"2019.06.02","newcontent":"司股息率超过10%。在股息率超过10%的13家上市公司中，兰州民百2018年股息率高达35.09%，不仅为两市最高，也创下了A股股息率最高的记录。（数据宝）","indexTitle":"【最高年股息率35%！13股股息率超过10%】 统计显示，以去年末收盘价为基准股价，2018年共有895家A股上市公司的股息率超过一年期银行定期存款利率1.5%，370家上市公司的股息率超过3%，13家上市公","important":false,"id":"100209778","hasimage":true,"hasvideo":false,"istop":false,"hasrelated":false,"hasvote":false,"createTime":"2019-06-02T20:04:00"}
【2019-06-02 08:06:57/【最高年股息率35%！13股股息率超过10%】 统计显示，以去年末收盘价为基准股价，2018年共有895家A股上市公司的股息率超过一年期银行定期存款利率1.5%，370家上市公司的股息率超过3%，13家上市公】
------200----------------------------------------------------------
Some as NewsModel20:02:57
【2019-06-02 08:07:58/【最高年股息率35%！13股股息率超过10%】 统计显示，以去年末收盘价为基准股价，2018年共有895家A股上市公司的股息率超过一年期银行定期存款利率1.5%，370家上市公司的股息率超过3%，13家上市公】
------200----------------------------------------------------------
Some as NewsModel20:02:58
【2019-06-02 08:08:57/【最高年股息率35%！13股股息率超过10%】 统计显示，以去年末收盘价为基准股价，2018年共有895家A股上市公司的股息率超过一年期银行定期存款利率1.5%，370家上市公司的股息率超过3%，13家上市公】
------200----------------------------------------------------------
Some as NewsModel20:02:57
【2019-06-02 08:09:58/【最高年股息率35%！13股股息率超过10%】 统计显示，以去年末收盘价为基准股价，2018年共有895家A股上市公司的股息率超过一年期银行定期存款利率1.5%，370家上市公司的股息率超过3%，13家上市公】
------200----------------------------------------------------------
Some as NewsModel20:02:58
【2019-06-02 08:10:57/【最高年股息率35%！13股股息率超过10%】 统计显示，以去年末收盘价为基准股价，2018年共有895家A股上市公司的股息率超过一年期银行定期存款利率1.5%，370家上市公司的股息率超过3%，13家上市公】
------200----------------------------------------------------------
Some as NewsModel20:02:57
【2019-06-02 08:11:58/【最高年股息率35%！13股股息率超过10%】 统计显示，以去年末收盘价为基准股价，2018年共有895家A股上市公司的股息率超过一年期银行定期存款利率1.5%，370家上市公司的股息率超过3%，13家上市公】
------200----------------------------------------------------------
Some as NewsModel20:02:58
【2019-06-02 08:12:58/【最高年股息率35%！13股股息率超过10%】 统计显示，以去年末收盘价为基准股价，2018年共有895家A股上市公司的股息率超过一年期银行定期存款利率1.5%，370家上市公司的股息率超过3%，13家上市公】
------200----------------------------------------------------------
Some as NewsModel20:02:58
【2019-06-02 08:13:58/【最高年股息率35%！13股股息率超过10%】 统计显示，以去年末收盘价为基准股价，2018年共有895家A股上市公司的股息率超过一年期银行定期存款利率1.5%，370家上市公司的股息率超过3%，13家上市公】
------200----------------------------------------------------------
Some as NewsModel20:02:58
【2019-06-02 08:14:57/【最高年股息率35%！13股股息率超过10%】 统计显示，以去年末收盘价为基准股价，2018年共有895家A股上市公司的股息率超过一年期银行定期存款利率1.5%，370家上市公司的股息率超过3%，13家上市公】
------200----------------------------------------------------------
Some as NewsModel20:02:57
【2019-06-02 08:15:58/获取最新新闻】
------200----------------------------------------------------------
{"url":"/brief/100209784.html","hm":"20:14","datekey":"2019.06.02","newcontent":"占解禁总市值的71.53%。（数据宝）","indexTitle":"【600亿市值下周解禁 3股解禁市值超百亿】 统计显示，以最新收盘价计算，下周解禁总市值为632.51亿元。其中有3只个股解禁市值超百亿元，分别是苏宁易购、中国核建与联美控股，合计解禁市值452.43亿元，","important":false,"id":"100209784","hasimage":true,"hasvideo":false,"istop":false,"hasrelated":false,"hasvote":false,"createTime":"2019-06-02T20:14:00"}
【2019-06-02 08:16:57/【600亿市值下周解禁 3股解禁市值超百亿】 统计显示，以最新收盘价计算，下周解禁总市值为632.51亿元。其中有3只个股解禁市值超百亿元，分别是苏宁易购、中国核建与联美控股，合计解禁市值452.43亿元，】
------200----------------------------------------------------------
Some as NewsModel20:02:57
【2019-06-02 08:17:58/【600亿市值下周解禁 3股解禁市值超百亿】 统计显示，以最新收盘价计算，下周解禁总市值为632.51亿元。其中有3只个股解禁市值超百亿元，分别是苏宁易购、中国核建与联美控股，合计解禁市值452.43亿元，】
------200----------------------------------------------------------
Some as NewsModel20:02:58
【2019-06-02 08:18:58/【600亿市值下周解禁 3股解禁市值超百亿】 统计显示，以最新收盘价计算，下周解禁总市值为632.51亿元。其中有3只个股解禁市值超百亿元，分别是苏宁易购、中国核建与联美控股，合计解禁市值452.43亿元，】
------200----------------------------------------------------------
Some as NewsModel20:02:58
【2019-06-02 08:19:57/【600亿市值下周解禁 3股解禁市值超百亿】 统计显示，以最新收盘价计算，下周解禁总市值为632.51亿元。其中有3只个股解禁市值超百亿元，分别是苏宁易购、中国核建与联美控股，合计解禁市值452.43亿元，】
------200----------------------------------------------------------
Some as NewsModel20:02:57
【2019-06-02 08:20:58/【600亿市值下周解禁 3股解禁市值超百亿】 统计显示，以最新收盘价计算，下周解禁总市值为632.51亿元。其中有3只个股解禁市值超百亿元，分别是苏宁易购、中国核建与联美控股，合计解禁市值452.43亿元，】
------200----------------------------------------------------------
Some as NewsModel20:02:58
【2019-06-02 08:21:57/【600亿市值下周解禁 3股解禁市值超百亿】 统计显示，以最新收盘价计算，下周解禁总市值为632.51亿元。其中有3只个股解禁市值超百亿元，分别是苏宁易购、中国核建与联美控股，合计解禁市值452.43亿元，】
------200----------------------------------------------------------
Some as NewsModel20:02:57
【2019-06-02 08:22:58/【600亿市值下周解禁 3股解禁市值超百亿】 统计显示，以最新收盘价计算，下周解禁总市值为632.51亿元。其中有3只个股解禁市值超百亿元，分别是苏宁易购、中国核建与联美控股，合计解禁市值452.43亿元，】
------200----------------------------------------------------------
Some as NewsModel20:02:58
【2019-06-02 08:23:57/【600亿市值下周解禁 3股解禁市值超百亿】 统计显示，以最新收盘价计算，下周解禁总市值为632.51亿元。其中有3只个股解禁市值超百亿元，分别是苏宁易购、中国核建与联美控股，合计解禁市值452.43亿元，】
------200----------------------------------------------------------
Some as NewsModel20:02:57
【2019-06-02 08:24:58/【600亿市值下周解禁 3股解禁市值超百亿】 统计显示，以最新收盘价计算，下周解禁总市值为632.51亿元。其中有3只个股解禁市值超百亿元，分别是苏宁易购、中国核建与联美控股，合计解禁市值452.43亿元，】
------200----------------------------------------------------------
Some as NewsModel20:02:58
【2019-06-02 08:25:57/【600亿市值下周解禁 3股解禁市值超百亿】 统计显示，以最新收盘价计算，下周解禁总市值为632.51亿元。其中有3只个股解禁市值超百亿元，分别是苏宁易购、中国核建与联美控股，合计解禁市值452.43亿元，】
------200----------------------------------------------------------
Some as NewsModel20:02:57
【2019-06-02 08:26:58/【600亿市值下周解禁 3股解禁市值超百亿】 统计显示，以最新收盘价计算，下周解禁总市值为632.51亿元。其中有3只个股解禁市值超百亿元，分别是苏宁易购、中国核建与联美控股，合计解禁市值452.43亿元，】
------200----------------------------------------------------------
Some as NewsModel20:02:58
【2019-06-02 08:27:58/【600亿市值下周解禁 3股解禁市值超百亿】 统计显示，以最新收盘价计算，下周解禁总市值为632.51亿元。其中有3只个股解禁市值超百亿元，分别是苏宁易购、中国核建与联美控股，合计解禁市值452.43亿元，】
------200----------------------------------------------------------
Some as NewsModel20:02:58
【2019-06-02 08:28:58/【600亿市值下周解禁 3股解禁市值超百亿】 统计显示，以最新收盘价计算，下周解禁总市值为632.51亿元。其中有3只个股解禁市值超百亿元，分别是苏宁易购、中国核建与联美控股，合计解禁市值452.43亿元，】
------200----------------------------------------------------------
Some as NewsModel20:02:58
【2019-06-02 08:29:57/【600亿市值下周解禁 3股解禁市值超百亿】 统计显示，以最新收盘价计算，下周解禁总市值为632.51亿元。其中有3只个股解禁市值超百亿元，分别是苏宁易购、中国核建与联美控股，合计解禁市值452.43亿元，】
------200----------------------------------------------------------
Some as NewsModel20:02:57
【2019-06-02 08:30:58/【600亿市值下周解禁 3股解禁市值超百亿】 统计显示，以最新收盘价计算，下周解禁总市值为632.51亿元。其中有3只个股解禁市值超百亿元，分别是苏宁易购、中国核建与联美控股，合计解禁市值452.43亿元，】
------200----------------------------------------------------------
Some as NewsModel20:02:58
【2019-06-02 08:31:58/【600亿市值下周解禁 3股解禁市值超百亿】 统计显示，以最新收盘价计算，下周解禁总市值为632.51亿元。其中有3只个股解禁市值超百亿元，分别是苏宁易购、中国核建与联美控股，合计解禁市值452.43亿元，】
------200----------------------------------------------------------
Some as NewsModel20:02:58
【2019-06-02 08:32:58/【600亿市值下周解禁 3股解禁市值超百亿】 统计显示，以最新收盘价计算，下周解禁总市值为632.51亿元。其中有3只个股解禁市值超百亿元，分别是苏宁易购、中国核建与联美控股，合计解禁市值452.43亿元，】
------200----------------------------------------------------------
Some as NewsModel20:02:58
【2019-06-02 08:33:57/【600亿市值下周解禁 3股解禁市值超百亿】 统计显示，以最新收盘价计算，下周解禁总市值为632.51亿元。其中有3只个股解禁市值超百亿元，分别是苏宁易购、中国核建与联美控股，合计解禁市值452.43亿元，】
------200----------------------------------------------------------
Some as NewsModel20:02:57
【2019-06-02 08:34:58/【600亿市值下周解禁 3股解禁市值超百亿】 统计显示，以最新收盘价计算，下周解禁总市值为632.51亿元。其中有3只个股解禁市值超百亿元，分别是苏宁易购、中国核建与联美控股，合计解禁市值452.43亿元，】
------200----------------------------------------------------------
Some as NewsModel20:02:58
【2019-06-02 08:35:57/【600亿市值下周解禁 3股解禁市值超百亿】 统计显示，以最新收盘价计算，下周解禁总市值为632.51亿元。其中有3只个股解禁市值超百亿元，分别是苏宁易购、中国核建与联美控股，合计解禁市值452.43亿元，】
------200----------------------------------------------------------
Some as NewsModel20:02:57
【2019-06-02 08:36:58/【600亿市值下周解禁 3股解禁市值超百亿】 统计显示，以最新收盘价计算，下周解禁总市值为632.51亿元。其中有3只个股解禁市值超百亿元，分别是苏宁易购、中国核建与联美控股，合计解禁市值452.43亿元，】
------200----------------------------------------------------------
Some as NewsModel20:02:58
【2019-06-02 08:37:57/【600亿市值下周解禁 3股解禁市值超百亿】 统计显示，以最新收盘价计算，下周解禁总市值为632.51亿元。其中有3只个股解禁市值超百亿元，分别是苏宁易购、中国核建与联美控股，合计解禁市值452.43亿元，】
------200----------------------------------------------------------
Some as NewsModel20:02:57
【2019-06-02 08:38:58/【600亿市值下周解禁 3股解禁市值超百亿】 统计显示，以最新收盘价计算，下周解禁总市值为632.51亿元。其中有3只个股解禁市值超百亿元，分别是苏宁易购、中国核建与联美控股，合计解禁市值452.43亿元，】
------200----------------------------------------------------------
Some as NewsModel20:02:58
【2019-06-02 08:39:58/【600亿市值下周解禁 3股解禁市值超百亿】 统计显示，以最新收盘价计算，下周解禁总市值为632.51亿元。其中有3只个股解禁市值超百亿元，分别是苏宁易购、中国核建与联美控股，合计解禁市值452.43亿元，】
------200----------------------------------------------------------
Some as NewsModel20:02:58
【2019-06-02 08:40:58/【600亿市值下周解禁 3股解禁市值超百亿】 统计显示，以最新收盘价计算，下周解禁总市值为632.51亿元。其中有3只个股解禁市值超百亿元，分别是苏宁易购、中国核建与联美控股，合计解禁市值452.43亿元，】
------200----------------------------------------------------------
Some as NewsModel20:02:58
【2019-06-02 08:41:58/【600亿市值下周解禁 3股解禁市值超百亿】 统计显示，以最新收盘价计算，下周解禁总市值为632.51亿元。其中有3只个股解禁市值超百亿元，分别是苏宁易购、中国核建与联美控股，合计解禁市值452.43亿元，】
------200----------------------------------------------------------
Some as NewsModel20:02:58
【2019-06-02 08:42:57/【600亿市值下周解禁 3股解禁市值超百亿】 统计显示，以最新收盘价计算，下周解禁总市值为632.51亿元。其中有3只个股解禁市值超百亿元，分别是苏宁易购、中国核建与联美控股，合计解禁市值452.43亿元，】
------200----------------------------------------------------------
Some as NewsModel20:02:57
【2019-06-02 08:43:58/【600亿市值下周解禁 3股解禁市值超百亿】 统计显示，以最新收盘价计算，下周解禁总市值为632.51亿元。其中有3只个股解禁市值超百亿元，分别是苏宁易购、中国核建与联美控股，合计解禁市值452.43亿元，】
------200----------------------------------------------------------
Some as NewsModel20:02:58
【2019-06-02 08:44:57/【600亿市值下周解禁 3股解禁市值超百亿】 统计显示，以最新收盘价计算，下周解禁总市值为632.51亿元。其中有3只个股解禁市值超百亿元，分别是苏宁易购、中国核建与联美控股，合计解禁市值452.43亿元，】
------200----------------------------------------------------------
Some as NewsModel20:02:57
【2019-06-02 08:45:58/【600亿市值下周解禁 3股解禁市值超百亿】 统计显示，以最新收盘价计算，下周解禁总市值为632.51亿元。其中有3只个股解禁市值超百亿元，分别是苏宁易购、中国核建与联美控股，合计解禁市值452.43亿元，】
------200----------------------------------------------------------
Some as NewsModel20:02:58
【2019-06-02 08:46:57/【600亿市值下周解禁 3股解禁市值超百亿】 统计显示，以最新收盘价计算，下周解禁总市值为632.51亿元。其中有3只个股解禁市值超百亿元，分别是苏宁易购、中国核建与联美控股，合计解禁市值452.43亿元，】
------200----------------------------------------------------------
Some as NewsModel20:02:57
【2019-06-02 08:47:58/【600亿市值下周解禁 3股解禁市值超百亿】 统计显示，以最新收盘价计算，下周解禁总市值为632.51亿元。其中有3只个股解禁市值超百亿元，分别是苏宁易购、中国核建与联美控股，合计解禁市值452.43亿元，】
------200----------------------------------------------------------
Some as NewsModel20:02:58
【2019-06-02 08:48:57/【600亿市值下周解禁 3股解禁市值超百亿】 统计显示，以最新收盘价计算，下周解禁总市值为632.51亿元。其中有3只个股解禁市值超百亿元，分别是苏宁易购、中国核建与联美控股，合计解禁市值452.43亿元，】
------200----------------------------------------------------------
Some as NewsModel20:02:57
【2019-06-02 08:49:58/【600亿市值下周解禁 3股解禁市值超百亿】 统计显示，以最新收盘价计算，下周解禁总市值为632.51亿元。其中有3只个股解禁市值超百亿元，分别是苏宁易购、中国核建与联美控股，合计解禁市值452.43亿元，】
------200----------------------------------------------------------
Some as NewsModel20:02:58
【2019-06-02 08:50:57/【600亿市值下周解禁 3股解禁市值超百亿】 统计显示，以最新收盘价计算，下周解禁总市值为632.51亿元。其中有3只个股解禁市值超百亿元，分别是苏宁易购、中国核建与联美控股，合计解禁市值452.43亿元，】
------200----------------------------------------------------------
Some as NewsModel20:02:57
【2019-06-02 08:51:58/【600亿市值下周解禁 3股解禁市值超百亿】 统计显示，以最新收盘价计算，下周解禁总市值为632.51亿元。其中有3只个股解禁市值超百亿元，分别是苏宁易购、中国核建与联美控股，合计解禁市值452.43亿元，】
------200----------------------------------------------------------
Some as NewsModel20:02:58
【2019-06-02 08:52:57/【600亿市值下周解禁 3股解禁市值超百亿】 统计显示，以最新收盘价计算，下周解禁总市值为632.51亿元。其中有3只个股解禁市值超百亿元，分别是苏宁易购、中国核建与联美控股，合计解禁市值452.43亿元，】
------200----------------------------------------------------------
Some as NewsModel20:02:57
【2019-06-02 08:53:58/【600亿市值下周解禁 3股解禁市值超百亿】 统计显示，以最新收盘价计算，下周解禁总市值为632.51亿元。其中有3只个股解禁市值超百亿元，分别是苏宁易购、中国核建与联美控股，合计解禁市值452.43亿元，】
------200----------------------------------------------------------
Some as NewsModel20:02:58
【2019-06-02 08:54:57/【600亿市值下周解禁 3股解禁市值超百亿】 统计显示，以最新收盘价计算，下周解禁总市值为632.51亿元。其中有3只个股解禁市值超百亿元，分别是苏宁易购、中国核建与联美控股，合计解禁市值452.43亿元，】
------200----------------------------------------------------------
Some as NewsModel20:02:57
【2019-06-02 08:55:58/【600亿市值下周解禁 3股解禁市值超百亿】 统计显示，以最新收盘价计算，下周解禁总市值为632.51亿元。其中有3只个股解禁市值超百亿元，分别是苏宁易购、中国核建与联美控股，合计解禁市值452.43亿元，】
------200----------------------------------------------------------
Some as NewsModel20:02:58
【2019-06-02 08:56:57/【600亿市值下周解禁 3股解禁市值超百亿】 统计显示，以最新收盘价计算，下周解禁总市值为632.51亿元。其中有3只个股解禁市值超百亿元，分别是苏宁易购、中国核建与联美控股，合计解禁市值452.43亿元，】
------200----------------------------------------------------------
Some as NewsModel20:02:57
【2019-06-02 08:57:58/【600亿市值下周解禁 3股解禁市值超百亿】 统计显示，以最新收盘价计算，下周解禁总市值为632.51亿元。其中有3只个股解禁市值超百亿元，分别是苏宁易购、中国核建与联美控股，合计解禁市值452.43亿元，】
------200----------------------------------------------------------
Some as NewsModel20:02:58
【2019-06-02 08:58:57/【600亿市值下周解禁 3股解禁市值超百亿】 统计显示，以最新收盘价计算，下周解禁总市值为632.51亿元。其中有3只个股解禁市值超百亿元，分别是苏宁易购、中国核建与联美控股，合计解禁市值452.43亿元，】
------200----------------------------------------------------------
Some as NewsModel20:02:57
【2019-06-02 08:59:58/【600亿市值下周解禁 3股解禁市值超百亿】 统计显示，以最新收盘价计算，下周解禁总市值为632.51亿元。其中有3只个股解禁市值超百亿元，分别是苏宁易购、中国核建与联美控股，合计解禁市值452.43亿元，】
------200----------------------------------------------------------
Some as NewsModel20:02:58
【2019-06-02 09:00:57/【600亿市值下周解禁 3股解禁市值超百亿】 统计显示，以最新收盘价计算，下周解禁总市值为632.51亿元。其中有3只个股解禁市值超百亿元，分别是苏宁易购、中国核建与联美控股，合计解禁市值452.43亿元，】
------200----------------------------------------------------------
Some as NewsModel21:02:57
【2019-06-02 09:01:58/【600亿市值下周解禁 3股解禁市值超百亿】 统计显示，以最新收盘价计算，下周解禁总市值为632.51亿元。其中有3只个股解禁市值超百亿元，分别是苏宁易购、中国核建与联美控股，合计解禁市值452.43亿元，】
------200----------------------------------------------------------
Some as NewsModel21:02:58
【2019-06-02 09:02:57/【600亿市值下周解禁 3股解禁市值超百亿】 统计显示，以最新收盘价计算，下周解禁总市值为632.51亿元。其中有3只个股解禁市值超百亿元，分别是苏宁易购、中国核建与联美控股，合计解禁市值452.43亿元，】
------200----------------------------------------------------------
Some as NewsModel21:02:57
【2019-06-02 09:03:58/【600亿市值下周解禁 3股解禁市值超百亿】 统计显示，以最新收盘价计算，下周解禁总市值为632.51亿元。其中有3只个股解禁市值超百亿元，分别是苏宁易购、中国核建与联美控股，合计解禁市值452.43亿元，】
------200----------------------------------------------------------
Some as NewsModel21:02:58
【2019-06-02 09:04:57/【600亿市值下周解禁 3股解禁市值超百亿】 统计显示，以最新收盘价计算，下周解禁总市值为632.51亿元。其中有3只个股解禁市值超百亿元，分别是苏宁易购、中国核建与联美控股，合计解禁市值452.43亿元，】
------200----------------------------------------------------------
Some as NewsModel21:02:57
【2019-06-02 09:05:58/【600亿市值下周解禁 3股解禁市值超百亿】 统计显示，以最新收盘价计算，下周解禁总市值为632.51亿元。其中有3只个股解禁市值超百亿元，分别是苏宁易购、中国核建与联美控股，合计解禁市值452.43亿元，】
------200----------------------------------------------------------
Some as NewsModel21:02:58
【2019-06-02 09:06:57/【600亿市值下周解禁 3股解禁市值超百亿】 统计显示，以最新收盘价计算，下周解禁总市值为632.51亿元。其中有3只个股解禁市值超百亿元，分别是苏宁易购、中国核建与联美控股，合计解禁市值452.43亿元，】
------200----------------------------------------------------------
Some as NewsModel21:02:57
【2019-06-02 09:07:58/【600亿市值下周解禁 3股解禁市值超百亿】 统计显示，以最新收盘价计算，下周解禁总市值为632.51亿元。其中有3只个股解禁市值超百亿元，分别是苏宁易购、中国核建与联美控股，合计解禁市值452.43亿元，】
------200----------------------------------------------------------
Some as NewsModel21:02:58
【2019-06-02 09:08:57/【600亿市值下周解禁 3股解禁市值超百亿】 统计显示，以最新收盘价计算，下周解禁总市值为632.51亿元。其中有3只个股解禁市值超百亿元，分别是苏宁易购、中国核建与联美控股，合计解禁市值452.43亿元，】
------200----------------------------------------------------------
Some as NewsModel21:02:57
【2019-06-02 09:09:58/获取最新新闻】
------200----------------------------------------------------------
{"url":"/brief/100209806.html","hm":"21:09","datekey":"2019.06.02","newcontent":"关情况，并答记者问《关于中美经贸磋商的中方立场》白皮书，旨在全面介绍中美经贸磋商基本情况，阐明中国对中美经贸磋商的政策立场，要点如下：- 美国政府得寸进尺，采取霸凌主义态度和极限施压手段，坚持在协议中写入涉及中国主权事务的强制性要求，导致双方迟迟未能弥合剩余分歧；- 揭穿！美国在中美经贸磋商中的3次出尔反尔；- 合作有原则，磋商有底线，在重大原则问题上，中国决不让步；- 中国会理性对待，但是中国不会畏惧任何压力，也做好准备迎接任何挑战；- 无论形势如何变化，中国都坚持做好自己的事情；- 双方达成协议的前提是美国取消全部加征关税，采购要符合实际，同时确保协议文本平衡，符合双方共同利益；- 合作是中美两国唯一正确选择，共赢才能通向更好的未来；商务部副部长兼国际贸易谈判副代表王受文在答记者问时表示：- 针对本月G20峰会中美是否有望重启谈判，王受文表示，中方对谈判一直是抱有诚意的，如果我们要达成协议，这个协议必须是互利的、平等的；- 用中国稀土制造产品来打压中国发展，难以接受；- 中美要继续经贸磋商，要有“三个必须”；- 如果美方想通过升级贸易摩擦的方式迫使中方让步，决不可能；- 中国欢迎外企在华合法经营，但如果违反中国法律，那就需要按照中国法律调查，这无可厚非；- 中国企业海外投资买什么、不买什么，完全是企业自主决定，企业自主决策，自担风险，政府不参与企业具体商业行为，不会要求企业投资什么、购买什么；- 中国发明专利申请量连续8年居世界首位，中国做了大量工作保护知识产权；②证监会主席易会满在接受记者采访时表示：- 我国资本市场韧性增强 抗风险能力提高；- 证监会将深化和完善境内外股票市场互联互通机制；- 设立科创板并试点注册制改革已进入冲刺阶段；- 处于历史低位的市场估值显示了市场发展的巨大潜力；- 场外配资总体呈现点状、散状，有关风险处置已取得阶段性成果；③央行就接管包商银行热点问题再次重磅发声：- 最近市场上有人担心，接管包商银行后，是否会有其他机构也被接管，目前还没有这个打算；- 当前金融市场流动性总体充裕 金融风险总体可控；- 目前央行货币政策工具丰富，中小银行流动性较为充足；④包商银行公告承兑汇票保障安排：对同一持票人持有合法承兑汇票合计金额在5000万元（含）以下的，按原合同及交易规则正常流转和到期付款，存保公司对承兑金额全额保障；⑤联邦快递官网发文称，联邦快递高度重视在中国的业务。与华为技术有限公司以及所有中国客户的关系，对联邦快递十分重要。将全力配合任何对联邦快递如何服务客户进行的监管调查；⑥国家邮政局谈美联邦快递被查：必须遵守中国法律法规，不得损害中国企业和用户的合法权益；⑦美国贸易代表办公室：6月15日前运抵美国港口的中国商品维持10%税率；⑧广州、深圳两市调整中小客车、小汽车增量指标配置额度：广州市在2019年6月至2020年12月，增加10万个中小客车增量指标额度。深圳市在2019年至2020年，每年增加投放普通小汽车增量指标4万个；⑨紫光国微：拟180亿元收购安全芯片组件生产商Linxens；⑩中信证券收购广州证券事项正在推进，部分广州证券核心业务部门的员工近日将会到中信证券工作；⑪旭辉回应被暂停发债传闻：尚未收到相关书面通知；⑫马钢股份：安徽省国资委将马钢集团51%股权无偿划转至中国宝武。","indexTitle":"【周日重大事件汇总】 ①国新办发表《关于中美经贸磋商的中方立场》白皮书，并举行新闻发布会，商务部副部长兼国际贸易谈判副代表王受文和国务院新闻办公室副主任郭卫民出席，介绍和解读白皮书有","important":true,"id":"100209806","hasimage":false,"hasvideo":false,"istop":false,"hasrelated":false,"hasvote":false,"createTime":"2019-06-02T21:09:00"}
【2019-06-02 09:10:58/【周日重大事件汇总】 ①国新办发表《关于中美经贸磋商的中方立场》白皮书，并举行新闻发布会，商务部副部长兼国际贸易谈判副代表王受文和国务院新闻办公室副主任郭卫民出席，介绍和解读白皮书有】
------200----------------------------------------------------------
Some as NewsModel21:02:58
【2019-06-02 09:11:58/【周日重大事件汇总】 ①国新办发表《关于中美经贸磋商的中方立场》白皮书，并举行新闻发布会，商务部副部长兼国际贸易谈判副代表王受文和国务院新闻办公室副主任郭卫民出席，介绍和解读白皮书有】
------200----------------------------------------------------------
Some as NewsModel21:02:58
【2019-06-02 09:12:58/【周日重大事件汇总】 ①国新办发表《关于中美经贸磋商的中方立场》白皮书，并举行新闻发布会，商务部副部长兼国际贸易谈判副代表王受文和国务院新闻办公室副主任郭卫民出席，介绍和解读白皮书有】
------200----------------------------------------------------------
Some as NewsModel21:02:58
【2019-06-02 09:13:58/【周日重大事件汇总】 ①国新办发表《关于中美经贸磋商的中方立场》白皮书，并举行新闻发布会，商务部副部长兼国际贸易谈判副代表王受文和国务院新闻办公室副主任郭卫民出席，介绍和解读白皮书有】
------200----------------------------------------------------------
Some as NewsModel21:02:58
【2019-06-02 09:14:58/【周日重大事件汇总】 ①国新办发表《关于中美经贸磋商的中方立场》白皮书，并举行新闻发布会，商务部副部长兼国际贸易谈判副代表王受文和国务院新闻办公室副主任郭卫民出席，介绍和解读白皮书有】
------200----------------------------------------------------------
Some as NewsModel21:02:58
【2019-06-02 09:15:58/获取最新新闻】
------200----------------------------------------------------------
{"url":"/brief/100209808.html","hm":"21:14","datekey":"2019.06.02","newcontent":"场估值。从长远来看，对保持资本市场的持续、稳定、健康非常有信心。易会满还表示，我们市场杠杆融资总额只有1.2万亿，只有2015年的20%，杠杆消化了80%。完全有能力，有信心来保持资本市场的平稳发展。（中国基金报）","indexTitle":"【易会满上新闻联播：A股估值历史低位，科创板完全不受中美贸易摩擦影响】 易会满上新闻联播谈资本市场。易会满表示，中美经贸摩擦对资本市场影响是客观存在的，但程度是可控的。当前上证综指市盈率为13倍，低于全球主要股指，是处于历史低位的市","important":true,"id":"100209808","hasimage":false,"hasvideo":false,"istop":false,"hasrelated":false,"hasvote":false,"createTime":"2019-06-02T21:14:00"}
【2019-06-02 09:16:58/【易会满上新闻联播：A股估值历史低位，科创板完全不受中美贸易摩擦影响】 易会满上新闻联播谈资本市场。易会满表示，中美经贸摩擦对资本市场影响是客观存在的，但程度是可控的。当前上证综指市盈率为13倍，低于全球主要股指，是处于历史低位的市】
------200----------------------------------------------------------
Some as NewsModel21:02:58
【2019-06-02 09:17:58/【易会满上新闻联播：A股估值历史低位，科创板完全不受中美贸易摩擦影响】 易会满上新闻联播谈资本市场。易会满表示，中美经贸摩擦对资本市场影响是客观存在的，但程度是可控的。当前上证综指市盈率为13倍，低于全球主要股指，是处于历史低位的市】
------200----------------------------------------------------------
Some as NewsModel21:02:58
【2019-06-02 09:18:58/【易会满上新闻联播：A股估值历史低位，科创板完全不受中美贸易摩擦影响】 易会满上新闻联播谈资本市场。易会满表示，中美经贸摩擦对资本市场影响是客观存在的，但程度是可控的。当前上证综指市盈率为13倍，低于全球主要股指，是处于历史低位的市】
------200----------------------------------------------------------
Some as NewsModel21:02:58
【2019-06-02 09:19:58/【易会满上新闻联播：A股估值历史低位，科创板完全不受中美贸易摩擦影响】 易会满上新闻联播谈资本市场。易会满表示，中美经贸摩擦对资本市场影响是客观存在的，但程度是可控的。当前上证综指市盈率为13倍，低于全球主要股指，是处于历史低位的市】
------200----------------------------------------------------------
Some as NewsModel21:02:58
【2019-06-02 09:20:58/【易会满上新闻联播：A股估值历史低位，科创板完全不受中美贸易摩擦影响】 易会满上新闻联播谈资本市场。易会满表示，中美经贸摩擦对资本市场影响是客观存在的，但程度是可控的。当前上证综指市盈率为13倍，低于全球主要股指，是处于历史低位的市】
------200----------------------------------------------------------
Some as NewsModel21:02:58
【2019-06-02 09:21:58/【易会满上新闻联播：A股估值历史低位，科创板完全不受中美贸易摩擦影响】 易会满上新闻联播谈资本市场。易会满表示，中美经贸摩擦对资本市场影响是客观存在的，但程度是可控的。当前上证综指市盈率为13倍，低于全球主要股指，是处于历史低位的市】
------200----------------------------------------------------------
Some as NewsModel21:02:58
【2019-06-02 09:22:58/【易会满上新闻联播：A股估值历史低位，科创板完全不受中美贸易摩擦影响】 易会满上新闻联播谈资本市场。易会满表示，中美经贸摩擦对资本市场影响是客观存在的，但程度是可控的。当前上证综指市盈率为13倍，低于全球主要股指，是处于历史低位的市】
------200----------------------------------------------------------
Some as NewsModel21:02:58
【2019-06-02 09:23:58/【易会满上新闻联播：A股估值历史低位，科创板完全不受中美贸易摩擦影响】 易会满上新闻联播谈资本市场。易会满表示，中美经贸摩擦对资本市场影响是客观存在的，但程度是可控的。当前上证综指市盈率为13倍，低于全球主要股指，是处于历史低位的市】
------200----------------------------------------------------------
Some as NewsModel21:02:58
【2019-06-02 09:24:58/【易会满上新闻联播：A股估值历史低位，科创板完全不受中美贸易摩擦影响】 易会满上新闻联播谈资本市场。易会满表示，中美经贸摩擦对资本市场影响是客观存在的，但程度是可控的。当前上证综指市盈率为13倍，低于全球主要股指，是处于历史低位的市】
------200----------------------------------------------------------
Some as NewsModel21:02:58
【2019-06-02 09:25:58/【易会满上新闻联播：A股估值历史低位，科创板完全不受中美贸易摩擦影响】 易会满上新闻联播谈资本市场。易会满表示，中美经贸摩擦对资本市场影响是客观存在的，但程度是可控的。当前上证综指市盈率为13倍，低于全球主要股指，是处于历史低位的市】
------200----------------------------------------------------------
Some as NewsModel21:02:58
【2019-06-02 09:26:58/【易会满上新闻联播：A股估值历史低位，科创板完全不受中美贸易摩擦影响】 易会满上新闻联播谈资本市场。易会满表示，中美经贸摩擦对资本市场影响是客观存在的，但程度是可控的。当前上证综指市盈率为13倍，低于全球主要股指，是处于历史低位的市】
------200----------------------------------------------------------
Some as NewsModel21:02:58
【2019-06-02 09:27:58/【易会满上新闻联播：A股估值历史低位，科创板完全不受中美贸易摩擦影响】 易会满上新闻联播谈资本市场。易会满表示，中美经贸摩擦对资本市场影响是客观存在的，但程度是可控的。当前上证综指市盈率为13倍，低于全球主要股指，是处于历史低位的市】
------200----------------------------------------------------------
Some as NewsModel21:02:58
【2019-06-02 09:28:58/【易会满上新闻联播：A股估值历史低位，科创板完全不受中美贸易摩擦影响】 易会满上新闻联播谈资本市场。易会满表示，中美经贸摩擦对资本市场影响是客观存在的，但程度是可控的。当前上证综指市盈率为13倍，低于全球主要股指，是处于历史低位的市】
------200----------------------------------------------------------
Some as NewsModel21:02:58
【2019-06-02 09:29:58/【易会满上新闻联播：A股估值历史低位，科创板完全不受中美贸易摩擦影响】 易会满上新闻联播谈资本市场。易会满表示，中美经贸摩擦对资本市场影响是客观存在的，但程度是可控的。当前上证综指市盈率为13倍，低于全球主要股指，是处于历史低位的市】
------200----------------------------------------------------------
Some as NewsModel21:02:58
【2019-06-02 09:30:58/【易会满上新闻联播：A股估值历史低位，科创板完全不受中美贸易摩擦影响】 易会满上新闻联播谈资本市场。易会满表示，中美经贸摩擦对资本市场影响是客观存在的，但程度是可控的。当前上证综指市盈率为13倍，低于全球主要股指，是处于历史低位的市】
------200----------------------------------------------------------
Some as NewsModel21:02:58
【2019-06-02 09:31:58/【易会满上新闻联播：A股估值历史低位，科创板完全不受中美贸易摩擦影响】 易会满上新闻联播谈资本市场。易会满表示，中美经贸摩擦对资本市场影响是客观存在的，但程度是可控的。当前上证综指市盈率为13倍，低于全球主要股指，是处于历史低位的市】
------200----------------------------------------------------------
Some as NewsModel21:02:58
【2019-06-02 09:32:58/【易会满上新闻联播：A股估值历史低位，科创板完全不受中美贸易摩擦影响】 易会满上新闻联播谈资本市场。易会满表示，中美经贸摩擦对资本市场影响是客观存在的，但程度是可控的。当前上证综指市盈率为13倍，低于全球主要股指，是处于历史低位的市】
------200----------------------------------------------------------
Some as NewsModel21:02:58
【2019-06-02 09:33:58/【易会满上新闻联播：A股估值历史低位，科创板完全不受中美贸易摩擦影响】 易会满上新闻联播谈资本市场。易会满表示，中美经贸摩擦对资本市场影响是客观存在的，但程度是可控的。当前上证综指市盈率为13倍，低于全球主要股指，是处于历史低位的市】
------200----------------------------------------------------------
Some as NewsModel21:02:58
【2019-06-02 09:34:58/【易会满上新闻联播：A股估值历史低位，科创板完全不受中美贸易摩擦影响】 易会满上新闻联播谈资本市场。易会满表示，中美经贸摩擦对资本市场影响是客观存在的，但程度是可控的。当前上证综指市盈率为13倍，低于全球主要股指，是处于历史低位的市】
------200----------------------------------------------------------
Some as NewsModel21:02:58
【2019-06-02 09:35:58/【易会满上新闻联播：A股估值历史低位，科创板完全不受中美贸易摩擦影响】 易会满上新闻联播谈资本市场。易会满表示，中美经贸摩擦对资本市场影响是客观存在的，但程度是可控的。当前上证综指市盈率为13倍，低于全球主要股指，是处于历史低位的市】
------200----------------------------------------------------------
Some as NewsModel21:02:58
【2019-06-02 09:37:17/【易会满上新闻联播：A股估值历史低位，科创板完全不受中美贸易摩擦影响】 易会满上新闻联播谈资本市场。易会满表示，中美经贸摩擦对资本市场影响是客观存在的，但程度是可控的。当前上证综指市盈率为13倍，低于全球主要股指，是处于历史低位的市】
------200----------------------------------------------------------
Some as NewsModel21:02:17
【2019-06-02 09:37:58/【易会满上新闻联播：A股估值历史低位，科创板完全不受中美贸易摩擦影响】 易会满上新闻联播谈资本市场。易会满表示，中美经贸摩擦对资本市场影响是客观存在的，但程度是可控的。当前上证综指市盈率为13倍，低于全球主要股指，是处于历史低位的市】
------200----------------------------------------------------------
Some as NewsModel21:02:58
【2019-06-02 09:38:58/【易会满上新闻联播：A股估值历史低位，科创板完全不受中美贸易摩擦影响】 易会满上新闻联播谈资本市场。易会满表示，中美经贸摩擦对资本市场影响是客观存在的，但程度是可控的。当前上证综指市盈率为13倍，低于全球主要股指，是处于历史低位的市】
------200----------------------------------------------------------
Some as NewsModel21:02:58
【2019-06-02 09:39:58/【易会满上新闻联播：A股估值历史低位，科创板完全不受中美贸易摩擦影响】 易会满上新闻联播谈资本市场。易会满表示，中美经贸摩擦对资本市场影响是客观存在的，但程度是可控的。当前上证综指市盈率为13倍，低于全球主要股指，是处于历史低位的市】
------200----------------------------------------------------------
Some as NewsModel21:02:58
【2019-06-02 09:40:58/【易会满上新闻联播：A股估值历史低位，科创板完全不受中美贸易摩擦影响】 易会满上新闻联播谈资本市场。易会满表示，中美经贸摩擦对资本市场影响是客观存在的，但程度是可控的。当前上证综指市盈率为13倍，低于全球主要股指，是处于历史低位的市】
------200----------------------------------------------------------
Some as NewsModel21:02:58
【2019-06-02 09:41:58/【易会满上新闻联播：A股估值历史低位，科创板完全不受中美贸易摩擦影响】 易会满上新闻联播谈资本市场。易会满表示，中美经贸摩擦对资本市场影响是客观存在的，但程度是可控的。当前上证综指市盈率为13倍，低于全球主要股指，是处于历史低位的市】
------200----------------------------------------------------------
Some as NewsModel21:02:58
【2019-06-02 09:42:58/【易会满上新闻联播：A股估值历史低位，科创板完全不受中美贸易摩擦影响】 易会满上新闻联播谈资本市场。易会满表示，中美经贸摩擦对资本市场影响是客观存在的，但程度是可控的。当前上证综指市盈率为13倍，低于全球主要股指，是处于历史低位的市】
------200----------------------------------------------------------
Some as NewsModel21:02:58
【2019-06-02 09:43:58/【易会满上新闻联播：A股估值历史低位，科创板完全不受中美贸易摩擦影响】 易会满上新闻联播谈资本市场。易会满表示，中美经贸摩擦对资本市场影响是客观存在的，但程度是可控的。当前上证综指市盈率为13倍，低于全球主要股指，是处于历史低位的市】
------200----------------------------------------------------------
Some as NewsModel21:02:58
【2019-06-02 09:44:58/【易会满上新闻联播：A股估值历史低位，科创板完全不受中美贸易摩擦影响】 易会满上新闻联播谈资本市场。易会满表示，中美经贸摩擦对资本市场影响是客观存在的，但程度是可控的。当前上证综指市盈率为13倍，低于全球主要股指，是处于历史低位的市】
------200----------------------------------------------------------
Some as NewsModel21:02:58
【2019-06-02 09:45:58/【易会满上新闻联播：A股估值历史低位，科创板完全不受中美贸易摩擦影响】 易会满上新闻联播谈资本市场。易会满表示，中美经贸摩擦对资本市场影响是客观存在的，但程度是可控的。当前上证综指市盈率为13倍，低于全球主要股指，是处于历史低位的市】
------200----------------------------------------------------------
Some as NewsModel21:02:58
【2019-06-02 09:46:58/【易会满上新闻联播：A股估值历史低位，科创板完全不受中美贸易摩擦影响】 易会满上新闻联播谈资本市场。易会满表示，中美经贸摩擦对资本市场影响是客观存在的，但程度是可控的。当前上证综指市盈率为13倍，低于全球主要股指，是处于历史低位的市】
------200----------------------------------------------------------
Some as NewsModel21:02:58
【2019-06-02 09:47:58/【易会满上新闻联播：A股估值历史低位，科创板完全不受中美贸易摩擦影响】 易会满上新闻联播谈资本市场。易会满表示，中美经贸摩擦对资本市场影响是客观存在的，但程度是可控的。当前上证综指市盈率为13倍，低于全球主要股指，是处于历史低位的市】
------200----------------------------------------------------------
Some as NewsModel21:02:58
【2019-06-02 09:48:58/获取最新新闻】
------200----------------------------------------------------------
{"url":"/brief/100209821.html","hm":"21:48","datekey":"2019.06.02","newcontent":"说明穗甬控股不良资产管理业务的投资规模、领域及收益情况；说明业务对象是否与公司存在关联关系，要求公司结合交易目的及安排论证是否存在利益输送、损害上市公司资金安全或利益的情形。","indexTitle":"【杉杉股份收问询函：要求说明竞拍穗甬控股30%股权是否存在利益输送】 杉杉股份晚间收到上交所对公司2018年年报的事后审核问询函。报告期内，公司从控股股东杉杉控股有限公司处拍得穗甬控股30%股权，成交价9.36亿元。上交所要求公司","important":false,"id":"100209821","hasimage":false,"hasvideo":false,"istop":false,"hasrelated":false,"hasvote":false,"createTime":"2019-06-02T21:48:00"}
【2019-06-02 09:49:58/【杉杉股份收问询函：要求说明竞拍穗甬控股30%股权是否存在利益输送】 杉杉股份晚间收到上交所对公司2018年年报的事后审核问询函。报告期内，公司从控股股东杉杉控股有限公司处拍得穗甬控股30%股权，成交价9.36亿元。上交所要求公司】
------200----------------------------------------------------------
Some as NewsModel21:02:58
【2019-06-02 09:50:59/【杉杉股份收问询函：要求说明竞拍穗甬控股30%股权是否存在利益输送】 杉杉股份晚间收到上交所对公司2018年年报的事后审核问询函。报告期内，公司从控股股东杉杉控股有限公司处拍得穗甬控股30%股权，成交价9.36亿元。上交所要求公司】
------200----------------------------------------------------------
Some as NewsModel21:02:59
【2019-06-02 09:51:58/【杉杉股份收问询函：要求说明竞拍穗甬控股30%股权是否存在利益输送】 杉杉股份晚间收到上交所对公司2018年年报的事后审核问询函。报告期内，公司从控股股东杉杉控股有限公司处拍得穗甬控股30%股权，成交价9.36亿元。上交所要求公司】
------200----------------------------------------------------------
Some as NewsModel21:02:58
【2019-06-02 09:52:58/获取最新新闻】
------200----------------------------------------------------------
{"url":"/brief/100209822.html","hm":"21:52","datekey":"2019.06.02","newcontent":"计接待机构达148家，位居首位；华东医药累计接待116家机构，排名第二，天沃科技累计接待48家机构，排名第三。另外，千方科技、视源股份、长信科技等公司接待机构的数量也较多。（证券时报网）","indexTitle":"【上周110家上市公司披露调研报告 迈瑞医疗最受机构关注】 统计数据显示，上周（5.27～5.31）两市共110家上市公司披露调研报告。从行业分布来看，被调研公司主要集中在电子、有色金属、化工等行业。个股方面，迈瑞医疗累","important":false,"id":"100209822","hasimage":true,"hasvideo":false,"istop":false,"hasrelated":false,"hasvote":false,"createTime":"2019-06-02T21:52:00"}
【2019-06-02 09:53:58/【上周110家上市公司披露调研报告 迈瑞医疗最受机构关注】 统计数据显示，上周（5.27～5.31）两市共110家上市公司披露调研报告。从行业分布来看，被调研公司主要集中在电子、有色金属、化工等行业。个股方面，迈瑞医疗累】
------200----------------------------------------------------------
Some as NewsModel21:02:58
【2019-06-02 09:54:58/【上周110家上市公司披露调研报告 迈瑞医疗最受机构关注】 统计数据显示，上周（5.27～5.31）两市共110家上市公司披露调研报告。从行业分布来看，被调研公司主要集中在电子、有色金属、化工等行业。个股方面，迈瑞医疗累】
------200----------------------------------------------------------
Some as NewsModel21:02:58
