【2019-06-09 10:38:23/获取最新新闻】
------200----------------------------------------------------------
{"url":"/brief/100216643.html","hm":"10:37","datekey":"2019.06.09","newcontent":"青岛银行、青岛农商行之后，山东省第三家在A股上市的银行。事实上，2019年开始，商业银行的A股上市脚步就在不断加快。截至5月末，年内已有4家银行顺利登陆A股，苏州银行在4月末已首发过会；另有包括南海农商行、齐鲁银行在内的16家银行正在排队。（券商中国）","indexTitle":"【银行IPO不断提速 16家银行正排队】 继山东银保监局已批复同意齐鲁银行A股上市工作后，证监会网站6日披露齐鲁银行的A股首发招股书，作为首家在新三板挂牌的城商行，齐鲁银行若成功在A股上市，将有望成为继","important":false,"id":"100216643","hasimage":false,"hasvideo":false,"istop":false,"hasrelated":false,"hasvote":false,"createTime":"2019-06-09T10:37:00"}
【2019-06-09 10:39:20/【银行IPO不断提速 16家银行正排队】 继山东银保监局已批复同意齐鲁银行A股上市工作后，证监会网站6日披露齐鲁银行的A股首发招股书，作为首家在新三板挂牌的城商行，齐鲁银行若成功在A股上市，将有望成为继】
------200----------------------------------------------------------
Some as NewsModel10:09:20
【2019-06-09 10:40:20/【银行IPO不断提速 16家银行正排队】 继山东银保监局已批复同意齐鲁银行A股上市工作后，证监会网站6日披露齐鲁银行的A股首发招股书，作为首家在新三板挂牌的城商行，齐鲁银行若成功在A股上市，将有望成为继】
------200----------------------------------------------------------
Some as NewsModel10:09:20
【2019-06-09 10:41:20/【银行IPO不断提速 16家银行正排队】 继山东银保监局已批复同意齐鲁银行A股上市工作后，证监会网站6日披露齐鲁银行的A股首发招股书，作为首家在新三板挂牌的城商行，齐鲁银行若成功在A股上市，将有望成为继】
------200----------------------------------------------------------
Some as NewsModel10:09:20
【2019-06-09 10:42:20/【银行IPO不断提速 16家银行正排队】 继山东银保监局已批复同意齐鲁银行A股上市工作后，证监会网站6日披露齐鲁银行的A股首发招股书，作为首家在新三板挂牌的城商行，齐鲁银行若成功在A股上市，将有望成为继】
------200----------------------------------------------------------
Some as NewsModel10:09:20
【2019-06-09 10:43:20/获取最新新闻】
------200----------------------------------------------------------
{"url":"/brief/100216644.html","hm":"10:42","datekey":"2019.06.09","newcontent":"保险资管机构投资。截至2018年末，保险资产管理机构总资产管理规模15.56万亿元，2018年规模增长率10.02%。保险资管机构管理的资金中，保险资金是最重要的资金来源。从投资方向看，固定收益类投资仍然是保险资金的主要配置对象。（中国证券网）","indexTitle":"【保险资管协会发布险资调研报告：固收仍是主配置对象】 近日，中国保险资管业协会发布《2018-2019保险资管业调研报告》，披露了221家保险机构资金运用的最新调研数据。报告显示，超七成保险资金由险企自主投资或委托","important":false,"id":"100216644","hasimage":false,"hasvideo":false,"istop":false,"hasrelated":false,"hasvote":false,"createTime":"2019-06-09T10:42:00"}
【2019-06-09 10:44:20/【保险资管协会发布险资调研报告：固收仍是主配置对象】 近日，中国保险资管业协会发布《2018-2019保险资管业调研报告》，披露了221家保险机构资金运用的最新调研数据。报告显示，超七成保险资金由险企自主投资或委托】
------200----------------------------------------------------------
Some as NewsModel10:09:20
【2019-06-09 10:45:20/【保险资管协会发布险资调研报告：固收仍是主配置对象】 近日，中国保险资管业协会发布《2018-2019保险资管业调研报告》，披露了221家保险机构资金运用的最新调研数据。报告显示，超七成保险资金由险企自主投资或委托】
------200----------------------------------------------------------
Some as NewsModel10:09:20
【2019-06-09 10:46:20/【保险资管协会发布险资调研报告：固收仍是主配置对象】 近日，中国保险资管业协会发布《2018-2019保险资管业调研报告》，披露了221家保险机构资金运用的最新调研数据。报告显示，超七成保险资金由险企自主投资或委托】
------200----------------------------------------------------------
Some as NewsModel10:09:20
【2019-06-09 10:47:20/【保险资管协会发布险资调研报告：固收仍是主配置对象】 近日，中国保险资管业协会发布《2018-2019保险资管业调研报告》，披露了221家保险机构资金运用的最新调研数据。报告显示，超七成保险资金由险企自主投资或委托】
------200----------------------------------------------------------
Some as NewsModel10:09:20
【2019-06-09 10:48:20/【保险资管协会发布险资调研报告：固收仍是主配置对象】 近日，中国保险资管业协会发布《2018-2019保险资管业调研报告》，披露了221家保险机构资金运用的最新调研数据。报告显示，超七成保险资金由险企自主投资或委托】
------200----------------------------------------------------------
Some as NewsModel10:09:20
【2019-06-09 10:49:20/【保险资管协会发布险资调研报告：固收仍是主配置对象】 近日，中国保险资管业协会发布《2018-2019保险资管业调研报告》，披露了221家保险机构资金运用的最新调研数据。报告显示，超七成保险资金由险企自主投资或委托】
------200----------------------------------------------------------
Some as NewsModel10:09:20
【2019-06-09 10:50:20/获取最新新闻】
------200----------------------------------------------------------
{"url":"/brief/100216646.html","hm":"10:49","datekey":"2019.06.09","newcontent":"","indexTitle":"【5月内蒙古煤炭价格小幅上涨】 5月份，内蒙古动力煤坑口结算价格继续小幅上涨。随着6月份南方水电迎来旺季，火电市场受到挤压，预计煤炭价格将呈现小幅波动下行走势。（新华社）","important":false,"id":"100216646","hasimage":false,"hasvideo":false,"istop":false,"hasrelated":false,"hasvote":false,"createTime":"2019-06-09T10:49:00"}
【2019-06-09 10:51:20/获取最新新闻】
------200----------------------------------------------------------
{"url":"/brief/100216647.html","hm":"10:50","datekey":"2019.06.09","newcontent":"（新华社）","indexTitle":"【重庆加速布局氢能源汽车项目抢滩新市场】 嘉兴德燃动力系统有限公司近日签约落户重庆，将建立氢燃料电池系统与核心部件生产基地……依托已有的汽车工业基础，立足前沿的氢能源技术，重庆正加速布局氢能源汽车项目。","important":false,"id":"100216647","hasimage":false,"hasvideo":false,"istop":false,"hasrelated":false,"hasvote":false,"createTime":"2019-06-09T10:50:00"}
【2019-06-09 10:52:20/获取最新新闻】
------200----------------------------------------------------------
{"url":"/brief/100216649.html","hm":"10:51","datekey":"2019.06.09","newcontent":"","indexTitle":"【甘肃将取消企业银行账户许可为企业“松绑”】 2019年6月10日起，甘肃省将全面取消企业银行账户许可，企业开户流程将进一步简化，企业制度性交易成本也将随之降低。（新华社）","important":false,"id":"100216649","hasimage":false,"hasvideo":false,"istop":false,"hasrelated":false,"hasvote":false,"createTime":"2019-06-09T10:51:00"}
【2019-06-09 10:53:20/【甘肃将取消企业银行账户许可为企业“松绑”】 2019年6月10日起，甘肃省将全面取消企业银行账户许可，企业开户流程将进一步简化，企业制度性交易成本也将随之降低。（新华社）】
------200----------------------------------------------------------
Some as NewsModel10:09:20
【2019-06-09 10:54:20/【甘肃将取消企业银行账户许可为企业“松绑”】 2019年6月10日起，甘肃省将全面取消企业银行账户许可，企业开户流程将进一步简化，企业制度性交易成本也将随之降低。（新华社）】
------200----------------------------------------------------------
Some as NewsModel10:09:20
【2019-06-09 10:55:20/获取最新新闻】
------200----------------------------------------------------------
{"url":"/brief/100216650.html","hm":"10:54","datekey":"2019.06.09","newcontent":"辞职，也有董事会免职的情况，如恒越基金。总体来看，今年银行系公募高管人事变动较大，如民生加银、工银瑞信、农银汇理、交银施罗德、兴业基金等。（券商中国）","indexTitle":"【今年以来20余家基金公司高管换帅】 今年以来，基金公司高管变动较为频繁。截止至5月底已有20多家基金公司变更总经理人选。具体来看，这些总经理变更，或因任期届满，或因工作安排转任董事长，或因个人原因","important":false,"id":"100216650","hasimage":false,"hasvideo":false,"istop":false,"hasrelated":false,"hasvote":false,"createTime":"2019-06-09T10:54:00"}
【2019-06-09 10:56:20/【今年以来20余家基金公司高管换帅】 今年以来，基金公司高管变动较为频繁。截止至5月底已有20多家基金公司变更总经理人选。具体来看，这些总经理变更，或因任期届满，或因工作安排转任董事长，或因个人原因】
------200----------------------------------------------------------
Some as NewsModel10:09:20
【2019-06-09 10:57:20/【今年以来20余家基金公司高管换帅】 今年以来，基金公司高管变动较为频繁。截止至5月底已有20多家基金公司变更总经理人选。具体来看，这些总经理变更，或因任期届满，或因工作安排转任董事长，或因个人原因】
------200----------------------------------------------------------
Some as NewsModel10:09:20
【2019-06-09 10:58:21/【今年以来20余家基金公司高管换帅】 今年以来，基金公司高管变动较为频繁。截止至5月底已有20多家基金公司变更总经理人选。具体来看，这些总经理变更，或因任期届满，或因工作安排转任董事长，或因个人原因】
------200----------------------------------------------------------
Some as NewsModel10:09:21
【2019-06-09 10:59:20/【今年以来20余家基金公司高管换帅】 今年以来，基金公司高管变动较为频繁。截止至5月底已有20多家基金公司变更总经理人选。具体来看，这些总经理变更，或因任期届满，或因工作安排转任董事长，或因个人原因】
------200----------------------------------------------------------
Some as NewsModel10:09:20
【2019-06-09 11:00:20/【今年以来20余家基金公司高管换帅】 今年以来，基金公司高管变动较为频繁。截止至5月底已有20多家基金公司变更总经理人选。具体来看，这些总经理变更，或因任期届满，或因工作安排转任董事长，或因个人原因】
------200----------------------------------------------------------
Some as NewsModel11:09:20
【2019-06-09 11:01:21/【今年以来20余家基金公司高管换帅】 今年以来，基金公司高管变动较为频繁。截止至5月底已有20多家基金公司变更总经理人选。具体来看，这些总经理变更，或因任期届满，或因工作安排转任董事长，或因个人原因】
------200----------------------------------------------------------
Some as NewsModel11:09:21
【2019-06-09 11:02:20/【今年以来20余家基金公司高管换帅】 今年以来，基金公司高管变动较为频繁。截止至5月底已有20多家基金公司变更总经理人选。具体来看，这些总经理变更，或因任期届满，或因工作安排转任董事长，或因个人原因】
------200----------------------------------------------------------
Some as NewsModel11:09:20
【2019-06-09 11:03:20/获取最新新闻】
------200----------------------------------------------------------
{"url":"/brief/100216651.html","hm":"11:02","datekey":"2019.06.09","newcontent":"","indexTitle":"【吉林省推进“长吉一体化” 两地协同“再造”优势产业】 吉林省计划推进长春、吉林一体化协同发展，通过政策设计引导两市产业统筹布局和分工协作，推进产业集群和创新驱动发展，以此构建具有比较优势的产业基地。（新华社）","important":false,"id":"100216651","hasimage":false,"hasvideo":false,"istop":false,"hasrelated":false,"hasvote":false,"createTime":"2019-06-09T11:02:00"}
【2019-06-09 11:04:20/【吉林省推进“长吉一体化” 两地协同“再造”优势产业】 吉林省计划推进长春、吉林一体化协同发展，通过政策设计引导两市产业统筹布局和分工协作，推进产业集群和创新驱动发展，以此构建具有比较优势的产业基地。（新华社）】
------200----------------------------------------------------------
Some as NewsModel11:09:20
【2019-06-09 11:05:20/【吉林省推进“长吉一体化” 两地协同“再造”优势产业】 吉林省计划推进长春、吉林一体化协同发展，通过政策设计引导两市产业统筹布局和分工协作，推进产业集群和创新驱动发展，以此构建具有比较优势的产业基地。（新华社）】
------200----------------------------------------------------------
Some as NewsModel11:09:20
【2019-06-09 11:06:20/【吉林省推进“长吉一体化” 两地协同“再造”优势产业】 吉林省计划推进长春、吉林一体化协同发展，通过政策设计引导两市产业统筹布局和分工协作，推进产业集群和创新驱动发展，以此构建具有比较优势的产业基地。（新华社）】
------200----------------------------------------------------------
Some as NewsModel11:09:20
【2019-06-09 11:07:21/【吉林省推进“长吉一体化” 两地协同“再造”优势产业】 吉林省计划推进长春、吉林一体化协同发展，通过政策设计引导两市产业统筹布局和分工协作，推进产业集群和创新驱动发展，以此构建具有比较优势的产业基地。（新华社）】
------200----------------------------------------------------------
Some as NewsModel11:09:21
【2019-06-09 11:08:20/【吉林省推进“长吉一体化” 两地协同“再造”优势产业】 吉林省计划推进长春、吉林一体化协同发展，通过政策设计引导两市产业统筹布局和分工协作，推进产业集群和创新驱动发展，以此构建具有比较优势的产业基地。（新华社）】
------200----------------------------------------------------------
Some as NewsModel11:09:20
【2019-06-09 11:09:20/【吉林省推进“长吉一体化” 两地协同“再造”优势产业】 吉林省计划推进长春、吉林一体化协同发展，通过政策设计引导两市产业统筹布局和分工协作，推进产业集群和创新驱动发展，以此构建具有比较优势的产业基地。（新华社）】
------200----------------------------------------------------------
Some as NewsModel11:09:20
【2019-06-09 11:10:20/【吉林省推进“长吉一体化” 两地协同“再造”优势产业】 吉林省计划推进长春、吉林一体化协同发展，通过政策设计引导两市产业统筹布局和分工协作，推进产业集群和创新驱动发展，以此构建具有比较优势的产业基地。（新华社）】
------200----------------------------------------------------------
Some as NewsModel11:09:20
【2019-06-09 11:11:21/获取最新新闻】
------200----------------------------------------------------------
{"url":"/brief/100216652.html","hm":"11:11","datekey":"2019.06.09","newcontent":"监管的原则下，赋予保险公司更多投资自主权，更好地发挥保险资金长期投资、价值投资优势，提高证券投资比重，促进资本市场长期稳定健康发展。（金融时报）","indexTitle":"【银保监会：正在积极研究提高保险公司权益类资产的监管比例事宜】 中国银保监会新闻发言人表示，为深化保险资金运用市场化改革，进一步优化保险资产配置结构，银保监会正在积极研究提高保险公司权益类资产的监管比例事宜。总体方向是在审慎","important":true,"id":"100216652","hasimage":false,"hasvideo":false,"istop":false,"hasrelated":false,"hasvote":false,"createTime":"2019-06-09T11:11:00"}
【2019-06-09 11:12:20/【银保监会：正在积极研究提高保险公司权益类资产的监管比例事宜】 中国银保监会新闻发言人表示，为深化保险资金运用市场化改革，进一步优化保险资产配置结构，银保监会正在积极研究提高保险公司权益类资产的监管比例事宜。总体方向是在审慎】
------200----------------------------------------------------------
Some as NewsModel11:09:20
【2019-06-09 11:13:20/【银保监会：正在积极研究提高保险公司权益类资产的监管比例事宜】 中国银保监会新闻发言人表示，为深化保险资金运用市场化改革，进一步优化保险资产配置结构，银保监会正在积极研究提高保险公司权益类资产的监管比例事宜。总体方向是在审慎】
------200----------------------------------------------------------
Some as NewsModel11:09:20
【2019-06-09 11:14:20/【银保监会：正在积极研究提高保险公司权益类资产的监管比例事宜】 中国银保监会新闻发言人表示，为深化保险资金运用市场化改革，进一步优化保险资产配置结构，银保监会正在积极研究提高保险公司权益类资产的监管比例事宜。总体方向是在审慎】
------200----------------------------------------------------------
Some as NewsModel11:09:20
【2019-06-09 11:15:20/获取最新新闻】
------200----------------------------------------------------------
{"url":"/brief/100216653.html","hm":"11:14","datekey":"2019.06.09","newcontent":"披露年报，属于特殊情况。相关银行有的正处于股权重组阶段，有的正在筹备上市，有的更换了审计师，任务量较大，未能按时完成审计工作。这些情况已按规定向监管部门进行了报告，监管部门将督促相关机构加快推进审计工作，尽快披露年报。（金融时报）","indexTitle":"【银保监会回应“部分中小银行风险传言”：中小银行运行平稳 流动性较为充足】 针对市场上关于部分中小银行风险的传言，中国银保监会新闻发言人答《金融时报》记者问称，当前，中小银行运行平稳，流动性较为充足，总体风险完全可控。少数中小银行未按时","important":true,"id":"100216653","hasimage":false,"hasvideo":false,"istop":false,"hasrelated":false,"hasvote":false,"createTime":"2019-06-09T11:14:00"}
【2019-06-09 11:16:20/【银保监会回应“部分中小银行风险传言”：中小银行运行平稳 流动性较为充足】 针对市场上关于部分中小银行风险的传言，中国银保监会新闻发言人答《金融时报》记者问称，当前，中小银行运行平稳，流动性较为充足，总体风险完全可控。少数中小银行未按时】
------200----------------------------------------------------------
Some as NewsModel11:09:20
【2019-06-09 11:17:20/【银保监会回应“部分中小银行风险传言”：中小银行运行平稳 流动性较为充足】 针对市场上关于部分中小银行风险的传言，中国银保监会新闻发言人答《金融时报》记者问称，当前，中小银行运行平稳，流动性较为充足，总体风险完全可控。少数中小银行未按时】
------200----------------------------------------------------------
Some as NewsModel11:09:20
【2019-06-09 11:18:21/【银保监会回应“部分中小银行风险传言”：中小银行运行平稳 流动性较为充足】 针对市场上关于部分中小银行风险的传言，中国银保监会新闻发言人答《金融时报》记者问称，当前，中小银行运行平稳，流动性较为充足，总体风险完全可控。少数中小银行未按时】
------200----------------------------------------------------------
Some as NewsModel11:09:21
【2019-06-09 11:19:20/获取最新新闻】
------200----------------------------------------------------------
{"url":"/brief/100216656.html","hm":"11:18","datekey":"2019.06.09","newcontent":"商银行新的资产负债保持平稳运行。近日，该行发行期限6个月的同业存单10亿元，发行期限3个月的同业存单2亿元，发行利率分别为3.25%和3.15%，同业业务已恢复正常。目前，大额债权收购和转让协议签署工作已经顺利完成。（金融时报）","indexTitle":"【银保监会：包商银行新的资产负债保持平稳运行】 银保监会新闻发言人表示，自5月24日包商银行被接管以来，各类业务照常办理，各项系统平稳运行，营业网点井然有序，银行头寸充足，流动性整体充裕。按照新老划断原则，包","important":false,"id":"100216656","hasimage":false,"hasvideo":false,"istop":false,"hasrelated":false,"hasvote":false,"createTime":"2019-06-09T11:18:00"}
【2019-06-09 11:20:20/【银保监会：包商银行新的资产负债保持平稳运行】 银保监会新闻发言人表示，自5月24日包商银行被接管以来，各类业务照常办理，各项系统平稳运行，营业网点井然有序，银行头寸充足，流动性整体充裕。按照新老划断原则，包】
------200----------------------------------------------------------
Some as NewsModel11:09:20
【2019-06-09 11:21:20/【银保监会：包商银行新的资产负债保持平稳运行】 银保监会新闻发言人表示，自5月24日包商银行被接管以来，各类业务照常办理，各项系统平稳运行，营业网点井然有序，银行头寸充足，流动性整体充裕。按照新老划断原则，包】
------200----------------------------------------------------------
Some as NewsModel11:09:20
【2019-06-09 11:22:20/【银保监会：包商银行新的资产负债保持平稳运行】 银保监会新闻发言人表示，自5月24日包商银行被接管以来，各类业务照常办理，各项系统平稳运行，营业网点井然有序，银行头寸充足，流动性整体充裕。按照新老划断原则，包】
------200----------------------------------------------------------
Some as NewsModel11:09:20
【2019-06-09 11:23:20/【银保监会：包商银行新的资产负债保持平稳运行】 银保监会新闻发言人表示，自5月24日包商银行被接管以来，各类业务照常办理，各项系统平稳运行，营业网点井然有序，银行头寸充足，流动性整体充裕。按照新老划断原则，包】
------200----------------------------------------------------------
Some as NewsModel11:09:20
【2019-06-09 11:24:20/【银保监会：包商银行新的资产负债保持平稳运行】 银保监会新闻发言人表示，自5月24日包商银行被接管以来，各类业务照常办理，各项系统平稳运行，营业网点井然有序，银行头寸充足，流动性整体充裕。按照新老划断原则，包】
------200----------------------------------------------------------
Some as NewsModel11:09:20
【2019-06-09 11:25:20/【银保监会：包商银行新的资产负债保持平稳运行】 银保监会新闻发言人表示，自5月24日包商银行被接管以来，各类业务照常办理，各项系统平稳运行，营业网点井然有序，银行头寸充足，流动性整体充裕。按照新老划断原则，包】
------200----------------------------------------------------------
Some as NewsModel11:09:20
【2019-06-09 11:26:20/【银保监会：包商银行新的资产负债保持平稳运行】 银保监会新闻发言人表示，自5月24日包商银行被接管以来，各类业务照常办理，各项系统平稳运行，营业网点井然有序，银行头寸充足，流动性整体充裕。按照新老划断原则，包】
------200----------------------------------------------------------
Some as NewsModel11:09:20
【2019-06-09 11:27:20/【银保监会：包商银行新的资产负债保持平稳运行】 银保监会新闻发言人表示，自5月24日包商银行被接管以来，各类业务照常办理，各项系统平稳运行，营业网点井然有序，银行头寸充足，流动性整体充裕。按照新老划断原则，包】
------200----------------------------------------------------------
Some as NewsModel11:09:20
【2019-06-09 11:28:20/【银保监会：包商银行新的资产负债保持平稳运行】 银保监会新闻发言人表示，自5月24日包商银行被接管以来，各类业务照常办理，各项系统平稳运行，营业网点井然有序，银行头寸充足，流动性整体充裕。按照新老划断原则，包】
------200----------------------------------------------------------
Some as NewsModel11:09:20
【2019-06-09 11:29:21/【银保监会：包商银行新的资产负债保持平稳运行】 银保监会新闻发言人表示，自5月24日包商银行被接管以来，各类业务照常办理，各项系统平稳运行，营业网点井然有序，银行头寸充足，流动性整体充裕。按照新老划断原则，包】
------200----------------------------------------------------------
Some as NewsModel11:09:21
【2019-06-09 11:30:21/【银保监会：包商银行新的资产负债保持平稳运行】 银保监会新闻发言人表示，自5月24日包商银行被接管以来，各类业务照常办理，各项系统平稳运行，营业网点井然有序，银行头寸充足，流动性整体充裕。按照新老划断原则，包】
------200----------------------------------------------------------
Some as NewsModel11:09:21
【2019-06-09 11:31:20/获取最新新闻】
------200----------------------------------------------------------
{"url":"/brief/100216657.html","hm":"11:30","datekey":"2019.06.09","newcontent":"得各有关方面同意，下一步将抓紧实施。恒丰银行前期有关涉案人员正在依法查办。目前，恒丰银行总部已搬迁至济南，流动性充足，经营状况稳定。监管部门将继续指导恒丰银行加强风险防控，强化合规经营，保持经营稳中向好的态势。（金融时报）","indexTitle":"【银保监会回应恒丰银行改革重组进展情况：正在加快推进相关工作】 中国银保监会新闻发言人表示，因案件查处和改革重组等因素，恒丰银行暂未对外披露年报。山东省委省政府高度重视恒丰银行综合改革，正在加快推进相关工作。整体改革思路已获","important":true,"id":"100216657","hasimage":false,"hasvideo":false,"istop":false,"hasrelated":false,"hasvote":false,"createTime":"2019-06-09T11:30:00"}
【2019-06-09 11:32:20/【银保监会回应恒丰银行改革重组进展情况：正在加快推进相关工作】 中国银保监会新闻发言人表示，因案件查处和改革重组等因素，恒丰银行暂未对外披露年报。山东省委省政府高度重视恒丰银行综合改革，正在加快推进相关工作。整体改革思路已获】
------200----------------------------------------------------------
Some as NewsModel11:09:20
【2019-06-09 11:33:21/【银保监会回应恒丰银行改革重组进展情况：正在加快推进相关工作】 中国银保监会新闻发言人表示，因案件查处和改革重组等因素，恒丰银行暂未对外披露年报。山东省委省政府高度重视恒丰银行综合改革，正在加快推进相关工作。整体改革思路已获】
------200----------------------------------------------------------
Some as NewsModel11:09:21
【2019-06-09 11:34:20/【银保监会回应恒丰银行改革重组进展情况：正在加快推进相关工作】 中国银保监会新闻发言人表示，因案件查处和改革重组等因素，恒丰银行暂未对外披露年报。山东省委省政府高度重视恒丰银行综合改革，正在加快推进相关工作。整体改革思路已获】
------200----------------------------------------------------------
Some as NewsModel11:09:20
【2019-06-09 11:35:39/【银保监会回应恒丰银行改革重组进展情况：正在加快推进相关工作】 中国银保监会新闻发言人表示，因案件查处和改革重组等因素，恒丰银行暂未对外披露年报。山东省委省政府高度重视恒丰银行综合改革，正在加快推进相关工作。整体改革思路已获】
------200----------------------------------------------------------
Some as NewsModel11:09:39
【2019-06-09 11:36:20/【银保监会回应恒丰银行改革重组进展情况：正在加快推进相关工作】 中国银保监会新闻发言人表示，因案件查处和改革重组等因素，恒丰银行暂未对外披露年报。山东省委省政府高度重视恒丰银行综合改革，正在加快推进相关工作。整体改革思路已获】
------200----------------------------------------------------------
Some as NewsModel11:09:20
【2019-06-09 11:37:21/【银保监会回应恒丰银行改革重组进展情况：正在加快推进相关工作】 中国银保监会新闻发言人表示，因案件查处和改革重组等因素，恒丰银行暂未对外披露年报。山东省委省政府高度重视恒丰银行综合改革，正在加快推进相关工作。整体改革思路已获】
------200----------------------------------------------------------
Some as NewsModel11:09:21
【2019-06-09 11:38:21/【银保监会回应恒丰银行改革重组进展情况：正在加快推进相关工作】 中国银保监会新闻发言人表示，因案件查处和改革重组等因素，恒丰银行暂未对外披露年报。山东省委省政府高度重视恒丰银行综合改革，正在加快推进相关工作。整体改革思路已获】
------200----------------------------------------------------------
Some as NewsModel11:09:21
【2019-06-09 11:39:21/【银保监会回应恒丰银行改革重组进展情况：正在加快推进相关工作】 中国银保监会新闻发言人表示，因案件查处和改革重组等因素，恒丰银行暂未对外披露年报。山东省委省政府高度重视恒丰银行综合改革，正在加快推进相关工作。整体改革思路已获】
------200----------------------------------------------------------
Some as NewsModel11:09:21
【2019-06-09 11:40:20/【银保监会回应恒丰银行改革重组进展情况：正在加快推进相关工作】 中国银保监会新闻发言人表示，因案件查处和改革重组等因素，恒丰银行暂未对外披露年报。山东省委省政府高度重视恒丰银行综合改革，正在加快推进相关工作。整体改革思路已获】
------200----------------------------------------------------------
Some as NewsModel11:09:20
【2019-06-09 11:41:20/【银保监会回应恒丰银行改革重组进展情况：正在加快推进相关工作】 中国银保监会新闻发言人表示，因案件查处和改革重组等因素，恒丰银行暂未对外披露年报。山东省委省政府高度重视恒丰银行综合改革，正在加快推进相关工作。整体改革思路已获】
------200----------------------------------------------------------
Some as NewsModel11:09:20
【2019-06-09 11:42:21/【银保监会回应恒丰银行改革重组进展情况：正在加快推进相关工作】 中国银保监会新闻发言人表示，因案件查处和改革重组等因素，恒丰银行暂未对外披露年报。山东省委省政府高度重视恒丰银行综合改革，正在加快推进相关工作。整体改革思路已获】
------200----------------------------------------------------------
Some as NewsModel11:09:21
【2019-06-09 11:43:21/【银保监会回应恒丰银行改革重组进展情况：正在加快推进相关工作】 中国银保监会新闻发言人表示，因案件查处和改革重组等因素，恒丰银行暂未对外披露年报。山东省委省政府高度重视恒丰银行综合改革，正在加快推进相关工作。整体改革思路已获】
------200----------------------------------------------------------
Some as NewsModel11:09:21
【2019-06-09 11:44:20/【银保监会回应恒丰银行改革重组进展情况：正在加快推进相关工作】 中国银保监会新闻发言人表示，因案件查处和改革重组等因素，恒丰银行暂未对外披露年报。山东省委省政府高度重视恒丰银行综合改革，正在加快推进相关工作。整体改革思路已获】
------200----------------------------------------------------------
Some as NewsModel11:09:20
【2019-06-09 11:45:21/【银保监会回应恒丰银行改革重组进展情况：正在加快推进相关工作】 中国银保监会新闻发言人表示，因案件查处和改革重组等因素，恒丰银行暂未对外披露年报。山东省委省政府高度重视恒丰银行综合改革，正在加快推进相关工作。整体改革思路已获】
------200----------------------------------------------------------
Some as NewsModel11:09:21
【2019-06-09 11:46:21/【银保监会回应恒丰银行改革重组进展情况：正在加快推进相关工作】 中国银保监会新闻发言人表示，因案件查处和改革重组等因素，恒丰银行暂未对外披露年报。山东省委省政府高度重视恒丰银行综合改革，正在加快推进相关工作。整体改革思路已获】
------200----------------------------------------------------------
Some as NewsModel11:09:21
【2019-06-09 11:47:21/【银保监会回应恒丰银行改革重组进展情况：正在加快推进相关工作】 中国银保监会新闻发言人表示，因案件查处和改革重组等因素，恒丰银行暂未对外披露年报。山东省委省政府高度重视恒丰银行综合改革，正在加快推进相关工作。整体改革思路已获】
------200----------------------------------------------------------
Some as NewsModel11:09:21
【2019-06-09 11:48:20/【银保监会回应恒丰银行改革重组进展情况：正在加快推进相关工作】 中国银保监会新闻发言人表示，因案件查处和改革重组等因素，恒丰银行暂未对外披露年报。山东省委省政府高度重视恒丰银行综合改革，正在加快推进相关工作。整体改革思路已获】
------200----------------------------------------------------------
Some as NewsModel11:09:20
【2019-06-09 11:49:21/【银保监会回应恒丰银行改革重组进展情况：正在加快推进相关工作】 中国银保监会新闻发言人表示，因案件查处和改革重组等因素，恒丰银行暂未对外披露年报。山东省委省政府高度重视恒丰银行综合改革，正在加快推进相关工作。整体改革思路已获】
------200----------------------------------------------------------
Some as NewsModel11:09:21
【2019-06-09 11:50:21/【银保监会回应恒丰银行改革重组进展情况：正在加快推进相关工作】 中国银保监会新闻发言人表示，因案件查处和改革重组等因素，恒丰银行暂未对外披露年报。山东省委省政府高度重视恒丰银行综合改革，正在加快推进相关工作。整体改革思路已获】
------200----------------------------------------------------------
Some as NewsModel11:09:21
【2019-06-09 11:51:21/【银保监会回应恒丰银行改革重组进展情况：正在加快推进相关工作】 中国银保监会新闻发言人表示，因案件查处和改革重组等因素，恒丰银行暂未对外披露年报。山东省委省政府高度重视恒丰银行综合改革，正在加快推进相关工作。整体改革思路已获】
------200----------------------------------------------------------
Some as NewsModel11:09:21
【2019-06-09 11:52:20/【银保监会回应恒丰银行改革重组进展情况：正在加快推进相关工作】 中国银保监会新闻发言人表示，因案件查处和改革重组等因素，恒丰银行暂未对外披露年报。山东省委省政府高度重视恒丰银行综合改革，正在加快推进相关工作。整体改革思路已获】
------200----------------------------------------------------------
Some as NewsModel11:09:20
【2019-06-09 11:53:21/【银保监会回应恒丰银行改革重组进展情况：正在加快推进相关工作】 中国银保监会新闻发言人表示，因案件查处和改革重组等因素，恒丰银行暂未对外披露年报。山东省委省政府高度重视恒丰银行综合改革，正在加快推进相关工作。整体改革思路已获】
------200----------------------------------------------------------
Some as NewsModel11:09:21
【2019-06-09 11:54:21/获取最新新闻】
------200----------------------------------------------------------
{"url":"/brief/100216662.html","hm":"11:54","datekey":"2019.06.09","newcontent":"","indexTitle":"【山东猪价连续四周下跌】 山东省畜牧总站发布的最新统计数据显示，5月27日至6月2日，山东生猪价格连续第四周下跌。业内人士认为，本周生猪价格降幅收窄，猪价有望筑底回升。（新华社）","important":false,"id":"100216662","hasimage":false,"hasvideo":false,"istop":false,"hasrelated":false,"hasvote":false,"createTime":"2019-06-09T11:54:00"}
【2019-06-09 11:55:21/【山东猪价连续四周下跌】 山东省畜牧总站发布的最新统计数据显示，5月27日至6月2日，山东生猪价格连续第四周下跌。业内人士认为，本周生猪价格降幅收窄，猪价有望筑底回升。（新华社）】
------200----------------------------------------------------------
Some as NewsModel11:09:21
【2019-06-09 11:56:21/【山东猪价连续四周下跌】 山东省畜牧总站发布的最新统计数据显示，5月27日至6月2日，山东生猪价格连续第四周下跌。业内人士认为，本周生猪价格降幅收窄，猪价有望筑底回升。（新华社）】
------200----------------------------------------------------------
Some as NewsModel11:09:21
【2019-06-09 11:57:20/【山东猪价连续四周下跌】 山东省畜牧总站发布的最新统计数据显示，5月27日至6月2日，山东生猪价格连续第四周下跌。业内人士认为，本周生猪价格降幅收窄，猪价有望筑底回升。（新华社）】
------200----------------------------------------------------------
Some as NewsModel11:09:20
【2019-06-09 11:58:21/【山东猪价连续四周下跌】 山东省畜牧总站发布的最新统计数据显示，5月27日至6月2日，山东生猪价格连续第四周下跌。业内人士认为，本周生猪价格降幅收窄，猪价有望筑底回升。（新华社）】
------200----------------------------------------------------------
Some as NewsModel11:09:21
【2019-06-09 11:59:21/【山东猪价连续四周下跌】 山东省畜牧总站发布的最新统计数据显示，5月27日至6月2日，山东生猪价格连续第四周下跌。业内人士认为，本周生猪价格降幅收窄，猪价有望筑底回升。（新华社）】
------200----------------------------------------------------------
Some as NewsModel11:09:21
【2019-06-09 12:00:20/【山东猪价连续四周下跌】 山东省畜牧总站发布的最新统计数据显示，5月27日至6月2日，山东生猪价格连续第四周下跌。业内人士认为，本周生猪价格降幅收窄，猪价有望筑底回升。（新华社）】
------200----------------------------------------------------------
Some as NewsModel12:09:20
【2019-06-09 12:01:21/【山东猪价连续四周下跌】 山东省畜牧总站发布的最新统计数据显示，5月27日至6月2日，山东生猪价格连续第四周下跌。业内人士认为，本周生猪价格降幅收窄，猪价有望筑底回升。（新华社）】
------200----------------------------------------------------------
Some as NewsModel12:09:21
【2019-06-09 12:02:20/【山东猪价连续四周下跌】 山东省畜牧总站发布的最新统计数据显示，5月27日至6月2日，山东生猪价格连续第四周下跌。业内人士认为，本周生猪价格降幅收窄，猪价有望筑底回升。（新华社）】
------200----------------------------------------------------------
Some as NewsModel12:09:20
【2019-06-09 12:03:21/【山东猪价连续四周下跌】 山东省畜牧总站发布的最新统计数据显示，5月27日至6月2日，山东生猪价格连续第四周下跌。业内人士认为，本周生猪价格降幅收窄，猪价有望筑底回升。（新华社）】
------200----------------------------------------------------------
Some as NewsModel12:09:21
【2019-06-09 12:04:21/【山东猪价连续四周下跌】 山东省畜牧总站发布的最新统计数据显示，5月27日至6月2日，山东生猪价格连续第四周下跌。业内人士认为，本周生猪价格降幅收窄，猪价有望筑底回升。（新华社）】
------200----------------------------------------------------------
Some as NewsModel12:09:21
【2019-06-09 12:05:21/获取最新新闻】
------200----------------------------------------------------------
{"url":"/brief/100216665.html","hm":"12:04","datekey":"2019.06.09","newcontent":"入资金50.55亿元。（中国基金报）","indexTitle":"【4天50亿资金流入6大指数对应ETF】 在市场走弱的同时，多只A股蓝筹ETF逆势吸金，获得资金净申购。其中，跟踪上证50、中证500、沪深300和深证100的6大ETF获得最多净申购，四个交易日合计流","important":false,"id":"100216665","hasimage":false,"hasvideo":false,"istop":false,"hasrelated":false,"hasvote":false,"createTime":"2019-06-09T12:04:00"}
【2019-06-09 12:06:21/【4天50亿资金流入6大指数对应ETF】 在市场走弱的同时，多只A股蓝筹ETF逆势吸金，获得资金净申购。其中，跟踪上证50、中证500、沪深300和深证100的6大ETF获得最多净申购，四个交易日合计流】
------200----------------------------------------------------------
Some as NewsModel12:09:21
【2019-06-09 12:07:20/【4天50亿资金流入6大指数对应ETF】 在市场走弱的同时，多只A股蓝筹ETF逆势吸金，获得资金净申购。其中，跟踪上证50、中证500、沪深300和深证100的6大ETF获得最多净申购，四个交易日合计流】
------200----------------------------------------------------------
Some as NewsModel12:09:20
【2019-06-09 12:08:21/【4天50亿资金流入6大指数对应ETF】 在市场走弱的同时，多只A股蓝筹ETF逆势吸金，获得资金净申购。其中，跟踪上证50、中证500、沪深300和深证100的6大ETF获得最多净申购，四个交易日合计流】
------200----------------------------------------------------------
Some as NewsModel12:09:21
【2019-06-09 12:09:21/【4天50亿资金流入6大指数对应ETF】 在市场走弱的同时，多只A股蓝筹ETF逆势吸金，获得资金净申购。其中，跟踪上证50、中证500、沪深300和深证100的6大ETF获得最多净申购，四个交易日合计流】
------200----------------------------------------------------------
Some as NewsModel12:09:21
【2019-06-09 12:10:20/【4天50亿资金流入6大指数对应ETF】 在市场走弱的同时，多只A股蓝筹ETF逆势吸金，获得资金净申购。其中，跟踪上证50、中证500、沪深300和深证100的6大ETF获得最多净申购，四个交易日合计流】
------200----------------------------------------------------------
Some as NewsModel12:09:20
【2019-06-09 12:11:21/【4天50亿资金流入6大指数对应ETF】 在市场走弱的同时，多只A股蓝筹ETF逆势吸金，获得资金净申购。其中，跟踪上证50、中证500、沪深300和深证100的6大ETF获得最多净申购，四个交易日合计流】
------200----------------------------------------------------------
Some as NewsModel12:09:21
【2019-06-09 12:12:20/【4天50亿资金流入6大指数对应ETF】 在市场走弱的同时，多只A股蓝筹ETF逆势吸金，获得资金净申购。其中，跟踪上证50、中证500、沪深300和深证100的6大ETF获得最多净申购，四个交易日合计流】
------200----------------------------------------------------------
Some as NewsModel12:09:20
【2019-06-09 12:13:21/【4天50亿资金流入6大指数对应ETF】 在市场走弱的同时，多只A股蓝筹ETF逆势吸金，获得资金净申购。其中，跟踪上证50、中证500、沪深300和深证100的6大ETF获得最多净申购，四个交易日合计流】
------200----------------------------------------------------------
Some as NewsModel12:09:21
【2019-06-09 12:14:21/【4天50亿资金流入6大指数对应ETF】 在市场走弱的同时，多只A股蓝筹ETF逆势吸金，获得资金净申购。其中，跟踪上证50、中证500、沪深300和深证100的6大ETF获得最多净申购，四个交易日合计流】
------200----------------------------------------------------------
Some as NewsModel12:09:21
【2019-06-09 12:15:21/【4天50亿资金流入6大指数对应ETF】 在市场走弱的同时，多只A股蓝筹ETF逆势吸金，获得资金净申购。其中，跟踪上证50、中证500、沪深300和深证100的6大ETF获得最多净申购，四个交易日合计流】
------200----------------------------------------------------------
Some as NewsModel12:09:21
【2019-06-09 12:16:21/【4天50亿资金流入6大指数对应ETF】 在市场走弱的同时，多只A股蓝筹ETF逆势吸金，获得资金净申购。其中，跟踪上证50、中证500、沪深300和深证100的6大ETF获得最多净申购，四个交易日合计流】
------200----------------------------------------------------------
Some as NewsModel12:09:21
【2019-06-09 12:17:20/【4天50亿资金流入6大指数对应ETF】 在市场走弱的同时，多只A股蓝筹ETF逆势吸金，获得资金净申购。其中，跟踪上证50、中证500、沪深300和深证100的6大ETF获得最多净申购，四个交易日合计流】
------200----------------------------------------------------------
Some as NewsModel12:09:20
【2019-06-09 12:18:20/【4天50亿资金流入6大指数对应ETF】 在市场走弱的同时，多只A股蓝筹ETF逆势吸金，获得资金净申购。其中，跟踪上证50、中证500、沪深300和深证100的6大ETF获得最多净申购，四个交易日合计流】
------200----------------------------------------------------------
Some as NewsModel12:09:20
【2019-06-09 12:19:20/【4天50亿资金流入6大指数对应ETF】 在市场走弱的同时，多只A股蓝筹ETF逆势吸金，获得资金净申购。其中，跟踪上证50、中证500、沪深300和深证100的6大ETF获得最多净申购，四个交易日合计流】
------200----------------------------------------------------------
Some as NewsModel12:09:20
【2019-06-09 12:20:21/【4天50亿资金流入6大指数对应ETF】 在市场走弱的同时，多只A股蓝筹ETF逆势吸金，获得资金净申购。其中，跟踪上证50、中证500、沪深300和深证100的6大ETF获得最多净申购，四个交易日合计流】
------200----------------------------------------------------------
Some as NewsModel12:09:21
【2019-06-09 12:21:20/【4天50亿资金流入6大指数对应ETF】 在市场走弱的同时，多只A股蓝筹ETF逆势吸金，获得资金净申购。其中，跟踪上证50、中证500、沪深300和深证100的6大ETF获得最多净申购，四个交易日合计流】
------200----------------------------------------------------------
Some as NewsModel12:09:20
【2019-06-09 12:22:20/【4天50亿资金流入6大指数对应ETF】 在市场走弱的同时，多只A股蓝筹ETF逆势吸金，获得资金净申购。其中，跟踪上证50、中证500、沪深300和深证100的6大ETF获得最多净申购，四个交易日合计流】
------200----------------------------------------------------------
Some as NewsModel12:09:20
【2019-06-09 12:23:20/【4天50亿资金流入6大指数对应ETF】 在市场走弱的同时，多只A股蓝筹ETF逆势吸金，获得资金净申购。其中，跟踪上证50、中证500、沪深300和深证100的6大ETF获得最多净申购，四个交易日合计流】
------200----------------------------------------------------------
Some as NewsModel12:09:20
【2019-06-09 12:24:21/【4天50亿资金流入6大指数对应ETF】 在市场走弱的同时，多只A股蓝筹ETF逆势吸金，获得资金净申购。其中，跟踪上证50、中证500、沪深300和深证100的6大ETF获得最多净申购，四个交易日合计流】
------200----------------------------------------------------------
Some as NewsModel12:09:21
【2019-06-09 10:03:29/获取最新新闻】
------200----------------------------------------------------------
{"url":"/brief/100216926.html","hm":"21:52","datekey":"2019.06.09","newcontent":"。针对一个行业，如此密集的动作与表态，实不多见。业内人士认为，稀土产业将会有进一步的政策推动，环保检查、指标核查和战略收储等一系列政策会密集发布。A股相关概念股包括盛和资源、广晟有色、北方稀土、五矿稀土等。（中证资讯）","indexTitle":"【发改委连续召开会议 稀土产业或有进一步政策推动】 近日国家发改委就稀土产业问题接连召开了三次会议。会议对象分别是行业专家、稀土企业和产地主管部门，涉及主要问题有稀土环保、稀土黑色产业链、稀土集约化和高端化发展等","important":false,"id":"100216926","hasimage":false,"hasvideo":false,"istop":false,"hasrelated":false,"hasvote":false,"createTime":"2019-06-09T21:52:00"}
【2019-06-09 10:07:21/【发改委连续召开会议 稀土产业或有进一步政策推动】 近日国家发改委就稀土产业问题接连召开了三次会议。会议对象分别是行业专家、稀土企业和产地主管部门，涉及主要问题有稀土环保、稀土黑色产业链、稀土集约化和高端化发展等】
------200----------------------------------------------------------
Some as NewsModel22:09:21
【2019-06-09 10:07:57/【发改委连续召开会议 稀土产业或有进一步政策推动】 近日国家发改委就稀土产业问题接连召开了三次会议。会议对象分别是行业专家、稀土企业和产地主管部门，涉及主要问题有稀土环保、稀土黑色产业链、稀土集约化和高端化发展等】
------200----------------------------------------------------------
Some as NewsModel22:09:57
