【2019-05-27 10:52:38/获取最新新闻】
------200----------------------------------------------------------
{"url":"/brief/100201958.html","hm":"10:42","datekey":"2019.05.27","newcontent":"基金致力于服务上海科创中心建设，投资方向与科创中心建设重点推进的产业方向高度契合。截至目前，上海科创基金已完成30个子基金的立项或者决策，基本覆盖市场头部基金管理人，承诺出资超过20亿元，可带动子基金投资150亿元。（中国证券网）","indexTitle":"【康鸣：上海科创基金已完成30个子基金的立项或决策】 2019浦江创新论坛24日至26日在上海举行。上海科创中心股权投资基金管理有限公司（以下简称“上海科创基金”）总裁康鸣在专题论坛——科技金融论坛上表示，上海科创","important":false,"id":"100201958","hasimage":false,"hasvideo":false,"istop":false,"hasrelated":false,"hasvote":false,"createTime":"2019-05-27T10:42:00"}
【2019-05-27 11:01:07/获取最新新闻】
------200----------------------------------------------------------
{"url":"/brief/100201990.html","hm":"10:59","datekey":"2019.05.27","newcontent":"","indexTitle":"【稀土板块涨幅持续扩大】 稀土板块持续拉升，涨幅不断扩大，截至发稿，板块涨幅超4%，北矿科技、金力永磁等涨停，宁波韵升、有研新材、五矿稀土、英洛华等均有不同程度拉升。","important":false,"id":"100201990","hasimage":true,"hasvideo":false,"istop":false,"hasrelated":false,"hasvote":false,"createTime":"2019-05-27T10:59:00"}
【2019-05-27 11:01:16/该消息已提醒过】
------200----------------------------------------------------------
Some as NewsModel11:27:16
【2019-05-27 11:02:57/获取最新新闻】
------200----------------------------------------------------------
{"url":"/brief/100201993.html","hm":"11:01","datekey":"2019.05.27","newcontent":"","indexTitle":"【北向资金净流出逾15亿元】 截至目前，北向资金净流出超15亿元，其中沪股通净流出10亿元。此前北向资金已连续7日净流出。","important":false,"id":"100201993","hasimage":false,"hasvideo":false,"istop":false,"hasrelated":false,"hasvote":false,"createTime":"2019-05-27T11:01:00"}
【2019-05-27 11:03:06/该消息已提醒过】
------200----------------------------------------------------------
Some as NewsModel11:27:06
【2019-05-27 11:03:16/该消息已提醒过】
------200----------------------------------------------------------
Some as NewsModel11:27:16
【2019-05-27 11:03:51/该消息已提醒过】
------200----------------------------------------------------------
Some as NewsModel11:27:51
【2019-05-27 11:04:01/获取最新新闻】
------200----------------------------------------------------------
{"url":"/brief/100202000.html","hm":"11:03","datekey":"2019.05.27","newcontent":"","indexTitle":"【深圳本地股异动拉升】 临近午盘，深圳本地股纷纷拉升，截至发稿，深中华A涨停。深天地A、深纺织A、深振业A、深物业A纷纷跟涨。","important":false,"id":"100202000","hasimage":false,"hasvideo":false,"istop":false,"hasrelated":false,"hasvote":false,"createTime":"2019-05-27T11:03:00"}
【2019-05-27 11:04:10/该消息已提醒过】
------200----------------------------------------------------------
Some as NewsModel11:27:10
【2019-05-27 11:04:20/该消息已提醒过】
------200----------------------------------------------------------
Some as NewsModel11:27:20
【2019-05-27 11:04:30/该消息已提醒过】
------200----------------------------------------------------------
Some as NewsModel11:27:30
【2019-05-27 11:04:40/该消息已提醒过】
------200----------------------------------------------------------
Some as NewsModel11:27:40
【2019-05-27 11:04:50/该消息已提醒过】
------200----------------------------------------------------------
Some as NewsModel11:27:50
【2019-05-27 11:05:01/该消息已提醒过】
------200----------------------------------------------------------
Some as NewsModel11:27:01
【2019-05-27 11:05:10/该消息已提醒过】
------200----------------------------------------------------------
Some as NewsModel11:27:10
【2019-05-27 11:05:20/该消息已提醒过】
------200----------------------------------------------------------
Some as NewsModel11:27:20
【2019-05-27 11:05:30/该消息已提醒过】
------200----------------------------------------------------------
Some as NewsModel11:27:30
【2019-05-27 11:05:40/该消息已提醒过】
------200----------------------------------------------------------
Some as NewsModel11:27:40
【2019-05-27 11:05:50/该消息已提醒过】
------200----------------------------------------------------------
Some as NewsModel11:27:50
【2019-05-27 11:06:01/该消息已提醒过】
------200----------------------------------------------------------
Some as NewsModel11:27:01
【2019-05-27 11:06:10/该消息已提醒过】
------200----------------------------------------------------------
Some as NewsModel11:27:10
【2019-05-27 11:06:20/该消息已提醒过】
------200----------------------------------------------------------
Some as NewsModel11:27:20
【2019-05-27 11:06:30/该消息已提醒过】
------200----------------------------------------------------------
Some as NewsModel11:27:30
【2019-05-27 11:06:40/该消息已提醒过】
------200----------------------------------------------------------
Some as NewsModel11:27:40
【2019-05-27 11:06:50/该消息已提醒过】
------200----------------------------------------------------------
Some as NewsModel11:27:50
【2019-05-27 11:07:01/该消息已提醒过】
------200----------------------------------------------------------
Some as NewsModel11:27:01
【2019-05-27 11:07:10/该消息已提醒过】
------200----------------------------------------------------------
Some as NewsModel11:27:10
【2019-05-27 11:07:20/该消息已提醒过】
------200----------------------------------------------------------
Some as NewsModel11:27:20
【2019-05-27 11:07:30/该消息已提醒过】
------200----------------------------------------------------------
Some as NewsModel11:27:30
【2019-05-27 11:07:40/该消息已提醒过】
------200----------------------------------------------------------
Some as NewsModel11:27:40
【2019-05-27 11:07:50/该消息已提醒过】
------200----------------------------------------------------------
Some as NewsModel11:27:50
【2019-05-27 11:08:01/获取最新新闻】
------200----------------------------------------------------------
{"url":"/brief/100202003.html","hm":"11:06","datekey":"2019.05.27","newcontent":"交易的科创主题基金之一。（中国证券网）","indexTitle":"【第二批科创主题基金获批 科创板战略配售基金问世】 5月27日消息称，第二批科创主题基金获批，华安、广发等基金公司的产品在列，其中华安科创主题3年封闭灵活配置混合基金是首批获批的科创板战略配售基金、亦是首批上市可","important":false,"id":"100202003","hasimage":false,"hasvideo":false,"istop":false,"hasrelated":false,"hasvote":false,"createTime":"2019-05-27T11:06:00"}
【2019-05-27 11:08:10/该消息已提醒过】
------200----------------------------------------------------------
Some as NewsModel11:27:10
【2019-05-27 11:08:20/该消息已提醒过】
------200----------------------------------------------------------
Some as NewsModel11:27:20
【2019-05-27 11:08:30/该消息已提醒过】
------200----------------------------------------------------------
Some as NewsModel11:27:30
【2019-05-27 11:08:40/该消息已提醒过】
------200----------------------------------------------------------
Some as NewsModel11:27:40
【2019-05-27 11:08:50/该消息已提醒过】
------200----------------------------------------------------------
Some as NewsModel11:27:50
【2019-05-27 11:09:01/该消息已提醒过】
------200----------------------------------------------------------
Some as NewsModel11:27:01
【2019-05-27 11:09:10/该消息已提醒过】
------200----------------------------------------------------------
Some as NewsModel11:27:10
【2019-05-27 11:09:20/该消息已提醒过】
------200----------------------------------------------------------
Some as NewsModel11:27:20
【2019-05-27 11:09:30/该消息已提醒过】
------200----------------------------------------------------------
Some as NewsModel11:27:30
【2019-05-27 11:09:38/该消息已提醒过】
------200----------------------------------------------------------
Some as NewsModel11:27:38
【2019-05-27 11:09:48/该消息已提醒过】
------200----------------------------------------------------------
Some as NewsModel11:27:48
【2019-05-27 11:09:58/该消息已提醒过】
------200----------------------------------------------------------
Some as NewsModel11:27:58
【2019-05-27 11:10:09/获取最新新闻】
------200----------------------------------------------------------
{"url":"/brief/100202006.html","hm":"11:09","datekey":"2019.05.27","newcontent":"","indexTitle":"【上证综指跌破2838点 进入缺口区间】 两市临近午盘快速下挫，上证综指一度跌破2838点，进入缺口区间。","important":false,"id":"100202006","hasimage":false,"hasvideo":false,"istop":false,"hasrelated":false,"hasvote":false,"createTime":"2019-05-27T11:09:00"}
【2019-05-27 11:10:18/该消息已提醒过】
------200----------------------------------------------------------
Some as NewsModel11:27:18
【2019-05-27 11:10:28/该消息已提醒过】
------200----------------------------------------------------------
Some as NewsModel11:27:28
【2019-05-27 11:10:38/该消息已提醒过】
------200----------------------------------------------------------
Some as NewsModel11:27:38
【2019-05-27 11:10:48/该消息已提醒过】
------200----------------------------------------------------------
Some as NewsModel11:27:48
【2019-05-27 11:10:58/该消息已提醒过】
------200----------------------------------------------------------
Some as NewsModel11:27:58
【2019-05-27 11:11:08/该消息已提醒过】
------200----------------------------------------------------------
Some as NewsModel11:27:08
【2019-05-27 11:11:18/获取最新新闻】
------200----------------------------------------------------------
{"url":"/brief/100202010.html","hm":"11:11","datekey":"2019.05.27","newcontent":"","indexTitle":"【国债期货跌幅持续扩大】 临近午盘，国债期货跌幅持续扩大，10年期主力合约跌0.5%，五年期跌近0.3%。","important":true,"id":"100202010","hasimage":false,"hasvideo":false,"istop":false,"hasrelated":false,"hasvote":false,"createTime":"2019-05-27T11:11:00"}
【2019-05-27 11:11:28/该消息已提醒过】
------200----------------------------------------------------------
Some as NewsModel11:27:28
【2019-05-27 11:11:38/该消息已提醒过】
------200----------------------------------------------------------
Some as NewsModel11:27:38
【2019-05-27 11:11:48/该消息已提醒过】
------200----------------------------------------------------------
Some as NewsModel11:27:48
【2019-05-27 11:11:58/该消息已提醒过】
------200----------------------------------------------------------
Some as NewsModel11:27:58
【2019-05-27 11:13:14/该消息已提醒过】
------200----------------------------------------------------------
Some as NewsModel11:27:14
【2019-05-27 11:13:23/该消息已提醒过】
------200----------------------------------------------------------
Some as NewsModel11:27:23
【2019-05-27 11:13:33/该消息已提醒过】
------200----------------------------------------------------------
Some as NewsModel11:27:33
【2019-05-27 11:13:43/该消息已提醒过】
------200----------------------------------------------------------
Some as NewsModel11:27:43
【2019-05-27 11:13:53/该消息已提醒过】
------200----------------------------------------------------------
Some as NewsModel11:27:53
【2019-05-27 11:14:03/该消息已提醒过】
------200----------------------------------------------------------
Some as NewsModel11:27:03
【2019-05-27 11:14:14/该消息已提醒过】
------200----------------------------------------------------------
Some as NewsModel11:27:14
【2019-05-27 11:14:23/该消息已提醒过】
------200----------------------------------------------------------
Some as NewsModel11:27:23
【2019-05-27 11:14:33/该消息已提醒过】
------200----------------------------------------------------------
Some as NewsModel11:27:33
【2019-05-27 11:14:43/该消息已提醒过】
------200----------------------------------------------------------
Some as NewsModel11:27:43
【2019-05-27 11:14:53/该消息已提醒过】
------200----------------------------------------------------------
Some as NewsModel11:27:53
【2019-05-27 11:15:03/该消息已提醒过】
------200----------------------------------------------------------
Some as NewsModel11:27:03
【2019-05-27 11:15:14/该消息已提醒过】
------200----------------------------------------------------------
Some as NewsModel11:27:14
【2019-05-27 11:15:23/该消息已提醒过】
------200----------------------------------------------------------
Some as NewsModel11:27:23
【2019-05-27 11:15:33/该消息已提醒过】
------200----------------------------------------------------------
Some as NewsModel11:27:33
【2019-05-27 11:15:43/该消息已提醒过】
------200----------------------------------------------------------
Some as NewsModel11:27:43
【2019-05-27 11:15:53/该消息已提醒过】
------200----------------------------------------------------------
Some as NewsModel11:27:53
【2019-05-27 11:16:03/该消息已提醒过】
------200----------------------------------------------------------
Some as NewsModel11:27:03
【2019-05-27 11:16:14/该消息已提醒过】
------200----------------------------------------------------------
Some as NewsModel11:27:14
【2019-05-27 11:16:23/该消息已提醒过】
------200----------------------------------------------------------
Some as NewsModel11:27:23
【2019-05-27 11:16:33/该消息已提醒过】
------200----------------------------------------------------------
Some as NewsModel11:27:33
【2019-05-27 11:16:43/该消息已提醒过】
------200----------------------------------------------------------
Some as NewsModel11:27:43
【2019-05-27 11:16:53/该消息已提醒过】
------200----------------------------------------------------------
Some as NewsModel11:27:53
【2019-05-27 11:17:03/该消息已提醒过】
------200----------------------------------------------------------
Some as NewsModel11:27:03
【2019-05-27 11:17:14/该消息已提醒过】
------200----------------------------------------------------------
Some as NewsModel11:27:14
【2019-05-27 11:17:23/该消息已提醒过】
------200----------------------------------------------------------
Some as NewsModel11:27:23
【2019-05-27 11:17:33/该消息已提醒过】
------200----------------------------------------------------------
Some as NewsModel11:27:33
【2019-05-27 11:17:43/该消息已提醒过】
------200----------------------------------------------------------
Some as NewsModel11:27:43
【2019-05-27 11:17:53/该消息已提醒过】
------200----------------------------------------------------------
Some as NewsModel11:27:53
【2019-05-27 11:18:03/该消息已提醒过】
------200----------------------------------------------------------
Some as NewsModel11:27:03
【2019-05-27 11:18:14/该消息已提醒过】
------200----------------------------------------------------------
Some as NewsModel11:27:14
【2019-05-27 11:18:23/该消息已提醒过】
------200----------------------------------------------------------
Some as NewsModel11:27:23
【2019-05-27 11:18:33/该消息已提醒过】
------200----------------------------------------------------------
Some as NewsModel11:27:33
【2019-05-27 11:18:43/该消息已提醒过】
------200----------------------------------------------------------
Some as NewsModel11:27:43
【2019-05-27 11:18:53/该消息已提醒过】
------200----------------------------------------------------------
Some as NewsModel11:27:53
【2019-05-27 11:19:03/该消息已提醒过】
------200----------------------------------------------------------
Some as NewsModel11:27:03
【2019-05-27 11:19:14/该消息已提醒过】
------200----------------------------------------------------------
Some as NewsModel11:27:14
【2019-05-27 11:19:23/该消息已提醒过】
------200----------------------------------------------------------
Some as NewsModel11:27:23
【2019-05-27 11:19:33/该消息已提醒过】
------200----------------------------------------------------------
Some as NewsModel11:27:33
【2019-05-27 11:19:43/该消息已提醒过】
------200----------------------------------------------------------
Some as NewsModel11:27:43
【2019-05-27 11:19:53/该消息已提醒过】
------200----------------------------------------------------------
Some as NewsModel11:27:53
【2019-05-27 11:20:03/该消息已提醒过】
------200----------------------------------------------------------
Some as NewsModel11:27:03
【2019-05-27 11:20:14/该消息已提醒过】
------200----------------------------------------------------------
Some as NewsModel11:27:14
【2019-05-27 11:20:23/该消息已提醒过】
------200----------------------------------------------------------
Some as NewsModel11:27:23
【2019-05-27 11:20:33/该消息已提醒过】
------200----------------------------------------------------------
Some as NewsModel11:27:33
【2019-05-27 11:20:43/该消息已提醒过】
------200----------------------------------------------------------
Some as NewsModel11:27:43
【2019-05-27 11:20:53/该消息已提醒过】
------200----------------------------------------------------------
Some as NewsModel11:27:53
【2019-05-27 11:21:03/该消息已提醒过】
------200----------------------------------------------------------
Some as NewsModel11:27:03
【2019-05-27 11:21:14/该消息已提醒过】
------200----------------------------------------------------------
Some as NewsModel11:27:14
【2019-05-27 11:21:23/该消息已提醒过】
------200----------------------------------------------------------
Some as NewsModel11:27:23
【2019-05-27 11:21:33/该消息已提醒过】
------200----------------------------------------------------------
Some as NewsModel11:27:33
【2019-05-27 11:21:43/该消息已提醒过】
------200----------------------------------------------------------
Some as NewsModel11:27:43
【2019-05-27 11:21:53/该消息已提醒过】
------200----------------------------------------------------------
Some as NewsModel11:27:53
【2019-05-27 11:22:03/该消息已提醒过】
------200----------------------------------------------------------
Some as NewsModel11:27:03
【2019-05-27 11:22:14/该消息已提醒过】
------200----------------------------------------------------------
Some as NewsModel11:27:14
【2019-05-27 11:22:23/该消息已提醒过】
------200----------------------------------------------------------
Some as NewsModel11:27:23
【2019-05-27 11:22:33/该消息已提醒过】
------200----------------------------------------------------------
Some as NewsModel11:27:33
【2019-05-27 11:22:43/该消息已提醒过】
------200----------------------------------------------------------
Some as NewsModel11:27:43
【2019-05-27 11:22:53/该消息已提醒过】
------200----------------------------------------------------------
Some as NewsModel11:27:53
【2019-05-27 11:23:03/该消息已提醒过】
------200----------------------------------------------------------
Some as NewsModel11:27:03
【2019-05-27 11:23:14/获取最新新闻】
------200----------------------------------------------------------
{"url":"/brief/100202023.html","hm":"11:22","datekey":"2019.05.27","newcontent":"/公斤，最低价为广西的13.10元/公斤，最高价为四川的16.12元/公斤。上周末两日辽宁猪价不断走高，目前个别规模场出栏价涨至16.10元/公斤，超越浙江、四川等“老牌”高价区，或于近日成为新的最高价区域。（中证网）","indexTitle":"【辽宁猪价“逆袭” 或将成为高价区】 随着肥猪货源不断消耗，东北猪源渐显紧俏，而辽宁地区由于前期去产能幅度较大，此次一跃成为全国高价区之一。据卓创数据显示，5月24日全国外三元出栏均价为15.04元","important":false,"id":"100202023","hasimage":false,"hasvideo":false,"istop":false,"hasrelated":false,"hasvote":false,"createTime":"2019-05-27T11:22:00"}
【2019-05-27 11:23:23/该消息已提醒过】
------200----------------------------------------------------------
Some as NewsModel11:27:23
【2019-05-27 11:23:33/该消息已提醒过】
------200----------------------------------------------------------
Some as NewsModel11:27:33
【2019-05-27 11:23:43/该消息已提醒过】
------200----------------------------------------------------------
Some as NewsModel11:27:43
【2019-05-27 11:23:53/该消息已提醒过】
------200----------------------------------------------------------
Some as NewsModel11:27:53
【2019-05-27 11:24:03/该消息已提醒过】
------200----------------------------------------------------------
Some as NewsModel11:27:03
【2019-05-27 11:24:14/该消息已提醒过】
------200----------------------------------------------------------
Some as NewsModel11:27:14
【2019-05-27 11:24:23/该消息已提醒过】
------200----------------------------------------------------------
Some as NewsModel11:27:23
【2019-05-27 11:24:33/该消息已提醒过】
------200----------------------------------------------------------
Some as NewsModel11:27:33
【2019-05-27 11:24:43/该消息已提醒过】
------200----------------------------------------------------------
Some as NewsModel11:27:43
【2019-05-27 11:24:53/该消息已提醒过】
------200----------------------------------------------------------
Some as NewsModel11:27:53
【2019-05-27 11:25:03/该消息已提醒过】
------200----------------------------------------------------------
Some as NewsModel11:27:03
【2019-05-27 11:25:14/获取最新新闻】
------200----------------------------------------------------------
{"url":"/brief/100202029.html","hm":"11:25","datekey":"2019.05.27","newcontent":"。","indexTitle":"【隔夜Shibor上涨32.4个基点】 隔夜Shibor报2.6660%，上涨32.4个基点；7天Shibor报2.7110%，上涨11.9个基点；3个月Shibor报2.9040%，上涨0.2个基点","important":false,"id":"100202029","hasimage":false,"hasvideo":false,"istop":false,"hasrelated":false,"hasvote":false,"createTime":"2019-05-27T11:25:00"}
【2019-05-27 11:25:23/该消息已提醒过】
------200----------------------------------------------------------
Some as NewsModel11:27:23
【2019-05-27 11:25:33/该消息已提醒过】
------200----------------------------------------------------------
Some as NewsModel11:27:33
【2019-05-27 11:25:43/该消息已提醒过】
------200----------------------------------------------------------
Some as NewsModel11:27:43
【2019-05-27 11:25:53/该消息已提醒过】
------200----------------------------------------------------------
Some as NewsModel11:27:53
【2019-05-27 11:26:03/该消息已提醒过】
------200----------------------------------------------------------
Some as NewsModel11:27:03
【2019-05-27 11:26:14/该消息已提醒过】
------200----------------------------------------------------------
Some as NewsModel11:27:14
【2019-05-27 11:26:23/该消息已提醒过】
------200----------------------------------------------------------
Some as NewsModel11:27:23
【2019-05-27 11:26:33/该消息已提醒过】
------200----------------------------------------------------------
Some as NewsModel11:27:33
【2019-05-27 11:26:43/该消息已提醒过】
------200----------------------------------------------------------
Some as NewsModel11:27:43
【2019-05-27 11:26:53/该消息已提醒过】
------200----------------------------------------------------------
Some as NewsModel11:27:53
【2019-05-27 11:27:03/该消息已提醒过】
------200----------------------------------------------------------
Some as NewsModel11:27:03
【2019-05-27 11:27:14/该消息已提醒过】
------200----------------------------------------------------------
Some as NewsModel11:27:14
【2019-05-27 11:27:23/该消息已提醒过】
------200----------------------------------------------------------
Some as NewsModel11:27:23
【2019-05-27 11:27:33/该消息已提醒过】
------200----------------------------------------------------------
Some as NewsModel11:27:33
【2019-05-27 11:27:43/该消息已提醒过】
------200----------------------------------------------------------
Some as NewsModel11:27:43
【2019-05-27 11:27:53/该消息已提醒过】
------200----------------------------------------------------------
Some as NewsModel11:27:53
【2019-05-27 11:28:03/该消息已提醒过】
------200----------------------------------------------------------
Some as NewsModel11:27:03
【2019-05-27 11:28:14/该消息已提醒过】
------200----------------------------------------------------------
Some as NewsModel11:27:14
【2019-05-27 11:28:23/该消息已提醒过】
------200----------------------------------------------------------
Some as NewsModel11:27:23
【2019-05-27 11:28:33/该消息已提醒过】
------200----------------------------------------------------------
Some as NewsModel11:27:33
【2019-05-27 11:28:43/该消息已提醒过】
------200----------------------------------------------------------
Some as NewsModel11:27:43
【2019-05-27 11:28:53/该消息已提醒过】
------200----------------------------------------------------------
Some as NewsModel11:27:53
【2019-05-27 11:29:03/该消息已提醒过】
------200----------------------------------------------------------
Some as NewsModel11:27:03
【2019-05-27 11:29:14/获取最新新闻】
------200----------------------------------------------------------
{"url":"/brief/100202033.html","hm":"11:28","datekey":"2019.05.27","newcontent":"","indexTitle":"【券商板块拉升 天风证券涨停】 临近午间收盘，券商板块拉升，截至发稿，天风证券涨停。","important":false,"id":"100202033","hasimage":false,"hasvideo":false,"istop":false,"hasrelated":false,"hasvote":false,"createTime":"2019-05-27T11:28:00"}
【2019-05-27 11:29:23/该消息已提醒过】
------200----------------------------------------------------------
Some as NewsModel11:27:23
【2019-05-27 11:29:33/该消息已提醒过】
------200----------------------------------------------------------
Some as NewsModel11:27:33
【2019-05-27 11:29:43/该消息已提醒过】
------200----------------------------------------------------------
Some as NewsModel11:27:43
【2019-05-27 11:29:53/该消息已提醒过】
------200----------------------------------------------------------
Some as NewsModel11:27:53
【2019-05-27 11:30:03/该消息已提醒过】
------200----------------------------------------------------------
Some as NewsModel11:27:03
【2019-05-27 11:30:14/该消息已提醒过】
------200----------------------------------------------------------
Some as NewsModel11:27:14
【2019-05-27 11:30:23/该消息已提醒过】
------200----------------------------------------------------------
Some as NewsModel11:27:23
【2019-05-27 11:30:33/该消息已提醒过】
------200----------------------------------------------------------
Some as NewsModel11:27:33
【2019-05-27 11:30:43/该消息已提醒过】
------200----------------------------------------------------------
Some as NewsModel11:27:43
【2019-05-27 11:30:53/该消息已提醒过】
------200----------------------------------------------------------
Some as NewsModel11:27:53
【2019-05-27 11:31:03/该消息已提醒过】
------200----------------------------------------------------------
Some as NewsModel11:27:03
【2019-05-27 11:31:14/获取最新新闻】
------200----------------------------------------------------------
{"url":"/brief/100202034.html","hm":"11:30","datekey":"2019.05.27","newcontent":"产芯片概念涨幅居前，板块内近10股涨停。稀土永磁概念早盘两度拉升，龙头股金力永磁再度封涨停。券商股午盘发力，带领股指上攻。银行、保险、酿酒等蓝筹白马股跌幅居前。<br />个股方面，深大通封死跌停板，封单超15万手。","indexTitle":"【A股午盘丨两市临近午盘拉升 创业板指涨1.32%】 两市早间总体震荡，临近午盘快速拉升。截至午盘，沪指涨0.26%，深证成指涨0.62%，创业板指涨1.36%。北向资金半日净流出逾8亿元。<br />板块方面，国","important":true,"id":"100202034","hasimage":false,"hasvideo":false,"istop":false,"hasrelated":false,"hasvote":false,"createTime":"2019-05-27T11:30:00"}
【2019-05-27 11:31:23/该消息已提醒过】
------200----------------------------------------------------------
Some as NewsModel11:27:23
【2019-05-27 11:31:33/该消息已提醒过】
------200----------------------------------------------------------
Some as NewsModel11:27:33
【2019-05-27 11:31:43/该消息已提醒过】
------200----------------------------------------------------------
Some as NewsModel11:27:43
【2019-05-27 11:31:53/该消息已提醒过】
------200----------------------------------------------------------
Some as NewsModel11:27:53
【2019-05-27 11:32:03/该消息已提醒过】
------200----------------------------------------------------------
Some as NewsModel11:27:03
【2019-05-27 11:32:14/该消息已提醒过】
------200----------------------------------------------------------
Some as NewsModel11:27:14
【2019-05-27 11:32:23/该消息已提醒过】
------200----------------------------------------------------------
Some as NewsModel11:27:23
【2019-05-27 11:32:33/该消息已提醒过】
------200----------------------------------------------------------
Some as NewsModel11:27:33
【2019-05-27 11:32:43/该消息已提醒过】
------200----------------------------------------------------------
Some as NewsModel11:27:43
【2019-05-27 11:32:53/该消息已提醒过】
------200----------------------------------------------------------
Some as NewsModel11:27:53
【2019-05-27 11:33:03/该消息已提醒过】
------200----------------------------------------------------------
Some as NewsModel11:27:03
【2019-05-27 11:33:14/该消息已提醒过】
------200----------------------------------------------------------
Some as NewsModel11:27:14
【2019-05-27 11:33:23/该消息已提醒过】
------200----------------------------------------------------------
Some as NewsModel11:27:23
【2019-05-27 11:33:33/该消息已提醒过】
------200----------------------------------------------------------
Some as NewsModel11:27:33
【2019-05-27 11:33:43/该消息已提醒过】
------200----------------------------------------------------------
Some as NewsModel11:27:43
【2019-05-27 11:33:53/该消息已提醒过】
------200----------------------------------------------------------
Some as NewsModel11:27:53
【2019-05-27 11:34:03/该消息已提醒过】
------200----------------------------------------------------------
Some as NewsModel11:27:03
【2019-05-27 11:34:14/获取最新新闻】
------200----------------------------------------------------------
{"url":"/brief/100202036.html","hm":"11:33","datekey":"2019.05.27","newcontent":"坚决防止“换一届党委政府改一次规划”。自然资源部将加快《全国国土空间规划纲要》和《长江经济带国土空间规划》编制工作，保障各类空间开发保护活动有规可依。（新华视点）","indexTitle":"【我国将加快编制全国和长江经济带国土空间规划】 自然资源部副部长赵龙27日在此间的国新办发布会上说，国土空间规划强调“自上而下”落实国家意志，下级国土空间规划服从上级国土空间规划，相关专项规划服从总体规划，要","important":false,"id":"100202036","hasimage":false,"hasvideo":false,"istop":false,"hasrelated":false,"hasvote":false,"createTime":"2019-05-27T11:33:00"}
【2019-05-27 11:34:23/该消息已提醒过】
------200----------------------------------------------------------
Some as NewsModel11:27:23
【2019-05-27 11:34:33/该消息已提醒过】
------200----------------------------------------------------------
Some as NewsModel11:27:33
【2019-05-27 11:34:43/该消息已提醒过】
------200----------------------------------------------------------
Some as NewsModel11:27:43
【2019-05-27 11:34:53/该消息已提醒过】
------200----------------------------------------------------------
Some as NewsModel11:27:53
【2019-05-27 11:35:03/该消息已提醒过】
------200----------------------------------------------------------
Some as NewsModel11:27:03
【2019-05-27 11:35:14/获取最新新闻】
------200----------------------------------------------------------
{"url":"/brief/100202039.html","hm":"11:34","datekey":"2019.05.27","newcontent":"10亿份。（中证网）","indexTitle":"【广发基金旗下科创主题基金获批】 记者5月27日从业内获悉，广发基金旗下科创主题基金——广发科创主题3年封闭运作灵活配置混合型证券投资基金获批，该基金托管人为农业银行。消息人士透露，该基金将限售","important":true,"id":"100202039","hasimage":false,"hasvideo":false,"istop":false,"hasrelated":false,"hasvote":false,"createTime":"2019-05-27T11:34:00"}
【2019-05-27 11:35:23/该消息已提醒过】
------200----------------------------------------------------------
Some as NewsModel11:27:23
【2019-05-27 11:35:33/该消息已提醒过】
------200----------------------------------------------------------
Some as NewsModel11:27:33
【2019-05-27 11:35:43/该消息已提醒过】
------200----------------------------------------------------------
Some as NewsModel11:27:43
【2019-05-27 11:35:53/该消息已提醒过】
------200----------------------------------------------------------
Some as NewsModel11:27:53
【2019-05-27 11:36:03/该消息已提醒过】
------200----------------------------------------------------------
Some as NewsModel11:27:03
【2019-05-27 11:36:14/该消息已提醒过】
------200----------------------------------------------------------
Some as NewsModel11:27:14
【2019-05-27 11:36:23/该消息已提醒过】
------200----------------------------------------------------------
Some as NewsModel11:27:23
【2019-05-27 11:36:33/该消息已提醒过】
------200----------------------------------------------------------
Some as NewsModel11:27:33
【2019-05-27 11:36:43/该消息已提醒过】
------200----------------------------------------------------------
Some as NewsModel11:27:43
【2019-05-27 11:36:53/该消息已提醒过】
------200----------------------------------------------------------
Some as NewsModel11:27:53
【2019-05-27 11:37:03/该消息已提醒过】
------200----------------------------------------------------------
Some as NewsModel11:27:03
【2019-05-27 11:37:14/该消息已提醒过】
------200----------------------------------------------------------
Some as NewsModel11:27:14
【2019-05-27 11:37:23/该消息已提醒过】
------200----------------------------------------------------------
Some as NewsModel11:27:23
【2019-05-27 11:37:33/该消息已提醒过】
------200----------------------------------------------------------
Some as NewsModel11:27:33
【2019-05-27 11:37:43/该消息已提醒过】
------200----------------------------------------------------------
Some as NewsModel11:27:43
【2019-05-27 11:37:53/该消息已提醒过】
------200----------------------------------------------------------
Some as NewsModel11:27:53
【2019-05-27 11:38:03/该消息已提醒过】
------200----------------------------------------------------------
Some as NewsModel11:27:03
【2019-05-27 11:38:14/该消息已提醒过】
------200----------------------------------------------------------
Some as NewsModel11:27:14
【2019-05-27 11:38:23/该消息已提醒过】
------200----------------------------------------------------------
Some as NewsModel11:27:23
【2019-05-27 11:38:33/该消息已提醒过】
------200----------------------------------------------------------
Some as NewsModel11:27:33
【2019-05-27 11:38:43/该消息已提醒过】
------200----------------------------------------------------------
Some as NewsModel11:27:43
【2019-05-27 11:38:53/该消息已提醒过】
------200----------------------------------------------------------
Some as NewsModel11:27:53
【2019-05-27 11:39:03/该消息已提醒过】
------200----------------------------------------------------------
Some as NewsModel11:27:03
【2019-05-27 11:39:14/该消息已提醒过】
------200----------------------------------------------------------
Some as NewsModel11:27:14
【2019-05-27 11:39:23/该消息已提醒过】
------200----------------------------------------------------------
Some as NewsModel11:27:23
【2019-05-27 11:39:33/该消息已提醒过】
------200----------------------------------------------------------
Some as NewsModel11:27:33
【2019-05-27 11:39:43/该消息已提醒过】
------200----------------------------------------------------------
Some as NewsModel11:27:43
【2019-05-27 11:39:53/该消息已提醒过】
------200----------------------------------------------------------
Some as NewsModel11:27:53
【2019-05-27 11:40:03/该消息已提醒过】
------200----------------------------------------------------------
Some as NewsModel11:27:03
【2019-05-27 11:40:14/该消息已提醒过】
------200----------------------------------------------------------
Some as NewsModel11:27:14
【2019-05-27 11:40:23/该消息已提醒过】
------200----------------------------------------------------------
Some as NewsModel11:27:23
【2019-05-27 11:40:33/该消息已提醒过】
------200----------------------------------------------------------
Some as NewsModel11:27:33
【2019-05-27 11:40:43/该消息已提醒过】
------200----------------------------------------------------------
Some as NewsModel11:27:43
【2019-05-27 11:40:53/该消息已提醒过】
------200----------------------------------------------------------
Some as NewsModel11:27:53
【2019-05-27 11:41:03/该消息已提醒过】
------200----------------------------------------------------------
Some as NewsModel11:27:03
【2019-05-27 11:41:14/该消息已提醒过】
------200----------------------------------------------------------
Some as NewsModel11:27:14
【2019-05-27 11:41:23/该消息已提醒过】
------200----------------------------------------------------------
Some as NewsModel11:27:23
【2019-05-27 11:41:33/该消息已提醒过】
------200----------------------------------------------------------
Some as NewsModel11:27:33
【2019-05-27 11:41:43/该消息已提醒过】
------200----------------------------------------------------------
Some as NewsModel11:27:43
【2019-05-27 11:41:53/该消息已提醒过】
------200----------------------------------------------------------
Some as NewsModel11:27:53
【2019-05-27 11:42:03/该消息已提醒过】
------200----------------------------------------------------------
Some as NewsModel11:27:03
【2019-05-27 11:42:14/该消息已提醒过】
------200----------------------------------------------------------
Some as NewsModel11:27:14
【2019-05-27 11:42:23/该消息已提醒过】
------200----------------------------------------------------------
Some as NewsModel11:27:23
【2019-05-27 11:42:33/该消息已提醒过】
------200----------------------------------------------------------
Some as NewsModel11:27:33
【2019-05-27 11:42:43/该消息已提醒过】
------200----------------------------------------------------------
Some as NewsModel11:27:43
【2019-05-27 11:42:53/该消息已提醒过】
------200----------------------------------------------------------
Some as NewsModel11:27:53
【2019-05-27 11:43:03/该消息已提醒过】
------200----------------------------------------------------------
Some as NewsModel11:27:03
【2019-05-27 11:43:14/该消息已提醒过】
------200----------------------------------------------------------
Some as NewsModel11:27:14
【2019-05-27 11:43:23/该消息已提醒过】
------200----------------------------------------------------------
Some as NewsModel11:27:23
【2019-05-27 11:43:33/该消息已提醒过】
------200----------------------------------------------------------
Some as NewsModel11:27:33
【2019-05-27 11:43:43/该消息已提醒过】
------200----------------------------------------------------------
Some as NewsModel11:27:43
【2019-05-27 11:43:53/该消息已提醒过】
------200----------------------------------------------------------
Some as NewsModel11:27:53
【2019-05-27 11:44:03/该消息已提醒过】
------200----------------------------------------------------------
Some as NewsModel11:27:03
【2019-05-27 11:44:14/获取最新新闻】
------200----------------------------------------------------------
{"url":"/brief/100202046.html","hm":"11:43","datekey":"2019.05.27","newcontent":"改造推动居民小区公共充电桩建设，2019年，全市各区确保完成100个小区1000台公共充电桩建设。（新华社）","indexTitle":"【天津今年将在百个小区建千台公共充电桩】 随着新能源汽车的迅速发展，居民对充电基础设施的需求迅速扩大。为缓解百姓充电难问题，天津市发改委近日印发的《加快居民小区公共充电桩建设实施方案》提出，结合老旧社区","important":false,"id":"100202046","hasimage":false,"hasvideo":false,"istop":false,"hasrelated":false,"hasvote":false,"createTime":"2019-05-27T11:43:00"}
【2019-05-27 11:44:23/该消息已提醒过】
------200----------------------------------------------------------
Some as NewsModel11:27:23
【2019-05-27 11:44:33/该消息已提醒过】
------200----------------------------------------------------------
Some as NewsModel11:27:33
【2019-05-27 11:44:44/该消息已提醒过】
------200----------------------------------------------------------
Some as NewsModel11:27:44
【2019-05-27 11:44:53/该消息已提醒过】
------200----------------------------------------------------------
Some as NewsModel11:27:53
【2019-05-27 11:45:03/该消息已提醒过】
------200----------------------------------------------------------
Some as NewsModel11:27:03
【2019-05-27 11:45:14/该消息已提醒过】
------200----------------------------------------------------------
Some as NewsModel11:27:14
【2019-05-27 11:45:23/该消息已提醒过】
------200----------------------------------------------------------
Some as NewsModel11:27:23
【2019-05-27 11:45:33/该消息已提醒过】
------200----------------------------------------------------------
Some as NewsModel11:27:33
【2019-05-27 11:45:43/该消息已提醒过】
------200----------------------------------------------------------
Some as NewsModel11:27:43
【2019-05-27 11:45:53/该消息已提醒过】
------200----------------------------------------------------------
Some as NewsModel11:27:53
【2019-05-27 11:46:03/该消息已提醒过】
------200----------------------------------------------------------
Some as NewsModel11:27:03
【2019-05-27 11:46:14/该消息已提醒过】
------200----------------------------------------------------------
Some as NewsModel11:27:14
【2019-05-27 11:46:23/该消息已提醒过】
------200----------------------------------------------------------
Some as NewsModel11:27:23
【2019-05-27 11:46:33/该消息已提醒过】
------200----------------------------------------------------------
Some as NewsModel11:27:33
【2019-05-27 11:46:43/该消息已提醒过】
------200----------------------------------------------------------
Some as NewsModel11:27:43
【2019-05-27 11:46:53/该消息已提醒过】
------200----------------------------------------------------------
Some as NewsModel11:27:53
【2019-05-27 11:47:03/该消息已提醒过】
------200----------------------------------------------------------
Some as NewsModel11:27:03
【2019-05-27 11:47:14/获取最新新闻】
------200----------------------------------------------------------
{"url":"/brief/100202047.html","hm":"11:46","datekey":"2019.05.27","newcontent":"借机抢夺包商银行客户资源。为严明市场纪律，各机构要切实履行风险防控主体责任，不得投机取巧、搞小动作抢客户、挖存款、搞串联。各机构主要负责人要自觉负起第一责任，要管好自己的队伍，规范市场竞争行为，坚决杜绝此类破坏市场秩序的恶意竞争事件发生。","indexTitle":"【北京银保监局：各机构不得投机取巧、搞小动作抢客户、挖存款、搞串联】 北京银保监局发布关于切实维护市场秩序自觉支持包商银行接管工作的通知，通知中称，近期监管部门发现，个别银行机构利用手机短信、微信等方式，通过非正当宣传和营销手段，","important":true,"id":"100202047","hasimage":false,"hasvideo":false,"istop":false,"hasrelated":false,"hasvote":false,"createTime":"2019-05-27T11:46:00"}
【2019-05-27 11:47:23/该消息已提醒过】
------200----------------------------------------------------------
Some as NewsModel11:27:23
【2019-05-27 11:47:33/该消息已提醒过】
------200----------------------------------------------------------
Some as NewsModel11:27:33
【2019-05-27 11:47:43/该消息已提醒过】
------200----------------------------------------------------------
Some as NewsModel11:27:43
【2019-05-27 11:47:53/该消息已提醒过】
------200----------------------------------------------------------
Some as NewsModel11:27:53
【2019-05-27 11:48:03/该消息已提醒过】
------200----------------------------------------------------------
Some as NewsModel11:27:03
【2019-05-27 11:48:14/该消息已提醒过】
------200----------------------------------------------------------
Some as NewsModel11:27:14
【2019-05-27 11:48:23/该消息已提醒过】
------200----------------------------------------------------------
Some as NewsModel11:27:23
【2019-05-27 11:48:33/该消息已提醒过】
------200----------------------------------------------------------
Some as NewsModel11:27:33
【2019-05-27 11:48:43/该消息已提醒过】
------200----------------------------------------------------------
Some as NewsModel11:27:43
【2019-05-27 11:48:53/该消息已提醒过】
------200----------------------------------------------------------
Some as NewsModel11:27:53
【2019-05-27 11:49:03/该消息已提醒过】
------200----------------------------------------------------------
Some as NewsModel11:27:03
【2019-05-27 11:49:14/该消息已提醒过】
------200----------------------------------------------------------
Some as NewsModel11:27:14
【2019-05-27 11:49:23/该消息已提醒过】
------200----------------------------------------------------------
Some as NewsModel11:27:23
【2019-05-27 11:49:33/该消息已提醒过】
------200----------------------------------------------------------
Some as NewsModel11:27:33
【2019-05-27 11:49:43/该消息已提醒过】
------200----------------------------------------------------------
Some as NewsModel11:27:43
【2019-05-27 11:49:53/该消息已提醒过】
------200----------------------------------------------------------
Some as NewsModel11:27:53
【2019-05-27 11:50:03/该消息已提醒过】
------200----------------------------------------------------------
Some as NewsModel11:27:03
【2019-05-27 11:50:14/该消息已提醒过】
------200----------------------------------------------------------
Some as NewsModel11:27:14
【2019-05-27 11:50:23/该消息已提醒过】
------200----------------------------------------------------------
Some as NewsModel11:27:23
【2019-05-27 11:50:33/该消息已提醒过】
------200----------------------------------------------------------
Some as NewsModel11:27:33
【2019-05-27 11:50:43/该消息已提醒过】
------200----------------------------------------------------------
Some as NewsModel11:27:43
【2019-05-27 11:50:53/该消息已提醒过】
------200----------------------------------------------------------
Some as NewsModel11:27:53
【2019-05-27 11:51:03/该消息已提醒过】
------200----------------------------------------------------------
Some as NewsModel11:27:03
【2019-05-27 11:51:14/获取最新新闻】
------200----------------------------------------------------------
{"url":"/brief/100202054.html","hm":"11:50","datekey":"2019.05.27","newcontent":"","indexTitle":"【中芯国际大涨10%】 中芯国际盘中涨幅扩大至10%。此前公司宣布从纽交所退市，证券交易将集中在香港进行。","important":true,"id":"100202054","hasimage":false,"hasvideo":false,"istop":false,"hasrelated":false,"hasvote":false,"createTime":"2019-05-27T11:50:00"}
【2019-05-27 11:51:23/该消息已提醒过】
------200----------------------------------------------------------
Some as NewsModel11:27:23
【2019-05-27 11:51:33/该消息已提醒过】
------200----------------------------------------------------------
Some as NewsModel11:27:33
【2019-05-27 11:51:44/该消息已提醒过】
------200----------------------------------------------------------
Some as NewsModel11:27:44
【2019-05-27 11:51:53/该消息已提醒过】
------200----------------------------------------------------------
Some as NewsModel11:27:53
【2019-05-27 11:52:03/该消息已提醒过】
------200----------------------------------------------------------
Some as NewsModel11:27:03
【2019-05-27 11:52:14/该消息已提醒过】
------200----------------------------------------------------------
Some as NewsModel11:27:14
【2019-05-27 11:52:23/该消息已提醒过】
------200----------------------------------------------------------
Some as NewsModel11:27:23
【2019-05-27 11:52:33/该消息已提醒过】
------200----------------------------------------------------------
Some as NewsModel11:27:33
【2019-05-27 11:52:43/该消息已提醒过】
------200----------------------------------------------------------
Some as NewsModel11:27:43
【2019-05-27 11:52:53/该消息已提醒过】
------200----------------------------------------------------------
Some as NewsModel11:27:53
【2019-05-27 11:53:03/该消息已提醒过】
------200----------------------------------------------------------
Some as NewsModel11:27:03
【2019-05-27 11:53:14/获取最新新闻】
------200----------------------------------------------------------
{"url":"/brief/100202059.html","hm":"11:52","datekey":"2019.05.27","newcontent":"","indexTitle":"【阅文集团大跌10%】 港股阅文集团跌幅扩大至10%，股价刷新历史新低至29.5港元。","important":false,"id":"100202059","hasimage":false,"hasvideo":false,"istop":false,"hasrelated":false,"hasvote":false,"createTime":"2019-05-27T11:52:00"}
【2019-05-27 11:53:23/该消息已提醒过】
------200----------------------------------------------------------
Some as NewsModel11:27:23
【2019-05-27 11:53:33/该消息已提醒过】
------200----------------------------------------------------------
Some as NewsModel11:27:33
【2019-05-27 11:53:43/该消息已提醒过】
------200----------------------------------------------------------
Some as NewsModel11:27:43
【2019-05-27 11:53:53/该消息已提醒过】
------200----------------------------------------------------------
Some as NewsModel11:27:53
【2019-05-27 11:54:03/该消息已提醒过】
------200----------------------------------------------------------
Some as NewsModel11:27:03
【2019-05-27 11:54:14/该消息已提醒过】
------200----------------------------------------------------------
Some as NewsModel11:27:14
【2019-05-27 11:54:23/该消息已提醒过】
------200----------------------------------------------------------
Some as NewsModel11:27:23
【2019-05-27 11:54:33/该消息已提醒过】
------200----------------------------------------------------------
Some as NewsModel11:27:33
【2019-05-27 11:54:43/该消息已提醒过】
------200----------------------------------------------------------
Some as NewsModel11:27:43
【2019-05-27 11:54:53/该消息已提醒过】
------200----------------------------------------------------------
Some as NewsModel11:27:53
【2019-05-27 11:55:03/该消息已提醒过】
------200----------------------------------------------------------
Some as NewsModel11:27:03
【2019-05-27 11:55:14/获取最新新闻】
------200----------------------------------------------------------
{"url":"/brief/100202061.html","hm":"11:54","datekey":"2019.05.27","newcontent":"10吨，成交金额6059.5万元。其中，定向挂牌累计达成成交29涨仓单，成交量290吨，成交金额336.0万元。","indexTitle":"【上期标准仓单交易平台累计达成成交770张仓单】 截至11:30分，上期标准仓单交易平台累计达成成交770张仓单，成交量11434吨，成交金额1.71亿元。其中，天然橡胶品种累计达成成交521涨仓单，成交量52","important":false,"id":"100202061","hasimage":false,"hasvideo":false,"istop":false,"hasrelated":false,"hasvote":false,"createTime":"2019-05-27T11:54:00"}
【2019-05-27 11:55:23/该消息已提醒过】
------200----------------------------------------------------------
Some as NewsModel11:27:23
【2019-05-27 11:55:33/该消息已提醒过】
------200----------------------------------------------------------
Some as NewsModel11:27:33
【2019-05-27 11:55:43/该消息已提醒过】
------200----------------------------------------------------------
Some as NewsModel11:27:43
【2019-05-27 11:55:53/该消息已提醒过】
------200----------------------------------------------------------
Some as NewsModel11:27:53
【2019-05-27 11:56:04/该消息已提醒过】
------200----------------------------------------------------------
Some as NewsModel11:27:04
【2019-05-27 11:56:14/该消息已提醒过】
------200----------------------------------------------------------
Some as NewsModel11:27:14
【2019-05-27 11:56:24/该消息已提醒过】
------200----------------------------------------------------------
Some as NewsModel11:27:24
【2019-05-27 11:56:33/该消息已提醒过】
------200----------------------------------------------------------
Some as NewsModel11:27:33
【2019-05-27 11:56:43/该消息已提醒过】
------200----------------------------------------------------------
Some as NewsModel11:27:43
【2019-05-27 11:56:53/该消息已提醒过】
------200----------------------------------------------------------
Some as NewsModel11:27:53
【2019-05-27 11:57:03/该消息已提醒过】
------200----------------------------------------------------------
Some as NewsModel11:27:03
【2019-05-27 11:57:14/获取最新新闻】
------200----------------------------------------------------------
{"url":"/brief/100202062.html","hm":"11:56","datekey":"2019.05.27","newcontent":"分工业产品需求在3月份提前释放，加之同期基数较高，4月份规模以上工业企业利润同比下降3.7%，与3月份相比波动较大。但从平均增速看，3、4两月利润平均增长5%；③奔驰女司机维权事件处理结果：利之星被罚100万；④北京银保监局：近期监管部门发现，个别银行机构利用手机短信、微信等方式，通过非正当宣传和营销手段，借机抢夺包商银行客户资源。为严明市场纪律，各机构要切实履行风险防控主体责任，不得投机取巧、搞小动作抢客户、挖存款、搞串联；⑤离岸人民币兑美元盘中收复6.90关口，日内涨约170点；在岸人民币兑美元现报6.8884，日内涨逾160点；⑥中央企业专职外部董事姜林奎接受纪律审查和监察调查；⑦深大通继续一字跌停，封单超15万手。此前公司宣布辞退三名暴力抗法涉事人员，董事长引咎辞职；⑧自然资源部副部长：我国将加快编制全国和长江经济带国土空间规划；⑨两市午前拉升，沪指涨0.26%，券商板块领涨；⑩比特币日内拉升急涨，价格创一年新高。","indexTitle":"【午间重大事件汇总】 ①统计局：4月规模以上工业企业利润同比下降3.7%，3月份为同比增长13.9%；②统计局：由于4月1日起实施增值税税率下调，导致4月份部","important":true,"id":"100202062","hasimage":false,"hasvideo":false,"istop":false,"hasrelated":false,"hasvote":false,"createTime":"2019-05-27T11:56:00"}
【2019-05-27 11:57:23/该消息已提醒过】
------200----------------------------------------------------------
Some as NewsModel11:27:23
【2019-05-27 11:57:33/该消息已提醒过】
------200----------------------------------------------------------
Some as NewsModel11:27:33
【2019-05-27 11:57:44/该消息已提醒过】
------200----------------------------------------------------------
Some as NewsModel11:27:44
【2019-05-27 11:57:53/该消息已提醒过】
------200----------------------------------------------------------
Some as NewsModel11:27:53
【2019-05-27 11:58:03/该消息已提醒过】
------200----------------------------------------------------------
Some as NewsModel11:27:03
【2019-05-27 11:58:14/该消息已提醒过】
------200----------------------------------------------------------
Some as NewsModel11:27:14
【2019-05-27 11:58:23/该消息已提醒过】
------200----------------------------------------------------------
Some as NewsModel11:27:23
【2019-05-27 11:58:33/该消息已提醒过】
------200----------------------------------------------------------
Some as NewsModel11:27:33
【2019-05-27 11:58:43/该消息已提醒过】
------200----------------------------------------------------------
Some as NewsModel11:27:43
【2019-05-27 11:58:53/该消息已提醒过】
------200----------------------------------------------------------
Some as NewsModel11:27:53
【2019-05-27 11:59:04/该消息已提醒过】
------200----------------------------------------------------------
Some as NewsModel11:27:04
【2019-05-27 11:59:14/该消息已提醒过】
------200----------------------------------------------------------
Some as NewsModel11:27:14
【2019-05-27 11:59:23/该消息已提醒过】
------200----------------------------------------------------------
Some as NewsModel11:27:23
【2019-05-27 11:59:34/该消息已提醒过】
------200----------------------------------------------------------
Some as NewsModel11:27:34
【2019-05-27 11:59:44/该消息已提醒过】
------200----------------------------------------------------------
Some as NewsModel11:27:44
【2019-05-27 11:59:54/该消息已提醒过】
------200----------------------------------------------------------
Some as NewsModel11:27:54
【2019-05-27 12:00:04/该消息已提醒过】
------200----------------------------------------------------------
Some as NewsModel12:27:04
【2019-05-27 12:00:14/该消息已提醒过】
------200----------------------------------------------------------
Some as NewsModel12:27:14
【2019-05-27 12:00:24/该消息已提醒过】
------200----------------------------------------------------------
Some as NewsModel12:27:24
【2019-05-27 12:00:34/该消息已提醒过】
------200----------------------------------------------------------
Some as NewsModel12:27:34
【2019-05-27 12:00:44/该消息已提醒过】
------200----------------------------------------------------------
Some as NewsModel12:27:44
【2019-05-27 12:00:54/该消息已提醒过】
------200----------------------------------------------------------
Some as NewsModel12:27:54
【2019-05-27 12:01:04/该消息已提醒过】
------200----------------------------------------------------------
Some as NewsModel12:27:04
【2019-05-27 12:01:14/该消息已提醒过】
------200----------------------------------------------------------
Some as NewsModel12:27:14
【2019-05-27 12:01:24/该消息已提醒过】
------200----------------------------------------------------------
Some as NewsModel12:27:24
【2019-05-27 12:01:34/该消息已提醒过】
------200----------------------------------------------------------
Some as NewsModel12:27:34
【2019-05-27 12:01:44/该消息已提醒过】
------200----------------------------------------------------------
Some as NewsModel12:27:44
【2019-05-27 12:01:54/该消息已提醒过】
------200----------------------------------------------------------
Some as NewsModel12:27:54
【2019-05-27 12:02:04/该消息已提醒过】
------200----------------------------------------------------------
Some as NewsModel12:27:04
【2019-05-27 12:02:14/该消息已提醒过】
------200----------------------------------------------------------
Some as NewsModel12:27:14
【2019-05-27 12:02:24/该消息已提醒过】
------200----------------------------------------------------------
Some as NewsModel12:27:24
【2019-05-27 12:02:34/该消息已提醒过】
------200----------------------------------------------------------
Some as NewsModel12:27:34
【2019-05-27 12:02:44/该消息已提醒过】
------200----------------------------------------------------------
Some as NewsModel12:27:44
【2019-05-27 12:02:54/该消息已提醒过】
------200----------------------------------------------------------
Some as NewsModel12:27:54
【2019-05-27 12:03:04/该消息已提醒过】
------200----------------------------------------------------------
Some as NewsModel12:27:04
【2019-05-27 12:03:14/获取最新新闻】
------200----------------------------------------------------------
{"url":"/brief/100202064.html","hm":"12:02","datekey":"2019.05.27","newcontent":"","indexTitle":"【西安利之星：对监管部门处罚决定诚恳接受并将严格执行】 西安利之星汽车有限公司在其微信公号发布声明称：我们已收到监管部门的《行政处罚决定书》，诚恳接受并将严格执行，对此事件给大众造成的影响诚恳致歉。","important":true,"id":"100202064","hasimage":false,"hasvideo":false,"istop":false,"hasrelated":false,"hasvote":false,"createTime":"2019-05-27T12:02:00"}
【2019-05-27 12:03:24/该消息已提醒过】
------200----------------------------------------------------------
Some as NewsModel12:27:24
【2019-05-27 12:03:34/该消息已提醒过】
------200----------------------------------------------------------
Some as NewsModel12:27:34
【2019-05-27 12:03:44/该消息已提醒过】
------200----------------------------------------------------------
Some as NewsModel12:27:44
【2019-05-27 12:03:54/该消息已提醒过】
------200----------------------------------------------------------
Some as NewsModel12:27:54
【2019-05-27 12:04:04/该消息已提醒过】
------200----------------------------------------------------------
Some as NewsModel12:27:04
【2019-05-27 12:04:14/该消息已提醒过】
------200----------------------------------------------------------
Some as NewsModel12:27:14
【2019-05-27 12:04:24/该消息已提醒过】
------200----------------------------------------------------------
Some as NewsModel12:27:24
【2019-05-27 12:04:34/该消息已提醒过】
------200----------------------------------------------------------
Some as NewsModel12:27:34
【2019-05-27 12:04:44/该消息已提醒过】
------200----------------------------------------------------------
Some as NewsModel12:27:44
【2019-05-27 12:04:54/该消息已提醒过】
------200----------------------------------------------------------
Some as NewsModel12:27:54
【2019-05-27 12:05:04/该消息已提醒过】
------200----------------------------------------------------------
Some as NewsModel12:27:04
【2019-05-27 12:05:14/该消息已提醒过】
------200----------------------------------------------------------
Some as NewsModel12:27:14
【2019-05-27 12:05:24/该消息已提醒过】
------200----------------------------------------------------------
Some as NewsModel12:27:24
【2019-05-27 12:05:34/该消息已提醒过】
------200----------------------------------------------------------
Some as NewsModel12:27:34
【2019-05-27 12:05:44/该消息已提醒过】
------200----------------------------------------------------------
Some as NewsModel12:27:44
【2019-05-27 12:05:54/该消息已提醒过】
------200----------------------------------------------------------
Some as NewsModel12:27:54
【2019-05-27 12:06:04/该消息已提醒过】
------200----------------------------------------------------------
Some as NewsModel12:27:04
【2019-05-27 12:06:14/该消息已提醒过】
------200----------------------------------------------------------
Some as NewsModel12:27:14
【2019-05-27 12:06:24/该消息已提醒过】
------200----------------------------------------------------------
Some as NewsModel12:27:24
【2019-05-27 12:06:34/该消息已提醒过】
------200----------------------------------------------------------
Some as NewsModel12:27:34
【2019-05-27 12:06:44/该消息已提醒过】
------200----------------------------------------------------------
Some as NewsModel12:27:44
【2019-05-27 12:06:54/该消息已提醒过】
------200----------------------------------------------------------
Some as NewsModel12:27:54
【2019-05-27 12:07:04/该消息已提醒过】
------200----------------------------------------------------------
Some as NewsModel12:27:04
【2019-05-27 12:07:14/该消息已提醒过】
------200----------------------------------------------------------
Some as NewsModel12:27:14
【2019-05-27 12:07:24/该消息已提醒过】
------200----------------------------------------------------------
Some as NewsModel12:27:24
【2019-05-27 12:07:34/该消息已提醒过】
------200----------------------------------------------------------
Some as NewsModel12:27:34
【2019-05-27 12:07:44/该消息已提醒过】
------200----------------------------------------------------------
Some as NewsModel12:27:44
【2019-05-27 12:07:54/该消息已提醒过】
------200----------------------------------------------------------
Some as NewsModel12:27:54
【2019-05-27 12:08:04/该消息已提醒过】
------200----------------------------------------------------------
Some as NewsModel12:27:04
【2019-05-27 12:08:14/获取最新新闻】
------200----------------------------------------------------------
{"url":"/brief/100202067.html","hm":"12:07","datekey":"2019.05.27","newcontent":"","indexTitle":"【亿纬锂能：上半年净利预计增长185%-215%】 亿纬锂能5月27日午间公告称，公司预计上半年净利4.53亿元–5.00亿元，同比增185.00%-215.00%。","important":false,"id":"100202067","hasimage":false,"hasvideo":false,"istop":false,"hasrelated":false,"hasvote":false,"createTime":"2019-05-27T12:07:00"}
【2019-05-27 12:08:24/该消息已提醒过】
------200----------------------------------------------------------
Some as NewsModel12:27:24
【2019-05-27 12:08:34/该消息已提醒过】
------200----------------------------------------------------------
Some as NewsModel12:27:34
【2019-05-27 12:08:44/该消息已提醒过】
------200----------------------------------------------------------
Some as NewsModel12:27:44
【2019-05-27 12:08:54/该消息已提醒过】
------200----------------------------------------------------------
Some as NewsModel12:27:54
【2019-05-27 12:09:04/该消息已提醒过】
------200----------------------------------------------------------
Some as NewsModel12:27:04
【2019-05-27 12:09:14/该消息已提醒过】
------200----------------------------------------------------------
Some as NewsModel12:27:14
【2019-05-27 12:09:24/获取最新新闻】
------200----------------------------------------------------------
{"url":"/brief/100202069.html","hm":"12:08","datekey":"2019.05.27","newcontent":"","indexTitle":"【神火股份：永城铝厂在产的25万吨产能已暂时停产】 神火股份午间公告称，公司下属的永城铝厂26日发生火灾事故，目前，永城铝厂在产的25万吨产能已暂时停产，事故共造成3台电解槽损毁，未造成人员伤亡。","important":false,"id":"100202069","hasimage":false,"hasvideo":false,"istop":false,"hasrelated":false,"hasvote":false,"createTime":"2019-05-27T12:08:00"}
【2019-05-27 12:09:34/该消息已提醒过】
------200----------------------------------------------------------
Some as NewsModel12:27:34
【2019-05-27 12:09:44/该消息已提醒过】
------200----------------------------------------------------------
Some as NewsModel12:27:44
【2019-05-27 12:09:54/该消息已提醒过】
------200----------------------------------------------------------
Some as NewsModel12:27:54
【2019-05-27 12:10:04/该消息已提醒过】
------200----------------------------------------------------------
Some as NewsModel12:27:04
【2019-05-27 12:10:14/该消息已提醒过】
------200----------------------------------------------------------
Some as NewsModel12:27:14
【2019-05-27 12:10:24/获取最新新闻】
------200----------------------------------------------------------
{"url":"/brief/100202071.html","hm":"12:09","datekey":"2019.05.27","newcontent":"","indexTitle":"【中泰股份：签订1.55亿元的LNG联产合同】 中泰股份5月27日午间公告称，公司与维德新能源签订《焦炉煤气综合利用项目焦炉气制LNG联产合成氨冷箱装置合同书》，合同金额1.55亿元。","important":false,"id":"100202071","hasimage":false,"hasvideo":false,"istop":false,"hasrelated":false,"hasvote":false,"createTime":"2019-05-27T12:09:00"}
【2019-05-27 12:10:34/该消息已提醒过】
------200----------------------------------------------------------
Some as NewsModel12:27:34
【2019-05-27 12:10:44/该消息已提醒过】
------200----------------------------------------------------------
Some as NewsModel12:27:44
【2019-05-27 12:10:54/该消息已提醒过】
------200----------------------------------------------------------
Some as NewsModel12:27:54
【2019-05-27 12:11:04/该消息已提醒过】
------200----------------------------------------------------------
Some as NewsModel12:27:04
【2019-05-27 12:11:14/该消息已提醒过】
------200----------------------------------------------------------
Some as NewsModel12:27:14
【2019-05-27 12:11:24/该消息已提醒过】
------200----------------------------------------------------------
Some as NewsModel12:27:24
【2019-05-27 12:11:34/该消息已提醒过】
------200----------------------------------------------------------
Some as NewsModel12:27:34
【2019-05-27 12:11:44/该消息已提醒过】
------200----------------------------------------------------------
Some as NewsModel12:27:44
【2019-05-27 12:11:54/该消息已提醒过】
------200----------------------------------------------------------
Some as NewsModel12:27:54
【2019-05-27 12:12:04/该消息已提醒过】
------200----------------------------------------------------------
Some as NewsModel12:27:04
【2019-05-27 12:12:14/该消息已提醒过】
------200----------------------------------------------------------
Some as NewsModel12:27:14
【2019-05-27 12:12:24/获取最新新闻】
------200----------------------------------------------------------
{"url":"/brief/100202078.html","hm":"12:11","datekey":"2019.05.27","newcontent":"","indexTitle":"【河北宣工：铁矿石业务营收占比超60%】 河北宣工在互动平台回复投资者提问时称，公司铁矿石业务营收占比超过60%，以铁矿石普氏指数为销售价格基准，目前生产状况正常。","important":false,"id":"100202078","hasimage":false,"hasvideo":false,"istop":false,"hasrelated":false,"hasvote":false,"createTime":"2019-05-27T12:11:00"}
【2019-05-27 12:12:34/该消息已提醒过】
------200----------------------------------------------------------
Some as NewsModel12:27:34
【2019-05-27 12:12:44/该消息已提醒过】
------200----------------------------------------------------------
Some as NewsModel12:27:44
【2019-05-27 12:12:54/该消息已提醒过】
------200----------------------------------------------------------
Some as NewsModel12:27:54
【2019-05-27 12:13:04/该消息已提醒过】
------200----------------------------------------------------------
Some as NewsModel12:27:04
【2019-05-27 12:13:14/该消息已提醒过】
------200----------------------------------------------------------
Some as NewsModel12:27:14
【2019-05-27 12:13:24/该消息已提醒过】
------200----------------------------------------------------------
Some as NewsModel12:27:24
【2019-05-27 12:13:34/该消息已提醒过】
------200----------------------------------------------------------
Some as NewsModel12:27:34
【2019-05-27 12:13:44/该消息已提醒过】
------200----------------------------------------------------------
Some as NewsModel12:27:44
【2019-05-27 12:13:54/该消息已提醒过】
------200----------------------------------------------------------
Some as NewsModel12:27:54
【2019-05-27 12:14:04/该消息已提醒过】
------200----------------------------------------------------------
Some as NewsModel12:27:04
【2019-05-27 12:14:14/该消息已提醒过】
------200----------------------------------------------------------
Some as NewsModel12:27:14
【2019-05-27 12:14:24/该消息已提醒过】
------200----------------------------------------------------------
Some as NewsModel12:27:24
【2019-05-27 12:14:34/该消息已提醒过】
------200----------------------------------------------------------
Some as NewsModel12:27:34
【2019-05-27 12:14:44/该消息已提醒过】
------200----------------------------------------------------------
Some as NewsModel12:27:44
【2019-05-27 12:14:54/该消息已提醒过】
------200----------------------------------------------------------
Some as NewsModel12:27:54
【2019-05-27 12:15:04/该消息已提醒过】
------200----------------------------------------------------------
Some as NewsModel12:27:04
【2019-05-27 12:15:14/该消息已提醒过】
------200----------------------------------------------------------
Some as NewsModel12:27:14
【2019-05-27 12:15:24/该消息已提醒过】
------200----------------------------------------------------------
Some as NewsModel12:27:24
【2019-05-27 12:15:34/该消息已提醒过】
------200----------------------------------------------------------
Some as NewsModel12:27:34
【2019-05-27 12:15:44/该消息已提醒过】
------200----------------------------------------------------------
Some as NewsModel12:27:44
【2019-05-27 12:15:54/该消息已提醒过】
------200----------------------------------------------------------
Some as NewsModel12:27:54
【2019-05-27 12:16:04/该消息已提醒过】
------200----------------------------------------------------------
Some as NewsModel12:27:04
【2019-05-27 12:16:14/该消息已提醒过】
------200----------------------------------------------------------
Some as NewsModel12:27:14
【2019-05-27 12:16:24/获取最新新闻】
------200----------------------------------------------------------
{"url":"/brief/100202086.html","hm":"12:15","datekey":"2019.05.27","newcontent":"否属于控股股东、实控人及其关联方非经营性占用公司资金的情形；要求严格自查公司是否存在其他违规对外担保、控股股东及其关联方非经营性占用公司资金的情况。","indexTitle":"【科迪乳业收年报问询函：要求说明控股股东是否非经营性占用公司资金】 深交所对科迪乳业下发年报问询函指出，公司对实控人控制的河南科迪大磨坊食品有限公司存在其他应收款发生额2亿元。对此，深交所要求公司详细说明该资金占用的具体情况，是","important":false,"id":"100202086","hasimage":false,"hasvideo":false,"istop":false,"hasrelated":false,"hasvote":false,"createTime":"2019-05-27T12:15:00"}
【2019-05-27 12:16:34/该消息已提醒过】
------200----------------------------------------------------------
Some as NewsModel12:27:34
【2019-05-27 12:16:44/该消息已提醒过】
------200----------------------------------------------------------
Some as NewsModel12:27:44
【2019-05-27 12:16:54/该消息已提醒过】
------200----------------------------------------------------------
Some as NewsModel12:27:54
【2019-05-27 12:17:04/该消息已提醒过】
------200----------------------------------------------------------
Some as NewsModel12:27:04
【2019-05-27 12:17:14/该消息已提醒过】
------200----------------------------------------------------------
Some as NewsModel12:27:14
【2019-05-27 12:17:24/该消息已提醒过】
------200----------------------------------------------------------
Some as NewsModel12:27:24
【2019-05-27 12:17:34/该消息已提醒过】
------200----------------------------------------------------------
Some as NewsModel12:27:34
【2019-05-27 12:17:44/该消息已提醒过】
------200----------------------------------------------------------
Some as NewsModel12:27:44
【2019-05-27 12:17:54/该消息已提醒过】
------200----------------------------------------------------------
Some as NewsModel12:27:54
【2019-05-27 12:18:04/该消息已提醒过】
------200----------------------------------------------------------
Some as NewsModel12:27:04
【2019-05-27 12:18:14/该消息已提醒过】
------200----------------------------------------------------------
Some as NewsModel12:27:14
【2019-05-27 12:18:24/该消息已提醒过】
------200----------------------------------------------------------
Some as NewsModel12:27:24
【2019-05-27 12:18:34/该消息已提醒过】
------200----------------------------------------------------------
Some as NewsModel12:27:34
【2019-05-27 12:18:44/该消息已提醒过】
------200----------------------------------------------------------
Some as NewsModel12:27:44
【2019-05-27 12:18:54/该消息已提醒过】
------200----------------------------------------------------------
Some as NewsModel12:27:54
【2019-05-27 12:19:04/该消息已提醒过】
------200----------------------------------------------------------
Some as NewsModel12:27:04
【2019-05-27 12:19:14/该消息已提醒过】
------200----------------------------------------------------------
Some as NewsModel12:27:14
【2019-05-27 12:19:24/该消息已提醒过】
------200----------------------------------------------------------
Some as NewsModel12:27:24
【2019-05-27 12:19:34/该消息已提醒过】
------200----------------------------------------------------------
Some as NewsModel12:27:34
【2019-05-27 12:19:44/该消息已提醒过】
------200----------------------------------------------------------
Some as NewsModel12:27:44
【2019-05-27 12:19:54/该消息已提醒过】
------200----------------------------------------------------------
Some as NewsModel12:27:54
【2019-05-27 12:20:04/该消息已提醒过】
------200----------------------------------------------------------
Some as NewsModel12:27:04
【2019-05-27 12:20:14/该消息已提醒过】
------200----------------------------------------------------------
Some as NewsModel12:27:14
【2019-05-27 12:20:24/该消息已提醒过】
------200----------------------------------------------------------
Some as NewsModel12:27:24
【2019-05-27 12:20:34/该消息已提醒过】
------200----------------------------------------------------------
Some as NewsModel12:27:34
【2019-05-27 12:20:44/该消息已提醒过】
------200----------------------------------------------------------
Some as NewsModel12:27:44
【2019-05-27 12:20:54/该消息已提醒过】
------200----------------------------------------------------------
Some as NewsModel12:27:54
【2019-05-27 12:21:04/该消息已提醒过】
------200----------------------------------------------------------
Some as NewsModel12:27:04
【2019-05-27 12:21:14/该消息已提醒过】
------200----------------------------------------------------------
Some as NewsModel12:27:14
【2019-05-27 12:21:24/该消息已提醒过】
------200----------------------------------------------------------
Some as NewsModel12:27:24
【2019-05-27 12:21:34/该消息已提醒过】
------200----------------------------------------------------------
Some as NewsModel12:27:34
【2019-05-27 12:21:44/该消息已提醒过】
------200----------------------------------------------------------
Some as NewsModel12:27:44
【2019-05-27 12:21:54/该消息已提醒过】
------200----------------------------------------------------------
Some as NewsModel12:27:54
【2019-05-27 12:22:04/该消息已提醒过】
------200----------------------------------------------------------
Some as NewsModel12:27:04
【2019-05-27 12:22:14/该消息已提醒过】
------200----------------------------------------------------------
Some as NewsModel12:27:14
